<?xml version="1.0" encoding="UTF-8"?>
<testsuite xmlns:xsi="http://www.w3.org/2001/XMLSchema-instance" xsi:noNamespaceSchemaLocation="https://maven.apache.org/surefire/maven-surefire-plugin/xsd/surefire-test-report-3.0.xsd" version="3.0" name="com.sismics.docs.core.util.TestFileUtil" time="19.32" tests="6" errors="0" skipped="0" failures="1">
  <properties>
    <property name="java.specification.version" value="17"/>
    <property name="sun.cpu.isalist" value="amd64"/>
    <property name="sun.jnu.encoding" value="GBK"/>
    <property name="java.class.path" value="D:\COURSE\SE\lab\lab11\Teedy\docs-core\target\test-classes;D:\COURSE\SE\lab\lab11\Teedy\docs-core\target\classes;C:\Users\13181\.m2\repository\org\hibernate\hibernate-core\5.4.27.Final\hibernate-core-5.4.27.Final.jar;C:\Users\13181\.m2\repository\org\jboss\logging\jboss-logging\3.4.1.Final\jboss-logging-3.4.1.Final.jar;C:\Users\13181\.m2\repository\javax\persistence\javax.persistence-api\2.2\javax.persistence-api-2.2.jar;C:\Users\13181\.m2\repository\org\javassist\javassist\3.27.0-GA\javassist-3.27.0-GA.jar;C:\Users\13181\.m2\repository\net\bytebuddy\byte-buddy\1.10.17\byte-buddy-1.10.17.jar;C:\Users\13181\.m2\repository\antlr\antlr\2.7.7\antlr-2.7.7.jar;C:\Users\13181\.m2\repository\org\jboss\spec\javax\transaction\jboss-transaction-api_1.2_spec\1.1.1.Final\jboss-transaction-api_1.2_spec-1.1.1.Final.jar;C:\Users\13181\.m2\repository\org\jboss\jandex\2.1.3.Final\jandex-2.1.3.Final.jar;C:\Users\13181\.m2\repository\com\fasterxml\classmate\1.5.1\classmate-1.5.1.jar;C:\Users\13181\.m2\repository\javax\activation\javax.activation-api\1.2.0\javax.activation-api-1.2.0.jar;C:\Users\13181\.m2\repository\org\dom4j\dom4j\2.1.3\dom4j-2.1.3.jar;C:\Users\13181\.m2\repository\org\hibernate\common\hibernate-commons-annotations\5.1.2.Final\hibernate-commons-annotations-5.1.2.Final.jar;C:\Users\13181\.m2\repository\org\glassfish\jaxb\jaxb-runtime\2.3.1\jaxb-runtime-2.3.1.jar;C:\Users\13181\.m2\repository\org\glassfish\jaxb\txw2\2.3.1\txw2-2.3.1.jar;C:\Users\13181\.m2\repository\com\sun\istack\istack-commons-runtime\3.0.7\istack-commons-runtime-3.0.7.jar;C:\Users\13181\.m2\repository\org\jvnet\staxex\stax-ex\1.8\stax-ex-1.8.jar;C:\Users\13181\.m2\repository\com\sun\xml\fastinfoset\FastInfoset\1.2.15\FastInfoset-1.2.15.jar;C:\Users\13181\.m2\repository\org\hibernate\hibernate-entitymanager\5.4.27.Final\hibernate-entitymanager-5.4.27.Final.jar;C:\Users\13181\.m2\repository\org\hibernate\hibernate-c3p0\5.4.27.Final\hibernate-c3p0-5.4.27.Final.jar;C:\Users\13181\.m2\repository\com\mchange\c3p0\0.9.5.5\c3p0-0.9.5.5.jar;C:\Users\13181\.m2\repository\com\mchange\mchange-commons-java\0.2.19\mchange-commons-java-0.2.19.jar;C:\Users\13181\.m2\repository\joda-time\joda-time\2.10.9\joda-time-2.10.9.jar;C:\Users\13181\.m2\repository\com\google\guava\guava\30.1-jre\guava-30.1-jre.jar;C:\Users\13181\.m2\repository\com\google\guava\failureaccess\1.0.1\failureaccess-1.0.1.jar;C:\Users\13181\.m2\repository\com\google\guava\listenablefuture\9999.0-empty-to-avoid-conflict-with-guava\listenablefuture-9999.0-empty-to-avoid-conflict-with-guava.jar;C:\Users\13181\.m2\repository\com\google\code\findbugs\jsr305\3.0.2\jsr305-3.0.2.jar;C:\Users\13181\.m2\repository\org\checkerframework\checker-qual\3.5.0\checker-qual-3.5.0.jar;C:\Users\13181\.m2\repository\com\google\errorprone\error_prone_annotations\2.3.4\error_prone_annotations-2.3.4.jar;C:\Users\13181\.m2\repository\com\google\j2objc\j2objc-annotations\1.3\j2objc-annotations-1.3.jar;C:\Users\13181\.m2\repository\org\apache\commons\commons-compress\1.18\commons-compress-1.18.jar;C:\Users\13181\.m2\repository\commons-lang\commons-lang\2.6\commons-lang-2.6.jar;C:\Users\13181\.m2\repository\org\apache\commons\commons-email\1.5\commons-email-1.5.jar;C:\Users\13181\.m2\repository\org\freemarker\freemarker\2.3.30\freemarker-2.3.30.jar;C:\Users\13181\.m2\repository\org\glassfish\javax.json\1.1.4\javax.json-1.1.4.jar;C:\Users\13181\.m2\repository\org\jsoup\jsoup\1.13.1\jsoup-1.13.1.jar;C:\Users\13181\.m2\repository\log4j\log4j\1.2.17\log4j-1.2.17.jar;C:\Users\13181\.m2\repository\org\slf4j\slf4j-log4j12\1.7.30\slf4j-log4j12-1.7.30.jar;C:\Users\13181\.m2\repository\org\slf4j\slf4j-api\1.7.30\slf4j-api-1.7.30.jar;C:\Users\13181\.m2\repository\org\slf4j\jcl-over-slf4j\1.7.30\jcl-over-slf4j-1.7.30.jar;C:\Users\13181\.m2\repository\at\favre\lib\bcrypt\0.9.0\bcrypt-0.9.0.jar;C:\Users\13181\.m2\repository\at\favre\lib\bytes\1.3.0\bytes-1.3.0.jar;C:\Users\13181\.m2\repository\org\apache\lucene\lucene-core\8.7.0\lucene-core-8.7.0.jar;C:\Users\13181\.m2\repository\org\apache\lucene\lucene-analyzers-common\8.7.0\lucene-analyzers-common-8.7.0.jar;C:\Users\13181\.m2\repository\org\apache\lucene\lucene-queryparser\8.7.0\lucene-queryparser-8.7.0.jar;C:\Users\13181\.m2\repository\org\apache\lucene\lucene-queries\8.7.0\lucene-queries-8.7.0.jar;C:\Users\13181\.m2\repository\org\apache\lucene\lucene-sandbox\8.7.0\lucene-sandbox-8.7.0.jar;C:\Users\13181\.m2\repository\org\apache\lucene\lucene-suggest\8.7.0\lucene-suggest-8.7.0.jar;C:\Users\13181\.m2\repository\org\apache\lucene\lucene-highlighter\8.7.0\lucene-highlighter-8.7.0.jar;C:\Users\13181\.m2\repository\org\apache\lucene\lucene-memory\8.7.0\lucene-memory-8.7.0.jar;C:\Users\13181\.m2\repository\com\sun\mail\javax.mail\1.6.2\javax.mail-1.6.2.jar;C:\Users\13181\.m2\repository\javax\activation\activation\1.1\activation-1.1.jar;C:\Users\13181\.m2\repository\com\squareup\okhttp3\okhttp\4.9.0\okhttp-4.9.0.jar;C:\Users\13181\.m2\repository\com\squareup\okio\okio\2.8.0\okio-2.8.0.jar;C:\Users\13181\.m2\repository\org\jetbrains\kotlin\kotlin-stdlib-common\1.4.0\kotlin-stdlib-common-1.4.0.jar;C:\Users\13181\.m2\repository\org\jetbrains\kotlin\kotlin-stdlib\1.4.10\kotlin-stdlib-1.4.10.jar;C:\Users\13181\.m2\repository\org\jetbrains\annotations\13.0\annotations-13.0.jar;C:\Users\13181\.m2\repository\org\apache\directory\api\api-all\2.0.1\api-all-2.0.1.jar;C:\Users\13181\.m2\repository\org\apache\servicemix\bundles\org.apache.servicemix.bundles.xpp3\1.1.4c_7\org.apache.servicemix.bundles.xpp3-1.1.4c_7.jar;C:\Users\13181\.m2\repository\org\apache\servicemix\bundles\org.apache.servicemix.bundles.dom4j\2.1.1_1\org.apache.servicemix.bundles.dom4j-2.1.1_1.jar;C:\Users\13181\.m2\repository\org\apache\commons\commons-pool2\2.8.0\commons-pool2-2.8.0.jar;C:\Users\13181\.m2\repository\org\apache\mina\mina-core\2.1.3\mina-core-2.1.3.jar;C:\Users\13181\.m2\repository\org\apache\commons\commons-lang3\3.9\commons-lang3-3.9.jar;C:\Users\13181\.m2\repository\org\apache\commons\commons-collections4\4.4\commons-collections4-4.4.jar;C:\Users\13181\.m2\repository\org\apache\servicemix\bundles\org.apache.servicemix.bundles.antlr\2.7.7_5\org.apache.servicemix.bundles.antlr-2.7.7_5.jar;C:\Users\13181\.m2\repository\commons-codec\commons-codec\1.14\commons-codec-1.14.jar;C:\Users\13181\.m2\repository\org\apache\lucene\lucene-backward-codecs\8.7.0\lucene-backward-codecs-8.7.0.jar;C:\Users\13181\.m2\repository\org\imgscalr\imgscalr-lib\4.2\imgscalr-lib-4.2.jar;C:\Users\13181\.m2\repository\org\apache\pdfbox\pdfbox\2.0.22\pdfbox-2.0.22.jar;C:\Users\13181\.m2\repository\org\apache\pdfbox\fontbox\2.0.22\fontbox-2.0.22.jar;C:\Users\13181\.m2\repository\commons-logging\commons-logging\1.2\commons-logging-1.2.jar;C:\Users\13181\.m2\repository\org\bouncycastle\bcprov-jdk15on\1.68\bcprov-jdk15on-1.68.jar;C:\Users\13181\.m2\repository\fr\opensagres\xdocreport\fr.opensagres.odfdom.converter.pdf\2.0.2\fr.opensagres.odfdom.converter.pdf-2.0.2.jar;C:\Users\13181\.m2\repository\fr\opensagres\xdocreport\fr.opensagres.odfdom.converter.core\2.0.2\fr.opensagres.odfdom.converter.core-2.0.2.jar;C:\Users\13181\.m2\repository\org\odftoolkit\odfdom-java\0.8.7\odfdom-java-0.8.7.jar;C:\Users\13181\.m2\repository\xerces\xercesImpl\2.9.1\xercesImpl-2.9.1.jar;C:\Users\13181\.m2\repository\xml-apis\xml-apis\1.3.04\xml-apis-1.3.04.jar;C:\Users\13181\.m2\repository\fr\opensagres\xdocreport\fr.opensagres.xdocreport.itext.extension\2.0.2\fr.opensagres.xdocreport.itext.extension-2.0.2.jar;C:\Users\13181\.m2\repository\com\lowagie\itext\2.1.7\itext-2.1.7.jar;C:\Users\13181\.m2\repository\fr\opensagres\xdocreport\fr.opensagres.poi.xwpf.converter.pdf\2.0.2\fr.opensagres.poi.xwpf.converter.pdf-2.0.2.jar;C:\Users\13181\.m2\repository\fr\opensagres\xdocreport\fr.opensagres.poi.xwpf.converter.core\2.0.2\fr.opensagres.poi.xwpf.converter.core-2.0.2.jar;C:\Users\13181\.m2\repository\org\apache\poi\poi-ooxml\4.0.1\poi-ooxml-4.0.1.jar;C:\Users\13181\.m2\repository\org\apache\poi\poi\4.0.1\poi-4.0.1.jar;C:\Users\13181\.m2\repository\org\apache\commons\commons-math3\3.6.1\commons-math3-3.6.1.jar;C:\Users\13181\.m2\repository\com\github\virtuald\curvesapi\1.05\curvesapi-1.05.jar;C:\Users\13181\.m2\repository\org\apache\poi\ooxml-schemas\1.4\ooxml-schemas-1.4.jar;C:\Users\13181\.m2\repository\org\apache\xmlbeans\xmlbeans\3.0.1\xmlbeans-3.0.1.jar;C:\Users\13181\.m2\repository\com\twelvemonkeys\imageio\imageio-jpeg\3.6.2\imageio-jpeg-3.6.2.jar;C:\Users\13181\.m2\repository\com\twelvemonkeys\imageio\imageio-core\3.6.2\imageio-core-3.6.2.jar;C:\Users\13181\.m2\repository\com\twelvemonkeys\imageio\imageio-metadata\3.6.2\imageio-metadata-3.6.2.jar;C:\Users\13181\.m2\repository\com\twelvemonkeys\common\common-lang\3.6.2\common-lang-3.6.2.jar;C:\Users\13181\.m2\repository\com\twelvemonkeys\common\common-io\3.6.2\common-io-3.6.2.jar;C:\Users\13181\.m2\repository\com\twelvemonkeys\common\common-image\3.6.2\common-image-3.6.2.jar;C:\Users\13181\.m2\repository\com\twelvemonkeys\imageio\imageio-tiff\3.6.2\imageio-tiff-3.6.2.jar;C:\Users\13181\.m2\repository\com\github\jai-imageio\jai-imageio-jpeg2000\1.4.0\jai-imageio-jpeg2000-1.4.0.jar;C:\Users\13181\.m2\repository\com\github\jai-imageio\jai-imageio-core\1.4.0\jai-imageio-core-1.4.0.jar;C:\Users\13181\.m2\repository\com\levigo\jbig2\levigo-jbig2-imageio\2.0\levigo-jbig2-imageio-2.0.jar;C:\Users\13181\.m2\repository\org\postgresql\postgresql\42.2.18\postgresql-42.2.18.jar;C:\Users\13181\.m2\repository\javax\xml\bind\jaxb-api\2.3.0\jaxb-api-2.3.0.jar;C:\Users\13181\.m2\repository\com\sun\xml\bind\jaxb-core\2.3.0\jaxb-core-2.3.0.jar;C:\Users\13181\.m2\repository\com\sun\xml\bind\jaxb-impl\2.3.0\jaxb-impl-2.3.0.jar;C:\Users\13181\.m2\repository\junit\junit\4.13.1\junit-4.13.1.jar;C:\Users\13181\.m2\repository\org\hamcrest\hamcrest-core\1.3\hamcrest-core-1.3.jar;C:\Users\13181\.m2\repository\com\h2database\h2\1.4.199\h2-1.4.199.jar;"/>
    <property name="java.vm.vendor" value="Oracle Corporation"/>
    <property name="sun.arch.data.model" value="64"/>
    <property name="user.variant" value=""/>
    <property name="java.vendor.url" value="https://java.oracle.com/"/>
    <property name="user.timezone" value="Asia/Shanghai"/>
    <property name="os.name" value="Windows 10"/>
    <property name="java.vm.specification.version" value="17"/>
    <property name="sun.java.launcher" value="SUN_STANDARD"/>
    <property name="user.country" value="CN"/>
    <property name="sun.boot.library.path" value="C:\Program Files\Java\jdk-17.0.1\bin"/>
    <property name="sun.java.command" value="C:\Users\13181\AppData\Local\Temp\surefire4311128245248623629\surefirebooter14344998730739106182.jar C:\Users\13181\AppData\Local\Temp\surefire4311128245248623629 2024-05-06T18-04-22_434-jvmRun1 surefire9808938726356912038tmp surefire_23224573061538695558tmp"/>
    <property name="jdk.debug" value="release"/>
    <property name="surefire.test.class.path" value="D:\COURSE\SE\lab\lab11\Teedy\docs-core\target\test-classes;D:\COURSE\SE\lab\lab11\Teedy\docs-core\target\classes;C:\Users\13181\.m2\repository\org\hibernate\hibernate-core\5.4.27.Final\hibernate-core-5.4.27.Final.jar;C:\Users\13181\.m2\repository\org\jboss\logging\jboss-logging\3.4.1.Final\jboss-logging-3.4.1.Final.jar;C:\Users\13181\.m2\repository\javax\persistence\javax.persistence-api\2.2\javax.persistence-api-2.2.jar;C:\Users\13181\.m2\repository\org\javassist\javassist\3.27.0-GA\javassist-3.27.0-GA.jar;C:\Users\13181\.m2\repository\net\bytebuddy\byte-buddy\1.10.17\byte-buddy-1.10.17.jar;C:\Users\13181\.m2\repository\antlr\antlr\2.7.7\antlr-2.7.7.jar;C:\Users\13181\.m2\repository\org\jboss\spec\javax\transaction\jboss-transaction-api_1.2_spec\1.1.1.Final\jboss-transaction-api_1.2_spec-1.1.1.Final.jar;C:\Users\13181\.m2\repository\org\jboss\jandex\2.1.3.Final\jandex-2.1.3.Final.jar;C:\Users\13181\.m2\repository\com\fasterxml\classmate\1.5.1\classmate-1.5.1.jar;C:\Users\13181\.m2\repository\javax\activation\javax.activation-api\1.2.0\javax.activation-api-1.2.0.jar;C:\Users\13181\.m2\repository\org\dom4j\dom4j\2.1.3\dom4j-2.1.3.jar;C:\Users\13181\.m2\repository\org\hibernate\common\hibernate-commons-annotations\5.1.2.Final\hibernate-commons-annotations-5.1.2.Final.jar;C:\Users\13181\.m2\repository\org\glassfish\jaxb\jaxb-runtime\2.3.1\jaxb-runtime-2.3.1.jar;C:\Users\13181\.m2\repository\org\glassfish\jaxb\txw2\2.3.1\txw2-2.3.1.jar;C:\Users\13181\.m2\repository\com\sun\istack\istack-commons-runtime\3.0.7\istack-commons-runtime-3.0.7.jar;C:\Users\13181\.m2\repository\org\jvnet\staxex\stax-ex\1.8\stax-ex-1.8.jar;C:\Users\13181\.m2\repository\com\sun\xml\fastinfoset\FastInfoset\1.2.15\FastInfoset-1.2.15.jar;C:\Users\13181\.m2\repository\org\hibernate\hibernate-entitymanager\5.4.27.Final\hibernate-entitymanager-5.4.27.Final.jar;C:\Users\13181\.m2\repository\org\hibernate\hibernate-c3p0\5.4.27.Final\hibernate-c3p0-5.4.27.Final.jar;C:\Users\13181\.m2\repository\com\mchange\c3p0\0.9.5.5\c3p0-0.9.5.5.jar;C:\Users\13181\.m2\repository\com\mchange\mchange-commons-java\0.2.19\mchange-commons-java-0.2.19.jar;C:\Users\13181\.m2\repository\joda-time\joda-time\2.10.9\joda-time-2.10.9.jar;C:\Users\13181\.m2\repository\com\google\guava\guava\30.1-jre\guava-30.1-jre.jar;C:\Users\13181\.m2\repository\com\google\guava\failureaccess\1.0.1\failureaccess-1.0.1.jar;C:\Users\13181\.m2\repository\com\google\guava\listenablefuture\9999.0-empty-to-avoid-conflict-with-guava\listenablefuture-9999.0-empty-to-avoid-conflict-with-guava.jar;C:\Users\13181\.m2\repository\com\google\code\findbugs\jsr305\3.0.2\jsr305-3.0.2.jar;C:\Users\13181\.m2\repository\org\checkerframework\checker-qual\3.5.0\checker-qual-3.5.0.jar;C:\Users\13181\.m2\repository\com\google\errorprone\error_prone_annotations\2.3.4\error_prone_annotations-2.3.4.jar;C:\Users\13181\.m2\repository\com\google\j2objc\j2objc-annotations\1.3\j2objc-annotations-1.3.jar;C:\Users\13181\.m2\repository\org\apache\commons\commons-compress\1.18\commons-compress-1.18.jar;C:\Users\13181\.m2\repository\commons-lang\commons-lang\2.6\commons-lang-2.6.jar;C:\Users\13181\.m2\repository\org\apache\commons\commons-email\1.5\commons-email-1.5.jar;C:\Users\13181\.m2\repository\org\freemarker\freemarker\2.3.30\freemarker-2.3.30.jar;C:\Users\13181\.m2\repository\org\glassfish\javax.json\1.1.4\javax.json-1.1.4.jar;C:\Users\13181\.m2\repository\org\jsoup\jsoup\1.13.1\jsoup-1.13.1.jar;C:\Users\13181\.m2\repository\log4j\log4j\1.2.17\log4j-1.2.17.jar;C:\Users\13181\.m2\repository\org\slf4j\slf4j-log4j12\1.7.30\slf4j-log4j12-1.7.30.jar;C:\Users\13181\.m2\repository\org\slf4j\slf4j-api\1.7.30\slf4j-api-1.7.30.jar;C:\Users\13181\.m2\repository\org\slf4j\jcl-over-slf4j\1.7.30\jcl-over-slf4j-1.7.30.jar;C:\Users\13181\.m2\repository\at\favre\lib\bcrypt\0.9.0\bcrypt-0.9.0.jar;C:\Users\13181\.m2\repository\at\favre\lib\bytes\1.3.0\bytes-1.3.0.jar;C:\Users\13181\.m2\repository\org\apache\lucene\lucene-core\8.7.0\lucene-core-8.7.0.jar;C:\Users\13181\.m2\repository\org\apache\lucene\lucene-analyzers-common\8.7.0\lucene-analyzers-common-8.7.0.jar;C:\Users\13181\.m2\repository\org\apache\lucene\lucene-queryparser\8.7.0\lucene-queryparser-8.7.0.jar;C:\Users\13181\.m2\repository\org\apache\lucene\lucene-queries\8.7.0\lucene-queries-8.7.0.jar;C:\Users\13181\.m2\repository\org\apache\lucene\lucene-sandbox\8.7.0\lucene-sandbox-8.7.0.jar;C:\Users\13181\.m2\repository\org\apache\lucene\lucene-suggest\8.7.0\lucene-suggest-8.7.0.jar;C:\Users\13181\.m2\repository\org\apache\lucene\lucene-highlighter\8.7.0\lucene-highlighter-8.7.0.jar;C:\Users\13181\.m2\repository\org\apache\lucene\lucene-memory\8.7.0\lucene-memory-8.7.0.jar;C:\Users\13181\.m2\repository\com\sun\mail\javax.mail\1.6.2\javax.mail-1.6.2.jar;C:\Users\13181\.m2\repository\javax\activation\activation\1.1\activation-1.1.jar;C:\Users\13181\.m2\repository\com\squareup\okhttp3\okhttp\4.9.0\okhttp-4.9.0.jar;C:\Users\13181\.m2\repository\com\squareup\okio\okio\2.8.0\okio-2.8.0.jar;C:\Users\13181\.m2\repository\org\jetbrains\kotlin\kotlin-stdlib-common\1.4.0\kotlin-stdlib-common-1.4.0.jar;C:\Users\13181\.m2\repository\org\jetbrains\kotlin\kotlin-stdlib\1.4.10\kotlin-stdlib-1.4.10.jar;C:\Users\13181\.m2\repository\org\jetbrains\annotations\13.0\annotations-13.0.jar;C:\Users\13181\.m2\repository\org\apache\directory\api\api-all\2.0.1\api-all-2.0.1.jar;C:\Users\13181\.m2\repository\org\apache\servicemix\bundles\org.apache.servicemix.bundles.xpp3\1.1.4c_7\org.apache.servicemix.bundles.xpp3-1.1.4c_7.jar;C:\Users\13181\.m2\repository\org\apache\servicemix\bundles\org.apache.servicemix.bundles.dom4j\2.1.1_1\org.apache.servicemix.bundles.dom4j-2.1.1_1.jar;C:\Users\13181\.m2\repository\org\apache\commons\commons-pool2\2.8.0\commons-pool2-2.8.0.jar;C:\Users\13181\.m2\repository\org\apache\mina\mina-core\2.1.3\mina-core-2.1.3.jar;C:\Users\13181\.m2\repository\org\apache\commons\commons-lang3\3.9\commons-lang3-3.9.jar;C:\Users\13181\.m2\repository\org\apache\commons\commons-collections4\4.4\commons-collections4-4.4.jar;C:\Users\13181\.m2\repository\org\apache\servicemix\bundles\org.apache.servicemix.bundles.antlr\2.7.7_5\org.apache.servicemix.bundles.antlr-2.7.7_5.jar;C:\Users\13181\.m2\repository\commons-codec\commons-codec\1.14\commons-codec-1.14.jar;C:\Users\13181\.m2\repository\org\apache\lucene\lucene-backward-codecs\8.7.0\lucene-backward-codecs-8.7.0.jar;C:\Users\13181\.m2\repository\org\imgscalr\imgscalr-lib\4.2\imgscalr-lib-4.2.jar;C:\Users\13181\.m2\repository\org\apache\pdfbox\pdfbox\2.0.22\pdfbox-2.0.22.jar;C:\Users\13181\.m2\repository\org\apache\pdfbox\fontbox\2.0.22\fontbox-2.0.22.jar;C:\Users\13181\.m2\repository\commons-logging\commons-logging\1.2\commons-logging-1.2.jar;C:\Users\13181\.m2\repository\org\bouncycastle\bcprov-jdk15on\1.68\bcprov-jdk15on-1.68.jar;C:\Users\13181\.m2\repository\fr\opensagres\xdocreport\fr.opensagres.odfdom.converter.pdf\2.0.2\fr.opensagres.odfdom.converter.pdf-2.0.2.jar;C:\Users\13181\.m2\repository\fr\opensagres\xdocreport\fr.opensagres.odfdom.converter.core\2.0.2\fr.opensagres.odfdom.converter.core-2.0.2.jar;C:\Users\13181\.m2\repository\org\odftoolkit\odfdom-java\0.8.7\odfdom-java-0.8.7.jar;C:\Users\13181\.m2\repository\xerces\xercesImpl\2.9.1\xercesImpl-2.9.1.jar;C:\Users\13181\.m2\repository\xml-apis\xml-apis\1.3.04\xml-apis-1.3.04.jar;C:\Users\13181\.m2\repository\fr\opensagres\xdocreport\fr.opensagres.xdocreport.itext.extension\2.0.2\fr.opensagres.xdocreport.itext.extension-2.0.2.jar;C:\Users\13181\.m2\repository\com\lowagie\itext\2.1.7\itext-2.1.7.jar;C:\Users\13181\.m2\repository\fr\opensagres\xdocreport\fr.opensagres.poi.xwpf.converter.pdf\2.0.2\fr.opensagres.poi.xwpf.converter.pdf-2.0.2.jar;C:\Users\13181\.m2\repository\fr\opensagres\xdocreport\fr.opensagres.poi.xwpf.converter.core\2.0.2\fr.opensagres.poi.xwpf.converter.core-2.0.2.jar;C:\Users\13181\.m2\repository\org\apache\poi\poi-ooxml\4.0.1\poi-ooxml-4.0.1.jar;C:\Users\13181\.m2\repository\org\apache\poi\poi\4.0.1\poi-4.0.1.jar;C:\Users\13181\.m2\repository\org\apache\commons\commons-math3\3.6.1\commons-math3-3.6.1.jar;C:\Users\13181\.m2\repository\com\github\virtuald\curvesapi\1.05\curvesapi-1.05.jar;C:\Users\13181\.m2\repository\org\apache\poi\ooxml-schemas\1.4\ooxml-schemas-1.4.jar;C:\Users\13181\.m2\repository\org\apache\xmlbeans\xmlbeans\3.0.1\xmlbeans-3.0.1.jar;C:\Users\13181\.m2\repository\com\twelvemonkeys\imageio\imageio-jpeg\3.6.2\imageio-jpeg-3.6.2.jar;C:\Users\13181\.m2\repository\com\twelvemonkeys\imageio\imageio-core\3.6.2\imageio-core-3.6.2.jar;C:\Users\13181\.m2\repository\com\twelvemonkeys\imageio\imageio-metadata\3.6.2\imageio-metadata-3.6.2.jar;C:\Users\13181\.m2\repository\com\twelvemonkeys\common\common-lang\3.6.2\common-lang-3.6.2.jar;C:\Users\13181\.m2\repository\com\twelvemonkeys\common\common-io\3.6.2\common-io-3.6.2.jar;C:\Users\13181\.m2\repository\com\twelvemonkeys\common\common-image\3.6.2\common-image-3.6.2.jar;C:\Users\13181\.m2\repository\com\twelvemonkeys\imageio\imageio-tiff\3.6.2\imageio-tiff-3.6.2.jar;C:\Users\13181\.m2\repository\com\github\jai-imageio\jai-imageio-jpeg2000\1.4.0\jai-imageio-jpeg2000-1.4.0.jar;C:\Users\13181\.m2\repository\com\github\jai-imageio\jai-imageio-core\1.4.0\jai-imageio-core-1.4.0.jar;C:\Users\13181\.m2\repository\com\levigo\jbig2\levigo-jbig2-imageio\2.0\levigo-jbig2-imageio-2.0.jar;C:\Users\13181\.m2\repository\org\postgresql\postgresql\42.2.18\postgresql-42.2.18.jar;C:\Users\13181\.m2\repository\javax\xml\bind\jaxb-api\2.3.0\jaxb-api-2.3.0.jar;C:\Users\13181\.m2\repository\com\sun\xml\bind\jaxb-core\2.3.0\jaxb-core-2.3.0.jar;C:\Users\13181\.m2\repository\com\sun\xml\bind\jaxb-impl\2.3.0\jaxb-impl-2.3.0.jar;C:\Users\13181\.m2\repository\junit\junit\4.13.1\junit-4.13.1.jar;C:\Users\13181\.m2\repository\org\hamcrest\hamcrest-core\1.3\hamcrest-core-1.3.jar;C:\Users\13181\.m2\repository\com\h2database\h2\1.4.199\h2-1.4.199.jar;"/>
    <property name="sun.cpu.endian" value="little"/>
    <property name="user.home" value="C:\Users\13181"/>
    <property name="user.language" value="zh"/>
    <property name="java.specification.vendor" value="Oracle Corporation"/>
    <property name="java.version.date" value="2021-10-19"/>
    <property name="java.home" value="C:\Program Files\Java\jdk-17.0.1"/>
    <property name="file.separator" value="\"/>
    <property name="basedir" value="D:\COURSE\SE\lab\lab11\Teedy\docs-core"/>
    <property name="java.vm.compressedOopsMode" value="Zero based"/>
    <property name="line.separator" value="&#10;"/>
    <property name="java.vm.specification.vendor" value="Oracle Corporation"/>
    <property name="java.specification.name" value="Java Platform API Specification"/>
    <property name="surefire.real.class.path" value="C:\Users\13181\AppData\Local\Temp\surefire4311128245248623629\surefirebooter14344998730739106182.jar"/>
    <property name="user.script" value=""/>
    <property name="sun.management.compiler" value="HotSpot 64-Bit Tiered Compilers"/>
    <property name="java.runtime.version" value="17.0.1+12-LTS-39"/>
    <property name="user.name" value="13181"/>
    <property name="path.separator" value=";"/>
    <property name="os.version" value="10.0"/>
    <property name="java.runtime.name" value="Java(TM) SE Runtime Environment"/>
    <property name="file.encoding" value="GBK"/>
    <property name="java.vm.name" value="Java HotSpot(TM) 64-Bit Server VM"/>
    <property name="localRepository" value="C:\Users\13181\.m2\repository"/>
    <property name="java.vendor.url.bug" value="https://bugreport.java.com/bugreport/"/>
    <property name="java.io.tmpdir" value="C:\Users\13181\AppData\Local\Temp\"/>
    <property name="java.version" value="17.0.1"/>
    <property name="user.dir" value="D:\COURSE\SE\lab\lab11\Teedy\docs-core"/>
    <property name="os.arch" value="amd64"/>
    <property name="java.vm.specification.name" value="Java Virtual Machine Specification"/>
    <property name="sun.os.patch.level" value=""/>
    <property name="native.encoding" value="GBK"/>
    <property name="java.library.path" value="C:\Program Files\Java\jdk-17.0.1\bin;C:\WINDOWS\Sun\Java\bin;C:\WINDOWS\system32;C:\WINDOWS;C:\Python312\Scripts\;C:\Python312\;D:\虚拟机\bin\;C:\Program Files\Eclipse Adoptium\jdk-17.0.7.7-hotspot\bin;C:\Program Files\Common Files\Oracle\Java\javapath;C:\Program Files (x86)\Common Files\Oracle\Java\javapath;C:\Windows\system32;C:\Windows;C:\Windows\System32\Wbem;C:\Windows\System32\WindowsPowerShell\v1.0\;C:\Windows\System32\OpenSSH\;C:\Program Files\Intel\WiFi\bin\;C:\Program Files\Common Files\Intel\WirelessCommon\;C:\Program Files (x86)\NVIDIA Corporation\PhysX\Common;C:\Program Files\NVIDIA Corporation\NVIDIA NvDLISR;C:\WINDOWS\system32;C:\WINDOWS;C:\WINDOWS\System32\Wbem;C:\WINDOWS\System32\WindowsPowerShell\v1.0\;C:\WINDOWS\System32\OpenSSH\;C:\Program Files\Java\jdk-17.0.1\bin;C:\Program Files\dotnet\;C:\Program Files\TortoiseGit\bin;C:\Program Files\Git\cmd;D:\Vivado\2017.4\bin;D:\ctags-2023-05-17_p6.0.20230514.0-10-g3547021-x64;C:\Program Files (x86)\ISC BIND 9\bin;D:\Graphviz\bin;D:\apache-maven-3.9.6\bin;D:\nodejs\;C:\ProgramData\chocolatey\bin;D:\python397\Scripts\;D:\python397\;C:\Users\13181\AppData\Local\Programs\Python\Python37\Scripts\;C:\Users\13181\AppData\Local\Programs\Python\Python37\;C:\Users\13181\.pyenv\pyenv-win\bin;C:\Users\13181\.pyenv\pyenv-win\shims;D:\anaconda;D:\anaconda\Library\mingw-w64\bin;D:\anaconda\Library\usr\bin;D:\anaconda\Library\bin;D:\anaconda\Scripts;D:\python\Scripts\;D:\python\;C:\Program Files\MySQL\MySQL Shell 8.0\bin\;C:\Users\13181\AppData\Local\Microsoft\WindowsApps;C:\Program Files\Java\jdk-17.0.1\bin;C:\Program Files\JetBrains\IntelliJ IDEA Community Edition 2022.1\bin;;C:\Users\13181\AppData\Local\GitHubDesktop\bin;C:\Program Files\JetBrains\DataGrip 2022.2.2\bin;;D:\Microsoft VS Code\bin;C:\Program Files\JetBrains\IntelliJ IDEA 2023.1.1\bin;;C:\Program Files\JetBrains\PyCharm 2023.1.2\bin;;C:\Program Files\JetBrains\WebStorm 2023.2.1\bin;;D:\texlive\2023\bin\windows;C:\Users\13181\AppData\Roaming\npm;."/>
    <property name="java.vm.info" value="mixed mode, sharing"/>
    <property name="java.vendor" value="Oracle Corporation"/>
    <property name="java.vm.version" value="17.0.1+12-LTS-39"/>
    <property name="sun.io.unicode.encoding" value="UnicodeLittle"/>
    <property name="java.class.version" value="61.0"/>
  </properties>
  <testcase name="extractContentOfficeDocumentTest" classname="com.sismics.docs.core.util.TestFileUtil" time="6.777">
    <system-out><![CDATA[06 5月 2024 18:04:28,624 INFO com.sismics.util.ClasspathScanner.findClasses(ClasspathScanner.java:48) Found 7 classes for FormatHandler 
06 5月 2024 18:04:29,207 INFO com.sismics.util.ClasspathScanner.findClasses(ClasspathScanner.java:48) Found 1 classes for IndexingHandler 
06 5月 2024 18:04:29,218 INFO com.sismics.docs.core.util.indexing.LuceneIndexingHandler.initLucene(LuceneIndexingHandler.java:115) Using RAM Lucene storage 
06 5月 2024 18:04:29,322 INFO com.sismics.docs.core.service.FileService.startUp(FileService.java:39) File service starting up 
06 5月 2024 18:04:29,326 INFO com.sismics.docs.core.service.InboxService.startUp(InboxService.java:55) Inbox service starting up 
06 5月 2024 18:04:29,344 INFO com.sismics.util.jpa.EMF.getEntityManagerProperties(EMF.java:67) Configuring EntityManager from hibernate.properties 
06 5月 2024 18:04:29,355 DEBUG org.hibernate.boot.registry.selector.internal.StrategySelectorBuilder.<clinit>(StrategySelectorBuilder.java:44) Logging Provider: org.jboss.logging.Log4jLoggerProvider 
06 5月 2024 18:04:29,560 INFO com.mchange.v2.log.slf4j.Slf4jMLog$Slf4jMLogger$InfoLogger.log(Slf4jMLog.java:212) MLog clients using slf4j logging. 
06 5月 2024 18:04:29,564 DEBUG com.mchange.v2.log.slf4j.Slf4jMLog$Slf4jMLogger$DebugLogger.log(Slf4jMLog.java:207) Reading VM config for path list /com/mchange/v2/log/default-mchange-log.properties, /mchange-commons.properties, /c3p0.properties, hocon:/reference,/application,/c3p0,/, /mchange-log.properties, / 
06 5月 2024 18:04:29,564 DEBUG com.mchange.v2.log.slf4j.Slf4jMLog$Slf4jMLogger$DebugLogger.log(Slf4jMLog.java:207) The configuration file for resource identifier '/mchange-commons.properties' could not be found. Skipping. 
06 5月 2024 18:04:29,564 DEBUG com.mchange.v2.log.slf4j.Slf4jMLog$Slf4jMLogger$DebugLogger.log(Slf4jMLog.java:207) The configuration file for resource identifier '/c3p0.properties' could not be found. Skipping. 
06 5月 2024 18:04:29,564 DEBUG com.mchange.v2.log.slf4j.Slf4jMLog$Slf4jMLogger$DebugLogger.log(Slf4jMLog.java:207) The configuration file for resource identifier 'hocon:/reference,/application,/c3p0,/' could not be found. Skipping. 
06 5月 2024 18:04:29,565 DEBUG com.mchange.v2.log.slf4j.Slf4jMLog$Slf4jMLogger$DebugLogger.log(Slf4jMLog.java:207) The configuration file for resource identifier '/mchange-log.properties' could not be found. Skipping. 
06 5月 2024 18:04:29,567 DEBUG com.mchange.v2.log.slf4j.Slf4jMLog$Slf4jMLogger$DebugLogger.log(Slf4jMLog.java:207) The configuration file for resource identifier '/mchange-commons.properties' could not be found. Skipping. 
06 5月 2024 18:04:29,567 DEBUG com.mchange.v2.log.slf4j.Slf4jMLog$Slf4jMLogger$DebugLogger.log(Slf4jMLog.java:207) The configuration file for resource identifier '/mchange-log.properties' could not be found. Skipping. 
06 5月 2024 18:04:29,567 DEBUG com.mchange.v2.log.slf4j.Slf4jMLog$Slf4jMLogger$DebugLogger.log(Slf4jMLog.java:207) The configuration file for resource identifier 'hocon:/reference,/application,/c3p0,/' could not be found. Skipping. 
06 5月 2024 18:04:29,569 DEBUG com.mchange.v2.log.slf4j.Slf4jMLog$Slf4jMLogger$DebugLogger.log(Slf4jMLog.java:207) The configuration file for resource identifier '/c3p0.properties' could not be found. Skipping. 
06 5月 2024 18:04:29,692 INFO com.mchange.v2.log.slf4j.Slf4jMLog$Slf4jMLogger$InfoLogger.log(Slf4jMLog.java:212) Initializing c3p0-0.9.5.5 [built 11-December-2019 22:18:33 -0800; debug? true; trace: 10] 
06 5月 2024 18:04:29,707 DEBUG com.mchange.v2.log.slf4j.Slf4jMLog$Slf4jMLogger$DebugLogger.log(Slf4jMLog.java:204) MBean: com.mchange.v2.c3p0:type=PooledDataSource,identityToken=1hgeby9b3lgqwbk1fw7vw|26a092f6,name=1hgeby9b3lgqwbk1fw7vw|26a092f6 registered. 
06 5月 2024 18:04:29,719 DEBUG com.mchange.v2.log.slf4j.Slf4jMLog$Slf4jMLogger$DebugLogger.log(Slf4jMLog.java:204) MBean: com.mchange.v2.c3p0:type=PooledDataSource,identityToken=1hgeby9b3lgqwbk1fw7vw|26a092f6,name=1hgeby9b3lgqwbk1fw7vw|26a092f6 unregistered, in order to be reregistered after update. 
06 5月 2024 18:04:29,719 DEBUG com.mchange.v2.log.slf4j.Slf4jMLog$Slf4jMLogger$DebugLogger.log(Slf4jMLog.java:204) MBean: com.mchange.v2.c3p0:type=PooledDataSource,identityToken=1hgeby9b3lgqwbk1fw7vw|26a092f6,name=1hgeby9b3lgqwbk1fw7vw|26a092f6 registered. 
06 5月 2024 18:04:29,735 INFO com.mchange.v2.log.slf4j.Slf4jMLog$Slf4jMLogger$InfoLogger.log(Slf4jMLog.java:212) Initializing c3p0 pool... com.mchange.v2.c3p0.PoolBackedDataSource@6ecba845 [ connectionPoolDataSource -> com.mchange.v2.c3p0.WrapperConnectionPoolDataSource@22a30763 [ acquireIncrement -> 3, acquireRetryAttempts -> 30, acquireRetryDelay -> 1000, autoCommitOnClose -> false, automaticTestTable -> null, breakAfterAcquireFailure -> false, checkoutTimeout -> 0, connectionCustomizerClassName -> null, connectionTesterClassName -> com.mchange.v2.c3p0.impl.DefaultConnectionTester, contextClassLoaderSource -> caller, debugUnreturnedConnectionStackTraces -> false, factoryClassLocation -> null, forceIgnoreUnresolvedTransactions -> false, forceSynchronousCheckins -> false, identityToken -> 1hgeby9b3lgqwbk1fw7vw|6154907d, idleConnectionTestPeriod -> 0, initialPoolSize -> 1, maxAdministrativeTaskTime -> 0, maxConnectionAge -> 0, maxIdleTime -> 0, maxIdleTimeExcessConnections -> 0, maxPoolSize -> 10, maxStatements -> 0, maxStatementsPerConnection -> 0, minPoolSize -> 1, nestedDataSource -> com.mchange.v2.c3p0.DriverManagerDataSource@3aaa2014 [ description -> null, driverClass -> null, factoryClassLocation -> null, forceUseNamedDriverClass -> false, identityToken -> 1hgeby9b3lgqwbk1fw7vw|6a387257, jdbcUrl -> jdbc:h2:mem:docs, properties -> {password=******, user=******} ], preferredTestQuery -> null, privilegeSpawnedThreads -> false, propertyCycle -> 0, statementCacheNumDeferredCloseThreads -> 0, testConnectionOnCheckin -> false, testConnectionOnCheckout -> false, unreturnedConnectionTimeout -> 0, usesTraditionalReflectiveProxies -> false; userOverrides: {} ], dataSourceName -> null, extensions -> {}, factoryClassLocation -> null, identityToken -> 1hgeby9b3lgqwbk1fw7vw|26a092f6, numHelperThreads -> 3 ] 
06 5月 2024 18:04:29,744 DEBUG com.mchange.v2.log.slf4j.Slf4jMLog$Slf4jMLogger$DebugLogger.log(Slf4jMLog.java:207) The configuration file for resource identifier '/mchange-commons.properties' could not be found. Skipping. 
06 5月 2024 18:04:29,745 DEBUG com.mchange.v2.log.slf4j.Slf4jMLog$Slf4jMLogger$DebugLogger.log(Slf4jMLog.java:207) The configuration file for resource identifier '/mchange-log.properties' could not be found. Skipping. 
06 5月 2024 18:04:29,745 DEBUG com.mchange.v2.log.slf4j.Slf4jMLog$Slf4jMLogger$DebugLogger.log(Slf4jMLog.java:207) The configuration file for resource identifier '/c3p0.properties' could not be found. Skipping. 
06 5月 2024 18:04:29,745 DEBUG com.mchange.v2.log.slf4j.Slf4jMLog$Slf4jMLogger$DebugLogger.log(Slf4jMLog.java:207) The configuration file for resource identifier 'hocon:/reference,/application,/c3p0,/' could not be found. Skipping. 
06 5月 2024 18:04:29,746 DEBUG com.mchange.v2.log.slf4j.Slf4jMLog$Slf4jMLogger$DebugLogger.log(Slf4jMLog.java:204) com.mchange.v2.resourcepool.BasicResourcePool@13161f9b config: [start -> 1; min -> 1; max -> 10; inc -> 3; num_acq_attempts -> 30; acq_attempt_delay -> 1000; check_idle_resources_delay -> 0; max_resource_age -> 0; max_idle_time -> 0; excess_max_idle_time -> 0; destroy_unreturned_resc_time -> 0; expiration_enforcement_delay -> 0; break_on_acquisition_failure -> false; debug_store_checkout_exceptions -> false; force_synchronous_checkins -> false] 
06 5月 2024 18:04:29,746 DEBUG com.mchange.v2.log.slf4j.Slf4jMLog$Slf4jMLogger$DebugLogger.log(Slf4jMLog.java:204) Created new pool for auth, username (masked): 'sa******'. 
06 5月 2024 18:04:29,746 DEBUG com.mchange.v2.log.slf4j.Slf4jMLog$Slf4jMLogger$DebugLogger.log(Slf4jMLog.java:204) acquire test -- pool size: 0; target_pool_size: 1; desired target? 1 
06 5月 2024 18:04:29,746 DEBUG com.mchange.v2.log.slf4j.Slf4jMLog$Slf4jMLogger$DebugLogger.log(Slf4jMLog.java:204) awaitAvailable(): [unknown] 
06 5月 2024 18:04:30,032 INFO com.sismics.util.jpa.DbOpenHelper.open(DbOpenHelper.java:57) Opening database and executing incremental updates 
06 5月 2024 18:04:30,032 DEBUG com.mchange.v2.log.slf4j.Slf4jMLog$Slf4jMLogger$DebugLogger.log(Slf4jMLog.java:207) com.mchange.v2.c3p0.impl.NewPooledConnection@5ba99868 handling a throwable. 
org.h2.jdbc.JdbcSQLSyntaxErrorException: Table "T_CONFIG" not found; SQL statement:
select c.CFG_VALUE_C from T_CONFIG c where c.CFG_ID_C='DB_VERSION' [42102-199]
	at org.h2.message.DbException.getJdbcSQLException(DbException.java:451)
	at org.h2.message.DbException.getJdbcSQLException(DbException.java:427)
	at org.h2.message.DbException.get(DbException.java:205)
	at org.h2.message.DbException.get(DbException.java:181)
	at org.h2.command.Parser.readTableOrView(Parser.java:7146)
	at org.h2.command.Parser.readTableFilter(Parser.java:1895)
	at org.h2.command.Parser.parseSelectSimpleFromPart(Parser.java:2641)
	at org.h2.command.Parser.parseSelectSimple(Parser.java:2788)
	at org.h2.command.Parser.parseSelectSub(Parser.java:2636)
	at org.h2.command.Parser.parseSelectUnion(Parser.java:2469)
	at org.h2.command.Parser.parseSelect(Parser.java:2440)
	at org.h2.command.Parser.parsePrepared(Parser.java:814)
	at org.h2.command.Parser.parse(Parser.java:788)
	at org.h2.command.Parser.parse(Parser.java:760)
	at org.h2.command.Parser.prepareCommand(Parser.java:683)
	at org.h2.engine.Session.prepareLocal(Session.java:627)
	at org.h2.engine.Session.prepareCommand(Session.java:565)
	at org.h2.jdbc.JdbcConnection.prepareCommand(JdbcConnection.java:1292)
	at org.h2.jdbc.JdbcStatement.executeQuery(JdbcStatement.java:78)
	at com.mchange.v2.c3p0.impl.NewProxyStatement.executeQuery(NewProxyStatement.java:327)
	at com.sismics.util.jpa.DbOpenHelper.open(DbOpenHelper.java:76)
	at com.sismics.util.jpa.EMF.<clinit>(EMF.java:53)
	at com.sismics.docs.core.util.TransactionUtil.handle(TransactionUtil.java:37)
	at com.sismics.docs.core.service.InboxService.syncInbox(InboxService.java:76)
	at com.sismics.docs.core.service.InboxService.runOneIteration(InboxService.java:66)
	at com.google.common.util.concurrent.AbstractScheduledService$ServiceDelegate$Task.run(AbstractScheduledService.java:221)
	at com.google.common.util.concurrent.Callables$4.run(Callables.java:119)
	at java.base/java.util.concurrent.Executors$RunnableAdapter.call(Executors.java:539)
	at java.base/java.util.concurrent.FutureTask.runAndReset(FutureTask.java:305)
	at java.base/java.util.concurrent.ScheduledThreadPoolExecutor$ScheduledFutureTask.run(ScheduledThreadPoolExecutor.java:305)
	at java.base/java.util.concurrent.ThreadPoolExecutor.runWorker(ThreadPoolExecutor.java:1136)
	at java.base/java.util.concurrent.ThreadPoolExecutor$Worker.run(ThreadPoolExecutor.java:635)
	at java.base/java.lang.Thread.run(Thread.java:833)
06 5月 2024 18:04:30,035 DEBUG com.mchange.v2.log.slf4j.Slf4jMLog$Slf4jMLogger$DebugLogger.log(Slf4jMLog.java:207) Attempted to convert SQLException to SQLException. Leaving it alone. [SQLState: 42S02; errorCode: 42102] 
org.h2.jdbc.JdbcSQLSyntaxErrorException: Table "T_CONFIG" not found; SQL statement:
select c.CFG_VALUE_C from T_CONFIG c where c.CFG_ID_C='DB_VERSION' [42102-199]
	at org.h2.message.DbException.getJdbcSQLException(DbException.java:451)
	at org.h2.message.DbException.getJdbcSQLException(DbException.java:427)
	at org.h2.message.DbException.get(DbException.java:205)
	at org.h2.message.DbException.get(DbException.java:181)
	at org.h2.command.Parser.readTableOrView(Parser.java:7146)
	at org.h2.command.Parser.readTableFilter(Parser.java:1895)
	at org.h2.command.Parser.parseSelectSimpleFromPart(Parser.java:2641)
	at org.h2.command.Parser.parseSelectSimple(Parser.java:2788)
	at org.h2.command.Parser.parseSelectSub(Parser.java:2636)
	at org.h2.command.Parser.parseSelectUnion(Parser.java:2469)
	at org.h2.command.Parser.parseSelect(Parser.java:2440)
	at org.h2.command.Parser.parsePrepared(Parser.java:814)
	at org.h2.command.Parser.parse(Parser.java:788)
	at org.h2.command.Parser.parse(Parser.java:760)
	at org.h2.command.Parser.prepareCommand(Parser.java:683)
	at org.h2.engine.Session.prepareLocal(Session.java:627)
	at org.h2.engine.Session.prepareCommand(Session.java:565)
	at org.h2.jdbc.JdbcConnection.prepareCommand(JdbcConnection.java:1292)
	at org.h2.jdbc.JdbcStatement.executeQuery(JdbcStatement.java:78)
	at com.mchange.v2.c3p0.impl.NewProxyStatement.executeQuery(NewProxyStatement.java:327)
	at com.sismics.util.jpa.DbOpenHelper.open(DbOpenHelper.java:76)
	at com.sismics.util.jpa.EMF.<clinit>(EMF.java:53)
	at com.sismics.docs.core.util.TransactionUtil.handle(TransactionUtil.java:37)
	at com.sismics.docs.core.service.InboxService.syncInbox(InboxService.java:76)
	at com.sismics.docs.core.service.InboxService.runOneIteration(InboxService.java:66)
	at com.google.common.util.concurrent.AbstractScheduledService$ServiceDelegate$Task.run(AbstractScheduledService.java:221)
	at com.google.common.util.concurrent.Callables$4.run(Callables.java:119)
	at java.base/java.util.concurrent.Executors$RunnableAdapter.call(Executors.java:539)
	at java.base/java.util.concurrent.FutureTask.runAndReset(FutureTask.java:305)
	at java.base/java.util.concurrent.ScheduledThreadPoolExecutor$ScheduledFutureTask.run(ScheduledThreadPoolExecutor.java:305)
	at java.base/java.util.concurrent.ThreadPoolExecutor.runWorker(ThreadPoolExecutor.java:1136)
	at java.base/java.util.concurrent.ThreadPoolExecutor$Worker.run(ThreadPoolExecutor.java:635)
	at java.base/java.lang.Thread.run(Thread.java:833)
06 5月 2024 18:04:30,036 DEBUG com.mchange.v2.log.slf4j.Slf4jMLog$Slf4jMLogger$DebugLogger.log(Slf4jMLog.java:207) Testing a Connection in response to an Exception: 
org.h2.jdbc.JdbcSQLSyntaxErrorException: Table "T_CONFIG" not found; SQL statement:
select c.CFG_VALUE_C from T_CONFIG c where c.CFG_ID_C='DB_VERSION' [42102-199]
	at org.h2.message.DbException.getJdbcSQLException(DbException.java:451)
	at org.h2.message.DbException.getJdbcSQLException(DbException.java:427)
	at org.h2.message.DbException.get(DbException.java:205)
	at org.h2.message.DbException.get(DbException.java:181)
	at org.h2.command.Parser.readTableOrView(Parser.java:7146)
	at org.h2.command.Parser.readTableFilter(Parser.java:1895)
	at org.h2.command.Parser.parseSelectSimpleFromPart(Parser.java:2641)
	at org.h2.command.Parser.parseSelectSimple(Parser.java:2788)
	at org.h2.command.Parser.parseSelectSub(Parser.java:2636)
	at org.h2.command.Parser.parseSelectUnion(Parser.java:2469)
	at org.h2.command.Parser.parseSelect(Parser.java:2440)
	at org.h2.command.Parser.parsePrepared(Parser.java:814)
	at org.h2.command.Parser.parse(Parser.java:788)
	at org.h2.command.Parser.parse(Parser.java:760)
	at org.h2.command.Parser.prepareCommand(Parser.java:683)
	at org.h2.engine.Session.prepareLocal(Session.java:627)
	at org.h2.engine.Session.prepareCommand(Session.java:565)
	at org.h2.jdbc.JdbcConnection.prepareCommand(JdbcConnection.java:1292)
	at org.h2.jdbc.JdbcStatement.executeQuery(JdbcStatement.java:78)
	at com.mchange.v2.c3p0.impl.NewProxyStatement.executeQuery(NewProxyStatement.java:327)
	at com.sismics.util.jpa.DbOpenHelper.open(DbOpenHelper.java:76)
	at com.sismics.util.jpa.EMF.<clinit>(EMF.java:53)
	at com.sismics.docs.core.util.TransactionUtil.handle(TransactionUtil.java:37)
	at com.sismics.docs.core.service.InboxService.syncInbox(InboxService.java:76)
	at com.sismics.docs.core.service.InboxService.runOneIteration(InboxService.java:66)
	at com.google.common.util.concurrent.AbstractScheduledService$ServiceDelegate$Task.run(AbstractScheduledService.java:221)
	at com.google.common.util.concurrent.Callables$4.run(Callables.java:119)
	at java.base/java.util.concurrent.Executors$RunnableAdapter.call(Executors.java:539)
	at java.base/java.util.concurrent.FutureTask.runAndReset(FutureTask.java:305)
	at java.base/java.util.concurrent.ScheduledThreadPoolExecutor$ScheduledFutureTask.run(ScheduledThreadPoolExecutor.java:305)
	at java.base/java.util.concurrent.ThreadPoolExecutor.runWorker(ThreadPoolExecutor.java:1136)
	at java.base/java.util.concurrent.ThreadPoolExecutor$Worker.run(ThreadPoolExecutor.java:635)
	at java.base/java.lang.Thread.run(Thread.java:833)
06 5月 2024 18:04:30,038 INFO com.sismics.util.jpa.DbOpenHelper.open(DbOpenHelper.java:83) Unable to get database version: Table T_CONFIG not found 
06 5月 2024 18:04:30,038 INFO com.sismics.util.jpa.DbOpenHelper.open(DbOpenHelper.java:98) Executing initial schema creation script 
06 5月 2024 18:04:30,043 INFO com.sismics.util.jpa.DbOpenHelper.executeAllScript(DbOpenHelper.java:142) Executing script: dbupdate-000-0.sql 
06 5月 2024 18:04:30,099 INFO com.sismics.util.jpa.DbOpenHelper.executeAllScript(DbOpenHelper.java:142) Executing script: dbupdate-000-1.sql 
06 5月 2024 18:04:30,108 INFO com.sismics.util.jpa.DbOpenHelper.open(DbOpenHelper.java:106) Found database version 0, new version is 27, executing database incremental update scripts 
06 5月 2024 18:04:30,110 INFO com.sismics.util.jpa.DbOpenHelper.executeAllScript(DbOpenHelper.java:142) Executing script: dbupdate-001-0.sql 
06 5月 2024 18:04:30,139 INFO com.sismics.util.jpa.DbOpenHelper.executeAllScript(DbOpenHelper.java:142) Executing script: dbupdate-002-0.sql 
06 5月 2024 18:04:30,149 INFO com.sismics.util.jpa.DbOpenHelper.executeAllScript(DbOpenHelper.java:142) Executing script: dbupdate-003-0.sql 
06 5月 2024 18:04:30,157 INFO com.sismics.util.jpa.DbOpenHelper.executeAllScript(DbOpenHelper.java:142) Executing script: dbupdate-004-0.sql 
06 5月 2024 18:04:30,174 INFO com.sismics.util.jpa.DbOpenHelper.executeAllScript(DbOpenHelper.java:142) Executing script: dbupdate-005-0.sql 
06 5月 2024 18:04:30,182 INFO com.sismics.util.jpa.DbOpenHelper.executeAllScript(DbOpenHelper.java:142) Executing script: dbupdate-006-0.sql 
06 5月 2024 18:04:30,269 INFO com.sismics.util.jpa.DbOpenHelper.executeAllScript(DbOpenHelper.java:142) Executing script: dbupdate-007-0.sql 
06 5月 2024 18:04:30,277 INFO com.sismics.util.jpa.DbOpenHelper.executeAllScript(DbOpenHelper.java:142) Executing script: dbupdate-008-0.sql 
06 5月 2024 18:04:30,283 INFO com.sismics.util.jpa.DbOpenHelper.executeAllScript(DbOpenHelper.java:142) Executing script: dbupdate-009-0.sql 
06 5月 2024 18:04:30,294 INFO com.sismics.util.jpa.DbOpenHelper.executeAllScript(DbOpenHelper.java:142) Executing script: dbupdate-010-0.sql 
06 5月 2024 18:04:30,299 INFO com.sismics.util.jpa.DbOpenHelper.executeAllScript(DbOpenHelper.java:142) Executing script: dbupdate-011-0.sql 
06 5月 2024 18:04:30,304 INFO com.sismics.util.jpa.DbOpenHelper.executeAllScript(DbOpenHelper.java:142) Executing script: dbupdate-012-0.sql 
06 5月 2024 18:04:30,312 INFO com.sismics.util.jpa.DbOpenHelper.executeAllScript(DbOpenHelper.java:142) Executing script: dbupdate-013-0.sql 
06 5月 2024 18:04:30,315 INFO com.sismics.util.jpa.DbOpenHelper.executeAllScript(DbOpenHelper.java:142) Executing script: dbupdate-014-0.sql 
06 5月 2024 18:04:30,322 INFO com.sismics.util.jpa.DbOpenHelper.executeAllScript(DbOpenHelper.java:142) Executing script: dbupdate-015-0.sql 
06 5月 2024 18:04:30,334 INFO com.sismics.util.jpa.DbOpenHelper.executeAllScript(DbOpenHelper.java:142) Executing script: dbupdate-016-0.sql 
06 5月 2024 18:04:30,337 INFO com.sismics.util.jpa.DbOpenHelper.executeAllScript(DbOpenHelper.java:142) Executing script: dbupdate-017-0.sql 
06 5月 2024 18:04:30,340 INFO com.sismics.util.jpa.DbOpenHelper.executeAllScript(DbOpenHelper.java:142) Executing script: dbupdate-018-0.sql 
06 5月 2024 18:04:30,361 INFO com.sismics.util.jpa.DbOpenHelper.executeAllScript(DbOpenHelper.java:142) Executing script: dbupdate-019-0.sql 
06 5月 2024 18:04:30,364 INFO com.sismics.util.jpa.DbOpenHelper.executeAllScript(DbOpenHelper.java:142) Executing script: dbupdate-020-0.sql 
06 5月 2024 18:04:30,368 INFO com.sismics.util.jpa.DbOpenHelper.executeAllScript(DbOpenHelper.java:142) Executing script: dbupdate-021-0.sql 
06 5月 2024 18:04:30,379 INFO com.sismics.util.jpa.DbOpenHelper.executeAllScript(DbOpenHelper.java:142) Executing script: dbupdate-022-0.sql 
06 5月 2024 18:04:30,395 INFO com.sismics.util.jpa.DbOpenHelper.executeAllScript(DbOpenHelper.java:142) Executing script: dbupdate-023-0.sql 
06 5月 2024 18:04:30,402 INFO com.sismics.util.jpa.DbOpenHelper.executeAllScript(DbOpenHelper.java:142) Executing script: dbupdate-024-0.sql 
06 5月 2024 18:04:30,411 INFO com.sismics.util.jpa.DbOpenHelper.executeAllScript(DbOpenHelper.java:142) Executing script: dbupdate-025-0.sql 
06 5月 2024 18:04:30,414 INFO com.sismics.util.jpa.DbOpenHelper.executeAllScript(DbOpenHelper.java:142) Executing script: dbupdate-026-0.sql 
06 5月 2024 18:04:30,417 INFO com.sismics.util.jpa.DbOpenHelper.executeAllScript(DbOpenHelper.java:142) Executing script: dbupdate-027-0.sql 
06 5月 2024 18:04:30,418 INFO com.sismics.util.jpa.DbOpenHelper.open(DbOpenHelper.java:108) Database upgrade complete 
06 5月 2024 18:04:30,418 INFO com.sismics.util.jpa.EMF.getEntityManagerProperties(EMF.java:67) Configuring EntityManager from hibernate.properties 
06 5月 2024 18:04:30,868 DEBUG com.mchange.v2.log.slf4j.Slf4jMLog$Slf4jMLogger$DebugLogger.log(Slf4jMLog.java:204) MBean: com.mchange.v2.c3p0:type=PooledDataSource,identityToken=1hgeby9b3lgqwbk1fw7vw|6c6ac76a,name=1hgeby9b3lgqwbk1fw7vw|6c6ac76a registered. 
06 5月 2024 18:04:30,883 DEBUG com.mchange.v2.log.slf4j.Slf4jMLog$Slf4jMLogger$DebugLogger.log(Slf4jMLog.java:204) MBean: com.mchange.v2.c3p0:type=PooledDataSource,identityToken=1hgeby9b3lgqwbk1fw7vw|6c6ac76a,name=1hgeby9b3lgqwbk1fw7vw|6c6ac76a unregistered, in order to be reregistered after update. 
06 5月 2024 18:04:30,884 DEBUG com.mchange.v2.log.slf4j.Slf4jMLog$Slf4jMLogger$DebugLogger.log(Slf4jMLog.java:204) MBean: com.mchange.v2.c3p0:type=PooledDataSource,identityToken=1hgeby9b3lgqwbk1fw7vw|6c6ac76a,name=1hgeby9b3lgqwbk1fw7vw|6c6ac76a registered. 
06 5月 2024 18:04:30,891 INFO com.mchange.v2.log.slf4j.Slf4jMLog$Slf4jMLogger$InfoLogger.log(Slf4jMLog.java:212) Initializing c3p0 pool... com.mchange.v2.c3p0.PoolBackedDataSource@c96948aa [ connectionPoolDataSource -> com.mchange.v2.c3p0.WrapperConnectionPoolDataSource@e245d59c [ acquireIncrement -> 3, acquireRetryAttempts -> 30, acquireRetryDelay -> 1000, autoCommitOnClose -> false, automaticTestTable -> null, breakAfterAcquireFailure -> false, checkoutTimeout -> 0, connectionCustomizerClassName -> null, connectionTesterClassName -> com.mchange.v2.c3p0.impl.DefaultConnectionTester, contextClassLoaderSource -> caller, debugUnreturnedConnectionStackTraces -> false, factoryClassLocation -> null, forceIgnoreUnresolvedTransactions -> false, forceSynchronousCheckins -> false, identityToken -> 1hgeby9b3lgqwbk1fw7vw|7c3f4f2, idleConnectionTestPeriod -> 0, initialPoolSize -> 1, maxAdministrativeTaskTime -> 0, maxConnectionAge -> 0, maxIdleTime -> 0, maxIdleTimeExcessConnections -> 0, maxPoolSize -> 10, maxStatements -> 0, maxStatementsPerConnection -> 0, minPoolSize -> 1, nestedDataSource -> com.mchange.v2.c3p0.DriverManagerDataSource@fe2c6156 [ description -> null, driverClass -> null, factoryClassLocation -> null, forceUseNamedDriverClass -> false, identityToken -> 1hgeby9b3lgqwbk1fw7vw|5d5a7eac, jdbcUrl -> jdbc:h2:mem:docs, properties -> {password=******, user=******} ], preferredTestQuery -> null, privilegeSpawnedThreads -> false, propertyCycle -> 0, statementCacheNumDeferredCloseThreads -> 0, testConnectionOnCheckin -> false, testConnectionOnCheckout -> false, unreturnedConnectionTimeout -> 0, usesTraditionalReflectiveProxies -> false; userOverrides: {} ], dataSourceName -> null, extensions -> {}, factoryClassLocation -> null, identityToken -> 1hgeby9b3lgqwbk1fw7vw|6c6ac76a, numHelperThreads -> 3 ] 
06 5月 2024 18:04:30,891 DEBUG com.mchange.v2.log.slf4j.Slf4jMLog$Slf4jMLogger$DebugLogger.log(Slf4jMLog.java:204) com.mchange.v2.resourcepool.BasicResourcePool@4d8b44bf config: [start -> 1; min -> 1; max -> 10; inc -> 3; num_acq_attempts -> 30; acq_attempt_delay -> 1000; check_idle_resources_delay -> 0; max_resource_age -> 0; max_idle_time -> 0; excess_max_idle_time -> 0; destroy_unreturned_resc_time -> 0; expiration_enforcement_delay -> 0; break_on_acquisition_failure -> false; debug_store_checkout_exceptions -> false; force_synchronous_checkins -> false] 
06 5月 2024 18:04:30,892 DEBUG com.mchange.v2.log.slf4j.Slf4jMLog$Slf4jMLogger$DebugLogger.log(Slf4jMLog.java:204) Created new pool for auth, username (masked): 'sa******'. 
06 5月 2024 18:04:30,892 DEBUG com.mchange.v2.log.slf4j.Slf4jMLog$Slf4jMLogger$DebugLogger.log(Slf4jMLog.java:204) acquire test -- pool size: 0; target_pool_size: 1; desired target? 1 
06 5月 2024 18:04:30,892 DEBUG com.mchange.v2.log.slf4j.Slf4jMLog$Slf4jMLogger$DebugLogger.log(Slf4jMLog.java:204) awaitAvailable(): [unknown] 
Hibernate: select config0_.CFG_ID_C as cfg_id_c1_5_0_, config0_.CFG_VALUE_C as cfg_valu2_5_0_ from T_CONFIG config0_ where config0_.CFG_ID_C=?
]]></system-out>
  </testcase>
  <testcase name="extractContentPowerpointTest" classname="com.sismics.docs.core.util.TestFileUtil" time="0.512">
    <system-out><![CDATA[06 5月 2024 18:04:35,275 DEBUG org.apache.pdfbox.io.ScratchFileBuffer.finalize(ScratchFileBuffer.java:520) ScratchFileBuffer not closed! 
]]></system-out>
  </testcase>
  <testcase name="extractContentOpenDocumentTextTest" classname="com.sismics.docs.core.util.TestFileUtil" time="0.752">
    <system-err><![CDATA[5月 06, 2024 6:04:35 下午 org.odftoolkit.odfdom.pkg.OdfXMLFactory newOdfAttribute
信息: None-ODF attribute created for loext:contextual-spacing
5月 06, 2024 6:04:35 下午 org.odftoolkit.odfdom.pkg.OdfXMLFactory newOdfAttribute
信息: None-ODF attribute created for loext:contextual-spacing
5月 06, 2024 6:04:35 下午 org.odftoolkit.odfdom.pkg.OdfXMLFactory newOdfAttribute
信息: None-ODF attribute created for loext:contextual-spacing
5月 06, 2024 6:04:35 下午 org.odftoolkit.odfdom.pkg.OdfXMLFactory newOdfAttribute
信息: None-ODF attribute created for loext:contextual-spacing
5月 06, 2024 6:04:35 下午 org.odftoolkit.odfdom.pkg.OdfXMLFactory newOdfAttribute
信息: None-ODF attribute created for loext:contextual-spacing
5月 06, 2024 6:04:35 下午 org.odftoolkit.odfdom.pkg.OdfXMLFactory newOdfAttribute
信息: None-ODF attribute created for loext:contextual-spacing
5月 06, 2024 6:04:35 下午 org.odftoolkit.odfdom.pkg.OdfXMLFactory newOdfAttribute
信息: None-ODF attribute created for loext:contextual-spacing
5月 06, 2024 6:04:35 下午 org.odftoolkit.odfdom.pkg.OdfXMLFactory newOdfAttribute
信息: None-ODF attribute created for loext:contextual-spacing
5月 06, 2024 6:04:35 下午 org.odftoolkit.odfdom.pkg.OdfXMLFactory newOdfAttribute
信息: None-ODF attribute created for officeooo:rsid
5月 06, 2024 6:04:35 下午 org.odftoolkit.odfdom.pkg.OdfXMLFactory newOdfAttribute
信息: None-ODF attribute created for officeooo:paragraph-rsid
]]></system-err>
  </testcase>
  <testcase name="convertToPdfTest" classname="com.sismics.docs.core.util.TestFileUtil" time="9.106">
    <system-out><![CDATA[06 5月 2024 18:04:36,300 DEBUG org.apache.fontbox.ttf.GlyphSubstitutionTable.readLookupTable(GlyphSubstitutionTable.java:263) Type 4 GSUB lookup table is not supported and will be ignored 
06 5月 2024 18:04:36,300 DEBUG org.apache.fontbox.ttf.GlyphSubstitutionTable.readLookupTable(GlyphSubstitutionTable.java:263) Type 4 GSUB lookup table is not supported and will be ignored 
06 5月 2024 18:04:36,300 DEBUG org.apache.fontbox.ttf.GlyphSubstitutionTable.readLookupTable(GlyphSubstitutionTable.java:263) Type 6 GSUB lookup table is not supported and will be ignored 
06 5月 2024 18:04:36,300 DEBUG org.apache.fontbox.ttf.GlyphSubstitutionTable.readLookupTable(GlyphSubstitutionTable.java:263) Type 4 GSUB lookup table is not supported and will be ignored 
06 5月 2024 18:04:36,301 DEBUG org.apache.fontbox.ttf.GlyphSubstitutionTable.readLookupTable(GlyphSubstitutionTable.java:263) Type 4 GSUB lookup table is not supported and will be ignored 
06 5月 2024 18:04:36,332 DEBUG org.apache.fontbox.util.autodetect.FontFileFinder.walk(FontFileFinder.java:136) checkFontfile check C:\WINDOWS\FONTS\8514fix.fon 
06 5月 2024 18:04:36,333 DEBUG org.apache.fontbox.util.autodetect.FontFileFinder.walk(FontFileFinder.java:136) checkFontfile check C:\WINDOWS\FONTS\8514fixe.fon 
06 5月 2024 18:04:36,333 DEBUG org.apache.fontbox.util.autodetect.FontFileFinder.walk(FontFileFinder.java:136) checkFontfile check C:\WINDOWS\FONTS\8514fixg.fon 
06 5月 2024 18:04:36,333 DEBUG org.apache.fontbox.util.autodetect.FontFileFinder.walk(FontFileFinder.java:136) checkFontfile check C:\WINDOWS\FONTS\8514fixr.fon 
06 5月 2024 18:04:36,333 DEBUG org.apache.fontbox.util.autodetect.FontFileFinder.walk(FontFileFinder.java:136) checkFontfile check C:\WINDOWS\FONTS\8514fixt.fon 
06 5月 2024 18:04:36,333 DEBUG org.apache.fontbox.util.autodetect.FontFileFinder.walk(FontFileFinder.java:136) checkFontfile check C:\WINDOWS\FONTS\8514oem.fon 
06 5月 2024 18:04:36,334 DEBUG org.apache.fontbox.util.autodetect.FontFileFinder.walk(FontFileFinder.java:136) checkFontfile check C:\WINDOWS\FONTS\8514oeme.fon 
06 5月 2024 18:04:36,334 DEBUG org.apache.fontbox.util.autodetect.FontFileFinder.walk(FontFileFinder.java:136) checkFontfile check C:\WINDOWS\FONTS\8514oemg.fon 
06 5月 2024 18:04:36,334 DEBUG org.apache.fontbox.util.autodetect.FontFileFinder.walk(FontFileFinder.java:136) checkFontfile check C:\WINDOWS\FONTS\8514oemr.fon 
06 5月 2024 18:04:36,334 DEBUG org.apache.fontbox.util.autodetect.FontFileFinder.walk(FontFileFinder.java:136) checkFontfile check C:\WINDOWS\FONTS\8514oemt.fon 
06 5月 2024 18:04:36,334 DEBUG org.apache.fontbox.util.autodetect.FontFileFinder.walk(FontFileFinder.java:136) checkFontfile check C:\WINDOWS\FONTS\8514sys.fon 
06 5月 2024 18:04:36,334 DEBUG org.apache.fontbox.util.autodetect.FontFileFinder.walk(FontFileFinder.java:136) checkFontfile check C:\WINDOWS\FONTS\8514syse.fon 
06 5月 2024 18:04:36,334 DEBUG org.apache.fontbox.util.autodetect.FontFileFinder.walk(FontFileFinder.java:136) checkFontfile check C:\WINDOWS\FONTS\8514sysg.fon 
06 5月 2024 18:04:36,335 DEBUG org.apache.fontbox.util.autodetect.FontFileFinder.walk(FontFileFinder.java:136) checkFontfile check C:\WINDOWS\FONTS\8514sysr.fon 
06 5月 2024 18:04:36,335 DEBUG org.apache.fontbox.util.autodetect.FontFileFinder.walk(FontFileFinder.java:136) checkFontfile check C:\WINDOWS\FONTS\8514syst.fon 
06 5月 2024 18:04:36,335 DEBUG org.apache.fontbox.util.autodetect.FontFileFinder.walk(FontFileFinder.java:136) checkFontfile check C:\WINDOWS\FONTS\85775.fon 
06 5月 2024 18:04:36,336 DEBUG org.apache.fontbox.util.autodetect.FontFileFinder.walk(FontFileFinder.java:136) checkFontfile check C:\WINDOWS\FONTS\85855.fon 
06 5月 2024 18:04:36,336 DEBUG org.apache.fontbox.util.autodetect.FontFileFinder.walk(FontFileFinder.java:136) checkFontfile check C:\WINDOWS\FONTS\85f1255.fon 
06 5月 2024 18:04:36,336 DEBUG org.apache.fontbox.util.autodetect.FontFileFinder.walk(FontFileFinder.java:136) checkFontfile check C:\WINDOWS\FONTS\85f1256.fon 
06 5月 2024 18:04:36,336 DEBUG org.apache.fontbox.util.autodetect.FontFileFinder.walk(FontFileFinder.java:136) checkFontfile check C:\WINDOWS\FONTS\85f1257.fon 
06 5月 2024 18:04:36,336 DEBUG org.apache.fontbox.util.autodetect.FontFileFinder.walk(FontFileFinder.java:136) checkFontfile check C:\WINDOWS\FONTS\85f874.fon 
06 5月 2024 18:04:36,337 DEBUG org.apache.fontbox.util.autodetect.FontFileFinder.walk(FontFileFinder.java:136) checkFontfile check C:\WINDOWS\FONTS\85s1255.fon 
06 5月 2024 18:04:36,337 DEBUG org.apache.fontbox.util.autodetect.FontFileFinder.walk(FontFileFinder.java:136) checkFontfile check C:\WINDOWS\FONTS\85s1256.fon 
06 5月 2024 18:04:36,337 DEBUG org.apache.fontbox.util.autodetect.FontFileFinder.walk(FontFileFinder.java:136) checkFontfile check C:\WINDOWS\FONTS\85s1257.fon 
06 5月 2024 18:04:36,337 DEBUG org.apache.fontbox.util.autodetect.FontFileFinder.walk(FontFileFinder.java:136) checkFontfile check C:\WINDOWS\FONTS\85s874.fon 
06 5月 2024 18:04:36,337 DEBUG org.apache.fontbox.util.autodetect.FontFileFinder.walk(FontFileFinder.java:136) checkFontfile check C:\WINDOWS\FONTS\AGENCYB.TTF 
06 5月 2024 18:04:36,337 DEBUG org.apache.fontbox.util.autodetect.FontFileFinder.walk(FontFileFinder.java:142) checkFontfile found C:\WINDOWS\FONTS\AGENCYB.TTF 
06 5月 2024 18:04:36,338 DEBUG org.apache.fontbox.util.autodetect.FontFileFinder.walk(FontFileFinder.java:136) checkFontfile check C:\WINDOWS\FONTS\AGENCYR.TTF 
06 5月 2024 18:04:36,338 DEBUG org.apache.fontbox.util.autodetect.FontFileFinder.walk(FontFileFinder.java:142) checkFontfile found C:\WINDOWS\FONTS\AGENCYR.TTF 
06 5月 2024 18:04:36,338 DEBUG org.apache.fontbox.util.autodetect.FontFileFinder.walk(FontFileFinder.java:136) checkFontfile check C:\WINDOWS\FONTS\ALGER.TTF 
06 5月 2024 18:04:36,338 DEBUG org.apache.fontbox.util.autodetect.FontFileFinder.walk(FontFileFinder.java:142) checkFontfile found C:\WINDOWS\FONTS\ALGER.TTF 
06 5月 2024 18:04:36,338 DEBUG org.apache.fontbox.util.autodetect.FontFileFinder.walk(FontFileFinder.java:136) checkFontfile check C:\WINDOWS\FONTS\ANTQUAB.TTF 
06 5月 2024 18:04:36,338 DEBUG org.apache.fontbox.util.autodetect.FontFileFinder.walk(FontFileFinder.java:142) checkFontfile found C:\WINDOWS\FONTS\ANTQUAB.TTF 
06 5月 2024 18:04:36,339 DEBUG org.apache.fontbox.util.autodetect.FontFileFinder.walk(FontFileFinder.java:136) checkFontfile check C:\WINDOWS\FONTS\ANTQUABI.TTF 
06 5月 2024 18:04:36,339 DEBUG org.apache.fontbox.util.autodetect.FontFileFinder.walk(FontFileFinder.java:142) checkFontfile found C:\WINDOWS\FONTS\ANTQUABI.TTF 
06 5月 2024 18:04:36,340 DEBUG org.apache.fontbox.util.autodetect.FontFileFinder.walk(FontFileFinder.java:136) checkFontfile check C:\WINDOWS\FONTS\ANTQUAI.TTF 
06 5月 2024 18:04:36,340 DEBUG org.apache.fontbox.util.autodetect.FontFileFinder.walk(FontFileFinder.java:142) checkFontfile found C:\WINDOWS\FONTS\ANTQUAI.TTF 
06 5月 2024 18:04:36,340 DEBUG org.apache.fontbox.util.autodetect.FontFileFinder.walk(FontFileFinder.java:136) checkFontfile check C:\WINDOWS\FONTS\app775.fon 
06 5月 2024 18:04:36,340 DEBUG org.apache.fontbox.util.autodetect.FontFileFinder.walk(FontFileFinder.java:136) checkFontfile check C:\WINDOWS\FONTS\app850.fon 
06 5月 2024 18:04:36,340 DEBUG org.apache.fontbox.util.autodetect.FontFileFinder.walk(FontFileFinder.java:136) checkFontfile check C:\WINDOWS\FONTS\app852.fon 
06 5月 2024 18:04:36,340 DEBUG org.apache.fontbox.util.autodetect.FontFileFinder.walk(FontFileFinder.java:136) checkFontfile check C:\WINDOWS\FONTS\app855.fon 
06 5月 2024 18:04:36,341 DEBUG org.apache.fontbox.util.autodetect.FontFileFinder.walk(FontFileFinder.java:136) checkFontfile check C:\WINDOWS\FONTS\app857.fon 
06 5月 2024 18:04:36,341 DEBUG org.apache.fontbox.util.autodetect.FontFileFinder.walk(FontFileFinder.java:136) checkFontfile check C:\WINDOWS\FONTS\app866.fon 
06 5月 2024 18:04:36,341 DEBUG org.apache.fontbox.util.autodetect.FontFileFinder.walk(FontFileFinder.java:136) checkFontfile check C:\WINDOWS\FONTS\app932.fon 
06 5月 2024 18:04:36,341 DEBUG org.apache.fontbox.util.autodetect.FontFileFinder.walk(FontFileFinder.java:136) checkFontfile check C:\WINDOWS\FONTS\app936.fon 
06 5月 2024 18:04:36,342 DEBUG org.apache.fontbox.util.autodetect.FontFileFinder.walk(FontFileFinder.java:136) checkFontfile check C:\WINDOWS\FONTS\app949.fon 
06 5月 2024 18:04:36,342 DEBUG org.apache.fontbox.util.autodetect.FontFileFinder.walk(FontFileFinder.java:136) checkFontfile check C:\WINDOWS\FONTS\app950.fon 
06 5月 2024 18:04:36,342 DEBUG org.apache.fontbox.util.autodetect.FontFileFinder.walk(FontFileFinder.java:136) checkFontfile check C:\WINDOWS\FONTS\arial.ttf 
06 5月 2024 18:04:36,342 DEBUG org.apache.fontbox.util.autodetect.FontFileFinder.walk(FontFileFinder.java:142) checkFontfile found C:\WINDOWS\FONTS\arial.ttf 
06 5月 2024 18:04:36,342 DEBUG org.apache.fontbox.util.autodetect.FontFileFinder.walk(FontFileFinder.java:136) checkFontfile check C:\WINDOWS\FONTS\arialbd.ttf 
06 5月 2024 18:04:36,342 DEBUG org.apache.fontbox.util.autodetect.FontFileFinder.walk(FontFileFinder.java:142) checkFontfile found C:\WINDOWS\FONTS\arialbd.ttf 
06 5月 2024 18:04:36,343 DEBUG org.apache.fontbox.util.autodetect.FontFileFinder.walk(FontFileFinder.java:136) checkFontfile check C:\WINDOWS\FONTS\arialbi.ttf 
06 5月 2024 18:04:36,343 DEBUG org.apache.fontbox.util.autodetect.FontFileFinder.walk(FontFileFinder.java:142) checkFontfile found C:\WINDOWS\FONTS\arialbi.ttf 
06 5月 2024 18:04:36,343 DEBUG org.apache.fontbox.util.autodetect.FontFileFinder.walk(FontFileFinder.java:136) checkFontfile check C:\WINDOWS\FONTS\ariali.ttf 
06 5月 2024 18:04:36,343 DEBUG org.apache.fontbox.util.autodetect.FontFileFinder.walk(FontFileFinder.java:142) checkFontfile found C:\WINDOWS\FONTS\ariali.ttf 
06 5月 2024 18:04:36,343 DEBUG org.apache.fontbox.util.autodetect.FontFileFinder.walk(FontFileFinder.java:136) checkFontfile check C:\WINDOWS\FONTS\ARIALN.TTF 
06 5月 2024 18:04:36,343 DEBUG org.apache.fontbox.util.autodetect.FontFileFinder.walk(FontFileFinder.java:142) checkFontfile found C:\WINDOWS\FONTS\ARIALN.TTF 
06 5月 2024 18:04:36,343 DEBUG org.apache.fontbox.util.autodetect.FontFileFinder.walk(FontFileFinder.java:136) checkFontfile check C:\WINDOWS\FONTS\ARIALNB.TTF 
06 5月 2024 18:04:36,344 DEBUG org.apache.fontbox.util.autodetect.FontFileFinder.walk(FontFileFinder.java:142) checkFontfile found C:\WINDOWS\FONTS\ARIALNB.TTF 
06 5月 2024 18:04:36,344 DEBUG org.apache.fontbox.util.autodetect.FontFileFinder.walk(FontFileFinder.java:136) checkFontfile check C:\WINDOWS\FONTS\ARIALNBI.TTF 
06 5月 2024 18:04:36,344 DEBUG org.apache.fontbox.util.autodetect.FontFileFinder.walk(FontFileFinder.java:142) checkFontfile found C:\WINDOWS\FONTS\ARIALNBI.TTF 
06 5月 2024 18:04:36,344 DEBUG org.apache.fontbox.util.autodetect.FontFileFinder.walk(FontFileFinder.java:136) checkFontfile check C:\WINDOWS\FONTS\ARIALNI.TTF 
06 5月 2024 18:04:36,344 DEBUG org.apache.fontbox.util.autodetect.FontFileFinder.walk(FontFileFinder.java:142) checkFontfile found C:\WINDOWS\FONTS\ARIALNI.TTF 
06 5月 2024 18:04:36,344 DEBUG org.apache.fontbox.util.autodetect.FontFileFinder.walk(FontFileFinder.java:136) checkFontfile check C:\WINDOWS\FONTS\ariblk.ttf 
06 5月 2024 18:04:36,345 DEBUG org.apache.fontbox.util.autodetect.FontFileFinder.walk(FontFileFinder.java:142) checkFontfile found C:\WINDOWS\FONTS\ariblk.ttf 
06 5月 2024 18:04:36,345 DEBUG org.apache.fontbox.util.autodetect.FontFileFinder.walk(FontFileFinder.java:136) checkFontfile check C:\WINDOWS\FONTS\ARLRDBD.TTF 
06 5月 2024 18:04:36,345 DEBUG org.apache.fontbox.util.autodetect.FontFileFinder.walk(FontFileFinder.java:142) checkFontfile found C:\WINDOWS\FONTS\ARLRDBD.TTF 
06 5月 2024 18:04:36,345 DEBUG org.apache.fontbox.util.autodetect.FontFileFinder.walk(FontFileFinder.java:136) checkFontfile check C:\WINDOWS\FONTS\bahnschrift.ttf 
06 5月 2024 18:04:36,345 DEBUG org.apache.fontbox.util.autodetect.FontFileFinder.walk(FontFileFinder.java:142) checkFontfile found C:\WINDOWS\FONTS\bahnschrift.ttf 
06 5月 2024 18:04:36,345 DEBUG org.apache.fontbox.util.autodetect.FontFileFinder.walk(FontFileFinder.java:136) checkFontfile check C:\WINDOWS\FONTS\BASKVILL.TTF 
06 5月 2024 18:04:36,345 DEBUG org.apache.fontbox.util.autodetect.FontFileFinder.walk(FontFileFinder.java:142) checkFontfile found C:\WINDOWS\FONTS\BASKVILL.TTF 
06 5月 2024 18:04:36,346 DEBUG org.apache.fontbox.util.autodetect.FontFileFinder.walk(FontFileFinder.java:136) checkFontfile check C:\WINDOWS\FONTS\BAUHS93.TTF 
06 5月 2024 18:04:36,346 DEBUG org.apache.fontbox.util.autodetect.FontFileFinder.walk(FontFileFinder.java:142) checkFontfile found C:\WINDOWS\FONTS\BAUHS93.TTF 
06 5月 2024 18:04:36,346 DEBUG org.apache.fontbox.util.autodetect.FontFileFinder.walk(FontFileFinder.java:136) checkFontfile check C:\WINDOWS\FONTS\BELL.TTF 
06 5月 2024 18:04:36,346 DEBUG org.apache.fontbox.util.autodetect.FontFileFinder.walk(FontFileFinder.java:142) checkFontfile found C:\WINDOWS\FONTS\BELL.TTF 
06 5月 2024 18:04:36,346 DEBUG org.apache.fontbox.util.autodetect.FontFileFinder.walk(FontFileFinder.java:136) checkFontfile check C:\WINDOWS\FONTS\BELLB.TTF 
06 5月 2024 18:04:36,347 DEBUG org.apache.fontbox.util.autodetect.FontFileFinder.walk(FontFileFinder.java:142) checkFontfile found C:\WINDOWS\FONTS\BELLB.TTF 
06 5月 2024 18:04:36,347 DEBUG org.apache.fontbox.util.autodetect.FontFileFinder.walk(FontFileFinder.java:136) checkFontfile check C:\WINDOWS\FONTS\BELLI.TTF 
06 5月 2024 18:04:36,347 DEBUG org.apache.fontbox.util.autodetect.FontFileFinder.walk(FontFileFinder.java:142) checkFontfile found C:\WINDOWS\FONTS\BELLI.TTF 
06 5月 2024 18:04:36,347 DEBUG org.apache.fontbox.util.autodetect.FontFileFinder.walk(FontFileFinder.java:136) checkFontfile check C:\WINDOWS\FONTS\BERNHC.TTF 
06 5月 2024 18:04:36,347 DEBUG org.apache.fontbox.util.autodetect.FontFileFinder.walk(FontFileFinder.java:142) checkFontfile found C:\WINDOWS\FONTS\BERNHC.TTF 
06 5月 2024 18:04:36,348 DEBUG org.apache.fontbox.util.autodetect.FontFileFinder.walk(FontFileFinder.java:136) checkFontfile check C:\WINDOWS\FONTS\BIZ-UDGothicB.ttc 
06 5月 2024 18:04:36,348 DEBUG org.apache.fontbox.util.autodetect.FontFileFinder.walk(FontFileFinder.java:142) checkFontfile found C:\WINDOWS\FONTS\BIZ-UDGothicB.ttc 
06 5月 2024 18:04:36,348 DEBUG org.apache.fontbox.util.autodetect.FontFileFinder.walk(FontFileFinder.java:136) checkFontfile check C:\WINDOWS\FONTS\BIZ-UDGothicR.ttc 
06 5月 2024 18:04:36,348 DEBUG org.apache.fontbox.util.autodetect.FontFileFinder.walk(FontFileFinder.java:142) checkFontfile found C:\WINDOWS\FONTS\BIZ-UDGothicR.ttc 
06 5月 2024 18:04:36,349 DEBUG org.apache.fontbox.util.autodetect.FontFileFinder.walk(FontFileFinder.java:136) checkFontfile check C:\WINDOWS\FONTS\BIZ-UDMinchoM.ttc 
06 5月 2024 18:04:36,349 DEBUG org.apache.fontbox.util.autodetect.FontFileFinder.walk(FontFileFinder.java:142) checkFontfile found C:\WINDOWS\FONTS\BIZ-UDMinchoM.ttc 
06 5月 2024 18:04:36,349 DEBUG org.apache.fontbox.util.autodetect.FontFileFinder.walk(FontFileFinder.java:136) checkFontfile check C:\WINDOWS\FONTS\BKANT.TTF 
06 5月 2024 18:04:36,349 DEBUG org.apache.fontbox.util.autodetect.FontFileFinder.walk(FontFileFinder.java:142) checkFontfile found C:\WINDOWS\FONTS\BKANT.TTF 
06 5月 2024 18:04:36,349 DEBUG org.apache.fontbox.util.autodetect.FontFileFinder.walk(FontFileFinder.java:136) checkFontfile check C:\WINDOWS\FONTS\BOD_B.TTF 
06 5月 2024 18:04:36,349 DEBUG org.apache.fontbox.util.autodetect.FontFileFinder.walk(FontFileFinder.java:142) checkFontfile found C:\WINDOWS\FONTS\BOD_B.TTF 
06 5月 2024 18:04:36,349 DEBUG org.apache.fontbox.util.autodetect.FontFileFinder.walk(FontFileFinder.java:136) checkFontfile check C:\WINDOWS\FONTS\BOD_BI.TTF 
06 5月 2024 18:04:36,349 DEBUG org.apache.fontbox.util.autodetect.FontFileFinder.walk(FontFileFinder.java:142) checkFontfile found C:\WINDOWS\FONTS\BOD_BI.TTF 
06 5月 2024 18:04:36,350 DEBUG org.apache.fontbox.util.autodetect.FontFileFinder.walk(FontFileFinder.java:136) checkFontfile check C:\WINDOWS\FONTS\BOD_BLAI.TTF 
06 5月 2024 18:04:36,350 DEBUG org.apache.fontbox.util.autodetect.FontFileFinder.walk(FontFileFinder.java:142) checkFontfile found C:\WINDOWS\FONTS\BOD_BLAI.TTF 
06 5月 2024 18:04:36,350 DEBUG org.apache.fontbox.util.autodetect.FontFileFinder.walk(FontFileFinder.java:136) checkFontfile check C:\WINDOWS\FONTS\BOD_BLAR.TTF 
06 5月 2024 18:04:36,350 DEBUG org.apache.fontbox.util.autodetect.FontFileFinder.walk(FontFileFinder.java:142) checkFontfile found C:\WINDOWS\FONTS\BOD_BLAR.TTF 
06 5月 2024 18:04:36,350 DEBUG org.apache.fontbox.util.autodetect.FontFileFinder.walk(FontFileFinder.java:136) checkFontfile check C:\WINDOWS\FONTS\BOD_CB.TTF 
06 5月 2024 18:04:36,350 DEBUG org.apache.fontbox.util.autodetect.FontFileFinder.walk(FontFileFinder.java:142) checkFontfile found C:\WINDOWS\FONTS\BOD_CB.TTF 
06 5月 2024 18:04:36,351 DEBUG org.apache.fontbox.util.autodetect.FontFileFinder.walk(FontFileFinder.java:136) checkFontfile check C:\WINDOWS\FONTS\BOD_CBI.TTF 
06 5月 2024 18:04:36,351 DEBUG org.apache.fontbox.util.autodetect.FontFileFinder.walk(FontFileFinder.java:142) checkFontfile found C:\WINDOWS\FONTS\BOD_CBI.TTF 
06 5月 2024 18:04:36,351 DEBUG org.apache.fontbox.util.autodetect.FontFileFinder.walk(FontFileFinder.java:136) checkFontfile check C:\WINDOWS\FONTS\BOD_CI.TTF 
06 5月 2024 18:04:36,351 DEBUG org.apache.fontbox.util.autodetect.FontFileFinder.walk(FontFileFinder.java:142) checkFontfile found C:\WINDOWS\FONTS\BOD_CI.TTF 
06 5月 2024 18:04:36,351 DEBUG org.apache.fontbox.util.autodetect.FontFileFinder.walk(FontFileFinder.java:136) checkFontfile check C:\WINDOWS\FONTS\BOD_CR.TTF 
06 5月 2024 18:04:36,351 DEBUG org.apache.fontbox.util.autodetect.FontFileFinder.walk(FontFileFinder.java:142) checkFontfile found C:\WINDOWS\FONTS\BOD_CR.TTF 
06 5月 2024 18:04:36,351 DEBUG org.apache.fontbox.util.autodetect.FontFileFinder.walk(FontFileFinder.java:136) checkFontfile check C:\WINDOWS\FONTS\BOD_I.TTF 
06 5月 2024 18:04:36,351 DEBUG org.apache.fontbox.util.autodetect.FontFileFinder.walk(FontFileFinder.java:142) checkFontfile found C:\WINDOWS\FONTS\BOD_I.TTF 
06 5月 2024 18:04:36,352 DEBUG org.apache.fontbox.util.autodetect.FontFileFinder.walk(FontFileFinder.java:136) checkFontfile check C:\WINDOWS\FONTS\BOD_PSTC.TTF 
06 5月 2024 18:04:36,352 DEBUG org.apache.fontbox.util.autodetect.FontFileFinder.walk(FontFileFinder.java:142) checkFontfile found C:\WINDOWS\FONTS\BOD_PSTC.TTF 
06 5月 2024 18:04:36,352 DEBUG org.apache.fontbox.util.autodetect.FontFileFinder.walk(FontFileFinder.java:136) checkFontfile check C:\WINDOWS\FONTS\BOD_R.TTF 
06 5月 2024 18:04:36,352 DEBUG org.apache.fontbox.util.autodetect.FontFileFinder.walk(FontFileFinder.java:142) checkFontfile found C:\WINDOWS\FONTS\BOD_R.TTF 
06 5月 2024 18:04:36,352 DEBUG org.apache.fontbox.util.autodetect.FontFileFinder.walk(FontFileFinder.java:136) checkFontfile check C:\WINDOWS\FONTS\BOOKOS.TTF 
06 5月 2024 18:04:36,353 DEBUG org.apache.fontbox.util.autodetect.FontFileFinder.walk(FontFileFinder.java:142) checkFontfile found C:\WINDOWS\FONTS\BOOKOS.TTF 
06 5月 2024 18:04:36,353 DEBUG org.apache.fontbox.util.autodetect.FontFileFinder.walk(FontFileFinder.java:136) checkFontfile check C:\WINDOWS\FONTS\BOOKOSB.TTF 
06 5月 2024 18:04:36,353 DEBUG org.apache.fontbox.util.autodetect.FontFileFinder.walk(FontFileFinder.java:142) checkFontfile found C:\WINDOWS\FONTS\BOOKOSB.TTF 
06 5月 2024 18:04:36,353 DEBUG org.apache.fontbox.util.autodetect.FontFileFinder.walk(FontFileFinder.java:136) checkFontfile check C:\WINDOWS\FONTS\BOOKOSBI.TTF 
06 5月 2024 18:04:36,353 DEBUG org.apache.fontbox.util.autodetect.FontFileFinder.walk(FontFileFinder.java:142) checkFontfile found C:\WINDOWS\FONTS\BOOKOSBI.TTF 
06 5月 2024 18:04:36,354 DEBUG org.apache.fontbox.util.autodetect.FontFileFinder.walk(FontFileFinder.java:136) checkFontfile check C:\WINDOWS\FONTS\BOOKOSI.TTF 
06 5月 2024 18:04:36,354 DEBUG org.apache.fontbox.util.autodetect.FontFileFinder.walk(FontFileFinder.java:142) checkFontfile found C:\WINDOWS\FONTS\BOOKOSI.TTF 
06 5月 2024 18:04:36,354 DEBUG org.apache.fontbox.util.autodetect.FontFileFinder.walk(FontFileFinder.java:136) checkFontfile check C:\WINDOWS\FONTS\BRADHITC.TTF 
06 5月 2024 18:04:36,355 DEBUG org.apache.fontbox.util.autodetect.FontFileFinder.walk(FontFileFinder.java:142) checkFontfile found C:\WINDOWS\FONTS\BRADHITC.TTF 
06 5月 2024 18:04:36,355 DEBUG org.apache.fontbox.util.autodetect.FontFileFinder.walk(FontFileFinder.java:136) checkFontfile check C:\WINDOWS\FONTS\BRITANIC.TTF 
06 5月 2024 18:04:36,355 DEBUG org.apache.fontbox.util.autodetect.FontFileFinder.walk(FontFileFinder.java:142) checkFontfile found C:\WINDOWS\FONTS\BRITANIC.TTF 
06 5月 2024 18:04:36,355 DEBUG org.apache.fontbox.util.autodetect.FontFileFinder.walk(FontFileFinder.java:136) checkFontfile check C:\WINDOWS\FONTS\BRLNSB.TTF 
06 5月 2024 18:04:36,356 DEBUG org.apache.fontbox.util.autodetect.FontFileFinder.walk(FontFileFinder.java:142) checkFontfile found C:\WINDOWS\FONTS\BRLNSB.TTF 
06 5月 2024 18:04:36,356 DEBUG org.apache.fontbox.util.autodetect.FontFileFinder.walk(FontFileFinder.java:136) checkFontfile check C:\WINDOWS\FONTS\BRLNSDB.TTF 
06 5月 2024 18:04:36,356 DEBUG org.apache.fontbox.util.autodetect.FontFileFinder.walk(FontFileFinder.java:142) checkFontfile found C:\WINDOWS\FONTS\BRLNSDB.TTF 
06 5月 2024 18:04:36,356 DEBUG org.apache.fontbox.util.autodetect.FontFileFinder.walk(FontFileFinder.java:136) checkFontfile check C:\WINDOWS\FONTS\BRLNSR.TTF 
06 5月 2024 18:04:36,356 DEBUG org.apache.fontbox.util.autodetect.FontFileFinder.walk(FontFileFinder.java:142) checkFontfile found C:\WINDOWS\FONTS\BRLNSR.TTF 
06 5月 2024 18:04:36,357 DEBUG org.apache.fontbox.util.autodetect.FontFileFinder.walk(FontFileFinder.java:136) checkFontfile check C:\WINDOWS\FONTS\BROADW.TTF 
06 5月 2024 18:04:36,357 DEBUG org.apache.fontbox.util.autodetect.FontFileFinder.walk(FontFileFinder.java:142) checkFontfile found C:\WINDOWS\FONTS\BROADW.TTF 
06 5月 2024 18:04:36,357 DEBUG org.apache.fontbox.util.autodetect.FontFileFinder.walk(FontFileFinder.java:136) checkFontfile check C:\WINDOWS\FONTS\BRUSHSCI.TTF 
06 5月 2024 18:04:36,357 DEBUG org.apache.fontbox.util.autodetect.FontFileFinder.walk(FontFileFinder.java:142) checkFontfile found C:\WINDOWS\FONTS\BRUSHSCI.TTF 
06 5月 2024 18:04:36,358 DEBUG org.apache.fontbox.util.autodetect.FontFileFinder.walk(FontFileFinder.java:136) checkFontfile check C:\WINDOWS\FONTS\BSSYM7.TTF 
06 5月 2024 18:04:36,358 DEBUG org.apache.fontbox.util.autodetect.FontFileFinder.walk(FontFileFinder.java:142) checkFontfile found C:\WINDOWS\FONTS\BSSYM7.TTF 
06 5月 2024 18:04:36,358 DEBUG org.apache.fontbox.util.autodetect.FontFileFinder.walk(FontFileFinder.java:136) checkFontfile check C:\WINDOWS\FONTS\c8514fix.fon 
06 5月 2024 18:04:36,358 DEBUG org.apache.fontbox.util.autodetect.FontFileFinder.walk(FontFileFinder.java:136) checkFontfile check C:\WINDOWS\FONTS\c8514oem.fon 
06 5月 2024 18:04:36,358 DEBUG org.apache.fontbox.util.autodetect.FontFileFinder.walk(FontFileFinder.java:136) checkFontfile check C:\WINDOWS\FONTS\c8514sys.fon 
06 5月 2024 18:04:36,359 DEBUG org.apache.fontbox.util.autodetect.FontFileFinder.walk(FontFileFinder.java:136) checkFontfile check C:\WINDOWS\FONTS\calibri.ttf 
06 5月 2024 18:04:36,359 DEBUG org.apache.fontbox.util.autodetect.FontFileFinder.walk(FontFileFinder.java:142) checkFontfile found C:\WINDOWS\FONTS\calibri.ttf 
06 5月 2024 18:04:36,359 DEBUG org.apache.fontbox.util.autodetect.FontFileFinder.walk(FontFileFinder.java:136) checkFontfile check C:\WINDOWS\FONTS\calibrib.ttf 
06 5月 2024 18:04:36,359 DEBUG org.apache.fontbox.util.autodetect.FontFileFinder.walk(FontFileFinder.java:142) checkFontfile found C:\WINDOWS\FONTS\calibrib.ttf 
06 5月 2024 18:04:36,359 DEBUG org.apache.fontbox.util.autodetect.FontFileFinder.walk(FontFileFinder.java:136) checkFontfile check C:\WINDOWS\FONTS\calibrii.ttf 
06 5月 2024 18:04:36,360 DEBUG org.apache.fontbox.util.autodetect.FontFileFinder.walk(FontFileFinder.java:142) checkFontfile found C:\WINDOWS\FONTS\calibrii.ttf 
06 5月 2024 18:04:36,360 DEBUG org.apache.fontbox.util.autodetect.FontFileFinder.walk(FontFileFinder.java:136) checkFontfile check C:\WINDOWS\FONTS\calibril.ttf 
06 5月 2024 18:04:36,360 DEBUG org.apache.fontbox.util.autodetect.FontFileFinder.walk(FontFileFinder.java:142) checkFontfile found C:\WINDOWS\FONTS\calibril.ttf 
06 5月 2024 18:04:36,360 DEBUG org.apache.fontbox.util.autodetect.FontFileFinder.walk(FontFileFinder.java:136) checkFontfile check C:\WINDOWS\FONTS\calibrili.ttf 
06 5月 2024 18:04:36,360 DEBUG org.apache.fontbox.util.autodetect.FontFileFinder.walk(FontFileFinder.java:142) checkFontfile found C:\WINDOWS\FONTS\calibrili.ttf 
06 5月 2024 18:04:36,361 DEBUG org.apache.fontbox.util.autodetect.FontFileFinder.walk(FontFileFinder.java:136) checkFontfile check C:\WINDOWS\FONTS\calibriz.ttf 
06 5月 2024 18:04:36,361 DEBUG org.apache.fontbox.util.autodetect.FontFileFinder.walk(FontFileFinder.java:142) checkFontfile found C:\WINDOWS\FONTS\calibriz.ttf 
06 5月 2024 18:04:36,361 DEBUG org.apache.fontbox.util.autodetect.FontFileFinder.walk(FontFileFinder.java:136) checkFontfile check C:\WINDOWS\FONTS\CALIFB.TTF 
06 5月 2024 18:04:36,361 DEBUG org.apache.fontbox.util.autodetect.FontFileFinder.walk(FontFileFinder.java:142) checkFontfile found C:\WINDOWS\FONTS\CALIFB.TTF 
06 5月 2024 18:04:36,362 DEBUG org.apache.fontbox.util.autodetect.FontFileFinder.walk(FontFileFinder.java:136) checkFontfile check C:\WINDOWS\FONTS\CALIFI.TTF 
06 5月 2024 18:04:36,362 DEBUG org.apache.fontbox.util.autodetect.FontFileFinder.walk(FontFileFinder.java:142) checkFontfile found C:\WINDOWS\FONTS\CALIFI.TTF 
06 5月 2024 18:04:36,362 DEBUG org.apache.fontbox.util.autodetect.FontFileFinder.walk(FontFileFinder.java:136) checkFontfile check C:\WINDOWS\FONTS\CALIFR.TTF 
06 5月 2024 18:04:36,362 DEBUG org.apache.fontbox.util.autodetect.FontFileFinder.walk(FontFileFinder.java:142) checkFontfile found C:\WINDOWS\FONTS\CALIFR.TTF 
06 5月 2024 18:04:36,362 DEBUG org.apache.fontbox.util.autodetect.FontFileFinder.walk(FontFileFinder.java:136) checkFontfile check C:\WINDOWS\FONTS\CALIST.TTF 
06 5月 2024 18:04:36,362 DEBUG org.apache.fontbox.util.autodetect.FontFileFinder.walk(FontFileFinder.java:142) checkFontfile found C:\WINDOWS\FONTS\CALIST.TTF 
06 5月 2024 18:04:36,363 DEBUG org.apache.fontbox.util.autodetect.FontFileFinder.walk(FontFileFinder.java:136) checkFontfile check C:\WINDOWS\FONTS\CALISTB.TTF 
06 5月 2024 18:04:36,363 DEBUG org.apache.fontbox.util.autodetect.FontFileFinder.walk(FontFileFinder.java:142) checkFontfile found C:\WINDOWS\FONTS\CALISTB.TTF 
06 5月 2024 18:04:36,363 DEBUG org.apache.fontbox.util.autodetect.FontFileFinder.walk(FontFileFinder.java:136) checkFontfile check C:\WINDOWS\FONTS\CALISTBI.TTF 
06 5月 2024 18:04:36,363 DEBUG org.apache.fontbox.util.autodetect.FontFileFinder.walk(FontFileFinder.java:142) checkFontfile found C:\WINDOWS\FONTS\CALISTBI.TTF 
06 5月 2024 18:04:36,363 DEBUG org.apache.fontbox.util.autodetect.FontFileFinder.walk(FontFileFinder.java:136) checkFontfile check C:\WINDOWS\FONTS\CALISTI.TTF 
06 5月 2024 18:04:36,363 DEBUG org.apache.fontbox.util.autodetect.FontFileFinder.walk(FontFileFinder.java:142) checkFontfile found C:\WINDOWS\FONTS\CALISTI.TTF 
06 5月 2024 18:04:36,364 DEBUG org.apache.fontbox.util.autodetect.FontFileFinder.walk(FontFileFinder.java:136) checkFontfile check C:\WINDOWS\FONTS\cambria.ttc 
06 5月 2024 18:04:36,364 DEBUG org.apache.fontbox.util.autodetect.FontFileFinder.walk(FontFileFinder.java:142) checkFontfile found C:\WINDOWS\FONTS\cambria.ttc 
06 5月 2024 18:04:36,364 DEBUG org.apache.fontbox.util.autodetect.FontFileFinder.walk(FontFileFinder.java:136) checkFontfile check C:\WINDOWS\FONTS\cambriab.ttf 
06 5月 2024 18:04:36,364 DEBUG org.apache.fontbox.util.autodetect.FontFileFinder.walk(FontFileFinder.java:142) checkFontfile found C:\WINDOWS\FONTS\cambriab.ttf 
06 5月 2024 18:04:36,364 DEBUG org.apache.fontbox.util.autodetect.FontFileFinder.walk(FontFileFinder.java:136) checkFontfile check C:\WINDOWS\FONTS\cambriai.ttf 
06 5月 2024 18:04:36,364 DEBUG org.apache.fontbox.util.autodetect.FontFileFinder.walk(FontFileFinder.java:142) checkFontfile found C:\WINDOWS\FONTS\cambriai.ttf 
06 5月 2024 18:04:36,365 DEBUG org.apache.fontbox.util.autodetect.FontFileFinder.walk(FontFileFinder.java:136) checkFontfile check C:\WINDOWS\FONTS\cambriaz.ttf 
06 5月 2024 18:04:36,365 DEBUG org.apache.fontbox.util.autodetect.FontFileFinder.walk(FontFileFinder.java:142) checkFontfile found C:\WINDOWS\FONTS\cambriaz.ttf 
06 5月 2024 18:04:36,365 DEBUG org.apache.fontbox.util.autodetect.FontFileFinder.walk(FontFileFinder.java:136) checkFontfile check C:\WINDOWS\FONTS\Candara.ttf 
06 5月 2024 18:04:36,365 DEBUG org.apache.fontbox.util.autodetect.FontFileFinder.walk(FontFileFinder.java:142) checkFontfile found C:\WINDOWS\FONTS\Candara.ttf 
06 5月 2024 18:04:36,365 DEBUG org.apache.fontbox.util.autodetect.FontFileFinder.walk(FontFileFinder.java:136) checkFontfile check C:\WINDOWS\FONTS\Candarab.ttf 
06 5月 2024 18:04:36,366 DEBUG org.apache.fontbox.util.autodetect.FontFileFinder.walk(FontFileFinder.java:142) checkFontfile found C:\WINDOWS\FONTS\Candarab.ttf 
06 5月 2024 18:04:36,366 DEBUG org.apache.fontbox.util.autodetect.FontFileFinder.walk(FontFileFinder.java:136) checkFontfile check C:\WINDOWS\FONTS\Candarai.ttf 
06 5月 2024 18:04:36,366 DEBUG org.apache.fontbox.util.autodetect.FontFileFinder.walk(FontFileFinder.java:142) checkFontfile found C:\WINDOWS\FONTS\Candarai.ttf 
06 5月 2024 18:04:36,366 DEBUG org.apache.fontbox.util.autodetect.FontFileFinder.walk(FontFileFinder.java:136) checkFontfile check C:\WINDOWS\FONTS\Candaral.ttf 
06 5月 2024 18:04:36,367 DEBUG org.apache.fontbox.util.autodetect.FontFileFinder.walk(FontFileFinder.java:142) checkFontfile found C:\WINDOWS\FONTS\Candaral.ttf 
06 5月 2024 18:04:36,367 DEBUG org.apache.fontbox.util.autodetect.FontFileFinder.walk(FontFileFinder.java:136) checkFontfile check C:\WINDOWS\FONTS\Candarali.ttf 
06 5月 2024 18:04:36,367 DEBUG org.apache.fontbox.util.autodetect.FontFileFinder.walk(FontFileFinder.java:142) checkFontfile found C:\WINDOWS\FONTS\Candarali.ttf 
06 5月 2024 18:04:36,367 DEBUG org.apache.fontbox.util.autodetect.FontFileFinder.walk(FontFileFinder.java:136) checkFontfile check C:\WINDOWS\FONTS\Candaraz.ttf 
06 5月 2024 18:04:36,367 DEBUG org.apache.fontbox.util.autodetect.FontFileFinder.walk(FontFileFinder.java:142) checkFontfile found C:\WINDOWS\FONTS\Candaraz.ttf 
06 5月 2024 18:04:36,368 DEBUG org.apache.fontbox.util.autodetect.FontFileFinder.walk(FontFileFinder.java:136) checkFontfile check C:\WINDOWS\FONTS\CascadiaCode.ttf 
06 5月 2024 18:04:36,368 DEBUG org.apache.fontbox.util.autodetect.FontFileFinder.walk(FontFileFinder.java:142) checkFontfile found C:\WINDOWS\FONTS\CascadiaCode.ttf 
06 5月 2024 18:04:36,368 DEBUG org.apache.fontbox.util.autodetect.FontFileFinder.walk(FontFileFinder.java:136) checkFontfile check C:\WINDOWS\FONTS\CascadiaMono.ttf 
06 5月 2024 18:04:36,368 DEBUG org.apache.fontbox.util.autodetect.FontFileFinder.walk(FontFileFinder.java:142) checkFontfile found C:\WINDOWS\FONTS\CascadiaMono.ttf 
06 5月 2024 18:04:36,368 DEBUG org.apache.fontbox.util.autodetect.FontFileFinder.walk(FontFileFinder.java:136) checkFontfile check C:\WINDOWS\FONTS\CASTELAR.TTF 
06 5月 2024 18:04:36,368 DEBUG org.apache.fontbox.util.autodetect.FontFileFinder.walk(FontFileFinder.java:142) checkFontfile found C:\WINDOWS\FONTS\CASTELAR.TTF 
06 5月 2024 18:04:36,369 DEBUG org.apache.fontbox.util.autodetect.FontFileFinder.walk(FontFileFinder.java:136) checkFontfile check C:\WINDOWS\FONTS\CENSCBK.TTF 
06 5月 2024 18:04:36,369 DEBUG org.apache.fontbox.util.autodetect.FontFileFinder.walk(FontFileFinder.java:142) checkFontfile found C:\WINDOWS\FONTS\CENSCBK.TTF 
06 5月 2024 18:04:36,369 DEBUG org.apache.fontbox.util.autodetect.FontFileFinder.walk(FontFileFinder.java:136) checkFontfile check C:\WINDOWS\FONTS\CENTAUR.TTF 
06 5月 2024 18:04:36,369 DEBUG org.apache.fontbox.util.autodetect.FontFileFinder.walk(FontFileFinder.java:142) checkFontfile found C:\WINDOWS\FONTS\CENTAUR.TTF 
06 5月 2024 18:04:36,370 DEBUG org.apache.fontbox.util.autodetect.FontFileFinder.walk(FontFileFinder.java:136) checkFontfile check C:\WINDOWS\FONTS\CENTURY.TTF 
06 5月 2024 18:04:36,370 DEBUG org.apache.fontbox.util.autodetect.FontFileFinder.walk(FontFileFinder.java:142) checkFontfile found C:\WINDOWS\FONTS\CENTURY.TTF 
06 5月 2024 18:04:36,370 DEBUG org.apache.fontbox.util.autodetect.FontFileFinder.walk(FontFileFinder.java:136) checkFontfile check C:\WINDOWS\FONTS\cga40737.fon 
06 5月 2024 18:04:36,370 DEBUG org.apache.fontbox.util.autodetect.FontFileFinder.walk(FontFileFinder.java:136) checkFontfile check C:\WINDOWS\FONTS\cga40850.fon 
06 5月 2024 18:04:36,370 DEBUG org.apache.fontbox.util.autodetect.FontFileFinder.walk(FontFileFinder.java:136) checkFontfile check C:\WINDOWS\FONTS\cga40852.fon 
06 5月 2024 18:04:36,371 DEBUG org.apache.fontbox.util.autodetect.FontFileFinder.walk(FontFileFinder.java:136) checkFontfile check C:\WINDOWS\FONTS\cga40857.fon 
06 5月 2024 18:04:36,371 DEBUG org.apache.fontbox.util.autodetect.FontFileFinder.walk(FontFileFinder.java:136) checkFontfile check C:\WINDOWS\FONTS\cga40866.fon 
06 5月 2024 18:04:36,371 DEBUG org.apache.fontbox.util.autodetect.FontFileFinder.walk(FontFileFinder.java:136) checkFontfile check C:\WINDOWS\FONTS\cga40869.fon 
06 5月 2024 18:04:36,371 DEBUG org.apache.fontbox.util.autodetect.FontFileFinder.walk(FontFileFinder.java:136) checkFontfile check C:\WINDOWS\FONTS\cga40woa.fon 
06 5月 2024 18:04:36,372 DEBUG org.apache.fontbox.util.autodetect.FontFileFinder.walk(FontFileFinder.java:136) checkFontfile check C:\WINDOWS\FONTS\cga80737.fon 
06 5月 2024 18:04:36,372 DEBUG org.apache.fontbox.util.autodetect.FontFileFinder.walk(FontFileFinder.java:136) checkFontfile check C:\WINDOWS\FONTS\cga80850.fon 
06 5月 2024 18:04:36,372 DEBUG org.apache.fontbox.util.autodetect.FontFileFinder.walk(FontFileFinder.java:136) checkFontfile check C:\WINDOWS\FONTS\cga80852.fon 
06 5月 2024 18:04:36,372 DEBUG org.apache.fontbox.util.autodetect.FontFileFinder.walk(FontFileFinder.java:136) checkFontfile check C:\WINDOWS\FONTS\cga80857.fon 
06 5月 2024 18:04:36,372 DEBUG org.apache.fontbox.util.autodetect.FontFileFinder.walk(FontFileFinder.java:136) checkFontfile check C:\WINDOWS\FONTS\cga80866.fon 
06 5月 2024 18:04:36,372 DEBUG org.apache.fontbox.util.autodetect.FontFileFinder.walk(FontFileFinder.java:136) checkFontfile check C:\WINDOWS\FONTS\cga80869.fon 
06 5月 2024 18:04:36,373 DEBUG org.apache.fontbox.util.autodetect.FontFileFinder.walk(FontFileFinder.java:136) checkFontfile check C:\WINDOWS\FONTS\cga80woa.fon 
06 5月 2024 18:04:36,373 DEBUG org.apache.fontbox.util.autodetect.FontFileFinder.walk(FontFileFinder.java:136) checkFontfile check C:\WINDOWS\FONTS\CHILLER.TTF 
06 5月 2024 18:04:36,373 DEBUG org.apache.fontbox.util.autodetect.FontFileFinder.walk(FontFileFinder.java:142) checkFontfile found C:\WINDOWS\FONTS\CHILLER.TTF 
06 5月 2024 18:04:36,373 DEBUG org.apache.fontbox.util.autodetect.FontFileFinder.walk(FontFileFinder.java:136) checkFontfile check C:\WINDOWS\FONTS\COLONNA.TTF 
06 5月 2024 18:04:36,373 DEBUG org.apache.fontbox.util.autodetect.FontFileFinder.walk(FontFileFinder.java:142) checkFontfile found C:\WINDOWS\FONTS\COLONNA.TTF 
06 5月 2024 18:04:36,373 DEBUG org.apache.fontbox.util.autodetect.FontFileFinder.walk(FontFileFinder.java:136) checkFontfile check C:\WINDOWS\FONTS\comic.ttf 
06 5月 2024 18:04:36,374 DEBUG org.apache.fontbox.util.autodetect.FontFileFinder.walk(FontFileFinder.java:142) checkFontfile found C:\WINDOWS\FONTS\comic.ttf 
06 5月 2024 18:04:36,374 DEBUG org.apache.fontbox.util.autodetect.FontFileFinder.walk(FontFileFinder.java:136) checkFontfile check C:\WINDOWS\FONTS\comicbd.ttf 
06 5月 2024 18:04:36,374 DEBUG org.apache.fontbox.util.autodetect.FontFileFinder.walk(FontFileFinder.java:142) checkFontfile found C:\WINDOWS\FONTS\comicbd.ttf 
06 5月 2024 18:04:36,374 DEBUG org.apache.fontbox.util.autodetect.FontFileFinder.walk(FontFileFinder.java:136) checkFontfile check C:\WINDOWS\FONTS\comici.ttf 
06 5月 2024 18:04:36,374 DEBUG org.apache.fontbox.util.autodetect.FontFileFinder.walk(FontFileFinder.java:142) checkFontfile found C:\WINDOWS\FONTS\comici.ttf 
06 5月 2024 18:04:36,375 DEBUG org.apache.fontbox.util.autodetect.FontFileFinder.walk(FontFileFinder.java:136) checkFontfile check C:\WINDOWS\FONTS\comicz.ttf 
06 5月 2024 18:04:36,375 DEBUG org.apache.fontbox.util.autodetect.FontFileFinder.walk(FontFileFinder.java:142) checkFontfile found C:\WINDOWS\FONTS\comicz.ttf 
06 5月 2024 18:04:36,375 DEBUG org.apache.fontbox.util.autodetect.FontFileFinder.walk(FontFileFinder.java:136) checkFontfile check C:\WINDOWS\FONTS\consola.ttf 
06 5月 2024 18:04:36,375 DEBUG org.apache.fontbox.util.autodetect.FontFileFinder.walk(FontFileFinder.java:142) checkFontfile found C:\WINDOWS\FONTS\consola.ttf 
06 5月 2024 18:04:36,375 DEBUG org.apache.fontbox.util.autodetect.FontFileFinder.walk(FontFileFinder.java:136) checkFontfile check C:\WINDOWS\FONTS\consolab.ttf 
06 5月 2024 18:04:36,375 DEBUG org.apache.fontbox.util.autodetect.FontFileFinder.walk(FontFileFinder.java:142) checkFontfile found C:\WINDOWS\FONTS\consolab.ttf 
06 5月 2024 18:04:36,376 DEBUG org.apache.fontbox.util.autodetect.FontFileFinder.walk(FontFileFinder.java:136) checkFontfile check C:\WINDOWS\FONTS\consolai.ttf 
06 5月 2024 18:04:36,376 DEBUG org.apache.fontbox.util.autodetect.FontFileFinder.walk(FontFileFinder.java:142) checkFontfile found C:\WINDOWS\FONTS\consolai.ttf 
06 5月 2024 18:04:36,376 DEBUG org.apache.fontbox.util.autodetect.FontFileFinder.walk(FontFileFinder.java:136) checkFontfile check C:\WINDOWS\FONTS\consolaz.ttf 
06 5月 2024 18:04:36,376 DEBUG org.apache.fontbox.util.autodetect.FontFileFinder.walk(FontFileFinder.java:142) checkFontfile found C:\WINDOWS\FONTS\consolaz.ttf 
06 5月 2024 18:04:36,376 DEBUG org.apache.fontbox.util.autodetect.FontFileFinder.walk(FontFileFinder.java:136) checkFontfile check C:\WINDOWS\FONTS\constan.ttf 
06 5月 2024 18:04:36,376 DEBUG org.apache.fontbox.util.autodetect.FontFileFinder.walk(FontFileFinder.java:142) checkFontfile found C:\WINDOWS\FONTS\constan.ttf 
06 5月 2024 18:04:36,377 DEBUG org.apache.fontbox.util.autodetect.FontFileFinder.walk(FontFileFinder.java:136) checkFontfile check C:\WINDOWS\FONTS\constanb.ttf 
06 5月 2024 18:04:36,378 DEBUG org.apache.fontbox.util.autodetect.FontFileFinder.walk(FontFileFinder.java:142) checkFontfile found C:\WINDOWS\FONTS\constanb.ttf 
06 5月 2024 18:04:36,378 DEBUG org.apache.fontbox.util.autodetect.FontFileFinder.walk(FontFileFinder.java:136) checkFontfile check C:\WINDOWS\FONTS\constani.ttf 
06 5月 2024 18:04:36,378 DEBUG org.apache.fontbox.util.autodetect.FontFileFinder.walk(FontFileFinder.java:142) checkFontfile found C:\WINDOWS\FONTS\constani.ttf 
06 5月 2024 18:04:36,378 DEBUG org.apache.fontbox.util.autodetect.FontFileFinder.walk(FontFileFinder.java:136) checkFontfile check C:\WINDOWS\FONTS\constanz.ttf 
06 5月 2024 18:04:36,379 DEBUG org.apache.fontbox.util.autodetect.FontFileFinder.walk(FontFileFinder.java:142) checkFontfile found C:\WINDOWS\FONTS\constanz.ttf 
06 5月 2024 18:04:36,379 DEBUG org.apache.fontbox.util.autodetect.FontFileFinder.walk(FontFileFinder.java:136) checkFontfile check C:\WINDOWS\FONTS\COOPBL.TTF 
06 5月 2024 18:04:36,379 DEBUG org.apache.fontbox.util.autodetect.FontFileFinder.walk(FontFileFinder.java:142) checkFontfile found C:\WINDOWS\FONTS\COOPBL.TTF 
06 5月 2024 18:04:36,380 DEBUG org.apache.fontbox.util.autodetect.FontFileFinder.walk(FontFileFinder.java:136) checkFontfile check C:\WINDOWS\FONTS\COPRGTB.TTF 
06 5月 2024 18:04:36,380 DEBUG org.apache.fontbox.util.autodetect.FontFileFinder.walk(FontFileFinder.java:142) checkFontfile found C:\WINDOWS\FONTS\COPRGTB.TTF 
06 5月 2024 18:04:36,380 DEBUG org.apache.fontbox.util.autodetect.FontFileFinder.walk(FontFileFinder.java:136) checkFontfile check C:\WINDOWS\FONTS\COPRGTL.TTF 
06 5月 2024 18:04:36,380 DEBUG org.apache.fontbox.util.autodetect.FontFileFinder.walk(FontFileFinder.java:142) checkFontfile found C:\WINDOWS\FONTS\COPRGTL.TTF 
06 5月 2024 18:04:36,381 DEBUG org.apache.fontbox.util.autodetect.FontFileFinder.walk(FontFileFinder.java:136) checkFontfile check C:\WINDOWS\FONTS\corbel.ttf 
06 5月 2024 18:04:36,381 DEBUG org.apache.fontbox.util.autodetect.FontFileFinder.walk(FontFileFinder.java:142) checkFontfile found C:\WINDOWS\FONTS\corbel.ttf 
06 5月 2024 18:04:36,381 DEBUG org.apache.fontbox.util.autodetect.FontFileFinder.walk(FontFileFinder.java:136) checkFontfile check C:\WINDOWS\FONTS\corbelb.ttf 
06 5月 2024 18:04:36,381 DEBUG org.apache.fontbox.util.autodetect.FontFileFinder.walk(FontFileFinder.java:142) checkFontfile found C:\WINDOWS\FONTS\corbelb.ttf 
06 5月 2024 18:04:36,382 DEBUG org.apache.fontbox.util.autodetect.FontFileFinder.walk(FontFileFinder.java:136) checkFontfile check C:\WINDOWS\FONTS\corbeli.ttf 
06 5月 2024 18:04:36,382 DEBUG org.apache.fontbox.util.autodetect.FontFileFinder.walk(FontFileFinder.java:142) checkFontfile found C:\WINDOWS\FONTS\corbeli.ttf 
06 5月 2024 18:04:36,382 DEBUG org.apache.fontbox.util.autodetect.FontFileFinder.walk(FontFileFinder.java:136) checkFontfile check C:\WINDOWS\FONTS\corbell.ttf 
06 5月 2024 18:04:36,382 DEBUG org.apache.fontbox.util.autodetect.FontFileFinder.walk(FontFileFinder.java:142) checkFontfile found C:\WINDOWS\FONTS\corbell.ttf 
06 5月 2024 18:04:36,383 DEBUG org.apache.fontbox.util.autodetect.FontFileFinder.walk(FontFileFinder.java:136) checkFontfile check C:\WINDOWS\FONTS\corbelli.ttf 
06 5月 2024 18:04:36,383 DEBUG org.apache.fontbox.util.autodetect.FontFileFinder.walk(FontFileFinder.java:142) checkFontfile found C:\WINDOWS\FONTS\corbelli.ttf 
06 5月 2024 18:04:36,383 DEBUG org.apache.fontbox.util.autodetect.FontFileFinder.walk(FontFileFinder.java:136) checkFontfile check C:\WINDOWS\FONTS\corbelz.ttf 
06 5月 2024 18:04:36,383 DEBUG org.apache.fontbox.util.autodetect.FontFileFinder.walk(FontFileFinder.java:142) checkFontfile found C:\WINDOWS\FONTS\corbelz.ttf 
06 5月 2024 18:04:36,384 DEBUG org.apache.fontbox.util.autodetect.FontFileFinder.walk(FontFileFinder.java:136) checkFontfile check C:\WINDOWS\FONTS\coue1255.fon 
06 5月 2024 18:04:36,384 DEBUG org.apache.fontbox.util.autodetect.FontFileFinder.walk(FontFileFinder.java:136) checkFontfile check C:\WINDOWS\FONTS\coue1256.fon 
06 5月 2024 18:04:36,384 DEBUG org.apache.fontbox.util.autodetect.FontFileFinder.walk(FontFileFinder.java:136) checkFontfile check C:\WINDOWS\FONTS\coue1257.fon 
06 5月 2024 18:04:36,384 DEBUG org.apache.fontbox.util.autodetect.FontFileFinder.walk(FontFileFinder.java:136) checkFontfile check C:\WINDOWS\FONTS\couf1255.fon 
06 5月 2024 18:04:36,384 DEBUG org.apache.fontbox.util.autodetect.FontFileFinder.walk(FontFileFinder.java:136) checkFontfile check C:\WINDOWS\FONTS\couf1256.fon 
06 5月 2024 18:04:36,385 DEBUG org.apache.fontbox.util.autodetect.FontFileFinder.walk(FontFileFinder.java:136) checkFontfile check C:\WINDOWS\FONTS\couf1257.fon 
06 5月 2024 18:04:36,385 DEBUG org.apache.fontbox.util.autodetect.FontFileFinder.walk(FontFileFinder.java:136) checkFontfile check C:\WINDOWS\FONTS\cour.ttf 
06 5月 2024 18:04:36,385 DEBUG org.apache.fontbox.util.autodetect.FontFileFinder.walk(FontFileFinder.java:142) checkFontfile found C:\WINDOWS\FONTS\cour.ttf 
06 5月 2024 18:04:36,385 DEBUG org.apache.fontbox.util.autodetect.FontFileFinder.walk(FontFileFinder.java:136) checkFontfile check C:\WINDOWS\FONTS\courbd.ttf 
06 5月 2024 18:04:36,385 DEBUG org.apache.fontbox.util.autodetect.FontFileFinder.walk(FontFileFinder.java:142) checkFontfile found C:\WINDOWS\FONTS\courbd.ttf 
06 5月 2024 18:04:36,386 DEBUG org.apache.fontbox.util.autodetect.FontFileFinder.walk(FontFileFinder.java:136) checkFontfile check C:\WINDOWS\FONTS\courbi.ttf 
06 5月 2024 18:04:36,386 DEBUG org.apache.fontbox.util.autodetect.FontFileFinder.walk(FontFileFinder.java:142) checkFontfile found C:\WINDOWS\FONTS\courbi.ttf 
06 5月 2024 18:04:36,386 DEBUG org.apache.fontbox.util.autodetect.FontFileFinder.walk(FontFileFinder.java:136) checkFontfile check C:\WINDOWS\FONTS\coure.fon 
06 5月 2024 18:04:36,386 DEBUG org.apache.fontbox.util.autodetect.FontFileFinder.walk(FontFileFinder.java:136) checkFontfile check C:\WINDOWS\FONTS\couree.fon 
06 5月 2024 18:04:36,386 DEBUG org.apache.fontbox.util.autodetect.FontFileFinder.walk(FontFileFinder.java:136) checkFontfile check C:\WINDOWS\FONTS\coureg.fon 
06 5月 2024 18:04:36,387 DEBUG org.apache.fontbox.util.autodetect.FontFileFinder.walk(FontFileFinder.java:136) checkFontfile check C:\WINDOWS\FONTS\courer.fon 
06 5月 2024 18:04:36,387 DEBUG org.apache.fontbox.util.autodetect.FontFileFinder.walk(FontFileFinder.java:136) checkFontfile check C:\WINDOWS\FONTS\couret.fon 
06 5月 2024 18:04:36,387 DEBUG org.apache.fontbox.util.autodetect.FontFileFinder.walk(FontFileFinder.java:136) checkFontfile check C:\WINDOWS\FONTS\courf.fon 
06 5月 2024 18:04:36,388 DEBUG org.apache.fontbox.util.autodetect.FontFileFinder.walk(FontFileFinder.java:136) checkFontfile check C:\WINDOWS\FONTS\courfe.fon 
06 5月 2024 18:04:36,389 DEBUG org.apache.fontbox.util.autodetect.FontFileFinder.walk(FontFileFinder.java:136) checkFontfile check C:\WINDOWS\FONTS\courfg.fon 
06 5月 2024 18:04:36,389 DEBUG org.apache.fontbox.util.autodetect.FontFileFinder.walk(FontFileFinder.java:136) checkFontfile check C:\WINDOWS\FONTS\courfr.fon 
06 5月 2024 18:04:36,389 DEBUG org.apache.fontbox.util.autodetect.FontFileFinder.walk(FontFileFinder.java:136) checkFontfile check C:\WINDOWS\FONTS\courft.fon 
06 5月 2024 18:04:36,389 DEBUG org.apache.fontbox.util.autodetect.FontFileFinder.walk(FontFileFinder.java:136) checkFontfile check C:\WINDOWS\FONTS\couri.ttf 
06 5月 2024 18:04:36,390 DEBUG org.apache.fontbox.util.autodetect.FontFileFinder.walk(FontFileFinder.java:142) checkFontfile found C:\WINDOWS\FONTS\couri.ttf 
06 5月 2024 18:04:36,390 DEBUG org.apache.fontbox.util.autodetect.FontFileFinder.walk(FontFileFinder.java:136) checkFontfile check C:\WINDOWS\FONTS\CURLZ___.TTF 
06 5月 2024 18:04:36,390 DEBUG org.apache.fontbox.util.autodetect.FontFileFinder.walk(FontFileFinder.java:142) checkFontfile found C:\WINDOWS\FONTS\CURLZ___.TTF 
06 5月 2024 18:04:36,390 DEBUG org.apache.fontbox.util.autodetect.FontFileFinder.walk(FontFileFinder.java:136) checkFontfile check C:\WINDOWS\FONTS\cvgafix.fon 
06 5月 2024 18:04:36,391 DEBUG org.apache.fontbox.util.autodetect.FontFileFinder.walk(FontFileFinder.java:136) checkFontfile check C:\WINDOWS\FONTS\cvgasys.fon 
06 5月 2024 18:04:36,391 DEBUG org.apache.fontbox.util.autodetect.FontFileFinder.walk(FontFileFinder.java:136) checkFontfile check C:\WINDOWS\FONTS\Deng.ttf 
06 5月 2024 18:04:36,391 DEBUG org.apache.fontbox.util.autodetect.FontFileFinder.walk(FontFileFinder.java:142) checkFontfile found C:\WINDOWS\FONTS\Deng.ttf 
06 5月 2024 18:04:36,391 DEBUG org.apache.fontbox.util.autodetect.FontFileFinder.walk(FontFileFinder.java:136) checkFontfile check C:\WINDOWS\FONTS\Dengb.ttf 
06 5月 2024 18:04:36,392 DEBUG org.apache.fontbox.util.autodetect.FontFileFinder.walk(FontFileFinder.java:142) checkFontfile found C:\WINDOWS\FONTS\Dengb.ttf 
06 5月 2024 18:04:36,392 DEBUG org.apache.fontbox.util.autodetect.FontFileFinder.walk(FontFileFinder.java:136) checkFontfile check C:\WINDOWS\FONTS\Dengl.ttf 
06 5月 2024 18:04:36,392 DEBUG org.apache.fontbox.util.autodetect.FontFileFinder.walk(FontFileFinder.java:142) checkFontfile found C:\WINDOWS\FONTS\Dengl.ttf 
06 5月 2024 18:04:36,392 DEBUG org.apache.fontbox.util.autodetect.FontFileFinder.walk(FontFileFinder.java:136) checkFontfile check C:\WINDOWS\FONTS\desktop.ini 
06 5月 2024 18:04:36,393 DEBUG org.apache.fontbox.util.autodetect.FontFileFinder.walk(FontFileFinder.java:136) checkFontfile check C:\WINDOWS\FONTS\dos737.fon 
06 5月 2024 18:04:36,393 DEBUG org.apache.fontbox.util.autodetect.FontFileFinder.walk(FontFileFinder.java:136) checkFontfile check C:\WINDOWS\FONTS\dos869.fon 
06 5月 2024 18:04:36,393 DEBUG org.apache.fontbox.util.autodetect.FontFileFinder.walk(FontFileFinder.java:136) checkFontfile check C:\WINDOWS\FONTS\dosapp.fon 
06 5月 2024 18:04:36,394 DEBUG org.apache.fontbox.util.autodetect.FontFileFinder.walk(FontFileFinder.java:136) checkFontfile check C:\WINDOWS\FONTS\DUBAI-BOLD.TTF 
06 5月 2024 18:04:36,394 DEBUG org.apache.fontbox.util.autodetect.FontFileFinder.walk(FontFileFinder.java:142) checkFontfile found C:\WINDOWS\FONTS\DUBAI-BOLD.TTF 
06 5月 2024 18:04:36,394 DEBUG org.apache.fontbox.util.autodetect.FontFileFinder.walk(FontFileFinder.java:136) checkFontfile check C:\WINDOWS\FONTS\DUBAI-LIGHT.TTF 
06 5月 2024 18:04:36,394 DEBUG org.apache.fontbox.util.autodetect.FontFileFinder.walk(FontFileFinder.java:142) checkFontfile found C:\WINDOWS\FONTS\DUBAI-LIGHT.TTF 
06 5月 2024 18:04:36,394 DEBUG org.apache.fontbox.util.autodetect.FontFileFinder.walk(FontFileFinder.java:136) checkFontfile check C:\WINDOWS\FONTS\DUBAI-MEDIUM.TTF 
06 5月 2024 18:04:36,395 DEBUG org.apache.fontbox.util.autodetect.FontFileFinder.walk(FontFileFinder.java:142) checkFontfile found C:\WINDOWS\FONTS\DUBAI-MEDIUM.TTF 
06 5月 2024 18:04:36,395 DEBUG org.apache.fontbox.util.autodetect.FontFileFinder.walk(FontFileFinder.java:136) checkFontfile check C:\WINDOWS\FONTS\DUBAI-REGULAR.TTF 
06 5月 2024 18:04:36,395 DEBUG org.apache.fontbox.util.autodetect.FontFileFinder.walk(FontFileFinder.java:142) checkFontfile found C:\WINDOWS\FONTS\DUBAI-REGULAR.TTF 
06 5月 2024 18:04:36,396 DEBUG org.apache.fontbox.util.autodetect.FontFileFinder.walk(FontFileFinder.java:136) checkFontfile check C:\WINDOWS\FONTS\ebrima.ttf 
06 5月 2024 18:04:36,396 DEBUG org.apache.fontbox.util.autodetect.FontFileFinder.walk(FontFileFinder.java:142) checkFontfile found C:\WINDOWS\FONTS\ebrima.ttf 
06 5月 2024 18:04:36,396 DEBUG org.apache.fontbox.util.autodetect.FontFileFinder.walk(FontFileFinder.java:136) checkFontfile check C:\WINDOWS\FONTS\ebrimabd.ttf 
06 5月 2024 18:04:36,396 DEBUG org.apache.fontbox.util.autodetect.FontFileFinder.walk(FontFileFinder.java:142) checkFontfile found C:\WINDOWS\FONTS\ebrimabd.ttf 
06 5月 2024 18:04:36,397 DEBUG org.apache.fontbox.util.autodetect.FontFileFinder.walk(FontFileFinder.java:136) checkFontfile check C:\WINDOWS\FONTS\ega40737.fon 
06 5月 2024 18:04:36,397 DEBUG org.apache.fontbox.util.autodetect.FontFileFinder.walk(FontFileFinder.java:136) checkFontfile check C:\WINDOWS\FONTS\ega40850.fon 
06 5月 2024 18:04:36,397 DEBUG org.apache.fontbox.util.autodetect.FontFileFinder.walk(FontFileFinder.java:136) checkFontfile check C:\WINDOWS\FONTS\ega40852.fon 
06 5月 2024 18:04:36,397 DEBUG org.apache.fontbox.util.autodetect.FontFileFinder.walk(FontFileFinder.java:136) checkFontfile check C:\WINDOWS\FONTS\ega40857.fon 
06 5月 2024 18:04:36,398 DEBUG org.apache.fontbox.util.autodetect.FontFileFinder.walk(FontFileFinder.java:136) checkFontfile check C:\WINDOWS\FONTS\ega40866.fon 
06 5月 2024 18:04:36,398 DEBUG org.apache.fontbox.util.autodetect.FontFileFinder.walk(FontFileFinder.java:136) checkFontfile check C:\WINDOWS\FONTS\ega40869.fon 
06 5月 2024 18:04:36,398 DEBUG org.apache.fontbox.util.autodetect.FontFileFinder.walk(FontFileFinder.java:136) checkFontfile check C:\WINDOWS\FONTS\ega40woa.fon 
06 5月 2024 18:04:36,398 DEBUG org.apache.fontbox.util.autodetect.FontFileFinder.walk(FontFileFinder.java:136) checkFontfile check C:\WINDOWS\FONTS\ega80737.fon 
06 5月 2024 18:04:36,399 DEBUG org.apache.fontbox.util.autodetect.FontFileFinder.walk(FontFileFinder.java:136) checkFontfile check C:\WINDOWS\FONTS\ega80850.fon 
06 5月 2024 18:04:36,399 DEBUG org.apache.fontbox.util.autodetect.FontFileFinder.walk(FontFileFinder.java:136) checkFontfile check C:\WINDOWS\FONTS\ega80852.fon 
06 5月 2024 18:04:36,399 DEBUG org.apache.fontbox.util.autodetect.FontFileFinder.walk(FontFileFinder.java:136) checkFontfile check C:\WINDOWS\FONTS\ega80857.fon 
06 5月 2024 18:04:36,399 DEBUG org.apache.fontbox.util.autodetect.FontFileFinder.walk(FontFileFinder.java:136) checkFontfile check C:\WINDOWS\FONTS\ega80866.fon 
06 5月 2024 18:04:36,400 DEBUG org.apache.fontbox.util.autodetect.FontFileFinder.walk(FontFileFinder.java:136) checkFontfile check C:\WINDOWS\FONTS\ega80869.fon 
06 5月 2024 18:04:36,400 DEBUG org.apache.fontbox.util.autodetect.FontFileFinder.walk(FontFileFinder.java:136) checkFontfile check C:\WINDOWS\FONTS\ega80woa.fon 
06 5月 2024 18:04:36,400 DEBUG org.apache.fontbox.util.autodetect.FontFileFinder.walk(FontFileFinder.java:136) checkFontfile check C:\WINDOWS\FONTS\ELEPHNT.TTF 
06 5月 2024 18:04:36,400 DEBUG org.apache.fontbox.util.autodetect.FontFileFinder.walk(FontFileFinder.java:142) checkFontfile found C:\WINDOWS\FONTS\ELEPHNT.TTF 
06 5月 2024 18:04:36,401 DEBUG org.apache.fontbox.util.autodetect.FontFileFinder.walk(FontFileFinder.java:136) checkFontfile check C:\WINDOWS\FONTS\ELEPHNTI.TTF 
06 5月 2024 18:04:36,401 DEBUG org.apache.fontbox.util.autodetect.FontFileFinder.walk(FontFileFinder.java:142) checkFontfile found C:\WINDOWS\FONTS\ELEPHNTI.TTF 
06 5月 2024 18:04:36,401 DEBUG org.apache.fontbox.util.autodetect.FontFileFinder.walk(FontFileFinder.java:136) checkFontfile check C:\WINDOWS\FONTS\ENGR.TTF 
06 5月 2024 18:04:36,401 DEBUG org.apache.fontbox.util.autodetect.FontFileFinder.walk(FontFileFinder.java:142) checkFontfile found C:\WINDOWS\FONTS\ENGR.TTF 
06 5月 2024 18:04:36,401 DEBUG org.apache.fontbox.util.autodetect.FontFileFinder.walk(FontFileFinder.java:136) checkFontfile check C:\WINDOWS\FONTS\ERASBD.TTF 
06 5月 2024 18:04:36,402 DEBUG org.apache.fontbox.util.autodetect.FontFileFinder.walk(FontFileFinder.java:142) checkFontfile found C:\WINDOWS\FONTS\ERASBD.TTF 
06 5月 2024 18:04:36,402 DEBUG org.apache.fontbox.util.autodetect.FontFileFinder.walk(FontFileFinder.java:136) checkFontfile check C:\WINDOWS\FONTS\ERASDEMI.TTF 
06 5月 2024 18:04:36,402 DEBUG org.apache.fontbox.util.autodetect.FontFileFinder.walk(FontFileFinder.java:142) checkFontfile found C:\WINDOWS\FONTS\ERASDEMI.TTF 
06 5月 2024 18:04:36,402 DEBUG org.apache.fontbox.util.autodetect.FontFileFinder.walk(FontFileFinder.java:136) checkFontfile check C:\WINDOWS\FONTS\ERASLGHT.TTF 
06 5月 2024 18:04:36,402 DEBUG org.apache.fontbox.util.autodetect.FontFileFinder.walk(FontFileFinder.java:142) checkFontfile found C:\WINDOWS\FONTS\ERASLGHT.TTF 
06 5月 2024 18:04:36,403 DEBUG org.apache.fontbox.util.autodetect.FontFileFinder.walk(FontFileFinder.java:136) checkFontfile check C:\WINDOWS\FONTS\ERASMD.TTF 
06 5月 2024 18:04:36,403 DEBUG org.apache.fontbox.util.autodetect.FontFileFinder.walk(FontFileFinder.java:142) checkFontfile found C:\WINDOWS\FONTS\ERASMD.TTF 
06 5月 2024 18:04:36,403 DEBUG org.apache.fontbox.util.autodetect.FontFileFinder.walk(FontFileFinder.java:136) checkFontfile check C:\WINDOWS\FONTS\FELIXTI.TTF 
06 5月 2024 18:04:36,403 DEBUG org.apache.fontbox.util.autodetect.FontFileFinder.walk(FontFileFinder.java:142) checkFontfile found C:\WINDOWS\FONTS\FELIXTI.TTF 
06 5月 2024 18:04:36,403 DEBUG org.apache.fontbox.util.autodetect.FontFileFinder.walk(FontFileFinder.java:136) checkFontfile check C:\WINDOWS\FONTS\Fences.ttf 
06 5月 2024 18:04:36,404 DEBUG org.apache.fontbox.util.autodetect.FontFileFinder.walk(FontFileFinder.java:142) checkFontfile found C:\WINDOWS\FONTS\Fences.ttf 
06 5月 2024 18:04:36,404 DEBUG org.apache.fontbox.util.autodetect.FontFileFinder.walk(FontFileFinder.java:136) checkFontfile check C:\WINDOWS\FONTS\fms_metadata.xml 
06 5月 2024 18:04:36,404 DEBUG org.apache.fontbox.util.autodetect.FontFileFinder.walk(FontFileFinder.java:136) checkFontfile check C:\WINDOWS\FONTS\FORTE.TTF 
06 5月 2024 18:04:36,404 DEBUG org.apache.fontbox.util.autodetect.FontFileFinder.walk(FontFileFinder.java:142) checkFontfile found C:\WINDOWS\FONTS\FORTE.TTF 
06 5月 2024 18:04:36,405 DEBUG org.apache.fontbox.util.autodetect.FontFileFinder.walk(FontFileFinder.java:136) checkFontfile check C:\WINDOWS\FONTS\FRABK.TTF 
06 5月 2024 18:04:36,405 DEBUG org.apache.fontbox.util.autodetect.FontFileFinder.walk(FontFileFinder.java:142) checkFontfile found C:\WINDOWS\FONTS\FRABK.TTF 
06 5月 2024 18:04:36,406 DEBUG org.apache.fontbox.util.autodetect.FontFileFinder.walk(FontFileFinder.java:136) checkFontfile check C:\WINDOWS\FONTS\FRABKIT.TTF 
06 5月 2024 18:04:36,406 DEBUG org.apache.fontbox.util.autodetect.FontFileFinder.walk(FontFileFinder.java:142) checkFontfile found C:\WINDOWS\FONTS\FRABKIT.TTF 
06 5月 2024 18:04:36,406 DEBUG org.apache.fontbox.util.autodetect.FontFileFinder.walk(FontFileFinder.java:136) checkFontfile check C:\WINDOWS\FONTS\FRADM.TTF 
06 5月 2024 18:04:36,407 DEBUG org.apache.fontbox.util.autodetect.FontFileFinder.walk(FontFileFinder.java:142) checkFontfile found C:\WINDOWS\FONTS\FRADM.TTF 
06 5月 2024 18:04:36,407 DEBUG org.apache.fontbox.util.autodetect.FontFileFinder.walk(FontFileFinder.java:136) checkFontfile check C:\WINDOWS\FONTS\FRADMCN.TTF 
06 5月 2024 18:04:36,407 DEBUG org.apache.fontbox.util.autodetect.FontFileFinder.walk(FontFileFinder.java:142) checkFontfile found C:\WINDOWS\FONTS\FRADMCN.TTF 
06 5月 2024 18:04:36,407 DEBUG org.apache.fontbox.util.autodetect.FontFileFinder.walk(FontFileFinder.java:136) checkFontfile check C:\WINDOWS\FONTS\FRADMIT.TTF 
06 5月 2024 18:04:36,408 DEBUG org.apache.fontbox.util.autodetect.FontFileFinder.walk(FontFileFinder.java:142) checkFontfile found C:\WINDOWS\FONTS\FRADMIT.TTF 
06 5月 2024 18:04:36,408 DEBUG org.apache.fontbox.util.autodetect.FontFileFinder.walk(FontFileFinder.java:136) checkFontfile check C:\WINDOWS\FONTS\FRAHV.TTF 
06 5月 2024 18:04:36,408 DEBUG org.apache.fontbox.util.autodetect.FontFileFinder.walk(FontFileFinder.java:142) checkFontfile found C:\WINDOWS\FONTS\FRAHV.TTF 
06 5月 2024 18:04:36,408 DEBUG org.apache.fontbox.util.autodetect.FontFileFinder.walk(FontFileFinder.java:136) checkFontfile check C:\WINDOWS\FONTS\FRAHVIT.TTF 
06 5月 2024 18:04:36,409 DEBUG org.apache.fontbox.util.autodetect.FontFileFinder.walk(FontFileFinder.java:142) checkFontfile found C:\WINDOWS\FONTS\FRAHVIT.TTF 
06 5月 2024 18:04:36,409 DEBUG org.apache.fontbox.util.autodetect.FontFileFinder.walk(FontFileFinder.java:136) checkFontfile check C:\WINDOWS\FONTS\framd.ttf 
06 5月 2024 18:04:36,409 DEBUG org.apache.fontbox.util.autodetect.FontFileFinder.walk(FontFileFinder.java:142) checkFontfile found C:\WINDOWS\FONTS\framd.ttf 
06 5月 2024 18:04:36,409 DEBUG org.apache.fontbox.util.autodetect.FontFileFinder.walk(FontFileFinder.java:136) checkFontfile check C:\WINDOWS\FONTS\FRAMDCN.TTF 
06 5月 2024 18:04:36,410 DEBUG org.apache.fontbox.util.autodetect.FontFileFinder.walk(FontFileFinder.java:142) checkFontfile found C:\WINDOWS\FONTS\FRAMDCN.TTF 
06 5月 2024 18:04:36,410 DEBUG org.apache.fontbox.util.autodetect.FontFileFinder.walk(FontFileFinder.java:136) checkFontfile check C:\WINDOWS\FONTS\framdit.ttf 
06 5月 2024 18:04:36,410 DEBUG org.apache.fontbox.util.autodetect.FontFileFinder.walk(FontFileFinder.java:142) checkFontfile found C:\WINDOWS\FONTS\framdit.ttf 
06 5月 2024 18:04:36,410 DEBUG org.apache.fontbox.util.autodetect.FontFileFinder.walk(FontFileFinder.java:136) checkFontfile check C:\WINDOWS\FONTS\FREESCPT.TTF 
06 5月 2024 18:04:36,410 DEBUG org.apache.fontbox.util.autodetect.FontFileFinder.walk(FontFileFinder.java:142) checkFontfile found C:\WINDOWS\FONTS\FREESCPT.TTF 
06 5月 2024 18:04:36,410 DEBUG org.apache.fontbox.util.autodetect.FontFileFinder.walk(FontFileFinder.java:136) checkFontfile check C:\WINDOWS\FONTS\FRSCRIPT.TTF 
06 5月 2024 18:04:36,411 DEBUG org.apache.fontbox.util.autodetect.FontFileFinder.walk(FontFileFinder.java:142) checkFontfile found C:\WINDOWS\FONTS\FRSCRIPT.TTF 
06 5月 2024 18:04:36,411 DEBUG org.apache.fontbox.util.autodetect.FontFileFinder.walk(FontFileFinder.java:136) checkFontfile check C:\WINDOWS\FONTS\FTLTLT.TTF 
06 5月 2024 18:04:36,411 DEBUG org.apache.fontbox.util.autodetect.FontFileFinder.walk(FontFileFinder.java:142) checkFontfile found C:\WINDOWS\FONTS\FTLTLT.TTF 
06 5月 2024 18:04:36,411 DEBUG org.apache.fontbox.util.autodetect.FontFileFinder.walk(FontFileFinder.java:136) checkFontfile check C:\WINDOWS\FONTS\FZSTK.TTF 
06 5月 2024 18:04:36,411 DEBUG org.apache.fontbox.util.autodetect.FontFileFinder.walk(FontFileFinder.java:142) checkFontfile found C:\WINDOWS\FONTS\FZSTK.TTF 
06 5月 2024 18:04:36,412 DEBUG org.apache.fontbox.util.autodetect.FontFileFinder.walk(FontFileFinder.java:136) checkFontfile check C:\WINDOWS\FONTS\FZYTK.TTF 
06 5月 2024 18:04:36,412 DEBUG org.apache.fontbox.util.autodetect.FontFileFinder.walk(FontFileFinder.java:142) checkFontfile found C:\WINDOWS\FONTS\FZYTK.TTF 
06 5月 2024 18:04:36,412 DEBUG org.apache.fontbox.util.autodetect.FontFileFinder.walk(FontFileFinder.java:136) checkFontfile check C:\WINDOWS\FONTS\Gabriola.ttf 
06 5月 2024 18:04:36,412 DEBUG org.apache.fontbox.util.autodetect.FontFileFinder.walk(FontFileFinder.java:142) checkFontfile found C:\WINDOWS\FONTS\Gabriola.ttf 
06 5月 2024 18:04:36,413 DEBUG org.apache.fontbox.util.autodetect.FontFileFinder.walk(FontFileFinder.java:136) checkFontfile check C:\WINDOWS\FONTS\gadugi.ttf 
06 5月 2024 18:04:36,413 DEBUG org.apache.fontbox.util.autodetect.FontFileFinder.walk(FontFileFinder.java:142) checkFontfile found C:\WINDOWS\FONTS\gadugi.ttf 
06 5月 2024 18:04:36,413 DEBUG org.apache.fontbox.util.autodetect.FontFileFinder.walk(FontFileFinder.java:136) checkFontfile check C:\WINDOWS\FONTS\gadugib.ttf 
06 5月 2024 18:04:36,413 DEBUG org.apache.fontbox.util.autodetect.FontFileFinder.walk(FontFileFinder.java:142) checkFontfile found C:\WINDOWS\FONTS\gadugib.ttf 
06 5月 2024 18:04:36,413 DEBUG org.apache.fontbox.util.autodetect.FontFileFinder.walk(FontFileFinder.java:136) checkFontfile check C:\WINDOWS\FONTS\GARA.TTF 
06 5月 2024 18:04:36,413 DEBUG org.apache.fontbox.util.autodetect.FontFileFinder.walk(FontFileFinder.java:142) checkFontfile found C:\WINDOWS\FONTS\GARA.TTF 
06 5月 2024 18:04:36,414 DEBUG org.apache.fontbox.util.autodetect.FontFileFinder.walk(FontFileFinder.java:136) checkFontfile check C:\WINDOWS\FONTS\GARABD.TTF 
06 5月 2024 18:04:36,414 DEBUG org.apache.fontbox.util.autodetect.FontFileFinder.walk(FontFileFinder.java:142) checkFontfile found C:\WINDOWS\FONTS\GARABD.TTF 
06 5月 2024 18:04:36,414 DEBUG org.apache.fontbox.util.autodetect.FontFileFinder.walk(FontFileFinder.java:136) checkFontfile check C:\WINDOWS\FONTS\GARAIT.TTF 
06 5月 2024 18:04:36,414 DEBUG org.apache.fontbox.util.autodetect.FontFileFinder.walk(FontFileFinder.java:142) checkFontfile found C:\WINDOWS\FONTS\GARAIT.TTF 
06 5月 2024 18:04:36,414 DEBUG org.apache.fontbox.util.autodetect.FontFileFinder.walk(FontFileFinder.java:136) checkFontfile check C:\WINDOWS\FONTS\georgia.ttf 
06 5月 2024 18:04:36,415 DEBUG org.apache.fontbox.util.autodetect.FontFileFinder.walk(FontFileFinder.java:142) checkFontfile found C:\WINDOWS\FONTS\georgia.ttf 
06 5月 2024 18:04:36,415 DEBUG org.apache.fontbox.util.autodetect.FontFileFinder.walk(FontFileFinder.java:136) checkFontfile check C:\WINDOWS\FONTS\georgiab.ttf 
06 5月 2024 18:04:36,415 DEBUG org.apache.fontbox.util.autodetect.FontFileFinder.walk(FontFileFinder.java:142) checkFontfile found C:\WINDOWS\FONTS\georgiab.ttf 
06 5月 2024 18:04:36,415 DEBUG org.apache.fontbox.util.autodetect.FontFileFinder.walk(FontFileFinder.java:136) checkFontfile check C:\WINDOWS\FONTS\georgiai.ttf 
06 5月 2024 18:04:36,415 DEBUG org.apache.fontbox.util.autodetect.FontFileFinder.walk(FontFileFinder.java:142) checkFontfile found C:\WINDOWS\FONTS\georgiai.ttf 
06 5月 2024 18:04:36,416 DEBUG org.apache.fontbox.util.autodetect.FontFileFinder.walk(FontFileFinder.java:136) checkFontfile check C:\WINDOWS\FONTS\georgiaz.ttf 
06 5月 2024 18:04:36,416 DEBUG org.apache.fontbox.util.autodetect.FontFileFinder.walk(FontFileFinder.java:142) checkFontfile found C:\WINDOWS\FONTS\georgiaz.ttf 
06 5月 2024 18:04:36,416 DEBUG org.apache.fontbox.util.autodetect.FontFileFinder.walk(FontFileFinder.java:136) checkFontfile check C:\WINDOWS\FONTS\GIGI.TTF 
06 5月 2024 18:04:36,416 DEBUG org.apache.fontbox.util.autodetect.FontFileFinder.walk(FontFileFinder.java:142) checkFontfile found C:\WINDOWS\FONTS\GIGI.TTF 
06 5月 2024 18:04:36,416 DEBUG org.apache.fontbox.util.autodetect.FontFileFinder.walk(FontFileFinder.java:136) checkFontfile check C:\WINDOWS\FONTS\GILBI___.TTF 
06 5月 2024 18:04:36,417 DEBUG org.apache.fontbox.util.autodetect.FontFileFinder.walk(FontFileFinder.java:142) checkFontfile found C:\WINDOWS\FONTS\GILBI___.TTF 
06 5月 2024 18:04:36,417 DEBUG org.apache.fontbox.util.autodetect.FontFileFinder.walk(FontFileFinder.java:136) checkFontfile check C:\WINDOWS\FONTS\GILB____.TTF 
06 5月 2024 18:04:36,417 DEBUG org.apache.fontbox.util.autodetect.FontFileFinder.walk(FontFileFinder.java:142) checkFontfile found C:\WINDOWS\FONTS\GILB____.TTF 
06 5月 2024 18:04:36,417 DEBUG org.apache.fontbox.util.autodetect.FontFileFinder.walk(FontFileFinder.java:136) checkFontfile check C:\WINDOWS\FONTS\GILC____.TTF 
06 5月 2024 18:04:36,417 DEBUG org.apache.fontbox.util.autodetect.FontFileFinder.walk(FontFileFinder.java:142) checkFontfile found C:\WINDOWS\FONTS\GILC____.TTF 
06 5月 2024 18:04:36,418 DEBUG org.apache.fontbox.util.autodetect.FontFileFinder.walk(FontFileFinder.java:136) checkFontfile check C:\WINDOWS\FONTS\GILI____.TTF 
06 5月 2024 18:04:36,418 DEBUG org.apache.fontbox.util.autodetect.FontFileFinder.walk(FontFileFinder.java:142) checkFontfile found C:\WINDOWS\FONTS\GILI____.TTF 
06 5月 2024 18:04:36,418 DEBUG org.apache.fontbox.util.autodetect.FontFileFinder.walk(FontFileFinder.java:136) checkFontfile check C:\WINDOWS\FONTS\GILLUBCD.TTF 
06 5月 2024 18:04:36,418 DEBUG org.apache.fontbox.util.autodetect.FontFileFinder.walk(FontFileFinder.java:142) checkFontfile found C:\WINDOWS\FONTS\GILLUBCD.TTF 
06 5月 2024 18:04:36,419 DEBUG org.apache.fontbox.util.autodetect.FontFileFinder.walk(FontFileFinder.java:136) checkFontfile check C:\WINDOWS\FONTS\GILSANUB.TTF 
06 5月 2024 18:04:36,419 DEBUG org.apache.fontbox.util.autodetect.FontFileFinder.walk(FontFileFinder.java:142) checkFontfile found C:\WINDOWS\FONTS\GILSANUB.TTF 
06 5月 2024 18:04:36,419 DEBUG org.apache.fontbox.util.autodetect.FontFileFinder.walk(FontFileFinder.java:136) checkFontfile check C:\WINDOWS\FONTS\GIL_____.TTF 
06 5月 2024 18:04:36,419 DEBUG org.apache.fontbox.util.autodetect.FontFileFinder.walk(FontFileFinder.java:142) checkFontfile found C:\WINDOWS\FONTS\GIL_____.TTF 
06 5月 2024 18:04:36,420 DEBUG org.apache.fontbox.util.autodetect.FontFileFinder.walk(FontFileFinder.java:136) checkFontfile check C:\WINDOWS\FONTS\GLECB.TTF 
06 5月 2024 18:04:36,420 DEBUG org.apache.fontbox.util.autodetect.FontFileFinder.walk(FontFileFinder.java:142) checkFontfile found C:\WINDOWS\FONTS\GLECB.TTF 
06 5月 2024 18:04:36,420 DEBUG org.apache.fontbox.util.autodetect.FontFileFinder.walk(FontFileFinder.java:136) checkFontfile check C:\WINDOWS\FONTS\GlobalMonospace.CompositeFont 
06 5月 2024 18:04:36,420 DEBUG org.apache.fontbox.util.autodetect.FontFileFinder.walk(FontFileFinder.java:136) checkFontfile check C:\WINDOWS\FONTS\GlobalSansSerif.CompositeFont 
06 5月 2024 18:04:36,420 DEBUG org.apache.fontbox.util.autodetect.FontFileFinder.walk(FontFileFinder.java:136) checkFontfile check C:\WINDOWS\FONTS\GlobalSerif.CompositeFont 
06 5月 2024 18:04:36,421 DEBUG org.apache.fontbox.util.autodetect.FontFileFinder.walk(FontFileFinder.java:136) checkFontfile check C:\WINDOWS\FONTS\GlobalUserInterface.CompositeFont 
06 5月 2024 18:04:36,421 DEBUG org.apache.fontbox.util.autodetect.FontFileFinder.walk(FontFileFinder.java:136) checkFontfile check C:\WINDOWS\FONTS\GLSNECB.TTF 
06 5月 2024 18:04:36,421 DEBUG org.apache.fontbox.util.autodetect.FontFileFinder.walk(FontFileFinder.java:142) checkFontfile found C:\WINDOWS\FONTS\GLSNECB.TTF 
06 5月 2024 18:04:36,422 DEBUG org.apache.fontbox.util.autodetect.FontFileFinder.walk(FontFileFinder.java:136) checkFontfile check C:\WINDOWS\FONTS\GOTHIC.TTF 
06 5月 2024 18:04:36,423 DEBUG org.apache.fontbox.util.autodetect.FontFileFinder.walk(FontFileFinder.java:142) checkFontfile found C:\WINDOWS\FONTS\GOTHIC.TTF 
06 5月 2024 18:04:36,423 DEBUG org.apache.fontbox.util.autodetect.FontFileFinder.walk(FontFileFinder.java:136) checkFontfile check C:\WINDOWS\FONTS\GOTHICB.TTF 
06 5月 2024 18:04:36,423 DEBUG org.apache.fontbox.util.autodetect.FontFileFinder.walk(FontFileFinder.java:142) checkFontfile found C:\WINDOWS\FONTS\GOTHICB.TTF 
06 5月 2024 18:04:36,423 DEBUG org.apache.fontbox.util.autodetect.FontFileFinder.walk(FontFileFinder.java:136) checkFontfile check C:\WINDOWS\FONTS\GOTHICBI.TTF 
06 5月 2024 18:04:36,424 DEBUG org.apache.fontbox.util.autodetect.FontFileFinder.walk(FontFileFinder.java:142) checkFontfile found C:\WINDOWS\FONTS\GOTHICBI.TTF 
06 5月 2024 18:04:36,424 DEBUG org.apache.fontbox.util.autodetect.FontFileFinder.walk(FontFileFinder.java:136) checkFontfile check C:\WINDOWS\FONTS\GOTHICI.TTF 
06 5月 2024 18:04:36,424 DEBUG org.apache.fontbox.util.autodetect.FontFileFinder.walk(FontFileFinder.java:142) checkFontfile found C:\WINDOWS\FONTS\GOTHICI.TTF 
06 5月 2024 18:04:36,424 DEBUG org.apache.fontbox.util.autodetect.FontFileFinder.walk(FontFileFinder.java:136) checkFontfile check C:\WINDOWS\FONTS\GOUDOS.TTF 
06 5月 2024 18:04:36,425 DEBUG org.apache.fontbox.util.autodetect.FontFileFinder.walk(FontFileFinder.java:142) checkFontfile found C:\WINDOWS\FONTS\GOUDOS.TTF 
06 5月 2024 18:04:36,425 DEBUG org.apache.fontbox.util.autodetect.FontFileFinder.walk(FontFileFinder.java:136) checkFontfile check C:\WINDOWS\FONTS\GOUDOSB.TTF 
06 5月 2024 18:04:36,425 DEBUG org.apache.fontbox.util.autodetect.FontFileFinder.walk(FontFileFinder.java:142) checkFontfile found C:\WINDOWS\FONTS\GOUDOSB.TTF 
06 5月 2024 18:04:36,425 DEBUG org.apache.fontbox.util.autodetect.FontFileFinder.walk(FontFileFinder.java:136) checkFontfile check C:\WINDOWS\FONTS\GOUDOSI.TTF 
06 5月 2024 18:04:36,425 DEBUG org.apache.fontbox.util.autodetect.FontFileFinder.walk(FontFileFinder.java:142) checkFontfile found C:\WINDOWS\FONTS\GOUDOSI.TTF 
06 5月 2024 18:04:36,425 DEBUG org.apache.fontbox.util.autodetect.FontFileFinder.walk(FontFileFinder.java:136) checkFontfile check C:\WINDOWS\FONTS\GOUDYSTO.TTF 
06 5月 2024 18:04:36,426 DEBUG org.apache.fontbox.util.autodetect.FontFileFinder.walk(FontFileFinder.java:142) checkFontfile found C:\WINDOWS\FONTS\GOUDYSTO.TTF 
06 5月 2024 18:04:36,426 DEBUG org.apache.fontbox.util.autodetect.FontFileFinder.walk(FontFileFinder.java:136) checkFontfile check C:\WINDOWS\FONTS\h8514fix.fon 
06 5月 2024 18:04:36,426 DEBUG org.apache.fontbox.util.autodetect.FontFileFinder.walk(FontFileFinder.java:136) checkFontfile check C:\WINDOWS\FONTS\h8514oem.fon 
06 5月 2024 18:04:36,426 DEBUG org.apache.fontbox.util.autodetect.FontFileFinder.walk(FontFileFinder.java:136) checkFontfile check C:\WINDOWS\FONTS\h8514sys.fon 
06 5月 2024 18:04:36,426 DEBUG org.apache.fontbox.util.autodetect.FontFileFinder.walk(FontFileFinder.java:136) checkFontfile check C:\WINDOWS\FONTS\HARLOWSI.TTF 
06 5月 2024 18:04:36,427 DEBUG org.apache.fontbox.util.autodetect.FontFileFinder.walk(FontFileFinder.java:142) checkFontfile found C:\WINDOWS\FONTS\HARLOWSI.TTF 
06 5月 2024 18:04:36,427 DEBUG org.apache.fontbox.util.autodetect.FontFileFinder.walk(FontFileFinder.java:136) checkFontfile check C:\WINDOWS\FONTS\HARNGTON.TTF 
06 5月 2024 18:04:36,427 DEBUG org.apache.fontbox.util.autodetect.FontFileFinder.walk(FontFileFinder.java:142) checkFontfile found C:\WINDOWS\FONTS\HARNGTON.TTF 
06 5月 2024 18:04:36,427 DEBUG org.apache.fontbox.util.autodetect.FontFileFinder.walk(FontFileFinder.java:136) checkFontfile check C:\WINDOWS\FONTS\HATTEN.TTF 
06 5月 2024 18:04:36,427 DEBUG org.apache.fontbox.util.autodetect.FontFileFinder.walk(FontFileFinder.java:142) checkFontfile found C:\WINDOWS\FONTS\HATTEN.TTF 
06 5月 2024 18:04:36,427 DEBUG org.apache.fontbox.util.autodetect.FontFileFinder.walk(FontFileFinder.java:136) checkFontfile check C:\WINDOWS\FONTS\himalaya.ttf 
06 5月 2024 18:04:36,427 DEBUG org.apache.fontbox.util.autodetect.FontFileFinder.walk(FontFileFinder.java:142) checkFontfile found C:\WINDOWS\FONTS\himalaya.ttf 
06 5月 2024 18:04:36,427 DEBUG org.apache.fontbox.util.autodetect.FontFileFinder.walk(FontFileFinder.java:136) checkFontfile check C:\WINDOWS\FONTS\holomdl2.ttf 
06 5月 2024 18:04:36,428 DEBUG org.apache.fontbox.util.autodetect.FontFileFinder.walk(FontFileFinder.java:142) checkFontfile found C:\WINDOWS\FONTS\holomdl2.ttf 
06 5月 2024 18:04:36,428 DEBUG org.apache.fontbox.util.autodetect.FontFileFinder.walk(FontFileFinder.java:136) checkFontfile check C:\WINDOWS\FONTS\HTOWERT.TTF 
06 5月 2024 18:04:36,428 DEBUG org.apache.fontbox.util.autodetect.FontFileFinder.walk(FontFileFinder.java:142) checkFontfile found C:\WINDOWS\FONTS\HTOWERT.TTF 
06 5月 2024 18:04:36,429 DEBUG org.apache.fontbox.util.autodetect.FontFileFinder.walk(FontFileFinder.java:136) checkFontfile check C:\WINDOWS\FONTS\HTOWERTI.TTF 
06 5月 2024 18:04:36,429 DEBUG org.apache.fontbox.util.autodetect.FontFileFinder.walk(FontFileFinder.java:142) checkFontfile found C:\WINDOWS\FONTS\HTOWERTI.TTF 
06 5月 2024 18:04:36,429 DEBUG org.apache.fontbox.util.autodetect.FontFileFinder.walk(FontFileFinder.java:136) checkFontfile check C:\WINDOWS\FONTS\hvgafix.fon 
06 5月 2024 18:04:36,429 DEBUG org.apache.fontbox.util.autodetect.FontFileFinder.walk(FontFileFinder.java:136) checkFontfile check C:\WINDOWS\FONTS\hvgasys.fon 
06 5月 2024 18:04:36,429 DEBUG org.apache.fontbox.util.autodetect.FontFileFinder.walk(FontFileFinder.java:136) checkFontfile check C:\WINDOWS\FONTS\impact.ttf 
06 5月 2024 18:04:36,429 DEBUG org.apache.fontbox.util.autodetect.FontFileFinder.walk(FontFileFinder.java:142) checkFontfile found C:\WINDOWS\FONTS\impact.ttf 
06 5月 2024 18:04:36,430 DEBUG org.apache.fontbox.util.autodetect.FontFileFinder.walk(FontFileFinder.java:136) checkFontfile check C:\WINDOWS\FONTS\IMPRISHA.TTF 
06 5月 2024 18:04:36,430 DEBUG org.apache.fontbox.util.autodetect.FontFileFinder.walk(FontFileFinder.java:142) checkFontfile found C:\WINDOWS\FONTS\IMPRISHA.TTF 
06 5月 2024 18:04:36,430 DEBUG org.apache.fontbox.util.autodetect.FontFileFinder.walk(FontFileFinder.java:136) checkFontfile check C:\WINDOWS\FONTS\INFROMAN.TTF 
06 5月 2024 18:04:36,430 DEBUG org.apache.fontbox.util.autodetect.FontFileFinder.walk(FontFileFinder.java:142) checkFontfile found C:\WINDOWS\FONTS\INFROMAN.TTF 
06 5月 2024 18:04:36,431 DEBUG org.apache.fontbox.util.autodetect.FontFileFinder.walk(FontFileFinder.java:136) checkFontfile check C:\WINDOWS\FONTS\Inkfree.ttf 
06 5月 2024 18:04:36,431 DEBUG org.apache.fontbox.util.autodetect.FontFileFinder.walk(FontFileFinder.java:142) checkFontfile found C:\WINDOWS\FONTS\Inkfree.ttf 
06 5月 2024 18:04:36,431 DEBUG org.apache.fontbox.util.autodetect.FontFileFinder.walk(FontFileFinder.java:136) checkFontfile check C:\WINDOWS\FONTS\ITCBLKAD.TTF 
06 5月 2024 18:04:36,431 DEBUG org.apache.fontbox.util.autodetect.FontFileFinder.walk(FontFileFinder.java:142) checkFontfile found C:\WINDOWS\FONTS\ITCBLKAD.TTF 
06 5月 2024 18:04:36,431 DEBUG org.apache.fontbox.util.autodetect.FontFileFinder.walk(FontFileFinder.java:136) checkFontfile check C:\WINDOWS\FONTS\ITCEDSCR.TTF 
06 5月 2024 18:04:36,431 DEBUG org.apache.fontbox.util.autodetect.FontFileFinder.walk(FontFileFinder.java:142) checkFontfile found C:\WINDOWS\FONTS\ITCEDSCR.TTF 
06 5月 2024 18:04:36,432 DEBUG org.apache.fontbox.util.autodetect.FontFileFinder.walk(FontFileFinder.java:136) checkFontfile check C:\WINDOWS\FONTS\ITCKRIST.TTF 
06 5月 2024 18:04:36,432 DEBUG org.apache.fontbox.util.autodetect.FontFileFinder.walk(FontFileFinder.java:142) checkFontfile found C:\WINDOWS\FONTS\ITCKRIST.TTF 
06 5月 2024 18:04:36,432 DEBUG org.apache.fontbox.util.autodetect.FontFileFinder.walk(FontFileFinder.java:136) checkFontfile check C:\WINDOWS\FONTS\j8514fix.fon 
06 5月 2024 18:04:36,432 DEBUG org.apache.fontbox.util.autodetect.FontFileFinder.walk(FontFileFinder.java:136) checkFontfile check C:\WINDOWS\FONTS\j8514oem.fon 
06 5月 2024 18:04:36,432 DEBUG org.apache.fontbox.util.autodetect.FontFileFinder.walk(FontFileFinder.java:136) checkFontfile check C:\WINDOWS\FONTS\j8514sys.fon 
06 5月 2024 18:04:36,433 DEBUG org.apache.fontbox.util.autodetect.FontFileFinder.walk(FontFileFinder.java:136) checkFontfile check C:\WINDOWS\FONTS\javatext.ttf 
06 5月 2024 18:04:36,433 DEBUG org.apache.fontbox.util.autodetect.FontFileFinder.walk(FontFileFinder.java:142) checkFontfile found C:\WINDOWS\FONTS\javatext.ttf 
06 5月 2024 18:04:36,433 DEBUG org.apache.fontbox.util.autodetect.FontFileFinder.walk(FontFileFinder.java:136) checkFontfile check C:\WINDOWS\FONTS\JOKERMAN.TTF 
06 5月 2024 18:04:36,433 DEBUG org.apache.fontbox.util.autodetect.FontFileFinder.walk(FontFileFinder.java:142) checkFontfile found C:\WINDOWS\FONTS\JOKERMAN.TTF 
06 5月 2024 18:04:36,433 DEBUG org.apache.fontbox.util.autodetect.FontFileFinder.walk(FontFileFinder.java:136) checkFontfile check C:\WINDOWS\FONTS\jsmalle.fon 
06 5月 2024 18:04:36,434 DEBUG org.apache.fontbox.util.autodetect.FontFileFinder.walk(FontFileFinder.java:136) checkFontfile check C:\WINDOWS\FONTS\jsmallf.fon 
06 5月 2024 18:04:36,434 DEBUG org.apache.fontbox.util.autodetect.FontFileFinder.walk(FontFileFinder.java:136) checkFontfile check C:\WINDOWS\FONTS\JUICE___.TTF 
06 5月 2024 18:04:36,434 DEBUG org.apache.fontbox.util.autodetect.FontFileFinder.walk(FontFileFinder.java:142) checkFontfile found C:\WINDOWS\FONTS\JUICE___.TTF 
06 5月 2024 18:04:36,434 DEBUG org.apache.fontbox.util.autodetect.FontFileFinder.walk(FontFileFinder.java:136) checkFontfile check C:\WINDOWS\FONTS\jvgafix.fon 
06 5月 2024 18:04:36,434 DEBUG org.apache.fontbox.util.autodetect.FontFileFinder.walk(FontFileFinder.java:136) checkFontfile check C:\WINDOWS\FONTS\jvgasys.fon 
06 5月 2024 18:04:36,434 DEBUG org.apache.fontbox.util.autodetect.FontFileFinder.walk(FontFileFinder.java:136) checkFontfile check C:\WINDOWS\FONTS\kaiu.ttf 
06 5月 2024 18:04:36,435 DEBUG org.apache.fontbox.util.autodetect.FontFileFinder.walk(FontFileFinder.java:142) checkFontfile found C:\WINDOWS\FONTS\kaiu.ttf 
06 5月 2024 18:04:36,435 DEBUG org.apache.fontbox.util.autodetect.FontFileFinder.walk(FontFileFinder.java:136) checkFontfile check C:\WINDOWS\FONTS\KUNSTLER.TTF 
06 5月 2024 18:04:36,435 DEBUG org.apache.fontbox.util.autodetect.FontFileFinder.walk(FontFileFinder.java:142) checkFontfile found C:\WINDOWS\FONTS\KUNSTLER.TTF 
06 5月 2024 18:04:36,435 DEBUG org.apache.fontbox.util.autodetect.FontFileFinder.walk(FontFileFinder.java:136) checkFontfile check C:\WINDOWS\FONTS\LATINWD.TTF 
06 5月 2024 18:04:36,435 DEBUG org.apache.fontbox.util.autodetect.FontFileFinder.walk(FontFileFinder.java:142) checkFontfile found C:\WINDOWS\FONTS\LATINWD.TTF 
06 5月 2024 18:04:36,436 DEBUG org.apache.fontbox.util.autodetect.FontFileFinder.walk(FontFileFinder.java:136) checkFontfile check C:\WINDOWS\FONTS\LBRITE.TTF 
06 5月 2024 18:04:36,436 DEBUG org.apache.fontbox.util.autodetect.FontFileFinder.walk(FontFileFinder.java:142) checkFontfile found C:\WINDOWS\FONTS\LBRITE.TTF 
06 5月 2024 18:04:36,436 DEBUG org.apache.fontbox.util.autodetect.FontFileFinder.walk(FontFileFinder.java:136) checkFontfile check C:\WINDOWS\FONTS\LBRITED.TTF 
06 5月 2024 18:04:36,436 DEBUG org.apache.fontbox.util.autodetect.FontFileFinder.walk(FontFileFinder.java:142) checkFontfile found C:\WINDOWS\FONTS\LBRITED.TTF 
06 5月 2024 18:04:36,436 DEBUG org.apache.fontbox.util.autodetect.FontFileFinder.walk(FontFileFinder.java:136) checkFontfile check C:\WINDOWS\FONTS\LBRITEDI.TTF 
06 5月 2024 18:04:36,437 DEBUG org.apache.fontbox.util.autodetect.FontFileFinder.walk(FontFileFinder.java:142) checkFontfile found C:\WINDOWS\FONTS\LBRITEDI.TTF 
06 5月 2024 18:04:36,437 DEBUG org.apache.fontbox.util.autodetect.FontFileFinder.walk(FontFileFinder.java:136) checkFontfile check C:\WINDOWS\FONTS\LBRITEI.TTF 
06 5月 2024 18:04:36,437 DEBUG org.apache.fontbox.util.autodetect.FontFileFinder.walk(FontFileFinder.java:142) checkFontfile found C:\WINDOWS\FONTS\LBRITEI.TTF 
06 5月 2024 18:04:36,438 DEBUG org.apache.fontbox.util.autodetect.FontFileFinder.walk(FontFileFinder.java:136) checkFontfile check C:\WINDOWS\FONTS\LCALLIG.TTF 
06 5月 2024 18:04:36,438 DEBUG org.apache.fontbox.util.autodetect.FontFileFinder.walk(FontFileFinder.java:142) checkFontfile found C:\WINDOWS\FONTS\LCALLIG.TTF 
06 5月 2024 18:04:36,438 DEBUG org.apache.fontbox.util.autodetect.FontFileFinder.walk(FontFileFinder.java:136) checkFontfile check C:\WINDOWS\FONTS\LeelaUIb.ttf 
06 5月 2024 18:04:36,439 DEBUG org.apache.fontbox.util.autodetect.FontFileFinder.walk(FontFileFinder.java:142) checkFontfile found C:\WINDOWS\FONTS\LeelaUIb.ttf 
06 5月 2024 18:04:36,439 DEBUG org.apache.fontbox.util.autodetect.FontFileFinder.walk(FontFileFinder.java:136) checkFontfile check C:\WINDOWS\FONTS\LeelawUI.ttf 
06 5月 2024 18:04:36,439 DEBUG org.apache.fontbox.util.autodetect.FontFileFinder.walk(FontFileFinder.java:142) checkFontfile found C:\WINDOWS\FONTS\LeelawUI.ttf 
06 5月 2024 18:04:36,439 DEBUG org.apache.fontbox.util.autodetect.FontFileFinder.walk(FontFileFinder.java:136) checkFontfile check C:\WINDOWS\FONTS\LeelUIsl.ttf 
06 5月 2024 18:04:36,439 DEBUG org.apache.fontbox.util.autodetect.FontFileFinder.walk(FontFileFinder.java:142) checkFontfile found C:\WINDOWS\FONTS\LeelUIsl.ttf 
06 5月 2024 18:04:36,440 DEBUG org.apache.fontbox.util.autodetect.FontFileFinder.walk(FontFileFinder.java:136) checkFontfile check C:\WINDOWS\FONTS\LFAX.TTF 
06 5月 2024 18:04:36,440 DEBUG org.apache.fontbox.util.autodetect.FontFileFinder.walk(FontFileFinder.java:142) checkFontfile found C:\WINDOWS\FONTS\LFAX.TTF 
06 5月 2024 18:04:36,440 DEBUG org.apache.fontbox.util.autodetect.FontFileFinder.walk(FontFileFinder.java:136) checkFontfile check C:\WINDOWS\FONTS\LFAXD.TTF 
06 5月 2024 18:04:36,440 DEBUG org.apache.fontbox.util.autodetect.FontFileFinder.walk(FontFileFinder.java:142) checkFontfile found C:\WINDOWS\FONTS\LFAXD.TTF 
06 5月 2024 18:04:36,440 DEBUG org.apache.fontbox.util.autodetect.FontFileFinder.walk(FontFileFinder.java:136) checkFontfile check C:\WINDOWS\FONTS\LFAXDI.TTF 
06 5月 2024 18:04:36,441 DEBUG org.apache.fontbox.util.autodetect.FontFileFinder.walk(FontFileFinder.java:142) checkFontfile found C:\WINDOWS\FONTS\LFAXDI.TTF 
06 5月 2024 18:04:36,441 DEBUG org.apache.fontbox.util.autodetect.FontFileFinder.walk(FontFileFinder.java:136) checkFontfile check C:\WINDOWS\FONTS\LFAXI.TTF 
06 5月 2024 18:04:36,441 DEBUG org.apache.fontbox.util.autodetect.FontFileFinder.walk(FontFileFinder.java:142) checkFontfile found C:\WINDOWS\FONTS\LFAXI.TTF 
06 5月 2024 18:04:36,441 DEBUG org.apache.fontbox.util.autodetect.FontFileFinder.walk(FontFileFinder.java:136) checkFontfile check C:\WINDOWS\FONTS\LHANDW.TTF 
06 5月 2024 18:04:36,441 DEBUG org.apache.fontbox.util.autodetect.FontFileFinder.walk(FontFileFinder.java:142) checkFontfile found C:\WINDOWS\FONTS\LHANDW.TTF 
06 5月 2024 18:04:36,441 DEBUG org.apache.fontbox.util.autodetect.FontFileFinder.walk(FontFileFinder.java:136) checkFontfile check C:\WINDOWS\FONTS\LSANS.TTF 
06 5月 2024 18:04:36,442 DEBUG org.apache.fontbox.util.autodetect.FontFileFinder.walk(FontFileFinder.java:142) checkFontfile found C:\WINDOWS\FONTS\LSANS.TTF 
06 5月 2024 18:04:36,442 DEBUG org.apache.fontbox.util.autodetect.FontFileFinder.walk(FontFileFinder.java:136) checkFontfile check C:\WINDOWS\FONTS\LSANSD.TTF 
06 5月 2024 18:04:36,442 DEBUG org.apache.fontbox.util.autodetect.FontFileFinder.walk(FontFileFinder.java:142) checkFontfile found C:\WINDOWS\FONTS\LSANSD.TTF 
06 5月 2024 18:04:36,442 DEBUG org.apache.fontbox.util.autodetect.FontFileFinder.walk(FontFileFinder.java:136) checkFontfile check C:\WINDOWS\FONTS\LSANSDI.TTF 
06 5月 2024 18:04:36,442 DEBUG org.apache.fontbox.util.autodetect.FontFileFinder.walk(FontFileFinder.java:142) checkFontfile found C:\WINDOWS\FONTS\LSANSDI.TTF 
06 5月 2024 18:04:36,442 DEBUG org.apache.fontbox.util.autodetect.FontFileFinder.walk(FontFileFinder.java:136) checkFontfile check C:\WINDOWS\FONTS\LSANSI.TTF 
06 5月 2024 18:04:36,443 DEBUG org.apache.fontbox.util.autodetect.FontFileFinder.walk(FontFileFinder.java:142) checkFontfile found C:\WINDOWS\FONTS\LSANSI.TTF 
06 5月 2024 18:04:36,443 DEBUG org.apache.fontbox.util.autodetect.FontFileFinder.walk(FontFileFinder.java:136) checkFontfile check C:\WINDOWS\FONTS\LTYPE.TTF 
06 5月 2024 18:04:36,443 DEBUG org.apache.fontbox.util.autodetect.FontFileFinder.walk(FontFileFinder.java:142) checkFontfile found C:\WINDOWS\FONTS\LTYPE.TTF 
06 5月 2024 18:04:36,443 DEBUG org.apache.fontbox.util.autodetect.FontFileFinder.walk(FontFileFinder.java:136) checkFontfile check C:\WINDOWS\FONTS\LTYPEB.TTF 
06 5月 2024 18:04:36,443 DEBUG org.apache.fontbox.util.autodetect.FontFileFinder.walk(FontFileFinder.java:142) checkFontfile found C:\WINDOWS\FONTS\LTYPEB.TTF 
06 5月 2024 18:04:36,444 DEBUG org.apache.fontbox.util.autodetect.FontFileFinder.walk(FontFileFinder.java:136) checkFontfile check C:\WINDOWS\FONTS\LTYPEBO.TTF 
06 5月 2024 18:04:36,444 DEBUG org.apache.fontbox.util.autodetect.FontFileFinder.walk(FontFileFinder.java:142) checkFontfile found C:\WINDOWS\FONTS\LTYPEBO.TTF 
06 5月 2024 18:04:36,444 DEBUG org.apache.fontbox.util.autodetect.FontFileFinder.walk(FontFileFinder.java:136) checkFontfile check C:\WINDOWS\FONTS\LTYPEO.TTF 
06 5月 2024 18:04:36,444 DEBUG org.apache.fontbox.util.autodetect.FontFileFinder.walk(FontFileFinder.java:142) checkFontfile found C:\WINDOWS\FONTS\LTYPEO.TTF 
06 5月 2024 18:04:36,444 DEBUG org.apache.fontbox.util.autodetect.FontFileFinder.walk(FontFileFinder.java:136) checkFontfile check C:\WINDOWS\FONTS\lucon.ttf 
06 5月 2024 18:04:36,445 DEBUG org.apache.fontbox.util.autodetect.FontFileFinder.walk(FontFileFinder.java:142) checkFontfile found C:\WINDOWS\FONTS\lucon.ttf 
06 5月 2024 18:04:36,445 DEBUG org.apache.fontbox.util.autodetect.FontFileFinder.walk(FontFileFinder.java:136) checkFontfile check C:\WINDOWS\FONTS\l_10646.ttf 
06 5月 2024 18:04:36,445 DEBUG org.apache.fontbox.util.autodetect.FontFileFinder.walk(FontFileFinder.java:142) checkFontfile found C:\WINDOWS\FONTS\l_10646.ttf 
06 5月 2024 18:04:36,445 DEBUG org.apache.fontbox.util.autodetect.FontFileFinder.walk(FontFileFinder.java:136) checkFontfile check C:\WINDOWS\FONTS\MAGNETOB.TTF 
06 5月 2024 18:04:36,445 DEBUG org.apache.fontbox.util.autodetect.FontFileFinder.walk(FontFileFinder.java:142) checkFontfile found C:\WINDOWS\FONTS\MAGNETOB.TTF 
06 5月 2024 18:04:36,446 DEBUG org.apache.fontbox.util.autodetect.FontFileFinder.walk(FontFileFinder.java:136) checkFontfile check C:\WINDOWS\FONTS\MAIAN.TTF 
06 5月 2024 18:04:36,446 DEBUG org.apache.fontbox.util.autodetect.FontFileFinder.walk(FontFileFinder.java:142) checkFontfile found C:\WINDOWS\FONTS\MAIAN.TTF 
06 5月 2024 18:04:36,446 DEBUG org.apache.fontbox.util.autodetect.FontFileFinder.walk(FontFileFinder.java:136) checkFontfile check C:\WINDOWS\FONTS\malgun.ttf 
06 5月 2024 18:04:36,446 DEBUG org.apache.fontbox.util.autodetect.FontFileFinder.walk(FontFileFinder.java:142) checkFontfile found C:\WINDOWS\FONTS\malgun.ttf 
06 5月 2024 18:04:36,446 DEBUG org.apache.fontbox.util.autodetect.FontFileFinder.walk(FontFileFinder.java:136) checkFontfile check C:\WINDOWS\FONTS\malgunbd.ttf 
06 5月 2024 18:04:36,446 DEBUG org.apache.fontbox.util.autodetect.FontFileFinder.walk(FontFileFinder.java:142) checkFontfile found C:\WINDOWS\FONTS\malgunbd.ttf 
06 5月 2024 18:04:36,446 DEBUG org.apache.fontbox.util.autodetect.FontFileFinder.walk(FontFileFinder.java:136) checkFontfile check C:\WINDOWS\FONTS\malgunsl.ttf 
06 5月 2024 18:04:36,447 DEBUG org.apache.fontbox.util.autodetect.FontFileFinder.walk(FontFileFinder.java:142) checkFontfile found C:\WINDOWS\FONTS\malgunsl.ttf 
06 5月 2024 18:04:36,447 DEBUG org.apache.fontbox.util.autodetect.FontFileFinder.walk(FontFileFinder.java:136) checkFontfile check C:\WINDOWS\FONTS\marlett.ttf 
06 5月 2024 18:04:36,447 DEBUG org.apache.fontbox.util.autodetect.FontFileFinder.walk(FontFileFinder.java:142) checkFontfile found C:\WINDOWS\FONTS\marlett.ttf 
06 5月 2024 18:04:36,447 DEBUG org.apache.fontbox.util.autodetect.FontFileFinder.walk(FontFileFinder.java:136) checkFontfile check C:\WINDOWS\FONTS\MATURASC.TTF 
06 5月 2024 18:04:36,447 DEBUG org.apache.fontbox.util.autodetect.FontFileFinder.walk(FontFileFinder.java:142) checkFontfile found C:\WINDOWS\FONTS\MATURASC.TTF 
06 5月 2024 18:04:36,448 DEBUG org.apache.fontbox.util.autodetect.FontFileFinder.walk(FontFileFinder.java:136) checkFontfile check C:\WINDOWS\FONTS\meiryo.ttc 
06 5月 2024 18:04:36,448 DEBUG org.apache.fontbox.util.autodetect.FontFileFinder.walk(FontFileFinder.java:142) checkFontfile found C:\WINDOWS\FONTS\meiryo.ttc 
06 5月 2024 18:04:36,448 DEBUG org.apache.fontbox.util.autodetect.FontFileFinder.walk(FontFileFinder.java:136) checkFontfile check C:\WINDOWS\FONTS\meiryob.ttc 
06 5月 2024 18:04:36,448 DEBUG org.apache.fontbox.util.autodetect.FontFileFinder.walk(FontFileFinder.java:142) checkFontfile found C:\WINDOWS\FONTS\meiryob.ttc 
06 5月 2024 18:04:36,448 DEBUG org.apache.fontbox.util.autodetect.FontFileFinder.walk(FontFileFinder.java:136) checkFontfile check C:\WINDOWS\FONTS\micross.ttf 
06 5月 2024 18:04:36,448 DEBUG org.apache.fontbox.util.autodetect.FontFileFinder.walk(FontFileFinder.java:142) checkFontfile found C:\WINDOWS\FONTS\micross.ttf 
06 5月 2024 18:04:36,448 DEBUG org.apache.fontbox.util.autodetect.FontFileFinder.walk(FontFileFinder.java:136) checkFontfile check C:\WINDOWS\FONTS\mingliu.ttc 
06 5月 2024 18:04:36,448 DEBUG org.apache.fontbox.util.autodetect.FontFileFinder.walk(FontFileFinder.java:142) checkFontfile found C:\WINDOWS\FONTS\mingliu.ttc 
06 5月 2024 18:04:36,449 DEBUG org.apache.fontbox.util.autodetect.FontFileFinder.walk(FontFileFinder.java:136) checkFontfile check C:\WINDOWS\FONTS\mingliub.ttc 
06 5月 2024 18:04:36,449 DEBUG org.apache.fontbox.util.autodetect.FontFileFinder.walk(FontFileFinder.java:142) checkFontfile found C:\WINDOWS\FONTS\mingliub.ttc 
06 5月 2024 18:04:36,449 DEBUG org.apache.fontbox.util.autodetect.FontFileFinder.walk(FontFileFinder.java:136) checkFontfile check C:\WINDOWS\FONTS\MISTRAL.TTF 
06 5月 2024 18:04:36,449 DEBUG org.apache.fontbox.util.autodetect.FontFileFinder.walk(FontFileFinder.java:142) checkFontfile found C:\WINDOWS\FONTS\MISTRAL.TTF 
06 5月 2024 18:04:36,449 DEBUG org.apache.fontbox.util.autodetect.FontFileFinder.walk(FontFileFinder.java:136) checkFontfile check C:\WINDOWS\FONTS\mmrtext.ttf 
06 5月 2024 18:04:36,450 DEBUG org.apache.fontbox.util.autodetect.FontFileFinder.walk(FontFileFinder.java:142) checkFontfile found C:\WINDOWS\FONTS\mmrtext.ttf 
06 5月 2024 18:04:36,450 DEBUG org.apache.fontbox.util.autodetect.FontFileFinder.walk(FontFileFinder.java:136) checkFontfile check C:\WINDOWS\FONTS\mmrtextb.ttf 
06 5月 2024 18:04:36,450 DEBUG org.apache.fontbox.util.autodetect.FontFileFinder.walk(FontFileFinder.java:142) checkFontfile found C:\WINDOWS\FONTS\mmrtextb.ttf 
06 5月 2024 18:04:36,450 DEBUG org.apache.fontbox.util.autodetect.FontFileFinder.walk(FontFileFinder.java:136) checkFontfile check C:\WINDOWS\FONTS\MOD20.TTF 
06 5月 2024 18:04:36,450 DEBUG org.apache.fontbox.util.autodetect.FontFileFinder.walk(FontFileFinder.java:142) checkFontfile found C:\WINDOWS\FONTS\MOD20.TTF 
06 5月 2024 18:04:36,451 DEBUG org.apache.fontbox.util.autodetect.FontFileFinder.walk(FontFileFinder.java:136) checkFontfile check C:\WINDOWS\FONTS\modern.fon 
06 5月 2024 18:04:36,451 DEBUG org.apache.fontbox.util.autodetect.FontFileFinder.walk(FontFileFinder.java:136) checkFontfile check C:\WINDOWS\FONTS\monbaiti.ttf 
06 5月 2024 18:04:36,451 DEBUG org.apache.fontbox.util.autodetect.FontFileFinder.walk(FontFileFinder.java:142) checkFontfile found C:\WINDOWS\FONTS\monbaiti.ttf 
06 5月 2024 18:04:36,451 DEBUG org.apache.fontbox.util.autodetect.FontFileFinder.walk(FontFileFinder.java:136) checkFontfile check C:\WINDOWS\FONTS\msgothic.ttc 
06 5月 2024 18:04:36,452 DEBUG org.apache.fontbox.util.autodetect.FontFileFinder.walk(FontFileFinder.java:142) checkFontfile found C:\WINDOWS\FONTS\msgothic.ttc 
06 5月 2024 18:04:36,452 DEBUG org.apache.fontbox.util.autodetect.FontFileFinder.walk(FontFileFinder.java:136) checkFontfile check C:\WINDOWS\FONTS\msjh.ttc 
06 5月 2024 18:04:36,452 DEBUG org.apache.fontbox.util.autodetect.FontFileFinder.walk(FontFileFinder.java:142) checkFontfile found C:\WINDOWS\FONTS\msjh.ttc 
06 5月 2024 18:04:36,452 DEBUG org.apache.fontbox.util.autodetect.FontFileFinder.walk(FontFileFinder.java:136) checkFontfile check C:\WINDOWS\FONTS\msjhbd.ttc 
06 5月 2024 18:04:36,453 DEBUG org.apache.fontbox.util.autodetect.FontFileFinder.walk(FontFileFinder.java:142) checkFontfile found C:\WINDOWS\FONTS\msjhbd.ttc 
06 5月 2024 18:04:36,453 DEBUG org.apache.fontbox.util.autodetect.FontFileFinder.walk(FontFileFinder.java:136) checkFontfile check C:\WINDOWS\FONTS\msjhl.ttc 
06 5月 2024 18:04:36,453 DEBUG org.apache.fontbox.util.autodetect.FontFileFinder.walk(FontFileFinder.java:142) checkFontfile found C:\WINDOWS\FONTS\msjhl.ttc 
06 5月 2024 18:04:36,453 DEBUG org.apache.fontbox.util.autodetect.FontFileFinder.walk(FontFileFinder.java:136) checkFontfile check C:\WINDOWS\FONTS\msmincho.ttc 
06 5月 2024 18:04:36,454 DEBUG org.apache.fontbox.util.autodetect.FontFileFinder.walk(FontFileFinder.java:142) checkFontfile found C:\WINDOWS\FONTS\msmincho.ttc 
06 5月 2024 18:04:36,454 DEBUG org.apache.fontbox.util.autodetect.FontFileFinder.walk(FontFileFinder.java:136) checkFontfile check C:\WINDOWS\FONTS\mstmc.ttf 
06 5月 2024 18:04:36,455 DEBUG org.apache.fontbox.util.autodetect.FontFileFinder.walk(FontFileFinder.java:142) checkFontfile found C:\WINDOWS\FONTS\mstmc.ttf 
06 5月 2024 18:04:36,456 DEBUG org.apache.fontbox.util.autodetect.FontFileFinder.walk(FontFileFinder.java:136) checkFontfile check C:\WINDOWS\FONTS\msyh.ttc 
06 5月 2024 18:04:36,456 DEBUG org.apache.fontbox.util.autodetect.FontFileFinder.walk(FontFileFinder.java:142) checkFontfile found C:\WINDOWS\FONTS\msyh.ttc 
06 5月 2024 18:04:36,456 DEBUG org.apache.fontbox.util.autodetect.FontFileFinder.walk(FontFileFinder.java:136) checkFontfile check C:\WINDOWS\FONTS\msyhbd.ttc 
06 5月 2024 18:04:36,456 DEBUG org.apache.fontbox.util.autodetect.FontFileFinder.walk(FontFileFinder.java:142) checkFontfile found C:\WINDOWS\FONTS\msyhbd.ttc 
06 5月 2024 18:04:36,457 DEBUG org.apache.fontbox.util.autodetect.FontFileFinder.walk(FontFileFinder.java:136) checkFontfile check C:\WINDOWS\FONTS\msyhl.ttc 
06 5月 2024 18:04:36,457 DEBUG org.apache.fontbox.util.autodetect.FontFileFinder.walk(FontFileFinder.java:142) checkFontfile found C:\WINDOWS\FONTS\msyhl.ttc 
06 5月 2024 18:04:36,457 DEBUG org.apache.fontbox.util.autodetect.FontFileFinder.walk(FontFileFinder.java:136) checkFontfile check C:\WINDOWS\FONTS\msyi.ttf 
06 5月 2024 18:04:36,457 DEBUG org.apache.fontbox.util.autodetect.FontFileFinder.walk(FontFileFinder.java:142) checkFontfile found C:\WINDOWS\FONTS\msyi.ttf 
06 5月 2024 18:04:36,457 DEBUG org.apache.fontbox.util.autodetect.FontFileFinder.walk(FontFileFinder.java:136) checkFontfile check C:\WINDOWS\FONTS\MTCORSVA.TTF 
06 5月 2024 18:04:36,457 DEBUG org.apache.fontbox.util.autodetect.FontFileFinder.walk(FontFileFinder.java:142) checkFontfile found C:\WINDOWS\FONTS\MTCORSVA.TTF 
06 5月 2024 18:04:36,457 DEBUG org.apache.fontbox.util.autodetect.FontFileFinder.walk(FontFileFinder.java:136) checkFontfile check C:\WINDOWS\FONTS\MTExtra.ttf 
06 5月 2024 18:04:36,458 DEBUG org.apache.fontbox.util.autodetect.FontFileFinder.walk(FontFileFinder.java:142) checkFontfile found C:\WINDOWS\FONTS\MTExtra.ttf 
06 5月 2024 18:04:36,458 DEBUG org.apache.fontbox.util.autodetect.FontFileFinder.walk(FontFileFinder.java:136) checkFontfile check C:\WINDOWS\FONTS\mvboli.ttf 
06 5月 2024 18:04:36,458 DEBUG org.apache.fontbox.util.autodetect.FontFileFinder.walk(FontFileFinder.java:142) checkFontfile found C:\WINDOWS\FONTS\mvboli.ttf 
06 5月 2024 18:04:36,458 DEBUG org.apache.fontbox.util.autodetect.FontFileFinder.walk(FontFileFinder.java:136) checkFontfile check C:\WINDOWS\FONTS\NIAGENG.TTF 
06 5月 2024 18:04:36,458 DEBUG org.apache.fontbox.util.autodetect.FontFileFinder.walk(FontFileFinder.java:142) checkFontfile found C:\WINDOWS\FONTS\NIAGENG.TTF 
06 5月 2024 18:04:36,458 DEBUG org.apache.fontbox.util.autodetect.FontFileFinder.walk(FontFileFinder.java:136) checkFontfile check C:\WINDOWS\FONTS\NIAGSOL.TTF 
06 5月 2024 18:04:36,458 DEBUG org.apache.fontbox.util.autodetect.FontFileFinder.walk(FontFileFinder.java:142) checkFontfile found C:\WINDOWS\FONTS\NIAGSOL.TTF 
06 5月 2024 18:04:36,459 DEBUG org.apache.fontbox.util.autodetect.FontFileFinder.walk(FontFileFinder.java:136) checkFontfile check C:\WINDOWS\FONTS\Nirmala.ttf 
06 5月 2024 18:04:36,459 DEBUG org.apache.fontbox.util.autodetect.FontFileFinder.walk(FontFileFinder.java:142) checkFontfile found C:\WINDOWS\FONTS\Nirmala.ttf 
06 5月 2024 18:04:36,459 DEBUG org.apache.fontbox.util.autodetect.FontFileFinder.walk(FontFileFinder.java:136) checkFontfile check C:\WINDOWS\FONTS\NirmalaB.ttf 
06 5月 2024 18:04:36,459 DEBUG org.apache.fontbox.util.autodetect.FontFileFinder.walk(FontFileFinder.java:142) checkFontfile found C:\WINDOWS\FONTS\NirmalaB.ttf 
06 5月 2024 18:04:36,459 DEBUG org.apache.fontbox.util.autodetect.FontFileFinder.walk(FontFileFinder.java:136) checkFontfile check C:\WINDOWS\FONTS\NirmalaS.ttf 
06 5月 2024 18:04:36,459 DEBUG org.apache.fontbox.util.autodetect.FontFileFinder.walk(FontFileFinder.java:142) checkFontfile found C:\WINDOWS\FONTS\NirmalaS.ttf 
06 5月 2024 18:04:36,459 DEBUG org.apache.fontbox.util.autodetect.FontFileFinder.walk(FontFileFinder.java:136) checkFontfile check C:\WINDOWS\FONTS\Noto Sans SC (TrueType).otf 
06 5月 2024 18:04:36,460 DEBUG org.apache.fontbox.util.autodetect.FontFileFinder.walk(FontFileFinder.java:142) checkFontfile found C:\WINDOWS\FONTS\Noto Sans SC (TrueType).otf 
06 5月 2024 18:04:36,460 DEBUG org.apache.fontbox.util.autodetect.FontFileFinder.walk(FontFileFinder.java:136) checkFontfile check C:\WINDOWS\FONTS\Noto Sans SC Bold (TrueType).otf 
06 5月 2024 18:04:36,460 DEBUG org.apache.fontbox.util.autodetect.FontFileFinder.walk(FontFileFinder.java:142) checkFontfile found C:\WINDOWS\FONTS\Noto Sans SC Bold (TrueType).otf 
06 5月 2024 18:04:36,460 DEBUG org.apache.fontbox.util.autodetect.FontFileFinder.walk(FontFileFinder.java:136) checkFontfile check C:\WINDOWS\FONTS\Noto Sans SC Medium (TrueType).otf 
06 5月 2024 18:04:36,460 DEBUG org.apache.fontbox.util.autodetect.FontFileFinder.walk(FontFileFinder.java:142) checkFontfile found C:\WINDOWS\FONTS\Noto Sans SC Medium (TrueType).otf 
06 5月 2024 18:04:36,460 DEBUG org.apache.fontbox.util.autodetect.FontFileFinder.walk(FontFileFinder.java:136) checkFontfile check C:\WINDOWS\FONTS\ntailu.ttf 
06 5月 2024 18:04:36,460 DEBUG org.apache.fontbox.util.autodetect.FontFileFinder.walk(FontFileFinder.java:142) checkFontfile found C:\WINDOWS\FONTS\ntailu.ttf 
06 5月 2024 18:04:36,461 DEBUG org.apache.fontbox.util.autodetect.FontFileFinder.walk(FontFileFinder.java:136) checkFontfile check C:\WINDOWS\FONTS\ntailub.ttf 
06 5月 2024 18:04:36,461 DEBUG org.apache.fontbox.util.autodetect.FontFileFinder.walk(FontFileFinder.java:142) checkFontfile found C:\WINDOWS\FONTS\ntailub.ttf 
06 5月 2024 18:04:36,461 DEBUG org.apache.fontbox.util.autodetect.FontFileFinder.walk(FontFileFinder.java:136) checkFontfile check C:\WINDOWS\FONTS\OCRAEXT.TTF 
06 5月 2024 18:04:36,461 DEBUG org.apache.fontbox.util.autodetect.FontFileFinder.walk(FontFileFinder.java:142) checkFontfile found C:\WINDOWS\FONTS\OCRAEXT.TTF 
06 5月 2024 18:04:36,461 DEBUG org.apache.fontbox.util.autodetect.FontFileFinder.walk(FontFileFinder.java:136) checkFontfile check C:\WINDOWS\FONTS\OLDENGL.TTF 
06 5月 2024 18:04:36,461 DEBUG org.apache.fontbox.util.autodetect.FontFileFinder.walk(FontFileFinder.java:142) checkFontfile found C:\WINDOWS\FONTS\OLDENGL.TTF 
06 5月 2024 18:04:36,461 DEBUG org.apache.fontbox.util.autodetect.FontFileFinder.walk(FontFileFinder.java:136) checkFontfile check C:\WINDOWS\FONTS\ONYX.TTF 
06 5月 2024 18:04:36,461 DEBUG org.apache.fontbox.util.autodetect.FontFileFinder.walk(FontFileFinder.java:142) checkFontfile found C:\WINDOWS\FONTS\ONYX.TTF 
06 5月 2024 18:04:36,462 DEBUG org.apache.fontbox.util.autodetect.FontFileFinder.walk(FontFileFinder.java:136) checkFontfile check C:\WINDOWS\FONTS\Origin.ttf 
06 5月 2024 18:04:36,462 DEBUG org.apache.fontbox.util.autodetect.FontFileFinder.walk(FontFileFinder.java:142) checkFontfile found C:\WINDOWS\FONTS\Origin.ttf 
06 5月 2024 18:04:36,462 DEBUG org.apache.fontbox.util.autodetect.FontFileFinder.walk(FontFileFinder.java:136) checkFontfile check C:\WINDOWS\FONTS\OUTLOOK.TTF 
06 5月 2024 18:04:36,462 DEBUG org.apache.fontbox.util.autodetect.FontFileFinder.walk(FontFileFinder.java:142) checkFontfile found C:\WINDOWS\FONTS\OUTLOOK.TTF 
06 5月 2024 18:04:36,462 DEBUG org.apache.fontbox.util.autodetect.FontFileFinder.walk(FontFileFinder.java:136) checkFontfile check C:\WINDOWS\FONTS\pala.ttf 
06 5月 2024 18:04:36,462 DEBUG org.apache.fontbox.util.autodetect.FontFileFinder.walk(FontFileFinder.java:142) checkFontfile found C:\WINDOWS\FONTS\pala.ttf 
06 5月 2024 18:04:36,463 DEBUG org.apache.fontbox.util.autodetect.FontFileFinder.walk(FontFileFinder.java:136) checkFontfile check C:\WINDOWS\FONTS\palab.ttf 
06 5月 2024 18:04:36,463 DEBUG org.apache.fontbox.util.autodetect.FontFileFinder.walk(FontFileFinder.java:142) checkFontfile found C:\WINDOWS\FONTS\palab.ttf 
06 5月 2024 18:04:36,463 DEBUG org.apache.fontbox.util.autodetect.FontFileFinder.walk(FontFileFinder.java:136) checkFontfile check C:\WINDOWS\FONTS\palabi.ttf 
06 5月 2024 18:04:36,463 DEBUG org.apache.fontbox.util.autodetect.FontFileFinder.walk(FontFileFinder.java:142) checkFontfile found C:\WINDOWS\FONTS\palabi.ttf 
06 5月 2024 18:04:36,463 DEBUG org.apache.fontbox.util.autodetect.FontFileFinder.walk(FontFileFinder.java:136) checkFontfile check C:\WINDOWS\FONTS\palai.ttf 
06 5月 2024 18:04:36,463 DEBUG org.apache.fontbox.util.autodetect.FontFileFinder.walk(FontFileFinder.java:142) checkFontfile found C:\WINDOWS\FONTS\palai.ttf 
06 5月 2024 18:04:36,463 DEBUG org.apache.fontbox.util.autodetect.FontFileFinder.walk(FontFileFinder.java:136) checkFontfile check C:\WINDOWS\FONTS\PALSCRI.TTF 
06 5月 2024 18:04:36,463 DEBUG org.apache.fontbox.util.autodetect.FontFileFinder.walk(FontFileFinder.java:142) checkFontfile found C:\WINDOWS\FONTS\PALSCRI.TTF 
06 5月 2024 18:04:36,463 DEBUG org.apache.fontbox.util.autodetect.FontFileFinder.walk(FontFileFinder.java:136) checkFontfile check C:\WINDOWS\FONTS\PAPYRUS.TTF 
06 5月 2024 18:04:36,463 DEBUG org.apache.fontbox.util.autodetect.FontFileFinder.walk(FontFileFinder.java:142) checkFontfile found C:\WINDOWS\FONTS\PAPYRUS.TTF 
06 5月 2024 18:04:36,464 DEBUG org.apache.fontbox.util.autodetect.FontFileFinder.walk(FontFileFinder.java:136) checkFontfile check C:\WINDOWS\FONTS\PARCHM.TTF 
06 5月 2024 18:04:36,464 DEBUG org.apache.fontbox.util.autodetect.FontFileFinder.walk(FontFileFinder.java:142) checkFontfile found C:\WINDOWS\FONTS\PARCHM.TTF 
06 5月 2024 18:04:36,464 DEBUG org.apache.fontbox.util.autodetect.FontFileFinder.walk(FontFileFinder.java:136) checkFontfile check C:\WINDOWS\FONTS\PERBI___.TTF 
06 5月 2024 18:04:36,464 DEBUG org.apache.fontbox.util.autodetect.FontFileFinder.walk(FontFileFinder.java:142) checkFontfile found C:\WINDOWS\FONTS\PERBI___.TTF 
06 5月 2024 18:04:36,464 DEBUG org.apache.fontbox.util.autodetect.FontFileFinder.walk(FontFileFinder.java:136) checkFontfile check C:\WINDOWS\FONTS\PERB____.TTF 
06 5月 2024 18:04:36,464 DEBUG org.apache.fontbox.util.autodetect.FontFileFinder.walk(FontFileFinder.java:142) checkFontfile found C:\WINDOWS\FONTS\PERB____.TTF 
06 5月 2024 18:04:36,464 DEBUG org.apache.fontbox.util.autodetect.FontFileFinder.walk(FontFileFinder.java:136) checkFontfile check C:\WINDOWS\FONTS\PERI____.TTF 
06 5月 2024 18:04:36,464 DEBUG org.apache.fontbox.util.autodetect.FontFileFinder.walk(FontFileFinder.java:142) checkFontfile found C:\WINDOWS\FONTS\PERI____.TTF 
06 5月 2024 18:04:36,465 DEBUG org.apache.fontbox.util.autodetect.FontFileFinder.walk(FontFileFinder.java:136) checkFontfile check C:\WINDOWS\FONTS\PERTIBD.TTF 
06 5月 2024 18:04:36,465 DEBUG org.apache.fontbox.util.autodetect.FontFileFinder.walk(FontFileFinder.java:142) checkFontfile found C:\WINDOWS\FONTS\PERTIBD.TTF 
06 5月 2024 18:04:36,465 DEBUG org.apache.fontbox.util.autodetect.FontFileFinder.walk(FontFileFinder.java:136) checkFontfile check C:\WINDOWS\FONTS\PERTILI.TTF 
06 5月 2024 18:04:36,465 DEBUG org.apache.fontbox.util.autodetect.FontFileFinder.walk(FontFileFinder.java:142) checkFontfile found C:\WINDOWS\FONTS\PERTILI.TTF 
06 5月 2024 18:04:36,465 DEBUG org.apache.fontbox.util.autodetect.FontFileFinder.walk(FontFileFinder.java:136) checkFontfile check C:\WINDOWS\FONTS\PER_____.TTF 
06 5月 2024 18:04:36,465 DEBUG org.apache.fontbox.util.autodetect.FontFileFinder.walk(FontFileFinder.java:142) checkFontfile found C:\WINDOWS\FONTS\PER_____.TTF 
06 5月 2024 18:04:36,465 DEBUG org.apache.fontbox.util.autodetect.FontFileFinder.walk(FontFileFinder.java:136) checkFontfile check C:\WINDOWS\FONTS\phagspa.ttf 
06 5月 2024 18:04:36,465 DEBUG org.apache.fontbox.util.autodetect.FontFileFinder.walk(FontFileFinder.java:142) checkFontfile found C:\WINDOWS\FONTS\phagspa.ttf 
06 5月 2024 18:04:36,466 DEBUG org.apache.fontbox.util.autodetect.FontFileFinder.walk(FontFileFinder.java:136) checkFontfile check C:\WINDOWS\FONTS\phagspab.ttf 
06 5月 2024 18:04:36,466 DEBUG org.apache.fontbox.util.autodetect.FontFileFinder.walk(FontFileFinder.java:142) checkFontfile found C:\WINDOWS\FONTS\phagspab.ttf 
06 5月 2024 18:04:36,466 DEBUG org.apache.fontbox.util.autodetect.FontFileFinder.walk(FontFileFinder.java:136) checkFontfile check C:\WINDOWS\FONTS\PLAYBILL.TTF 
06 5月 2024 18:04:36,466 DEBUG org.apache.fontbox.util.autodetect.FontFileFinder.walk(FontFileFinder.java:142) checkFontfile found C:\WINDOWS\FONTS\PLAYBILL.TTF 
06 5月 2024 18:04:36,466 DEBUG org.apache.fontbox.util.autodetect.FontFileFinder.walk(FontFileFinder.java:136) checkFontfile check C:\WINDOWS\FONTS\POORICH.TTF 
06 5月 2024 18:04:36,466 DEBUG org.apache.fontbox.util.autodetect.FontFileFinder.walk(FontFileFinder.java:142) checkFontfile found C:\WINDOWS\FONTS\POORICH.TTF 
06 5月 2024 18:04:36,466 DEBUG org.apache.fontbox.util.autodetect.FontFileFinder.walk(FontFileFinder.java:136) checkFontfile check C:\WINDOWS\FONTS\PRISTINA.TTF 
06 5月 2024 18:04:36,466 DEBUG org.apache.fontbox.util.autodetect.FontFileFinder.walk(FontFileFinder.java:142) checkFontfile found C:\WINDOWS\FONTS\PRISTINA.TTF 
06 5月 2024 18:04:36,466 DEBUG org.apache.fontbox.util.autodetect.FontFileFinder.walk(FontFileFinder.java:136) checkFontfile check C:\WINDOWS\FONTS\RAGE.TTF 
06 5月 2024 18:04:36,467 DEBUG org.apache.fontbox.util.autodetect.FontFileFinder.walk(FontFileFinder.java:142) checkFontfile found C:\WINDOWS\FONTS\RAGE.TTF 
06 5月 2024 18:04:36,467 DEBUG org.apache.fontbox.util.autodetect.FontFileFinder.walk(FontFileFinder.java:136) checkFontfile check C:\WINDOWS\FONTS\RAVIE.TTF 
06 5月 2024 18:04:36,467 DEBUG org.apache.fontbox.util.autodetect.FontFileFinder.walk(FontFileFinder.java:142) checkFontfile found C:\WINDOWS\FONTS\RAVIE.TTF 
06 5月 2024 18:04:36,467 DEBUG org.apache.fontbox.util.autodetect.FontFileFinder.walk(FontFileFinder.java:136) checkFontfile check C:\WINDOWS\FONTS\REFSAN.TTF 
06 5月 2024 18:04:36,467 DEBUG org.apache.fontbox.util.autodetect.FontFileFinder.walk(FontFileFinder.java:142) checkFontfile found C:\WINDOWS\FONTS\REFSAN.TTF 
06 5月 2024 18:04:36,467 DEBUG org.apache.fontbox.util.autodetect.FontFileFinder.walk(FontFileFinder.java:136) checkFontfile check C:\WINDOWS\FONTS\REFSPCL.TTF 
06 5月 2024 18:04:36,467 DEBUG org.apache.fontbox.util.autodetect.FontFileFinder.walk(FontFileFinder.java:142) checkFontfile found C:\WINDOWS\FONTS\REFSPCL.TTF 
06 5月 2024 18:04:36,467 DEBUG org.apache.fontbox.util.autodetect.FontFileFinder.walk(FontFileFinder.java:136) checkFontfile check C:\WINDOWS\FONTS\ROCCB___.TTF 
06 5月 2024 18:04:36,467 DEBUG org.apache.fontbox.util.autodetect.FontFileFinder.walk(FontFileFinder.java:142) checkFontfile found C:\WINDOWS\FONTS\ROCCB___.TTF 
06 5月 2024 18:04:36,468 DEBUG org.apache.fontbox.util.autodetect.FontFileFinder.walk(FontFileFinder.java:136) checkFontfile check C:\WINDOWS\FONTS\ROCC____.TTF 
06 5月 2024 18:04:36,468 DEBUG org.apache.fontbox.util.autodetect.FontFileFinder.walk(FontFileFinder.java:142) checkFontfile found C:\WINDOWS\FONTS\ROCC____.TTF 
06 5月 2024 18:04:36,468 DEBUG org.apache.fontbox.util.autodetect.FontFileFinder.walk(FontFileFinder.java:136) checkFontfile check C:\WINDOWS\FONTS\ROCK.TTF 
06 5月 2024 18:04:36,468 DEBUG org.apache.fontbox.util.autodetect.FontFileFinder.walk(FontFileFinder.java:142) checkFontfile found C:\WINDOWS\FONTS\ROCK.TTF 
06 5月 2024 18:04:36,468 DEBUG org.apache.fontbox.util.autodetect.FontFileFinder.walk(FontFileFinder.java:136) checkFontfile check C:\WINDOWS\FONTS\ROCKB.TTF 
06 5月 2024 18:04:36,468 DEBUG org.apache.fontbox.util.autodetect.FontFileFinder.walk(FontFileFinder.java:142) checkFontfile found C:\WINDOWS\FONTS\ROCKB.TTF 
06 5月 2024 18:04:36,468 DEBUG org.apache.fontbox.util.autodetect.FontFileFinder.walk(FontFileFinder.java:136) checkFontfile check C:\WINDOWS\FONTS\ROCKBI.TTF 
06 5月 2024 18:04:36,468 DEBUG org.apache.fontbox.util.autodetect.FontFileFinder.walk(FontFileFinder.java:142) checkFontfile found C:\WINDOWS\FONTS\ROCKBI.TTF 
06 5月 2024 18:04:36,469 DEBUG org.apache.fontbox.util.autodetect.FontFileFinder.walk(FontFileFinder.java:136) checkFontfile check C:\WINDOWS\FONTS\ROCKEB.TTF 
06 5月 2024 18:04:36,469 DEBUG org.apache.fontbox.util.autodetect.FontFileFinder.walk(FontFileFinder.java:142) checkFontfile found C:\WINDOWS\FONTS\ROCKEB.TTF 
06 5月 2024 18:04:36,469 DEBUG org.apache.fontbox.util.autodetect.FontFileFinder.walk(FontFileFinder.java:136) checkFontfile check C:\WINDOWS\FONTS\ROCKI.TTF 
06 5月 2024 18:04:36,469 DEBUG org.apache.fontbox.util.autodetect.FontFileFinder.walk(FontFileFinder.java:142) checkFontfile found C:\WINDOWS\FONTS\ROCKI.TTF 
06 5月 2024 18:04:36,469 DEBUG org.apache.fontbox.util.autodetect.FontFileFinder.walk(FontFileFinder.java:136) checkFontfile check C:\WINDOWS\FONTS\roman.fon 
06 5月 2024 18:04:36,469 DEBUG org.apache.fontbox.util.autodetect.FontFileFinder.walk(FontFileFinder.java:136) checkFontfile check C:\WINDOWS\FONTS\s8514fix.fon 
06 5月 2024 18:04:36,469 DEBUG org.apache.fontbox.util.autodetect.FontFileFinder.walk(FontFileFinder.java:136) checkFontfile check C:\WINDOWS\FONTS\s8514oem.fon 
06 5月 2024 18:04:36,470 DEBUG org.apache.fontbox.util.autodetect.FontFileFinder.walk(FontFileFinder.java:136) checkFontfile check C:\WINDOWS\FONTS\s8514sys.fon 
06 5月 2024 18:04:36,470 DEBUG org.apache.fontbox.util.autodetect.FontFileFinder.walk(FontFileFinder.java:136) checkFontfile check C:\WINDOWS\FONTS\SCHLBKB.TTF 
06 5月 2024 18:04:36,470 DEBUG org.apache.fontbox.util.autodetect.FontFileFinder.walk(FontFileFinder.java:142) checkFontfile found C:\WINDOWS\FONTS\SCHLBKB.TTF 
06 5月 2024 18:04:36,470 DEBUG org.apache.fontbox.util.autodetect.FontFileFinder.walk(FontFileFinder.java:136) checkFontfile check C:\WINDOWS\FONTS\SCHLBKBI.TTF 
06 5月 2024 18:04:36,470 DEBUG org.apache.fontbox.util.autodetect.FontFileFinder.walk(FontFileFinder.java:142) checkFontfile found C:\WINDOWS\FONTS\SCHLBKBI.TTF 
06 5月 2024 18:04:36,470 DEBUG org.apache.fontbox.util.autodetect.FontFileFinder.walk(FontFileFinder.java:136) checkFontfile check C:\WINDOWS\FONTS\SCHLBKI.TTF 
06 5月 2024 18:04:36,470 DEBUG org.apache.fontbox.util.autodetect.FontFileFinder.walk(FontFileFinder.java:142) checkFontfile found C:\WINDOWS\FONTS\SCHLBKI.TTF 
06 5月 2024 18:04:36,471 DEBUG org.apache.fontbox.util.autodetect.FontFileFinder.walk(FontFileFinder.java:136) checkFontfile check C:\WINDOWS\FONTS\script.fon 
06 5月 2024 18:04:36,471 DEBUG org.apache.fontbox.util.autodetect.FontFileFinder.walk(FontFileFinder.java:136) checkFontfile check C:\WINDOWS\FONTS\SCRIPTBL.TTF 
06 5月 2024 18:04:36,471 DEBUG org.apache.fontbox.util.autodetect.FontFileFinder.walk(FontFileFinder.java:142) checkFontfile found C:\WINDOWS\FONTS\SCRIPTBL.TTF 
06 5月 2024 18:04:36,471 DEBUG org.apache.fontbox.util.autodetect.FontFileFinder.walk(FontFileFinder.java:136) checkFontfile check C:\WINDOWS\FONTS\segmdl2.ttf 
06 5月 2024 18:04:36,471 DEBUG org.apache.fontbox.util.autodetect.FontFileFinder.walk(FontFileFinder.java:142) checkFontfile found C:\WINDOWS\FONTS\segmdl2.ttf 
06 5月 2024 18:04:36,472 DEBUG org.apache.fontbox.util.autodetect.FontFileFinder.walk(FontFileFinder.java:136) checkFontfile check C:\WINDOWS\FONTS\segoepr.ttf 
06 5月 2024 18:04:36,472 DEBUG org.apache.fontbox.util.autodetect.FontFileFinder.walk(FontFileFinder.java:142) checkFontfile found C:\WINDOWS\FONTS\segoepr.ttf 
06 5月 2024 18:04:36,472 DEBUG org.apache.fontbox.util.autodetect.FontFileFinder.walk(FontFileFinder.java:136) checkFontfile check C:\WINDOWS\FONTS\segoeprb.ttf 
06 5月 2024 18:04:36,472 DEBUG org.apache.fontbox.util.autodetect.FontFileFinder.walk(FontFileFinder.java:142) checkFontfile found C:\WINDOWS\FONTS\segoeprb.ttf 
06 5月 2024 18:04:36,472 DEBUG org.apache.fontbox.util.autodetect.FontFileFinder.walk(FontFileFinder.java:136) checkFontfile check C:\WINDOWS\FONTS\segoesc.ttf 
06 5月 2024 18:04:36,472 DEBUG org.apache.fontbox.util.autodetect.FontFileFinder.walk(FontFileFinder.java:142) checkFontfile found C:\WINDOWS\FONTS\segoesc.ttf 
06 5月 2024 18:04:36,472 DEBUG org.apache.fontbox.util.autodetect.FontFileFinder.walk(FontFileFinder.java:136) checkFontfile check C:\WINDOWS\FONTS\segoescb.ttf 
06 5月 2024 18:04:36,473 DEBUG org.apache.fontbox.util.autodetect.FontFileFinder.walk(FontFileFinder.java:142) checkFontfile found C:\WINDOWS\FONTS\segoescb.ttf 
06 5月 2024 18:04:36,473 DEBUG org.apache.fontbox.util.autodetect.FontFileFinder.walk(FontFileFinder.java:136) checkFontfile check C:\WINDOWS\FONTS\segoeui.ttf 
06 5月 2024 18:04:36,473 DEBUG org.apache.fontbox.util.autodetect.FontFileFinder.walk(FontFileFinder.java:142) checkFontfile found C:\WINDOWS\FONTS\segoeui.ttf 
06 5月 2024 18:04:36,473 DEBUG org.apache.fontbox.util.autodetect.FontFileFinder.walk(FontFileFinder.java:136) checkFontfile check C:\WINDOWS\FONTS\segoeuib.ttf 
06 5月 2024 18:04:36,473 DEBUG org.apache.fontbox.util.autodetect.FontFileFinder.walk(FontFileFinder.java:142) checkFontfile found C:\WINDOWS\FONTS\segoeuib.ttf 
06 5月 2024 18:04:36,473 DEBUG org.apache.fontbox.util.autodetect.FontFileFinder.walk(FontFileFinder.java:136) checkFontfile check C:\WINDOWS\FONTS\segoeuii.ttf 
06 5月 2024 18:04:36,473 DEBUG org.apache.fontbox.util.autodetect.FontFileFinder.walk(FontFileFinder.java:142) checkFontfile found C:\WINDOWS\FONTS\segoeuii.ttf 
06 5月 2024 18:04:36,474 DEBUG org.apache.fontbox.util.autodetect.FontFileFinder.walk(FontFileFinder.java:136) checkFontfile check C:\WINDOWS\FONTS\segoeuil.ttf 
06 5月 2024 18:04:36,474 DEBUG org.apache.fontbox.util.autodetect.FontFileFinder.walk(FontFileFinder.java:142) checkFontfile found C:\WINDOWS\FONTS\segoeuil.ttf 
06 5月 2024 18:04:36,474 DEBUG org.apache.fontbox.util.autodetect.FontFileFinder.walk(FontFileFinder.java:136) checkFontfile check C:\WINDOWS\FONTS\segoeuisl.ttf 
06 5月 2024 18:04:36,474 DEBUG org.apache.fontbox.util.autodetect.FontFileFinder.walk(FontFileFinder.java:142) checkFontfile found C:\WINDOWS\FONTS\segoeuisl.ttf 
06 5月 2024 18:04:36,474 DEBUG org.apache.fontbox.util.autodetect.FontFileFinder.walk(FontFileFinder.java:136) checkFontfile check C:\WINDOWS\FONTS\segoeuiz.ttf 
06 5月 2024 18:04:36,474 DEBUG org.apache.fontbox.util.autodetect.FontFileFinder.walk(FontFileFinder.java:142) checkFontfile found C:\WINDOWS\FONTS\segoeuiz.ttf 
06 5月 2024 18:04:36,475 DEBUG org.apache.fontbox.util.autodetect.FontFileFinder.walk(FontFileFinder.java:136) checkFontfile check C:\WINDOWS\FONTS\seguibl.ttf 
06 5月 2024 18:04:36,475 DEBUG org.apache.fontbox.util.autodetect.FontFileFinder.walk(FontFileFinder.java:142) checkFontfile found C:\WINDOWS\FONTS\seguibl.ttf 
06 5月 2024 18:04:36,475 DEBUG org.apache.fontbox.util.autodetect.FontFileFinder.walk(FontFileFinder.java:136) checkFontfile check C:\WINDOWS\FONTS\seguibli.ttf 
06 5月 2024 18:04:36,475 DEBUG org.apache.fontbox.util.autodetect.FontFileFinder.walk(FontFileFinder.java:142) checkFontfile found C:\WINDOWS\FONTS\seguibli.ttf 
06 5月 2024 18:04:36,475 DEBUG org.apache.fontbox.util.autodetect.FontFileFinder.walk(FontFileFinder.java:136) checkFontfile check C:\WINDOWS\FONTS\seguiemj.ttf 
06 5月 2024 18:04:36,475 DEBUG org.apache.fontbox.util.autodetect.FontFileFinder.walk(FontFileFinder.java:142) checkFontfile found C:\WINDOWS\FONTS\seguiemj.ttf 
06 5月 2024 18:04:36,476 DEBUG org.apache.fontbox.util.autodetect.FontFileFinder.walk(FontFileFinder.java:136) checkFontfile check C:\WINDOWS\FONTS\seguihis.ttf 
06 5月 2024 18:04:36,476 DEBUG org.apache.fontbox.util.autodetect.FontFileFinder.walk(FontFileFinder.java:142) checkFontfile found C:\WINDOWS\FONTS\seguihis.ttf 
06 5月 2024 18:04:36,476 DEBUG org.apache.fontbox.util.autodetect.FontFileFinder.walk(FontFileFinder.java:136) checkFontfile check C:\WINDOWS\FONTS\seguili.ttf 
06 5月 2024 18:04:36,476 DEBUG org.apache.fontbox.util.autodetect.FontFileFinder.walk(FontFileFinder.java:142) checkFontfile found C:\WINDOWS\FONTS\seguili.ttf 
06 5月 2024 18:04:36,476 DEBUG org.apache.fontbox.util.autodetect.FontFileFinder.walk(FontFileFinder.java:136) checkFontfile check C:\WINDOWS\FONTS\seguisb.ttf 
06 5月 2024 18:04:36,477 DEBUG org.apache.fontbox.util.autodetect.FontFileFinder.walk(FontFileFinder.java:142) checkFontfile found C:\WINDOWS\FONTS\seguisb.ttf 
06 5月 2024 18:04:36,477 DEBUG org.apache.fontbox.util.autodetect.FontFileFinder.walk(FontFileFinder.java:136) checkFontfile check C:\WINDOWS\FONTS\seguisbi.ttf 
06 5月 2024 18:04:36,477 DEBUG org.apache.fontbox.util.autodetect.FontFileFinder.walk(FontFileFinder.java:142) checkFontfile found C:\WINDOWS\FONTS\seguisbi.ttf 
06 5月 2024 18:04:36,477 DEBUG org.apache.fontbox.util.autodetect.FontFileFinder.walk(FontFileFinder.java:136) checkFontfile check C:\WINDOWS\FONTS\seguisli.ttf 
06 5月 2024 18:04:36,477 DEBUG org.apache.fontbox.util.autodetect.FontFileFinder.walk(FontFileFinder.java:142) checkFontfile found C:\WINDOWS\FONTS\seguisli.ttf 
06 5月 2024 18:04:36,477 DEBUG org.apache.fontbox.util.autodetect.FontFileFinder.walk(FontFileFinder.java:136) checkFontfile check C:\WINDOWS\FONTS\seguisym.ttf 
06 5月 2024 18:04:36,477 DEBUG org.apache.fontbox.util.autodetect.FontFileFinder.walk(FontFileFinder.java:142) checkFontfile found C:\WINDOWS\FONTS\seguisym.ttf 
06 5月 2024 18:04:36,477 DEBUG org.apache.fontbox.util.autodetect.FontFileFinder.walk(FontFileFinder.java:136) checkFontfile check C:\WINDOWS\FONTS\sere1255.fon 
06 5月 2024 18:04:36,478 DEBUG org.apache.fontbox.util.autodetect.FontFileFinder.walk(FontFileFinder.java:136) checkFontfile check C:\WINDOWS\FONTS\sere1256.fon 
06 5月 2024 18:04:36,478 DEBUG org.apache.fontbox.util.autodetect.FontFileFinder.walk(FontFileFinder.java:136) checkFontfile check C:\WINDOWS\FONTS\sere1257.fon 
06 5月 2024 18:04:36,478 DEBUG org.apache.fontbox.util.autodetect.FontFileFinder.walk(FontFileFinder.java:136) checkFontfile check C:\WINDOWS\FONTS\serf1255.fon 
06 5月 2024 18:04:36,478 DEBUG org.apache.fontbox.util.autodetect.FontFileFinder.walk(FontFileFinder.java:136) checkFontfile check C:\WINDOWS\FONTS\serf1256.fon 
06 5月 2024 18:04:36,478 DEBUG org.apache.fontbox.util.autodetect.FontFileFinder.walk(FontFileFinder.java:136) checkFontfile check C:\WINDOWS\FONTS\serf1257.fon 
06 5月 2024 18:04:36,478 DEBUG org.apache.fontbox.util.autodetect.FontFileFinder.walk(FontFileFinder.java:136) checkFontfile check C:\WINDOWS\FONTS\serife.fon 
06 5月 2024 18:04:36,478 DEBUG org.apache.fontbox.util.autodetect.FontFileFinder.walk(FontFileFinder.java:136) checkFontfile check C:\WINDOWS\FONTS\serifee.fon 
06 5月 2024 18:04:36,478 DEBUG org.apache.fontbox.util.autodetect.FontFileFinder.walk(FontFileFinder.java:136) checkFontfile check C:\WINDOWS\FONTS\serifeg.fon 
06 5月 2024 18:04:36,478 DEBUG org.apache.fontbox.util.autodetect.FontFileFinder.walk(FontFileFinder.java:136) checkFontfile check C:\WINDOWS\FONTS\serifer.fon 
06 5月 2024 18:04:36,479 DEBUG org.apache.fontbox.util.autodetect.FontFileFinder.walk(FontFileFinder.java:136) checkFontfile check C:\WINDOWS\FONTS\serifet.fon 
06 5月 2024 18:04:36,479 DEBUG org.apache.fontbox.util.autodetect.FontFileFinder.walk(FontFileFinder.java:136) checkFontfile check C:\WINDOWS\FONTS\seriff.fon 
06 5月 2024 18:04:36,479 DEBUG org.apache.fontbox.util.autodetect.FontFileFinder.walk(FontFileFinder.java:136) checkFontfile check C:\WINDOWS\FONTS\seriffe.fon 
06 5月 2024 18:04:36,479 DEBUG org.apache.fontbox.util.autodetect.FontFileFinder.walk(FontFileFinder.java:136) checkFontfile check C:\WINDOWS\FONTS\seriffg.fon 
06 5月 2024 18:04:36,479 DEBUG org.apache.fontbox.util.autodetect.FontFileFinder.walk(FontFileFinder.java:136) checkFontfile check C:\WINDOWS\FONTS\seriffr.fon 
06 5月 2024 18:04:36,479 DEBUG org.apache.fontbox.util.autodetect.FontFileFinder.walk(FontFileFinder.java:136) checkFontfile check C:\WINDOWS\FONTS\serifft.fon 
06 5月 2024 18:04:36,479 DEBUG org.apache.fontbox.util.autodetect.FontFileFinder.walk(FontFileFinder.java:136) checkFontfile check C:\WINDOWS\FONTS\SHOWG.TTF 
06 5月 2024 18:04:36,479 DEBUG org.apache.fontbox.util.autodetect.FontFileFinder.walk(FontFileFinder.java:142) checkFontfile found C:\WINDOWS\FONTS\SHOWG.TTF 
06 5月 2024 18:04:36,480 DEBUG org.apache.fontbox.util.autodetect.FontFileFinder.walk(FontFileFinder.java:136) checkFontfile check C:\WINDOWS\FONTS\simfang.ttf 
06 5月 2024 18:04:36,480 DEBUG org.apache.fontbox.util.autodetect.FontFileFinder.walk(FontFileFinder.java:142) checkFontfile found C:\WINDOWS\FONTS\simfang.ttf 
06 5月 2024 18:04:36,480 DEBUG org.apache.fontbox.util.autodetect.FontFileFinder.walk(FontFileFinder.java:136) checkFontfile check C:\WINDOWS\FONTS\simhei.ttf 
06 5月 2024 18:04:36,480 DEBUG org.apache.fontbox.util.autodetect.FontFileFinder.walk(FontFileFinder.java:142) checkFontfile found C:\WINDOWS\FONTS\simhei.ttf 
06 5月 2024 18:04:36,480 DEBUG org.apache.fontbox.util.autodetect.FontFileFinder.walk(FontFileFinder.java:136) checkFontfile check C:\WINDOWS\FONTS\simkai.ttf 
06 5月 2024 18:04:36,480 DEBUG org.apache.fontbox.util.autodetect.FontFileFinder.walk(FontFileFinder.java:142) checkFontfile found C:\WINDOWS\FONTS\simkai.ttf 
06 5月 2024 18:04:36,480 DEBUG org.apache.fontbox.util.autodetect.FontFileFinder.walk(FontFileFinder.java:136) checkFontfile check C:\WINDOWS\FONTS\SIMLI.TTF 
06 5月 2024 18:04:36,481 DEBUG org.apache.fontbox.util.autodetect.FontFileFinder.walk(FontFileFinder.java:142) checkFontfile found C:\WINDOWS\FONTS\SIMLI.TTF 
06 5月 2024 18:04:36,481 DEBUG org.apache.fontbox.util.autodetect.FontFileFinder.walk(FontFileFinder.java:136) checkFontfile check C:\WINDOWS\FONTS\simsun.ttc 
06 5月 2024 18:04:36,481 DEBUG org.apache.fontbox.util.autodetect.FontFileFinder.walk(FontFileFinder.java:142) checkFontfile found C:\WINDOWS\FONTS\simsun.ttc 
06 5月 2024 18:04:36,481 DEBUG org.apache.fontbox.util.autodetect.FontFileFinder.walk(FontFileFinder.java:136) checkFontfile check C:\WINDOWS\FONTS\simsunb.ttf 
06 5月 2024 18:04:36,481 DEBUG org.apache.fontbox.util.autodetect.FontFileFinder.walk(FontFileFinder.java:142) checkFontfile found C:\WINDOWS\FONTS\simsunb.ttf 
06 5月 2024 18:04:36,481 DEBUG org.apache.fontbox.util.autodetect.FontFileFinder.walk(FontFileFinder.java:136) checkFontfile check C:\WINDOWS\FONTS\SIMYOU.TTF 
06 5月 2024 18:04:36,481 DEBUG org.apache.fontbox.util.autodetect.FontFileFinder.walk(FontFileFinder.java:142) checkFontfile found C:\WINDOWS\FONTS\SIMYOU.TTF 
06 5月 2024 18:04:36,482 DEBUG org.apache.fontbox.util.autodetect.FontFileFinder.walk(FontFileFinder.java:136) checkFontfile check C:\WINDOWS\FONTS\Sitka.ttc 
06 5月 2024 18:04:36,482 DEBUG org.apache.fontbox.util.autodetect.FontFileFinder.walk(FontFileFinder.java:142) checkFontfile found C:\WINDOWS\FONTS\Sitka.ttc 
06 5月 2024 18:04:36,482 DEBUG org.apache.fontbox.util.autodetect.FontFileFinder.walk(FontFileFinder.java:136) checkFontfile check C:\WINDOWS\FONTS\SitkaB.ttc 
06 5月 2024 18:04:36,482 DEBUG org.apache.fontbox.util.autodetect.FontFileFinder.walk(FontFileFinder.java:142) checkFontfile found C:\WINDOWS\FONTS\SitkaB.ttc 
06 5月 2024 18:04:36,482 DEBUG org.apache.fontbox.util.autodetect.FontFileFinder.walk(FontFileFinder.java:136) checkFontfile check C:\WINDOWS\FONTS\SitkaI.ttc 
06 5月 2024 18:04:36,482 DEBUG org.apache.fontbox.util.autodetect.FontFileFinder.walk(FontFileFinder.java:142) checkFontfile found C:\WINDOWS\FONTS\SitkaI.ttc 
06 5月 2024 18:04:36,482 DEBUG org.apache.fontbox.util.autodetect.FontFileFinder.walk(FontFileFinder.java:136) checkFontfile check C:\WINDOWS\FONTS\SitkaZ.ttc 
06 5月 2024 18:04:36,482 DEBUG org.apache.fontbox.util.autodetect.FontFileFinder.walk(FontFileFinder.java:142) checkFontfile found C:\WINDOWS\FONTS\SitkaZ.ttc 
06 5月 2024 18:04:36,483 DEBUG org.apache.fontbox.util.autodetect.FontFileFinder.walk(FontFileFinder.java:136) checkFontfile check C:\WINDOWS\FONTS\smae1255.fon 
06 5月 2024 18:04:36,483 DEBUG org.apache.fontbox.util.autodetect.FontFileFinder.walk(FontFileFinder.java:136) checkFontfile check C:\WINDOWS\FONTS\smae1256.fon 
06 5月 2024 18:04:36,483 DEBUG org.apache.fontbox.util.autodetect.FontFileFinder.walk(FontFileFinder.java:136) checkFontfile check C:\WINDOWS\FONTS\smae1257.fon 
06 5月 2024 18:04:36,483 DEBUG org.apache.fontbox.util.autodetect.FontFileFinder.walk(FontFileFinder.java:136) checkFontfile check C:\WINDOWS\FONTS\smaf1255.fon 
06 5月 2024 18:04:36,483 DEBUG org.apache.fontbox.util.autodetect.FontFileFinder.walk(FontFileFinder.java:136) checkFontfile check C:\WINDOWS\FONTS\smaf1256.fon 
06 5月 2024 18:04:36,483 DEBUG org.apache.fontbox.util.autodetect.FontFileFinder.walk(FontFileFinder.java:136) checkFontfile check C:\WINDOWS\FONTS\smaf1257.fon 
06 5月 2024 18:04:36,483 DEBUG org.apache.fontbox.util.autodetect.FontFileFinder.walk(FontFileFinder.java:136) checkFontfile check C:\WINDOWS\FONTS\smalle.fon 
06 5月 2024 18:04:36,483 DEBUG org.apache.fontbox.util.autodetect.FontFileFinder.walk(FontFileFinder.java:136) checkFontfile check C:\WINDOWS\FONTS\smallee.fon 
06 5月 2024 18:04:36,484 DEBUG org.apache.fontbox.util.autodetect.FontFileFinder.walk(FontFileFinder.java:136) checkFontfile check C:\WINDOWS\FONTS\smalleg.fon 
06 5月 2024 18:04:36,484 DEBUG org.apache.fontbox.util.autodetect.FontFileFinder.walk(FontFileFinder.java:136) checkFontfile check C:\WINDOWS\FONTS\smaller.fon 
06 5月 2024 18:04:36,484 DEBUG org.apache.fontbox.util.autodetect.FontFileFinder.walk(FontFileFinder.java:136) checkFontfile check C:\WINDOWS\FONTS\smallet.fon 
06 5月 2024 18:04:36,484 DEBUG org.apache.fontbox.util.autodetect.FontFileFinder.walk(FontFileFinder.java:136) checkFontfile check C:\WINDOWS\FONTS\smallf.fon 
06 5月 2024 18:04:36,484 DEBUG org.apache.fontbox.util.autodetect.FontFileFinder.walk(FontFileFinder.java:136) checkFontfile check C:\WINDOWS\FONTS\smallfe.fon 
06 5月 2024 18:04:36,484 DEBUG org.apache.fontbox.util.autodetect.FontFileFinder.walk(FontFileFinder.java:136) checkFontfile check C:\WINDOWS\FONTS\smallfg.fon 
06 5月 2024 18:04:36,484 DEBUG org.apache.fontbox.util.autodetect.FontFileFinder.walk(FontFileFinder.java:136) checkFontfile check C:\WINDOWS\FONTS\smallfr.fon 
06 5月 2024 18:04:36,485 DEBUG org.apache.fontbox.util.autodetect.FontFileFinder.walk(FontFileFinder.java:136) checkFontfile check C:\WINDOWS\FONTS\smallft.fon 
06 5月 2024 18:04:36,485 DEBUG org.apache.fontbox.util.autodetect.FontFileFinder.walk(FontFileFinder.java:136) checkFontfile check C:\WINDOWS\FONTS\SNAP____.TTF 
06 5月 2024 18:04:36,485 DEBUG org.apache.fontbox.util.autodetect.FontFileFinder.walk(FontFileFinder.java:142) checkFontfile found C:\WINDOWS\FONTS\SNAP____.TTF 
06 5月 2024 18:04:36,485 DEBUG org.apache.fontbox.util.autodetect.FontFileFinder.walk(FontFileFinder.java:136) checkFontfile check C:\WINDOWS\FONTS\Source Han Serif SC Heavy (TrueType).ttf 
06 5月 2024 18:04:36,485 DEBUG org.apache.fontbox.util.autodetect.FontFileFinder.walk(FontFileFinder.java:142) checkFontfile found C:\WINDOWS\FONTS\Source Han Serif SC Heavy (TrueType).ttf 
06 5月 2024 18:04:36,485 DEBUG org.apache.fontbox.util.autodetect.FontFileFinder.walk(FontFileFinder.java:136) checkFontfile check C:\WINDOWS\FONTS\ssee1255.fon 
06 5月 2024 18:04:36,485 DEBUG org.apache.fontbox.util.autodetect.FontFileFinder.walk(FontFileFinder.java:136) checkFontfile check C:\WINDOWS\FONTS\ssee1256.fon 
06 5月 2024 18:04:36,485 DEBUG org.apache.fontbox.util.autodetect.FontFileFinder.walk(FontFileFinder.java:136) checkFontfile check C:\WINDOWS\FONTS\ssee1257.fon 
06 5月 2024 18:04:36,485 DEBUG org.apache.fontbox.util.autodetect.FontFileFinder.walk(FontFileFinder.java:136) checkFontfile check C:\WINDOWS\FONTS\ssee874.fon 
06 5月 2024 18:04:36,486 DEBUG org.apache.fontbox.util.autodetect.FontFileFinder.walk(FontFileFinder.java:136) checkFontfile check C:\WINDOWS\FONTS\ssef1255.fon 
06 5月 2024 18:04:36,486 DEBUG org.apache.fontbox.util.autodetect.FontFileFinder.walk(FontFileFinder.java:136) checkFontfile check C:\WINDOWS\FONTS\ssef1256.fon 
06 5月 2024 18:04:36,486 DEBUG org.apache.fontbox.util.autodetect.FontFileFinder.walk(FontFileFinder.java:136) checkFontfile check C:\WINDOWS\FONTS\ssef1257.fon 
06 5月 2024 18:04:36,486 DEBUG org.apache.fontbox.util.autodetect.FontFileFinder.walk(FontFileFinder.java:136) checkFontfile check C:\WINDOWS\FONTS\ssef874.fon 
06 5月 2024 18:04:36,486 DEBUG org.apache.fontbox.util.autodetect.FontFileFinder.walk(FontFileFinder.java:136) checkFontfile check C:\WINDOWS\FONTS\sserife.fon 
06 5月 2024 18:04:36,486 DEBUG org.apache.fontbox.util.autodetect.FontFileFinder.walk(FontFileFinder.java:136) checkFontfile check C:\WINDOWS\FONTS\sserifee.fon 
06 5月 2024 18:04:36,486 DEBUG org.apache.fontbox.util.autodetect.FontFileFinder.walk(FontFileFinder.java:136) checkFontfile check C:\WINDOWS\FONTS\sserifeg.fon 
06 5月 2024 18:04:36,486 DEBUG org.apache.fontbox.util.autodetect.FontFileFinder.walk(FontFileFinder.java:136) checkFontfile check C:\WINDOWS\FONTS\sserifer.fon 
06 5月 2024 18:04:36,487 DEBUG org.apache.fontbox.util.autodetect.FontFileFinder.walk(FontFileFinder.java:136) checkFontfile check C:\WINDOWS\FONTS\sserifet.fon 
06 5月 2024 18:04:36,487 DEBUG org.apache.fontbox.util.autodetect.FontFileFinder.walk(FontFileFinder.java:136) checkFontfile check C:\WINDOWS\FONTS\sseriff.fon 
06 5月 2024 18:04:36,487 DEBUG org.apache.fontbox.util.autodetect.FontFileFinder.walk(FontFileFinder.java:136) checkFontfile check C:\WINDOWS\FONTS\sseriffe.fon 
06 5月 2024 18:04:36,487 DEBUG org.apache.fontbox.util.autodetect.FontFileFinder.walk(FontFileFinder.java:136) checkFontfile check C:\WINDOWS\FONTS\sseriffg.fon 
06 5月 2024 18:04:36,487 DEBUG org.apache.fontbox.util.autodetect.FontFileFinder.walk(FontFileFinder.java:136) checkFontfile check C:\WINDOWS\FONTS\sseriffr.fon 
06 5月 2024 18:04:36,487 DEBUG org.apache.fontbox.util.autodetect.FontFileFinder.walk(FontFileFinder.java:136) checkFontfile check C:\WINDOWS\FONTS\sserifft.fon 
06 5月 2024 18:04:36,488 DEBUG org.apache.fontbox.util.autodetect.FontFileFinder.walk(FontFileFinder.java:136) checkFontfile check C:\WINDOWS\FONTS\StaticCache.dat 
06 5月 2024 18:04:36,488 DEBUG org.apache.fontbox.util.autodetect.FontFileFinder.walk(FontFileFinder.java:136) checkFontfile check C:\WINDOWS\FONTS\STCAIYUN.TTF 
06 5月 2024 18:04:36,489 DEBUG org.apache.fontbox.util.autodetect.FontFileFinder.walk(FontFileFinder.java:142) checkFontfile found C:\WINDOWS\FONTS\STCAIYUN.TTF 
06 5月 2024 18:04:36,489 DEBUG org.apache.fontbox.util.autodetect.FontFileFinder.walk(FontFileFinder.java:136) checkFontfile check C:\WINDOWS\FONTS\STENCIL.TTF 
06 5月 2024 18:04:36,489 DEBUG org.apache.fontbox.util.autodetect.FontFileFinder.walk(FontFileFinder.java:142) checkFontfile found C:\WINDOWS\FONTS\STENCIL.TTF 
06 5月 2024 18:04:36,489 DEBUG org.apache.fontbox.util.autodetect.FontFileFinder.walk(FontFileFinder.java:136) checkFontfile check C:\WINDOWS\FONTS\STFANGSO.TTF 
06 5月 2024 18:04:36,490 DEBUG org.apache.fontbox.util.autodetect.FontFileFinder.walk(FontFileFinder.java:142) checkFontfile found C:\WINDOWS\FONTS\STFANGSO.TTF 
06 5月 2024 18:04:36,490 DEBUG org.apache.fontbox.util.autodetect.FontFileFinder.walk(FontFileFinder.java:136) checkFontfile check C:\WINDOWS\FONTS\STHUPO.TTF 
06 5月 2024 18:04:36,490 DEBUG org.apache.fontbox.util.autodetect.FontFileFinder.walk(FontFileFinder.java:142) checkFontfile found C:\WINDOWS\FONTS\STHUPO.TTF 
06 5月 2024 18:04:36,490 DEBUG org.apache.fontbox.util.autodetect.FontFileFinder.walk(FontFileFinder.java:136) checkFontfile check C:\WINDOWS\FONTS\STKAITI.TTF 
06 5月 2024 18:04:36,490 DEBUG org.apache.fontbox.util.autodetect.FontFileFinder.walk(FontFileFinder.java:142) checkFontfile found C:\WINDOWS\FONTS\STKAITI.TTF 
06 5月 2024 18:04:36,490 DEBUG org.apache.fontbox.util.autodetect.FontFileFinder.walk(FontFileFinder.java:136) checkFontfile check C:\WINDOWS\FONTS\STLITI.TTF 
06 5月 2024 18:04:36,490 DEBUG org.apache.fontbox.util.autodetect.FontFileFinder.walk(FontFileFinder.java:142) checkFontfile found C:\WINDOWS\FONTS\STLITI.TTF 
06 5月 2024 18:04:36,491 DEBUG org.apache.fontbox.util.autodetect.FontFileFinder.walk(FontFileFinder.java:136) checkFontfile check C:\WINDOWS\FONTS\STSONG.TTF 
06 5月 2024 18:04:36,491 DEBUG org.apache.fontbox.util.autodetect.FontFileFinder.walk(FontFileFinder.java:142) checkFontfile found C:\WINDOWS\FONTS\STSONG.TTF 
06 5月 2024 18:04:36,491 DEBUG org.apache.fontbox.util.autodetect.FontFileFinder.walk(FontFileFinder.java:136) checkFontfile check C:\WINDOWS\FONTS\STXIHEI.TTF 
06 5月 2024 18:04:36,491 DEBUG org.apache.fontbox.util.autodetect.FontFileFinder.walk(FontFileFinder.java:142) checkFontfile found C:\WINDOWS\FONTS\STXIHEI.TTF 
06 5月 2024 18:04:36,491 DEBUG org.apache.fontbox.util.autodetect.FontFileFinder.walk(FontFileFinder.java:136) checkFontfile check C:\WINDOWS\FONTS\STXINGKA.TTF 
06 5月 2024 18:04:36,492 DEBUG org.apache.fontbox.util.autodetect.FontFileFinder.walk(FontFileFinder.java:142) checkFontfile found C:\WINDOWS\FONTS\STXINGKA.TTF 
06 5月 2024 18:04:36,492 DEBUG org.apache.fontbox.util.autodetect.FontFileFinder.walk(FontFileFinder.java:136) checkFontfile check C:\WINDOWS\FONTS\STXINWEI.TTF 
06 5月 2024 18:04:36,492 DEBUG org.apache.fontbox.util.autodetect.FontFileFinder.walk(FontFileFinder.java:142) checkFontfile found C:\WINDOWS\FONTS\STXINWEI.TTF 
06 5月 2024 18:04:36,492 DEBUG org.apache.fontbox.util.autodetect.FontFileFinder.walk(FontFileFinder.java:136) checkFontfile check C:\WINDOWS\FONTS\STZHONGS.TTF 
06 5月 2024 18:04:36,492 DEBUG org.apache.fontbox.util.autodetect.FontFileFinder.walk(FontFileFinder.java:142) checkFontfile found C:\WINDOWS\FONTS\STZHONGS.TTF 
06 5月 2024 18:04:36,492 DEBUG org.apache.fontbox.util.autodetect.FontFileFinder.walk(FontFileFinder.java:136) checkFontfile check C:\WINDOWS\FONTS\svgafix.fon 
06 5月 2024 18:04:36,493 DEBUG org.apache.fontbox.util.autodetect.FontFileFinder.walk(FontFileFinder.java:136) checkFontfile check C:\WINDOWS\FONTS\svgasys.fon 
06 5月 2024 18:04:36,493 DEBUG org.apache.fontbox.util.autodetect.FontFileFinder.walk(FontFileFinder.java:136) checkFontfile check C:\WINDOWS\FONTS\sylfaen.ttf 
06 5月 2024 18:04:36,493 DEBUG org.apache.fontbox.util.autodetect.FontFileFinder.walk(FontFileFinder.java:142) checkFontfile found C:\WINDOWS\FONTS\sylfaen.ttf 
06 5月 2024 18:04:36,493 DEBUG org.apache.fontbox.util.autodetect.FontFileFinder.walk(FontFileFinder.java:136) checkFontfile check C:\WINDOWS\FONTS\symbol.ttf 
06 5月 2024 18:04:36,493 DEBUG org.apache.fontbox.util.autodetect.FontFileFinder.walk(FontFileFinder.java:142) checkFontfile found C:\WINDOWS\FONTS\symbol.ttf 
06 5月 2024 18:04:36,493 DEBUG org.apache.fontbox.util.autodetect.FontFileFinder.walk(FontFileFinder.java:136) checkFontfile check C:\WINDOWS\FONTS\tahoma.ttf 
06 5月 2024 18:04:36,493 DEBUG org.apache.fontbox.util.autodetect.FontFileFinder.walk(FontFileFinder.java:142) checkFontfile found C:\WINDOWS\FONTS\tahoma.ttf 
06 5月 2024 18:04:36,493 DEBUG org.apache.fontbox.util.autodetect.FontFileFinder.walk(FontFileFinder.java:136) checkFontfile check C:\WINDOWS\FONTS\tahomabd.ttf 
06 5月 2024 18:04:36,494 DEBUG org.apache.fontbox.util.autodetect.FontFileFinder.walk(FontFileFinder.java:142) checkFontfile found C:\WINDOWS\FONTS\tahomabd.ttf 
06 5月 2024 18:04:36,494 DEBUG org.apache.fontbox.util.autodetect.FontFileFinder.walk(FontFileFinder.java:136) checkFontfile check C:\WINDOWS\FONTS\taile.ttf 
06 5月 2024 18:04:36,494 DEBUG org.apache.fontbox.util.autodetect.FontFileFinder.walk(FontFileFinder.java:142) checkFontfile found C:\WINDOWS\FONTS\taile.ttf 
06 5月 2024 18:04:36,494 DEBUG org.apache.fontbox.util.autodetect.FontFileFinder.walk(FontFileFinder.java:136) checkFontfile check C:\WINDOWS\FONTS\taileb.ttf 
06 5月 2024 18:04:36,494 DEBUG org.apache.fontbox.util.autodetect.FontFileFinder.walk(FontFileFinder.java:142) checkFontfile found C:\WINDOWS\FONTS\taileb.ttf 
06 5月 2024 18:04:36,494 DEBUG org.apache.fontbox.util.autodetect.FontFileFinder.walk(FontFileFinder.java:136) checkFontfile check C:\WINDOWS\FONTS\TCBI____.TTF 
06 5月 2024 18:04:36,494 DEBUG org.apache.fontbox.util.autodetect.FontFileFinder.walk(FontFileFinder.java:142) checkFontfile found C:\WINDOWS\FONTS\TCBI____.TTF 
06 5月 2024 18:04:36,495 DEBUG org.apache.fontbox.util.autodetect.FontFileFinder.walk(FontFileFinder.java:136) checkFontfile check C:\WINDOWS\FONTS\TCB_____.TTF 
06 5月 2024 18:04:36,495 DEBUG org.apache.fontbox.util.autodetect.FontFileFinder.walk(FontFileFinder.java:142) checkFontfile found C:\WINDOWS\FONTS\TCB_____.TTF 
06 5月 2024 18:04:36,495 DEBUG org.apache.fontbox.util.autodetect.FontFileFinder.walk(FontFileFinder.java:136) checkFontfile check C:\WINDOWS\FONTS\TCCB____.TTF 
06 5月 2024 18:04:36,495 DEBUG org.apache.fontbox.util.autodetect.FontFileFinder.walk(FontFileFinder.java:142) checkFontfile found C:\WINDOWS\FONTS\TCCB____.TTF 
06 5月 2024 18:04:36,495 DEBUG org.apache.fontbox.util.autodetect.FontFileFinder.walk(FontFileFinder.java:136) checkFontfile check C:\WINDOWS\FONTS\TCCEB.TTF 
06 5月 2024 18:04:36,495 DEBUG org.apache.fontbox.util.autodetect.FontFileFinder.walk(FontFileFinder.java:142) checkFontfile found C:\WINDOWS\FONTS\TCCEB.TTF 
06 5月 2024 18:04:36,496 DEBUG org.apache.fontbox.util.autodetect.FontFileFinder.walk(FontFileFinder.java:136) checkFontfile check C:\WINDOWS\FONTS\TCCM____.TTF 
06 5月 2024 18:04:36,496 DEBUG org.apache.fontbox.util.autodetect.FontFileFinder.walk(FontFileFinder.java:142) checkFontfile found C:\WINDOWS\FONTS\TCCM____.TTF 
06 5月 2024 18:04:36,496 DEBUG org.apache.fontbox.util.autodetect.FontFileFinder.walk(FontFileFinder.java:136) checkFontfile check C:\WINDOWS\FONTS\TCMI____.TTF 
06 5月 2024 18:04:36,496 DEBUG org.apache.fontbox.util.autodetect.FontFileFinder.walk(FontFileFinder.java:142) checkFontfile found C:\WINDOWS\FONTS\TCMI____.TTF 
06 5月 2024 18:04:36,496 DEBUG org.apache.fontbox.util.autodetect.FontFileFinder.walk(FontFileFinder.java:136) checkFontfile check C:\WINDOWS\FONTS\TCM_____.TTF 
06 5月 2024 18:04:36,497 DEBUG org.apache.fontbox.util.autodetect.FontFileFinder.walk(FontFileFinder.java:142) checkFontfile found C:\WINDOWS\FONTS\TCM_____.TTF 
06 5月 2024 18:04:36,497 DEBUG org.apache.fontbox.util.autodetect.FontFileFinder.walk(FontFileFinder.java:136) checkFontfile check C:\WINDOWS\FONTS\TEMPSITC.TTF 
06 5月 2024 18:04:36,497 DEBUG org.apache.fontbox.util.autodetect.FontFileFinder.walk(FontFileFinder.java:142) checkFontfile found C:\WINDOWS\FONTS\TEMPSITC.TTF 
06 5月 2024 18:04:36,497 DEBUG org.apache.fontbox.util.autodetect.FontFileFinder.walk(FontFileFinder.java:136) checkFontfile check C:\WINDOWS\FONTS\times.ttf 
06 5月 2024 18:04:36,497 DEBUG org.apache.fontbox.util.autodetect.FontFileFinder.walk(FontFileFinder.java:142) checkFontfile found C:\WINDOWS\FONTS\times.ttf 
06 5月 2024 18:04:36,498 DEBUG org.apache.fontbox.util.autodetect.FontFileFinder.walk(FontFileFinder.java:136) checkFontfile check C:\WINDOWS\FONTS\timesbd.ttf 
06 5月 2024 18:04:36,498 DEBUG org.apache.fontbox.util.autodetect.FontFileFinder.walk(FontFileFinder.java:142) checkFontfile found C:\WINDOWS\FONTS\timesbd.ttf 
06 5月 2024 18:04:36,498 DEBUG org.apache.fontbox.util.autodetect.FontFileFinder.walk(FontFileFinder.java:136) checkFontfile check C:\WINDOWS\FONTS\timesbi.ttf 
06 5月 2024 18:04:36,498 DEBUG org.apache.fontbox.util.autodetect.FontFileFinder.walk(FontFileFinder.java:142) checkFontfile found C:\WINDOWS\FONTS\timesbi.ttf 
06 5月 2024 18:04:36,498 DEBUG org.apache.fontbox.util.autodetect.FontFileFinder.walk(FontFileFinder.java:136) checkFontfile check C:\WINDOWS\FONTS\timesi.ttf 
06 5月 2024 18:04:36,498 DEBUG org.apache.fontbox.util.autodetect.FontFileFinder.walk(FontFileFinder.java:142) checkFontfile found C:\WINDOWS\FONTS\timesi.ttf 
06 5月 2024 18:04:36,499 DEBUG org.apache.fontbox.util.autodetect.FontFileFinder.walk(FontFileFinder.java:136) checkFontfile check C:\WINDOWS\FONTS\trebuc.ttf 
06 5月 2024 18:04:36,499 DEBUG org.apache.fontbox.util.autodetect.FontFileFinder.walk(FontFileFinder.java:142) checkFontfile found C:\WINDOWS\FONTS\trebuc.ttf 
06 5月 2024 18:04:36,499 DEBUG org.apache.fontbox.util.autodetect.FontFileFinder.walk(FontFileFinder.java:136) checkFontfile check C:\WINDOWS\FONTS\trebucbd.ttf 
06 5月 2024 18:04:36,499 DEBUG org.apache.fontbox.util.autodetect.FontFileFinder.walk(FontFileFinder.java:142) checkFontfile found C:\WINDOWS\FONTS\trebucbd.ttf 
06 5月 2024 18:04:36,499 DEBUG org.apache.fontbox.util.autodetect.FontFileFinder.walk(FontFileFinder.java:136) checkFontfile check C:\WINDOWS\FONTS\trebucbi.ttf 
06 5月 2024 18:04:36,499 DEBUG org.apache.fontbox.util.autodetect.FontFileFinder.walk(FontFileFinder.java:142) checkFontfile found C:\WINDOWS\FONTS\trebucbi.ttf 
06 5月 2024 18:04:36,500 DEBUG org.apache.fontbox.util.autodetect.FontFileFinder.walk(FontFileFinder.java:136) checkFontfile check C:\WINDOWS\FONTS\trebucit.ttf 
06 5月 2024 18:04:36,500 DEBUG org.apache.fontbox.util.autodetect.FontFileFinder.walk(FontFileFinder.java:142) checkFontfile found C:\WINDOWS\FONTS\trebucit.ttf 
06 5月 2024 18:04:36,501 DEBUG org.apache.fontbox.util.autodetect.FontFileFinder.walk(FontFileFinder.java:136) checkFontfile check C:\WINDOWS\FONTS\UDDigiKyokashoN-B.ttc 
06 5月 2024 18:04:36,501 DEBUG org.apache.fontbox.util.autodetect.FontFileFinder.walk(FontFileFinder.java:142) checkFontfile found C:\WINDOWS\FONTS\UDDigiKyokashoN-B.ttc 
06 5月 2024 18:04:36,501 DEBUG org.apache.fontbox.util.autodetect.FontFileFinder.walk(FontFileFinder.java:136) checkFontfile check C:\WINDOWS\FONTS\UDDigiKyokashoN-R.ttc 
06 5月 2024 18:04:36,501 DEBUG org.apache.fontbox.util.autodetect.FontFileFinder.walk(FontFileFinder.java:142) checkFontfile found C:\WINDOWS\FONTS\UDDigiKyokashoN-R.ttc 
06 5月 2024 18:04:36,501 DEBUG org.apache.fontbox.util.autodetect.FontFileFinder.walk(FontFileFinder.java:136) checkFontfile check C:\WINDOWS\FONTS\verdana.ttf 
06 5月 2024 18:04:36,501 DEBUG org.apache.fontbox.util.autodetect.FontFileFinder.walk(FontFileFinder.java:142) checkFontfile found C:\WINDOWS\FONTS\verdana.ttf 
06 5月 2024 18:04:36,502 DEBUG org.apache.fontbox.util.autodetect.FontFileFinder.walk(FontFileFinder.java:136) checkFontfile check C:\WINDOWS\FONTS\verdanab.ttf 
06 5月 2024 18:04:36,502 DEBUG org.apache.fontbox.util.autodetect.FontFileFinder.walk(FontFileFinder.java:142) checkFontfile found C:\WINDOWS\FONTS\verdanab.ttf 
06 5月 2024 18:04:36,502 DEBUG org.apache.fontbox.util.autodetect.FontFileFinder.walk(FontFileFinder.java:136) checkFontfile check C:\WINDOWS\FONTS\verdanai.ttf 
06 5月 2024 18:04:36,502 DEBUG org.apache.fontbox.util.autodetect.FontFileFinder.walk(FontFileFinder.java:142) checkFontfile found C:\WINDOWS\FONTS\verdanai.ttf 
06 5月 2024 18:04:36,502 DEBUG org.apache.fontbox.util.autodetect.FontFileFinder.walk(FontFileFinder.java:136) checkFontfile check C:\WINDOWS\FONTS\verdanaz.ttf 
06 5月 2024 18:04:36,502 DEBUG org.apache.fontbox.util.autodetect.FontFileFinder.walk(FontFileFinder.java:142) checkFontfile found C:\WINDOWS\FONTS\verdanaz.ttf 
06 5月 2024 18:04:36,502 DEBUG org.apache.fontbox.util.autodetect.FontFileFinder.walk(FontFileFinder.java:136) checkFontfile check C:\WINDOWS\FONTS\vga737.fon 
06 5月 2024 18:04:36,503 DEBUG org.apache.fontbox.util.autodetect.FontFileFinder.walk(FontFileFinder.java:136) checkFontfile check C:\WINDOWS\FONTS\vga775.fon 
06 5月 2024 18:04:36,503 DEBUG org.apache.fontbox.util.autodetect.FontFileFinder.walk(FontFileFinder.java:136) checkFontfile check C:\WINDOWS\FONTS\vga850.fon 
06 5月 2024 18:04:36,503 DEBUG org.apache.fontbox.util.autodetect.FontFileFinder.walk(FontFileFinder.java:136) checkFontfile check C:\WINDOWS\FONTS\vga852.fon 
06 5月 2024 18:04:36,503 DEBUG org.apache.fontbox.util.autodetect.FontFileFinder.walk(FontFileFinder.java:136) checkFontfile check C:\WINDOWS\FONTS\vga855.fon 
06 5月 2024 18:04:36,503 DEBUG org.apache.fontbox.util.autodetect.FontFileFinder.walk(FontFileFinder.java:136) checkFontfile check C:\WINDOWS\FONTS\vga857.fon 
06 5月 2024 18:04:36,503 DEBUG org.apache.fontbox.util.autodetect.FontFileFinder.walk(FontFileFinder.java:136) checkFontfile check C:\WINDOWS\FONTS\vga860.fon 
06 5月 2024 18:04:36,503 DEBUG org.apache.fontbox.util.autodetect.FontFileFinder.walk(FontFileFinder.java:136) checkFontfile check C:\WINDOWS\FONTS\vga861.fon 
06 5月 2024 18:04:36,503 DEBUG org.apache.fontbox.util.autodetect.FontFileFinder.walk(FontFileFinder.java:136) checkFontfile check C:\WINDOWS\FONTS\vga863.fon 
06 5月 2024 18:04:36,504 DEBUG org.apache.fontbox.util.autodetect.FontFileFinder.walk(FontFileFinder.java:136) checkFontfile check C:\WINDOWS\FONTS\vga865.fon 
06 5月 2024 18:04:36,504 DEBUG org.apache.fontbox.util.autodetect.FontFileFinder.walk(FontFileFinder.java:136) checkFontfile check C:\WINDOWS\FONTS\vga866.fon 
06 5月 2024 18:04:36,504 DEBUG org.apache.fontbox.util.autodetect.FontFileFinder.walk(FontFileFinder.java:136) checkFontfile check C:\WINDOWS\FONTS\vga869.fon 
06 5月 2024 18:04:36,504 DEBUG org.apache.fontbox.util.autodetect.FontFileFinder.walk(FontFileFinder.java:136) checkFontfile check C:\WINDOWS\FONTS\vga932.fon 
06 5月 2024 18:04:36,505 DEBUG org.apache.fontbox.util.autodetect.FontFileFinder.walk(FontFileFinder.java:136) checkFontfile check C:\WINDOWS\FONTS\vga936.fon 
06 5月 2024 18:04:36,505 DEBUG org.apache.fontbox.util.autodetect.FontFileFinder.walk(FontFileFinder.java:136) checkFontfile check C:\WINDOWS\FONTS\vga949.fon 
06 5月 2024 18:04:36,505 DEBUG org.apache.fontbox.util.autodetect.FontFileFinder.walk(FontFileFinder.java:136) checkFontfile check C:\WINDOWS\FONTS\vga950.fon 
06 5月 2024 18:04:36,506 DEBUG org.apache.fontbox.util.autodetect.FontFileFinder.walk(FontFileFinder.java:136) checkFontfile check C:\WINDOWS\FONTS\vgaf1255.fon 
06 5月 2024 18:04:36,506 DEBUG org.apache.fontbox.util.autodetect.FontFileFinder.walk(FontFileFinder.java:136) checkFontfile check C:\WINDOWS\FONTS\vgaf1256.fon 
06 5月 2024 18:04:36,506 DEBUG org.apache.fontbox.util.autodetect.FontFileFinder.walk(FontFileFinder.java:136) checkFontfile check C:\WINDOWS\FONTS\vgaf1257.fon 
06 5月 2024 18:04:36,506 DEBUG org.apache.fontbox.util.autodetect.FontFileFinder.walk(FontFileFinder.java:136) checkFontfile check C:\WINDOWS\FONTS\vgaf874.fon 
06 5月 2024 18:04:36,506 DEBUG org.apache.fontbox.util.autodetect.FontFileFinder.walk(FontFileFinder.java:136) checkFontfile check C:\WINDOWS\FONTS\vgafix.fon 
06 5月 2024 18:04:36,506 DEBUG org.apache.fontbox.util.autodetect.FontFileFinder.walk(FontFileFinder.java:136) checkFontfile check C:\WINDOWS\FONTS\vgafixe.fon 
06 5月 2024 18:04:36,507 DEBUG org.apache.fontbox.util.autodetect.FontFileFinder.walk(FontFileFinder.java:136) checkFontfile check C:\WINDOWS\FONTS\vgafixg.fon 
06 5月 2024 18:04:36,507 DEBUG org.apache.fontbox.util.autodetect.FontFileFinder.walk(FontFileFinder.java:136) checkFontfile check C:\WINDOWS\FONTS\vgafixr.fon 
06 5月 2024 18:04:36,507 DEBUG org.apache.fontbox.util.autodetect.FontFileFinder.walk(FontFileFinder.java:136) checkFontfile check C:\WINDOWS\FONTS\vgafixt.fon 
06 5月 2024 18:04:36,507 DEBUG org.apache.fontbox.util.autodetect.FontFileFinder.walk(FontFileFinder.java:136) checkFontfile check C:\WINDOWS\FONTS\vgaoem.fon 
06 5月 2024 18:04:36,507 DEBUG org.apache.fontbox.util.autodetect.FontFileFinder.walk(FontFileFinder.java:136) checkFontfile check C:\WINDOWS\FONTS\vgas1255.fon 
06 5月 2024 18:04:36,507 DEBUG org.apache.fontbox.util.autodetect.FontFileFinder.walk(FontFileFinder.java:136) checkFontfile check C:\WINDOWS\FONTS\vgas1256.fon 
06 5月 2024 18:04:36,507 DEBUG org.apache.fontbox.util.autodetect.FontFileFinder.walk(FontFileFinder.java:136) checkFontfile check C:\WINDOWS\FONTS\vgas1257.fon 
06 5月 2024 18:04:36,508 DEBUG org.apache.fontbox.util.autodetect.FontFileFinder.walk(FontFileFinder.java:136) checkFontfile check C:\WINDOWS\FONTS\vgas874.fon 
06 5月 2024 18:04:36,508 DEBUG org.apache.fontbox.util.autodetect.FontFileFinder.walk(FontFileFinder.java:136) checkFontfile check C:\WINDOWS\FONTS\vgasys.fon 
06 5月 2024 18:04:36,508 DEBUG org.apache.fontbox.util.autodetect.FontFileFinder.walk(FontFileFinder.java:136) checkFontfile check C:\WINDOWS\FONTS\vgasyse.fon 
06 5月 2024 18:04:36,508 DEBUG org.apache.fontbox.util.autodetect.FontFileFinder.walk(FontFileFinder.java:136) checkFontfile check C:\WINDOWS\FONTS\vgasysg.fon 
06 5月 2024 18:04:36,508 DEBUG org.apache.fontbox.util.autodetect.FontFileFinder.walk(FontFileFinder.java:136) checkFontfile check C:\WINDOWS\FONTS\vgasysr.fon 
06 5月 2024 18:04:36,509 DEBUG org.apache.fontbox.util.autodetect.FontFileFinder.walk(FontFileFinder.java:136) checkFontfile check C:\WINDOWS\FONTS\vgasyst.fon 
06 5月 2024 18:04:36,509 DEBUG org.apache.fontbox.util.autodetect.FontFileFinder.walk(FontFileFinder.java:136) checkFontfile check C:\WINDOWS\FONTS\VINERITC.TTF 
06 5月 2024 18:04:36,509 DEBUG org.apache.fontbox.util.autodetect.FontFileFinder.walk(FontFileFinder.java:142) checkFontfile found C:\WINDOWS\FONTS\VINERITC.TTF 
06 5月 2024 18:04:36,509 DEBUG org.apache.fontbox.util.autodetect.FontFileFinder.walk(FontFileFinder.java:136) checkFontfile check C:\WINDOWS\FONTS\VIVALDII.TTF 
06 5月 2024 18:04:36,509 DEBUG org.apache.fontbox.util.autodetect.FontFileFinder.walk(FontFileFinder.java:142) checkFontfile found C:\WINDOWS\FONTS\VIVALDII.TTF 
06 5月 2024 18:04:36,509 DEBUG org.apache.fontbox.util.autodetect.FontFileFinder.walk(FontFileFinder.java:136) checkFontfile check C:\WINDOWS\FONTS\VLADIMIR.TTF 
06 5月 2024 18:04:36,509 DEBUG org.apache.fontbox.util.autodetect.FontFileFinder.walk(FontFileFinder.java:142) checkFontfile found C:\WINDOWS\FONTS\VLADIMIR.TTF 
06 5月 2024 18:04:36,510 DEBUG org.apache.fontbox.util.autodetect.FontFileFinder.walk(FontFileFinder.java:136) checkFontfile check C:\WINDOWS\FONTS\webdings.ttf 
06 5月 2024 18:04:36,510 DEBUG org.apache.fontbox.util.autodetect.FontFileFinder.walk(FontFileFinder.java:142) checkFontfile found C:\WINDOWS\FONTS\webdings.ttf 
06 5月 2024 18:04:36,510 DEBUG org.apache.fontbox.util.autodetect.FontFileFinder.walk(FontFileFinder.java:136) checkFontfile check C:\WINDOWS\FONTS\wingding.ttf 
06 5月 2024 18:04:36,510 DEBUG org.apache.fontbox.util.autodetect.FontFileFinder.walk(FontFileFinder.java:142) checkFontfile found C:\WINDOWS\FONTS\wingding.ttf 
06 5月 2024 18:04:36,510 DEBUG org.apache.fontbox.util.autodetect.FontFileFinder.walk(FontFileFinder.java:136) checkFontfile check C:\WINDOWS\FONTS\WINGDNG2.TTF 
06 5月 2024 18:04:36,510 DEBUG org.apache.fontbox.util.autodetect.FontFileFinder.walk(FontFileFinder.java:142) checkFontfile found C:\WINDOWS\FONTS\WINGDNG2.TTF 
06 5月 2024 18:04:36,510 DEBUG org.apache.fontbox.util.autodetect.FontFileFinder.walk(FontFileFinder.java:136) checkFontfile check C:\WINDOWS\FONTS\WINGDNG3.TTF 
06 5月 2024 18:04:36,510 DEBUG org.apache.fontbox.util.autodetect.FontFileFinder.walk(FontFileFinder.java:142) checkFontfile found C:\WINDOWS\FONTS\WINGDNG3.TTF 
06 5月 2024 18:04:36,511 DEBUG org.apache.fontbox.util.autodetect.FontFileFinder.walk(FontFileFinder.java:136) checkFontfile check C:\WINDOWS\FONTS\YuGothB.ttc 
06 5月 2024 18:04:36,511 DEBUG org.apache.fontbox.util.autodetect.FontFileFinder.walk(FontFileFinder.java:142) checkFontfile found C:\WINDOWS\FONTS\YuGothB.ttc 
06 5月 2024 18:04:36,511 DEBUG org.apache.fontbox.util.autodetect.FontFileFinder.walk(FontFileFinder.java:136) checkFontfile check C:\WINDOWS\FONTS\YuGothL.ttc 
06 5月 2024 18:04:36,511 DEBUG org.apache.fontbox.util.autodetect.FontFileFinder.walk(FontFileFinder.java:142) checkFontfile found C:\WINDOWS\FONTS\YuGothL.ttc 
06 5月 2024 18:04:36,511 DEBUG org.apache.fontbox.util.autodetect.FontFileFinder.walk(FontFileFinder.java:136) checkFontfile check C:\WINDOWS\FONTS\YuGothM.ttc 
06 5月 2024 18:04:36,511 DEBUG org.apache.fontbox.util.autodetect.FontFileFinder.walk(FontFileFinder.java:142) checkFontfile found C:\WINDOWS\FONTS\YuGothM.ttc 
06 5月 2024 18:04:36,511 DEBUG org.apache.fontbox.util.autodetect.FontFileFinder.walk(FontFileFinder.java:136) checkFontfile check C:\WINDOWS\FONTS\YuGothR.ttc 
06 5月 2024 18:04:36,512 DEBUG org.apache.fontbox.util.autodetect.FontFileFinder.walk(FontFileFinder.java:142) checkFontfile found C:\WINDOWS\FONTS\YuGothR.ttc 
06 5月 2024 18:04:36,512 DEBUG org.apache.fontbox.util.autodetect.FontFileFinder.walk(FontFileFinder.java:136) checkFontfile check C:\WINDOWS\FONTS\yumin.ttf 
06 5月 2024 18:04:36,512 DEBUG org.apache.fontbox.util.autodetect.FontFileFinder.walk(FontFileFinder.java:142) checkFontfile found C:\WINDOWS\FONTS\yumin.ttf 
06 5月 2024 18:04:36,512 DEBUG org.apache.fontbox.util.autodetect.FontFileFinder.walk(FontFileFinder.java:136) checkFontfile check C:\WINDOWS\FONTS\yumindb.ttf 
06 5月 2024 18:04:36,512 DEBUG org.apache.fontbox.util.autodetect.FontFileFinder.walk(FontFileFinder.java:142) checkFontfile found C:\WINDOWS\FONTS\yumindb.ttf 
06 5月 2024 18:04:36,513 DEBUG org.apache.fontbox.util.autodetect.FontFileFinder.walk(FontFileFinder.java:136) checkFontfile check C:\WINDOWS\FONTS\yuminl.ttf 
06 5月 2024 18:04:36,513 DEBUG org.apache.fontbox.util.autodetect.FontFileFinder.walk(FontFileFinder.java:142) checkFontfile found C:\WINDOWS\FONTS\yuminl.ttf 
06 5月 2024 18:04:36,536 WARN org.apache.pdfbox.pdmodel.font.FileSystemFontProvider.loadDiskCache(FileSystemFontProvider.java:584) New fonts found, font cache will be re-built 
06 5月 2024 18:04:36,536 WARN org.apache.pdfbox.pdmodel.font.FileSystemFontProvider.<init>(FileSystemFontProvider.java:337) Building on-disk font cache, this may take a while 
06 5月 2024 18:04:36,603 DEBUG org.apache.pdfbox.io.ScratchFileBuffer.finalize(ScratchFileBuffer.java:520) ScratchFileBuffer not closed! 
06 5月 2024 18:04:36,623 ERROR org.apache.pdfbox.pdmodel.font.FileSystemFontProvider.addTrueTypeFont(FileSystemFontProvider.java:644) Could not load font file: C:\WINDOWS\FONTS\mstmc.ttf 
java.io.EOFException
	at org.apache.fontbox.ttf.TTFDataStream.readUnsignedInt(TTFDataStream.java:151)
	at org.apache.fontbox.ttf.TTFParser.readTableDirectory(TTFParser.java:312)
	at org.apache.fontbox.ttf.TTFParser.parse(TTFParser.java:139)
	at org.apache.fontbox.ttf.TTFParser.parse(TTFParser.java:87)
	at org.apache.pdfbox.pdmodel.font.FileSystemFontProvider.addTrueTypeFont(FileSystemFontProvider.java:638)
	at org.apache.pdfbox.pdmodel.font.FileSystemFontProvider.scanFonts(FileSystemFontProvider.java:359)
	at org.apache.pdfbox.pdmodel.font.FileSystemFontProvider.<init>(FileSystemFontProvider.java:338)
	at org.apache.pdfbox.pdmodel.font.FontMapperImpl$DefaultFontProvider.<clinit>(FontMapperImpl.java:140)
	at org.apache.pdfbox.pdmodel.font.FontMapperImpl.getProvider(FontMapperImpl.java:159)
	at org.apache.pdfbox.pdmodel.font.FontMapperImpl.findFont(FontMapperImpl.java:423)
	at org.apache.pdfbox.pdmodel.font.FontMapperImpl.findFontBoxFont(FontMapperImpl.java:386)
	at org.apache.pdfbox.pdmodel.font.FontMapperImpl.getFontBoxFont(FontMapperImpl.java:360)
	at org.apache.pdfbox.pdmodel.font.DocsPDType1Font.<init>(DocsPDType1Font.java:91)
	at org.apache.pdfbox.pdmodel.font.DocsPDType1Font.<clinit>(DocsPDType1Font.java:49)
	at com.sismics.docs.core.util.PdfUtil.convertToPdf(PdfUtil.java:65)
	at com.sismics.docs.core.util.TestFileUtil.convertToPdfTest(TestFileUtil.java:138)
	at java.base/jdk.internal.reflect.NativeMethodAccessorImpl.invoke0(Native Method)
	at java.base/jdk.internal.reflect.NativeMethodAccessorImpl.invoke(NativeMethodAccessorImpl.java:77)
	at java.base/jdk.internal.reflect.DelegatingMethodAccessorImpl.invoke(DelegatingMethodAccessorImpl.java:43)
	at java.base/java.lang.reflect.Method.invoke(Method.java:568)
	at org.junit.runners.model.FrameworkMethod$1.runReflectiveCall(FrameworkMethod.java:59)
	at org.junit.internal.runners.model.ReflectiveCallable.run(ReflectiveCallable.java:12)
	at org.junit.runners.model.FrameworkMethod.invokeExplosively(FrameworkMethod.java:56)
	at org.junit.internal.runners.statements.InvokeMethod.evaluate(InvokeMethod.java:17)
	at org.junit.runners.ParentRunner$3.evaluate(ParentRunner.java:306)
	at org.junit.runners.BlockJUnit4ClassRunner$1.evaluate(BlockJUnit4ClassRunner.java:100)
	at org.junit.runners.ParentRunner.runLeaf(ParentRunner.java:366)
	at org.junit.runners.BlockJUnit4ClassRunner.runChild(BlockJUnit4ClassRunner.java:103)
	at org.junit.runners.BlockJUnit4ClassRunner.runChild(BlockJUnit4ClassRunner.java:63)
	at org.junit.runners.ParentRunner$4.run(ParentRunner.java:331)
	at org.junit.runners.ParentRunner$1.schedule(ParentRunner.java:79)
	at org.junit.runners.ParentRunner.runChildren(ParentRunner.java:329)
	at org.junit.runners.ParentRunner.access$100(ParentRunner.java:66)
	at org.junit.runners.ParentRunner$2.evaluate(ParentRunner.java:293)
	at org.junit.runners.ParentRunner$3.evaluate(ParentRunner.java:306)
	at org.junit.runners.ParentRunner.run(ParentRunner.java:413)
	at org.apache.maven.surefire.junit4.JUnit4Provider.execute(JUnit4Provider.java:364)
	at org.apache.maven.surefire.junit4.JUnit4Provider.executeWithRerun(JUnit4Provider.java:272)
	at org.apache.maven.surefire.junit4.JUnit4Provider.executeTestSet(JUnit4Provider.java:237)
	at org.apache.maven.surefire.junit4.JUnit4Provider.invoke(JUnit4Provider.java:158)
	at org.apache.maven.surefire.booter.ForkedBooter.runSuitesInProcess(ForkedBooter.java:428)
	at org.apache.maven.surefire.booter.ForkedBooter.execute(ForkedBooter.java:162)
	at org.apache.maven.surefire.booter.ForkedBooter.run(ForkedBooter.java:562)
	at org.apache.maven.surefire.booter.ForkedBooter.main(ForkedBooter.java:548)
06 5月 2024 18:04:36,761 WARN org.apache.pdfbox.pdmodel.font.FileSystemFontProvider.<init>(FileSystemFontProvider.java:340) Finished building on-disk font cache, found 429 fonts 
06 5月 2024 18:04:36,762 DEBUG org.apache.pdfbox.pdmodel.font.FontMapperImpl.getFont(FontMapperImpl.java:484) getFont('TTF','ArialMT') returns ArialMT (TTF, mac: 0x0, os/2: 0x805, cid: null) C:\WINDOWS\FONTS\arial.ttf 
06 5月 2024 18:04:36,764 DEBUG org.apache.pdfbox.pdmodel.font.FileSystemFontProvider$FSFontInfo.getTrueTypeFont(FileSystemFontProvider.java:196) Loaded ArialMT from C:\WINDOWS\FONTS\arial.ttf 
06 5月 2024 18:04:36,769 DEBUG org.apache.pdfbox.pdmodel.font.FontMapperImpl.getFont(FontMapperImpl.java:484) getFont('TTF','Arial-BoldMT') returns Arial-BoldMT (TTF, mac: 0x1, os/2: 0x805, cid: null) C:\WINDOWS\FONTS\arialbd.ttf 
06 5月 2024 18:04:36,769 DEBUG org.apache.pdfbox.pdmodel.font.FileSystemFontProvider$FSFontInfo.getTrueTypeFont(FileSystemFontProvider.java:196) Loaded Arial-BoldMT from C:\WINDOWS\FONTS\arialbd.ttf 
06 5月 2024 18:04:37,673 DEBUG org.apache.pdfbox.pdmodel.PDDocumentCatalog.getAcroForm(PDDocumentCatalog.java:138) AcroForm content has already been retrieved with fixes applied - original content changed because of that 
06 5月 2024 18:04:37,674 DEBUG org.apache.pdfbox.pdmodel.PDDocumentCatalog.getAcroForm(PDDocumentCatalog.java:138) AcroForm content has already been retrieved with fixes applied - original content changed because of that 
06 5月 2024 18:04:37,769 DEBUG org.apache.pdfbox.pdmodel.PDDocumentCatalog.getAcroForm(PDDocumentCatalog.java:138) AcroForm content has already been retrieved with fixes applied - original content changed because of that 
06 5月 2024 18:04:37,770 DEBUG org.apache.pdfbox.pdmodel.PDDocumentCatalog.getAcroForm(PDDocumentCatalog.java:138) AcroForm content has already been retrieved with fixes applied - original content changed because of that 
06 5月 2024 18:04:37,770 DEBUG org.apache.pdfbox.pdmodel.PDDocumentCatalog.getAcroForm(PDDocumentCatalog.java:138) AcroForm content has already been retrieved with fixes applied - original content changed because of that 
06 5月 2024 18:04:37,770 DEBUG org.apache.pdfbox.pdmodel.PDDocumentCatalog.getAcroForm(PDDocumentCatalog.java:138) AcroForm content has already been retrieved with fixes applied - original content changed because of that 
06 5月 2024 18:04:38,131 DEBUG org.apache.pdfbox.pdmodel.PDDocumentCatalog.getAcroForm(PDDocumentCatalog.java:138) AcroForm content has already been retrieved with fixes applied - original content changed because of that 
06 5月 2024 18:04:38,131 DEBUG org.apache.pdfbox.pdmodel.PDDocumentCatalog.getAcroForm(PDDocumentCatalog.java:138) AcroForm content has already been retrieved with fixes applied - original content changed because of that 
06 5月 2024 18:04:38,131 DEBUG org.apache.pdfbox.pdmodel.PDDocumentCatalog.getAcroForm(PDDocumentCatalog.java:138) AcroForm content has already been retrieved with fixes applied - original content changed because of that 
06 5月 2024 18:04:38,131 DEBUG org.apache.pdfbox.pdmodel.PDDocumentCatalog.getAcroForm(PDDocumentCatalog.java:138) AcroForm content has already been retrieved with fixes applied - original content changed because of that 
06 5月 2024 18:04:39,341 ERROR com.sismics.docs.core.service.FileService.runOneIteration(FileService.java:52) Exception during file service iteration 
java.nio.file.FileSystemException: C:\Users\13181\AppData\Local\Temp\sismics_docs10928453817780177274.tmp: 另一个程序正在使用此文件，进程无法访问。
	at java.base/sun.nio.fs.WindowsException.translateToIOException(WindowsException.java:92)
	at java.base/sun.nio.fs.WindowsException.rethrowAsIOException(WindowsException.java:103)
	at java.base/sun.nio.fs.WindowsException.rethrowAsIOException(WindowsException.java:108)
	at java.base/sun.nio.fs.WindowsFileSystemProvider.implDelete(WindowsFileSystemProvider.java:275)
	at java.base/sun.nio.fs.AbstractFileSystemProvider.delete(AbstractFileSystemProvider.java:105)
	at java.base/java.nio.file.Files.delete(Files.java:1152)
	at com.sismics.docs.core.service.FileService.deleteTemporaryFiles(FileService.java:62)
	at com.sismics.docs.core.service.FileService.runOneIteration(FileService.java:50)
	at com.google.common.util.concurrent.AbstractScheduledService$ServiceDelegate$Task.run(AbstractScheduledService.java:221)
	at com.google.common.util.concurrent.Callables$4.run(Callables.java:119)
	at java.base/java.util.concurrent.Executors$RunnableAdapter.call(Executors.java:539)
	at java.base/java.util.concurrent.FutureTask.runAndReset(FutureTask.java:305)
	at java.base/java.util.concurrent.ScheduledThreadPoolExecutor$ScheduledFutureTask.run(ScheduledThreadPoolExecutor.java:305)
	at java.base/java.util.concurrent.ThreadPoolExecutor.runWorker(ThreadPoolExecutor.java:1136)
	at java.base/java.util.concurrent.ThreadPoolExecutor$Worker.run(ThreadPoolExecutor.java:635)
	at java.base/java.lang.Thread.run(Thread.java:833)
06 5月 2024 18:04:40,075 DEBUG org.apache.pdfbox.io.ScratchFile.enlarge(ScratchFile.java:246) file: C:\Users\13181\AppData\Local\Temp\PDFBox15148828154050330581.tmp 
06 5月 2024 18:04:40,076 DEBUG org.apache.pdfbox.io.ScratchFile.enlarge(ScratchFile.java:247) fileLen before: 0, raf length: 0, file length: 0 
06 5月 2024 18:04:40,076 DEBUG org.apache.pdfbox.io.ScratchFile.enlarge(ScratchFile.java:255) fileLen after1: 65536, raf length: 65536, file length: 65536 
06 5月 2024 18:04:40,234 DEBUG org.apache.pdfbox.io.ScratchFile.enlarge(ScratchFile.java:246) file: C:\Users\13181\AppData\Local\Temp\PDFBox15148828154050330581.tmp 
06 5月 2024 18:04:40,235 DEBUG org.apache.pdfbox.io.ScratchFile.enlarge(ScratchFile.java:247) fileLen before: 65536, raf length: 65536, file length: 65536 
06 5月 2024 18:04:40,235 DEBUG org.apache.pdfbox.io.ScratchFile.enlarge(ScratchFile.java:255) fileLen after1: 131072, raf length: 131072, file length: 131072 
06 5月 2024 18:04:40,235 DEBUG org.apache.pdfbox.io.ScratchFile.enlarge(ScratchFile.java:246) file: C:\Users\13181\AppData\Local\Temp\PDFBox15148828154050330581.tmp 
06 5月 2024 18:04:40,235 DEBUG org.apache.pdfbox.io.ScratchFile.enlarge(ScratchFile.java:247) fileLen before: 131072, raf length: 131072, file length: 131072 
06 5月 2024 18:04:40,236 DEBUG org.apache.pdfbox.io.ScratchFile.enlarge(ScratchFile.java:255) fileLen after1: 196608, raf length: 196608, file length: 196608 
06 5月 2024 18:04:40,389 DEBUG org.apache.pdfbox.io.ScratchFile.enlarge(ScratchFile.java:246) file: C:\Users\13181\AppData\Local\Temp\PDFBox15148828154050330581.tmp 
06 5月 2024 18:04:40,390 DEBUG org.apache.pdfbox.io.ScratchFile.enlarge(ScratchFile.java:247) fileLen before: 196608, raf length: 196608, file length: 196608 
06 5月 2024 18:04:40,390 DEBUG org.apache.pdfbox.io.ScratchFile.enlarge(ScratchFile.java:255) fileLen after1: 262144, raf length: 262144, file length: 262144 
06 5月 2024 18:04:40,546 DEBUG org.apache.pdfbox.io.ScratchFile.enlarge(ScratchFile.java:246) file: C:\Users\13181\AppData\Local\Temp\PDFBox15148828154050330581.tmp 
06 5月 2024 18:04:40,546 DEBUG org.apache.pdfbox.io.ScratchFile.enlarge(ScratchFile.java:247) fileLen before: 262144, raf length: 262144, file length: 262144 
06 5月 2024 18:04:40,547 DEBUG org.apache.pdfbox.io.ScratchFile.enlarge(ScratchFile.java:255) fileLen after1: 327680, raf length: 327680, file length: 327680 
06 5月 2024 18:04:40,547 DEBUG org.apache.pdfbox.io.ScratchFile.enlarge(ScratchFile.java:246) file: C:\Users\13181\AppData\Local\Temp\PDFBox15148828154050330581.tmp 
06 5月 2024 18:04:40,547 DEBUG org.apache.pdfbox.io.ScratchFile.enlarge(ScratchFile.java:247) fileLen before: 327680, raf length: 327680, file length: 327680 
06 5月 2024 18:04:40,547 DEBUG org.apache.pdfbox.io.ScratchFile.enlarge(ScratchFile.java:255) fileLen after1: 393216, raf length: 393216, file length: 393216 
06 5月 2024 18:04:40,697 DEBUG org.apache.pdfbox.io.ScratchFile.enlarge(ScratchFile.java:246) file: C:\Users\13181\AppData\Local\Temp\PDFBox15148828154050330581.tmp 
06 5月 2024 18:04:40,697 DEBUG org.apache.pdfbox.io.ScratchFile.enlarge(ScratchFile.java:247) fileLen before: 393216, raf length: 393216, file length: 393216 
06 5月 2024 18:04:40,697 DEBUG org.apache.pdfbox.io.ScratchFile.enlarge(ScratchFile.java:255) fileLen after1: 458752, raf length: 458752, file length: 458752 
06 5月 2024 18:04:40,697 DEBUG org.apache.pdfbox.io.ScratchFile.enlarge(ScratchFile.java:246) file: C:\Users\13181\AppData\Local\Temp\PDFBox15148828154050330581.tmp 
06 5月 2024 18:04:40,698 DEBUG org.apache.pdfbox.io.ScratchFile.enlarge(ScratchFile.java:247) fileLen before: 458752, raf length: 458752, file length: 458752 
06 5月 2024 18:04:40,698 DEBUG org.apache.pdfbox.io.ScratchFile.enlarge(ScratchFile.java:255) fileLen after1: 524288, raf length: 524288, file length: 524288 
06 5月 2024 18:04:40,843 DEBUG org.apache.pdfbox.io.ScratchFile.enlarge(ScratchFile.java:246) file: C:\Users\13181\AppData\Local\Temp\PDFBox15148828154050330581.tmp 
06 5月 2024 18:04:40,843 DEBUG org.apache.pdfbox.io.ScratchFile.enlarge(ScratchFile.java:247) fileLen before: 524288, raf length: 524288, file length: 524288 
06 5月 2024 18:04:40,843 DEBUG org.apache.pdfbox.io.ScratchFile.enlarge(ScratchFile.java:255) fileLen after1: 589824, raf length: 589824, file length: 589824 
06 5月 2024 18:04:40,844 DEBUG org.apache.pdfbox.io.ScratchFile.enlarge(ScratchFile.java:246) file: C:\Users\13181\AppData\Local\Temp\PDFBox15148828154050330581.tmp 
06 5月 2024 18:04:40,844 DEBUG org.apache.pdfbox.io.ScratchFile.enlarge(ScratchFile.java:247) fileLen before: 589824, raf length: 589824, file length: 589824 
06 5月 2024 18:04:40,844 DEBUG org.apache.pdfbox.io.ScratchFile.enlarge(ScratchFile.java:255) fileLen after1: 655360, raf length: 655360, file length: 655360 
06 5月 2024 18:04:41,010 DEBUG org.apache.pdfbox.io.ScratchFile.enlarge(ScratchFile.java:246) file: C:\Users\13181\AppData\Local\Temp\PDFBox15148828154050330581.tmp 
06 5月 2024 18:04:41,011 DEBUG org.apache.pdfbox.io.ScratchFile.enlarge(ScratchFile.java:247) fileLen before: 655360, raf length: 655360, file length: 655360 
06 5月 2024 18:04:41,011 DEBUG org.apache.pdfbox.io.ScratchFile.enlarge(ScratchFile.java:255) fileLen after1: 720896, raf length: 720896, file length: 720896 
06 5月 2024 18:04:41,154 DEBUG org.apache.pdfbox.io.ScratchFile.enlarge(ScratchFile.java:246) file: C:\Users\13181\AppData\Local\Temp\PDFBox15148828154050330581.tmp 
06 5月 2024 18:04:41,154 DEBUG org.apache.pdfbox.io.ScratchFile.enlarge(ScratchFile.java:247) fileLen before: 720896, raf length: 720896, file length: 720896 
06 5月 2024 18:04:41,154 DEBUG org.apache.pdfbox.io.ScratchFile.enlarge(ScratchFile.java:255) fileLen after1: 786432, raf length: 786432, file length: 786432 
06 5月 2024 18:04:41,154 DEBUG org.apache.pdfbox.io.ScratchFile.enlarge(ScratchFile.java:246) file: C:\Users\13181\AppData\Local\Temp\PDFBox15148828154050330581.tmp 
06 5月 2024 18:04:41,155 DEBUG org.apache.pdfbox.io.ScratchFile.enlarge(ScratchFile.java:247) fileLen before: 786432, raf length: 786432, file length: 786432 
06 5月 2024 18:04:41,155 DEBUG org.apache.pdfbox.io.ScratchFile.enlarge(ScratchFile.java:255) fileLen after1: 851968, raf length: 851968, file length: 851968 
06 5月 2024 18:04:41,343 DEBUG org.apache.pdfbox.io.ScratchFile.enlarge(ScratchFile.java:246) file: C:\Users\13181\AppData\Local\Temp\PDFBox15148828154050330581.tmp 
06 5月 2024 18:04:41,344 DEBUG org.apache.pdfbox.io.ScratchFile.enlarge(ScratchFile.java:247) fileLen before: 851968, raf length: 851968, file length: 851968 
06 5月 2024 18:04:41,344 DEBUG org.apache.pdfbox.io.ScratchFile.enlarge(ScratchFile.java:255) fileLen after1: 917504, raf length: 917504, file length: 917504 
06 5月 2024 18:04:41,344 DEBUG org.apache.pdfbox.io.ScratchFile.enlarge(ScratchFile.java:246) file: C:\Users\13181\AppData\Local\Temp\PDFBox15148828154050330581.tmp 
06 5月 2024 18:04:41,344 DEBUG org.apache.pdfbox.io.ScratchFile.enlarge(ScratchFile.java:247) fileLen before: 917504, raf length: 917504, file length: 917504 
06 5月 2024 18:04:41,344 DEBUG org.apache.pdfbox.io.ScratchFile.enlarge(ScratchFile.java:255) fileLen after1: 983040, raf length: 983040, file length: 983040 
06 5月 2024 18:04:41,492 DEBUG org.apache.pdfbox.io.ScratchFile.enlarge(ScratchFile.java:246) file: C:\Users\13181\AppData\Local\Temp\PDFBox15148828154050330581.tmp 
06 5月 2024 18:04:41,492 DEBUG org.apache.pdfbox.io.ScratchFile.enlarge(ScratchFile.java:247) fileLen before: 983040, raf length: 983040, file length: 983040 
06 5月 2024 18:04:41,492 DEBUG org.apache.pdfbox.io.ScratchFile.enlarge(ScratchFile.java:255) fileLen after1: 1048576, raf length: 1048576, file length: 1048576 
06 5月 2024 18:04:41,658 DEBUG org.apache.pdfbox.io.ScratchFile.enlarge(ScratchFile.java:246) file: C:\Users\13181\AppData\Local\Temp\PDFBox15148828154050330581.tmp 
06 5月 2024 18:04:41,658 DEBUG org.apache.pdfbox.io.ScratchFile.enlarge(ScratchFile.java:247) fileLen before: 1048576, raf length: 1048576, file length: 1048576 
06 5月 2024 18:04:41,659 DEBUG org.apache.pdfbox.io.ScratchFile.enlarge(ScratchFile.java:255) fileLen after1: 1114112, raf length: 1114112, file length: 1114112 
06 5月 2024 18:04:41,659 DEBUG org.apache.pdfbox.io.ScratchFile.enlarge(ScratchFile.java:246) file: C:\Users\13181\AppData\Local\Temp\PDFBox15148828154050330581.tmp 
06 5月 2024 18:04:41,659 DEBUG org.apache.pdfbox.io.ScratchFile.enlarge(ScratchFile.java:247) fileLen before: 1114112, raf length: 1114112, file length: 1114112 
06 5月 2024 18:04:41,659 DEBUG org.apache.pdfbox.io.ScratchFile.enlarge(ScratchFile.java:255) fileLen after1: 1179648, raf length: 1179648, file length: 1179648 
06 5月 2024 18:04:41,811 DEBUG org.apache.pdfbox.io.ScratchFile.enlarge(ScratchFile.java:246) file: C:\Users\13181\AppData\Local\Temp\PDFBox15148828154050330581.tmp 
06 5月 2024 18:04:41,811 DEBUG org.apache.pdfbox.io.ScratchFile.enlarge(ScratchFile.java:247) fileLen before: 1179648, raf length: 1179648, file length: 1179648 
06 5月 2024 18:04:41,811 DEBUG org.apache.pdfbox.io.ScratchFile.enlarge(ScratchFile.java:255) fileLen after1: 1245184, raf length: 1245184, file length: 1245184 
06 5月 2024 18:04:41,811 DEBUG org.apache.pdfbox.io.ScratchFile.enlarge(ScratchFile.java:246) file: C:\Users\13181\AppData\Local\Temp\PDFBox15148828154050330581.tmp 
06 5月 2024 18:04:41,812 DEBUG org.apache.pdfbox.io.ScratchFile.enlarge(ScratchFile.java:247) fileLen before: 1245184, raf length: 1245184, file length: 1245184 
06 5月 2024 18:04:41,812 DEBUG org.apache.pdfbox.io.ScratchFile.enlarge(ScratchFile.java:255) fileLen after1: 1310720, raf length: 1310720, file length: 1310720 
06 5月 2024 18:04:41,964 DEBUG org.apache.pdfbox.io.ScratchFile.enlarge(ScratchFile.java:246) file: C:\Users\13181\AppData\Local\Temp\PDFBox15148828154050330581.tmp 
06 5月 2024 18:04:41,964 DEBUG org.apache.pdfbox.io.ScratchFile.enlarge(ScratchFile.java:247) fileLen before: 1310720, raf length: 1310720, file length: 1310720 
06 5月 2024 18:04:41,965 DEBUG org.apache.pdfbox.io.ScratchFile.enlarge(ScratchFile.java:255) fileLen after1: 1376256, raf length: 1376256, file length: 1376256 
06 5月 2024 18:04:41,965 DEBUG org.apache.pdfbox.io.ScratchFile.enlarge(ScratchFile.java:246) file: C:\Users\13181\AppData\Local\Temp\PDFBox15148828154050330581.tmp 
06 5月 2024 18:04:41,965 DEBUG org.apache.pdfbox.io.ScratchFile.enlarge(ScratchFile.java:247) fileLen before: 1376256, raf length: 1376256, file length: 1376256 
06 5月 2024 18:04:41,965 DEBUG org.apache.pdfbox.io.ScratchFile.enlarge(ScratchFile.java:255) fileLen after1: 1441792, raf length: 1441792, file length: 1441792 
06 5月 2024 18:04:42,126 DEBUG org.apache.pdfbox.io.ScratchFile.enlarge(ScratchFile.java:246) file: C:\Users\13181\AppData\Local\Temp\PDFBox15148828154050330581.tmp 
06 5月 2024 18:04:42,126 DEBUG org.apache.pdfbox.io.ScratchFile.enlarge(ScratchFile.java:247) fileLen before: 1441792, raf length: 1441792, file length: 1441792 
06 5月 2024 18:04:42,126 DEBUG org.apache.pdfbox.io.ScratchFile.enlarge(ScratchFile.java:255) fileLen after1: 1507328, raf length: 1507328, file length: 1507328 
06 5月 2024 18:04:42,268 DEBUG org.apache.pdfbox.io.ScratchFile.enlarge(ScratchFile.java:246) file: C:\Users\13181\AppData\Local\Temp\PDFBox15148828154050330581.tmp 
06 5月 2024 18:04:42,268 DEBUG org.apache.pdfbox.io.ScratchFile.enlarge(ScratchFile.java:247) fileLen before: 1507328, raf length: 1507328, file length: 1507328 
06 5月 2024 18:04:42,269 DEBUG org.apache.pdfbox.io.ScratchFile.enlarge(ScratchFile.java:255) fileLen after1: 1572864, raf length: 1572864, file length: 1572864 
06 5月 2024 18:04:42,269 DEBUG org.apache.pdfbox.io.ScratchFile.enlarge(ScratchFile.java:246) file: C:\Users\13181\AppData\Local\Temp\PDFBox15148828154050330581.tmp 
06 5月 2024 18:04:42,269 DEBUG org.apache.pdfbox.io.ScratchFile.enlarge(ScratchFile.java:247) fileLen before: 1572864, raf length: 1572864, file length: 1572864 
06 5月 2024 18:04:42,269 DEBUG org.apache.pdfbox.io.ScratchFile.enlarge(ScratchFile.java:255) fileLen after1: 1638400, raf length: 1638400, file length: 1638400 
06 5月 2024 18:04:42,428 DEBUG org.apache.pdfbox.io.ScratchFile.enlarge(ScratchFile.java:246) file: C:\Users\13181\AppData\Local\Temp\PDFBox15148828154050330581.tmp 
06 5月 2024 18:04:42,428 DEBUG org.apache.pdfbox.io.ScratchFile.enlarge(ScratchFile.java:247) fileLen before: 1638400, raf length: 1638400, file length: 1638400 
06 5月 2024 18:04:42,428 DEBUG org.apache.pdfbox.io.ScratchFile.enlarge(ScratchFile.java:255) fileLen after1: 1703936, raf length: 1703936, file length: 1703936 
06 5月 2024 18:04:42,429 DEBUG org.apache.pdfbox.io.ScratchFile.enlarge(ScratchFile.java:246) file: C:\Users\13181\AppData\Local\Temp\PDFBox15148828154050330581.tmp 
06 5月 2024 18:04:42,429 DEBUG org.apache.pdfbox.io.ScratchFile.enlarge(ScratchFile.java:247) fileLen before: 1703936, raf length: 1703936, file length: 1703936 
06 5月 2024 18:04:42,429 DEBUG org.apache.pdfbox.io.ScratchFile.enlarge(ScratchFile.java:255) fileLen after1: 1769472, raf length: 1769472, file length: 1769472 
06 5月 2024 18:04:42,563 DEBUG org.apache.pdfbox.io.ScratchFile.enlarge(ScratchFile.java:246) file: C:\Users\13181\AppData\Local\Temp\PDFBox15148828154050330581.tmp 
06 5月 2024 18:04:42,563 DEBUG org.apache.pdfbox.io.ScratchFile.enlarge(ScratchFile.java:247) fileLen before: 1769472, raf length: 1769472, file length: 1769472 
06 5月 2024 18:04:42,563 DEBUG org.apache.pdfbox.io.ScratchFile.enlarge(ScratchFile.java:255) fileLen after1: 1835008, raf length: 1835008, file length: 1835008 
06 5月 2024 18:04:42,753 DEBUG org.apache.pdfbox.io.ScratchFile.enlarge(ScratchFile.java:246) file: C:\Users\13181\AppData\Local\Temp\PDFBox15148828154050330581.tmp 
06 5月 2024 18:04:42,753 DEBUG org.apache.pdfbox.io.ScratchFile.enlarge(ScratchFile.java:247) fileLen before: 1835008, raf length: 1835008, file length: 1835008 
06 5月 2024 18:04:42,753 DEBUG org.apache.pdfbox.io.ScratchFile.enlarge(ScratchFile.java:255) fileLen after1: 1900544, raf length: 1900544, file length: 1900544 
06 5月 2024 18:04:42,754 DEBUG org.apache.pdfbox.io.ScratchFile.enlarge(ScratchFile.java:246) file: C:\Users\13181\AppData\Local\Temp\PDFBox15148828154050330581.tmp 
06 5月 2024 18:04:42,754 DEBUG org.apache.pdfbox.io.ScratchFile.enlarge(ScratchFile.java:247) fileLen before: 1900544, raf length: 1900544, file length: 1900544 
06 5月 2024 18:04:42,754 DEBUG org.apache.pdfbox.io.ScratchFile.enlarge(ScratchFile.java:255) fileLen after1: 1966080, raf length: 1966080, file length: 1966080 
06 5月 2024 18:04:42,897 DEBUG org.apache.pdfbox.io.ScratchFile.enlarge(ScratchFile.java:246) file: C:\Users\13181\AppData\Local\Temp\PDFBox15148828154050330581.tmp 
06 5月 2024 18:04:42,898 DEBUG org.apache.pdfbox.io.ScratchFile.enlarge(ScratchFile.java:247) fileLen before: 1966080, raf length: 1966080, file length: 1966080 
06 5月 2024 18:04:42,898 DEBUG org.apache.pdfbox.io.ScratchFile.enlarge(ScratchFile.java:255) fileLen after1: 2031616, raf length: 2031616, file length: 2031616 
06 5月 2024 18:04:42,898 DEBUG org.apache.pdfbox.io.ScratchFile.enlarge(ScratchFile.java:246) file: C:\Users\13181\AppData\Local\Temp\PDFBox15148828154050330581.tmp 
06 5月 2024 18:04:42,898 DEBUG org.apache.pdfbox.io.ScratchFile.enlarge(ScratchFile.java:247) fileLen before: 2031616, raf length: 2031616, file length: 2031616 
06 5月 2024 18:04:42,899 DEBUG org.apache.pdfbox.io.ScratchFile.enlarge(ScratchFile.java:255) fileLen after1: 2097152, raf length: 2097152, file length: 2097152 
06 5月 2024 18:04:43,061 DEBUG org.apache.pdfbox.io.ScratchFile.enlarge(ScratchFile.java:246) file: C:\Users\13181\AppData\Local\Temp\PDFBox15148828154050330581.tmp 
06 5月 2024 18:04:43,061 DEBUG org.apache.pdfbox.io.ScratchFile.enlarge(ScratchFile.java:247) fileLen before: 2097152, raf length: 2097152, file length: 2097152 
06 5月 2024 18:04:43,062 DEBUG org.apache.pdfbox.io.ScratchFile.enlarge(ScratchFile.java:255) fileLen after1: 2162688, raf length: 2162688, file length: 2162688 
06 5月 2024 18:04:43,207 DEBUG org.apache.pdfbox.io.ScratchFile.enlarge(ScratchFile.java:246) file: C:\Users\13181\AppData\Local\Temp\PDFBox15148828154050330581.tmp 
06 5月 2024 18:04:43,207 DEBUG org.apache.pdfbox.io.ScratchFile.enlarge(ScratchFile.java:247) fileLen before: 2162688, raf length: 2162688, file length: 2162688 
06 5月 2024 18:04:43,208 DEBUG org.apache.pdfbox.io.ScratchFile.enlarge(ScratchFile.java:255) fileLen after1: 2228224, raf length: 2228224, file length: 2228224 
06 5月 2024 18:04:43,208 DEBUG org.apache.pdfbox.io.ScratchFile.enlarge(ScratchFile.java:246) file: C:\Users\13181\AppData\Local\Temp\PDFBox15148828154050330581.tmp 
06 5月 2024 18:04:43,208 DEBUG org.apache.pdfbox.io.ScratchFile.enlarge(ScratchFile.java:247) fileLen before: 2228224, raf length: 2228224, file length: 2228224 
06 5月 2024 18:04:43,208 DEBUG org.apache.pdfbox.io.ScratchFile.enlarge(ScratchFile.java:255) fileLen after1: 2293760, raf length: 2293760, file length: 2293760 
06 5月 2024 18:04:43,352 DEBUG org.apache.pdfbox.io.ScratchFile.enlarge(ScratchFile.java:246) file: C:\Users\13181\AppData\Local\Temp\PDFBox15148828154050330581.tmp 
06 5月 2024 18:04:43,352 DEBUG org.apache.pdfbox.io.ScratchFile.enlarge(ScratchFile.java:247) fileLen before: 2293760, raf length: 2293760, file length: 2293760 
06 5月 2024 18:04:43,353 DEBUG org.apache.pdfbox.io.ScratchFile.enlarge(ScratchFile.java:255) fileLen after1: 2359296, raf length: 2359296, file length: 2359296 
06 5月 2024 18:04:43,353 DEBUG org.apache.pdfbox.io.ScratchFile.enlarge(ScratchFile.java:246) file: C:\Users\13181\AppData\Local\Temp\PDFBox15148828154050330581.tmp 
06 5月 2024 18:04:43,353 DEBUG org.apache.pdfbox.io.ScratchFile.enlarge(ScratchFile.java:247) fileLen before: 2359296, raf length: 2359296, file length: 2359296 
06 5月 2024 18:04:43,353 DEBUG org.apache.pdfbox.io.ScratchFile.enlarge(ScratchFile.java:255) fileLen after1: 2424832, raf length: 2424832, file length: 2424832 
06 5月 2024 18:04:43,490 DEBUG org.apache.pdfbox.io.ScratchFile.enlarge(ScratchFile.java:246) file: C:\Users\13181\AppData\Local\Temp\PDFBox15148828154050330581.tmp 
06 5月 2024 18:04:43,491 DEBUG org.apache.pdfbox.io.ScratchFile.enlarge(ScratchFile.java:247) fileLen before: 2424832, raf length: 2424832, file length: 2424832 
06 5月 2024 18:04:43,491 DEBUG org.apache.pdfbox.io.ScratchFile.enlarge(ScratchFile.java:255) fileLen after1: 2490368, raf length: 2490368, file length: 2490368 
06 5月 2024 18:04:43,638 DEBUG org.apache.pdfbox.io.ScratchFile.enlarge(ScratchFile.java:246) file: C:\Users\13181\AppData\Local\Temp\PDFBox15148828154050330581.tmp 
06 5月 2024 18:04:43,639 DEBUG org.apache.pdfbox.io.ScratchFile.enlarge(ScratchFile.java:247) fileLen before: 2490368, raf length: 2490368, file length: 2490368 
06 5月 2024 18:04:43,639 DEBUG org.apache.pdfbox.io.ScratchFile.enlarge(ScratchFile.java:255) fileLen after1: 2555904, raf length: 2555904, file length: 2555904 
06 5月 2024 18:04:43,639 DEBUG org.apache.pdfbox.io.ScratchFile.enlarge(ScratchFile.java:246) file: C:\Users\13181\AppData\Local\Temp\PDFBox15148828154050330581.tmp 
06 5月 2024 18:04:43,639 DEBUG org.apache.pdfbox.io.ScratchFile.enlarge(ScratchFile.java:247) fileLen before: 2555904, raf length: 2555904, file length: 2555904 
06 5月 2024 18:04:43,639 DEBUG org.apache.pdfbox.io.ScratchFile.enlarge(ScratchFile.java:255) fileLen after1: 2621440, raf length: 2621440, file length: 2621440 
06 5月 2024 18:04:43,792 DEBUG org.apache.pdfbox.io.ScratchFile.enlarge(ScratchFile.java:246) file: C:\Users\13181\AppData\Local\Temp\PDFBox15148828154050330581.tmp 
06 5月 2024 18:04:43,793 DEBUG org.apache.pdfbox.io.ScratchFile.enlarge(ScratchFile.java:247) fileLen before: 2621440, raf length: 2621440, file length: 2621440 
06 5月 2024 18:04:43,793 DEBUG org.apache.pdfbox.io.ScratchFile.enlarge(ScratchFile.java:255) fileLen after1: 2686976, raf length: 2686976, file length: 2686976 
06 5月 2024 18:04:43,793 DEBUG org.apache.pdfbox.io.ScratchFile.enlarge(ScratchFile.java:246) file: C:\Users\13181\AppData\Local\Temp\PDFBox15148828154050330581.tmp 
06 5月 2024 18:04:43,793 DEBUG org.apache.pdfbox.io.ScratchFile.enlarge(ScratchFile.java:247) fileLen before: 2686976, raf length: 2686976, file length: 2686976 
06 5月 2024 18:04:43,793 DEBUG org.apache.pdfbox.io.ScratchFile.enlarge(ScratchFile.java:255) fileLen after1: 2752512, raf length: 2752512, file length: 2752512 
06 5月 2024 18:04:43,930 DEBUG org.apache.pdfbox.io.ScratchFile.enlarge(ScratchFile.java:246) file: C:\Users\13181\AppData\Local\Temp\PDFBox15148828154050330581.tmp 
06 5月 2024 18:04:43,931 DEBUG org.apache.pdfbox.io.ScratchFile.enlarge(ScratchFile.java:247) fileLen before: 2752512, raf length: 2752512, file length: 2752512 
06 5月 2024 18:04:43,931 DEBUG org.apache.pdfbox.io.ScratchFile.enlarge(ScratchFile.java:255) fileLen after1: 2818048, raf length: 2818048, file length: 2818048 
06 5月 2024 18:04:44,094 DEBUG org.apache.pdfbox.io.ScratchFile.enlarge(ScratchFile.java:246) file: C:\Users\13181\AppData\Local\Temp\PDFBox15148828154050330581.tmp 
06 5月 2024 18:04:44,094 DEBUG org.apache.pdfbox.io.ScratchFile.enlarge(ScratchFile.java:247) fileLen before: 2818048, raf length: 2818048, file length: 2818048 
06 5月 2024 18:04:44,094 DEBUG org.apache.pdfbox.io.ScratchFile.enlarge(ScratchFile.java:255) fileLen after1: 2883584, raf length: 2883584, file length: 2883584 
06 5月 2024 18:04:44,095 DEBUG org.apache.pdfbox.io.ScratchFile.enlarge(ScratchFile.java:246) file: C:\Users\13181\AppData\Local\Temp\PDFBox15148828154050330581.tmp 
06 5月 2024 18:04:44,095 DEBUG org.apache.pdfbox.io.ScratchFile.enlarge(ScratchFile.java:247) fileLen before: 2883584, raf length: 2883584, file length: 2883584 
06 5月 2024 18:04:44,095 DEBUG org.apache.pdfbox.io.ScratchFile.enlarge(ScratchFile.java:255) fileLen after1: 2949120, raf length: 2949120, file length: 2949120 
06 5月 2024 18:04:44,256 DEBUG org.apache.pdfbox.io.ScratchFile.enlarge(ScratchFile.java:246) file: C:\Users\13181\AppData\Local\Temp\PDFBox15148828154050330581.tmp 
06 5月 2024 18:04:44,256 DEBUG org.apache.pdfbox.io.ScratchFile.enlarge(ScratchFile.java:247) fileLen before: 2949120, raf length: 2949120, file length: 2949120 
06 5月 2024 18:04:44,256 DEBUG org.apache.pdfbox.io.ScratchFile.enlarge(ScratchFile.java:255) fileLen after1: 3014656, raf length: 3014656, file length: 3014656 
06 5月 2024 18:04:44,256 DEBUG org.apache.pdfbox.io.ScratchFile.enlarge(ScratchFile.java:246) file: C:\Users\13181\AppData\Local\Temp\PDFBox15148828154050330581.tmp 
06 5月 2024 18:04:44,257 DEBUG org.apache.pdfbox.io.ScratchFile.enlarge(ScratchFile.java:247) fileLen before: 3014656, raf length: 3014656, file length: 3014656 
06 5月 2024 18:04:44,257 DEBUG org.apache.pdfbox.io.ScratchFile.enlarge(ScratchFile.java:255) fileLen after1: 3080192, raf length: 3080192, file length: 3080192 
06 5月 2024 18:04:44,346 ERROR com.sismics.docs.core.service.FileService.runOneIteration(FileService.java:52) Exception during file service iteration 
java.nio.file.FileSystemException: C:\Users\13181\AppData\Local\Temp\sismics_docs10597103273362664525.tmp: 另一个程序正在使用此文件，进程无法访问。
	at java.base/sun.nio.fs.WindowsException.translateToIOException(WindowsException.java:92)
	at java.base/sun.nio.fs.WindowsException.rethrowAsIOException(WindowsException.java:103)
	at java.base/sun.nio.fs.WindowsException.rethrowAsIOException(WindowsException.java:108)
	at java.base/sun.nio.fs.WindowsFileSystemProvider.implDelete(WindowsFileSystemProvider.java:275)
	at java.base/sun.nio.fs.AbstractFileSystemProvider.delete(AbstractFileSystemProvider.java:105)
	at java.base/java.nio.file.Files.delete(Files.java:1152)
	at com.sismics.docs.core.service.FileService.deleteTemporaryFiles(FileService.java:62)
	at com.sismics.docs.core.service.FileService.runOneIteration(FileService.java:50)
	at com.google.common.util.concurrent.AbstractScheduledService$ServiceDelegate$Task.run(AbstractScheduledService.java:221)
	at com.google.common.util.concurrent.Callables$4.run(Callables.java:119)
	at java.base/java.util.concurrent.Executors$RunnableAdapter.call(Executors.java:539)
	at java.base/java.util.concurrent.FutureTask.runAndReset(FutureTask.java:305)
	at java.base/java.util.concurrent.ScheduledThreadPoolExecutor$ScheduledFutureTask.run(ScheduledThreadPoolExecutor.java:305)
	at java.base/java.util.concurrent.ThreadPoolExecutor.runWorker(ThreadPoolExecutor.java:1136)
	at java.base/java.util.concurrent.ThreadPoolExecutor$Worker.run(ThreadPoolExecutor.java:635)
	at java.base/java.lang.Thread.run(Thread.java:833)
06 5月 2024 18:04:44,468 DEBUG org.apache.pdfbox.io.ScratchFile.enlarge(ScratchFile.java:246) file: C:\Users\13181\AppData\Local\Temp\PDFBox15148828154050330581.tmp 
06 5月 2024 18:04:44,468 DEBUG org.apache.pdfbox.io.ScratchFile.enlarge(ScratchFile.java:247) fileLen before: 3080192, raf length: 3080192, file length: 3080192 
06 5月 2024 18:04:44,469 DEBUG org.apache.pdfbox.io.ScratchFile.enlarge(ScratchFile.java:255) fileLen after1: 3145728, raf length: 3145728, file length: 3145728 
06 5月 2024 18:04:44,469 DEBUG org.apache.pdfbox.io.ScratchFile.enlarge(ScratchFile.java:246) file: C:\Users\13181\AppData\Local\Temp\PDFBox15148828154050330581.tmp 
06 5月 2024 18:04:44,469 DEBUG org.apache.pdfbox.io.ScratchFile.enlarge(ScratchFile.java:247) fileLen before: 3145728, raf length: 3145728, file length: 3145728 
06 5月 2024 18:04:44,469 DEBUG org.apache.pdfbox.io.ScratchFile.enlarge(ScratchFile.java:255) fileLen after1: 3211264, raf length: 3211264, file length: 3211264 
06 5月 2024 18:04:44,610 DEBUG org.apache.pdfbox.io.ScratchFile.enlarge(ScratchFile.java:246) file: C:\Users\13181\AppData\Local\Temp\PDFBox15148828154050330581.tmp 
06 5月 2024 18:04:44,610 DEBUG org.apache.pdfbox.io.ScratchFile.enlarge(ScratchFile.java:247) fileLen before: 3211264, raf length: 3211264, file length: 3211264 
06 5月 2024 18:04:44,610 DEBUG org.apache.pdfbox.io.ScratchFile.enlarge(ScratchFile.java:255) fileLen after1: 3276800, raf length: 3276800, file length: 3276800 
06 5月 2024 18:04:44,611 DEBUG org.apache.pdfbox.io.ScratchFile.enlarge(ScratchFile.java:246) file: C:\Users\13181\AppData\Local\Temp\PDFBox15148828154050330581.tmp 
06 5月 2024 18:04:44,611 DEBUG org.apache.pdfbox.io.ScratchFile.enlarge(ScratchFile.java:247) fileLen before: 3276800, raf length: 3276800, file length: 3276800 
06 5月 2024 18:04:44,611 DEBUG org.apache.pdfbox.io.ScratchFile.enlarge(ScratchFile.java:255) fileLen after1: 3342336, raf length: 3342336, file length: 3342336 
06 5月 2024 18:04:44,759 DEBUG org.apache.pdfbox.io.ScratchFile.enlarge(ScratchFile.java:246) file: C:\Users\13181\AppData\Local\Temp\PDFBox15148828154050330581.tmp 
06 5月 2024 18:04:44,759 DEBUG org.apache.pdfbox.io.ScratchFile.enlarge(ScratchFile.java:247) fileLen before: 3342336, raf length: 3342336, file length: 3342336 
06 5月 2024 18:04:44,760 DEBUG org.apache.pdfbox.io.ScratchFile.enlarge(ScratchFile.java:255) fileLen after1: 3407872, raf length: 3407872, file length: 3407872 
06 5月 2024 18:04:44,904 DEBUG org.apache.pdfbox.io.ScratchFile.enlarge(ScratchFile.java:246) file: C:\Users\13181\AppData\Local\Temp\PDFBox15148828154050330581.tmp 
06 5月 2024 18:04:44,905 DEBUG org.apache.pdfbox.io.ScratchFile.enlarge(ScratchFile.java:247) fileLen before: 3407872, raf length: 3407872, file length: 3407872 
06 5月 2024 18:04:44,905 DEBUG org.apache.pdfbox.io.ScratchFile.enlarge(ScratchFile.java:255) fileLen after1: 3473408, raf length: 3473408, file length: 3473408 
06 5月 2024 18:04:44,905 DEBUG org.apache.pdfbox.io.ScratchFile.enlarge(ScratchFile.java:246) file: C:\Users\13181\AppData\Local\Temp\PDFBox15148828154050330581.tmp 
06 5月 2024 18:04:44,905 DEBUG org.apache.pdfbox.io.ScratchFile.enlarge(ScratchFile.java:247) fileLen before: 3473408, raf length: 3473408, file length: 3473408 
06 5月 2024 18:04:44,905 DEBUG org.apache.pdfbox.io.ScratchFile.enlarge(ScratchFile.java:255) fileLen after1: 3538944, raf length: 3538944, file length: 3538944 
06 5月 2024 18:04:45,064 DEBUG org.apache.pdfbox.io.ScratchFile.enlarge(ScratchFile.java:246) file: C:\Users\13181\AppData\Local\Temp\PDFBox15148828154050330581.tmp 
06 5月 2024 18:04:45,065 DEBUG org.apache.pdfbox.io.ScratchFile.enlarge(ScratchFile.java:247) fileLen before: 3538944, raf length: 3538944, file length: 3538944 
06 5月 2024 18:04:45,065 DEBUG org.apache.pdfbox.io.ScratchFile.enlarge(ScratchFile.java:255) fileLen after1: 3604480, raf length: 3604480, file length: 3604480 
06 5月 2024 18:04:45,065 DEBUG org.apache.pdfbox.io.ScratchFile.enlarge(ScratchFile.java:246) file: C:\Users\13181\AppData\Local\Temp\PDFBox15148828154050330581.tmp 
06 5月 2024 18:04:45,065 DEBUG org.apache.pdfbox.io.ScratchFile.enlarge(ScratchFile.java:247) fileLen before: 3604480, raf length: 3604480, file length: 3604480 
06 5月 2024 18:04:45,066 DEBUG org.apache.pdfbox.io.ScratchFile.enlarge(ScratchFile.java:255) fileLen after1: 3670016, raf length: 3670016, file length: 3670016 
06 5月 2024 18:04:45,204 DEBUG org.apache.pdfbox.io.ScratchFile.enlarge(ScratchFile.java:246) file: C:\Users\13181\AppData\Local\Temp\PDFBox15148828154050330581.tmp 
06 5月 2024 18:04:45,204 DEBUG org.apache.pdfbox.io.ScratchFile.enlarge(ScratchFile.java:247) fileLen before: 3670016, raf length: 3670016, file length: 3670016 
06 5月 2024 18:04:45,205 DEBUG org.apache.pdfbox.io.ScratchFile.enlarge(ScratchFile.java:255) fileLen after1: 3735552, raf length: 3735552, file length: 3735552 
06 5月 2024 18:04:45,338 DEBUG org.apache.pdfbox.io.ScratchFile.enlarge(ScratchFile.java:246) file: C:\Users\13181\AppData\Local\Temp\PDFBox15148828154050330581.tmp 
06 5月 2024 18:04:45,338 DEBUG org.apache.pdfbox.io.ScratchFile.enlarge(ScratchFile.java:247) fileLen before: 3735552, raf length: 3735552, file length: 3735552 
06 5月 2024 18:04:45,338 DEBUG org.apache.pdfbox.io.ScratchFile.enlarge(ScratchFile.java:255) fileLen after1: 3801088, raf length: 3801088, file length: 3801088 
06 5月 2024 18:04:45,338 DEBUG org.apache.pdfbox.io.ScratchFile.enlarge(ScratchFile.java:246) file: C:\Users\13181\AppData\Local\Temp\PDFBox15148828154050330581.tmp 
06 5月 2024 18:04:45,339 DEBUG org.apache.pdfbox.io.ScratchFile.enlarge(ScratchFile.java:247) fileLen before: 3801088, raf length: 3801088, file length: 3801088 
06 5月 2024 18:04:45,339 DEBUG org.apache.pdfbox.io.ScratchFile.enlarge(ScratchFile.java:255) fileLen after1: 3866624, raf length: 3866624, file length: 3866624 
]]></system-out>
    <system-err><![CDATA[5月 06, 2024 6:04:37 下午 org.odftoolkit.odfdom.pkg.OdfXMLFactory newOdfAttribute
信息: None-ODF attribute created for loext:contextual-spacing
5月 06, 2024 6:04:37 下午 org.odftoolkit.odfdom.pkg.OdfXMLFactory newOdfAttribute
信息: None-ODF attribute created for loext:contextual-spacing
5月 06, 2024 6:04:37 下午 org.odftoolkit.odfdom.pkg.OdfXMLFactory newOdfAttribute
信息: None-ODF attribute created for loext:contextual-spacing
5月 06, 2024 6:04:37 下午 org.odftoolkit.odfdom.pkg.OdfXMLFactory newOdfAttribute
信息: None-ODF attribute created for loext:contextual-spacing
5月 06, 2024 6:04:37 下午 org.odftoolkit.odfdom.pkg.OdfXMLFactory newOdfAttribute
信息: None-ODF attribute created for loext:contextual-spacing
5月 06, 2024 6:04:37 下午 org.odftoolkit.odfdom.pkg.OdfXMLFactory newOdfAttribute
信息: None-ODF attribute created for loext:contextual-spacing
5月 06, 2024 6:04:37 下午 org.odftoolkit.odfdom.pkg.OdfXMLFactory newOdfAttribute
信息: None-ODF attribute created for loext:contextual-spacing
5月 06, 2024 6:04:37 下午 org.odftoolkit.odfdom.pkg.OdfXMLFactory newOdfAttribute
信息: None-ODF attribute created for loext:contextual-spacing
5月 06, 2024 6:04:37 下午 org.odftoolkit.odfdom.pkg.OdfXMLFactory newOdfAttribute
信息: None-ODF attribute created for officeooo:rsid
5月 06, 2024 6:04:37 下午 org.odftoolkit.odfdom.pkg.OdfXMLFactory newOdfAttribute
信息: None-ODF attribute created for officeooo:paragraph-rsid
]]></system-err>
  </testcase>
  <testcase name="extractContentPdf" classname="com.sismics.docs.core.util.TestFileUtil" time="0.119">
    <system-out><![CDATA[06 5月 2024 18:04:45,382 DEBUG org.apache.fontbox.ttf.PostScriptTable.read(PostScriptTable.java:170) No PostScript name information is provided for the font DGCDAO+ArialUnicodeMS 
06 5月 2024 18:04:45,384 WARN org.apache.pdfbox.pdmodel.font.PDSimpleFont.toUnicode(PDSimpleFont.java:301) No Unicode mapping for 3 (32) in font DGCDAO+ArialUnicodeMS 
06 5月 2024 18:04:45,385 WARN org.apache.pdfbox.pdmodel.font.PDSimpleFont.toUnicode(PDSimpleFont.java:301) No Unicode mapping for 56 (85) in font DGCDAO+ArialUnicodeMS 
06 5月 2024 18:04:45,385 WARN org.apache.pdfbox.pdmodel.font.PDSimpleFont.toUnicode(PDSimpleFont.java:301) No Unicode mapping for 81 (110) in font DGCDAO+ArialUnicodeMS 
06 5月 2024 18:04:45,385 WARN org.apache.pdfbox.pdmodel.font.PDSimpleFont.toUnicode(PDSimpleFont.java:301) No Unicode mapping for 76 (105) in font DGCDAO+ArialUnicodeMS 
06 5月 2024 18:04:45,385 WARN org.apache.pdfbox.pdmodel.font.PDSimpleFont.toUnicode(PDSimpleFont.java:301) No Unicode mapping for 89 (118) in font DGCDAO+ArialUnicodeMS 
06 5月 2024 18:04:45,386 WARN org.apache.pdfbox.pdmodel.font.PDSimpleFont.toUnicode(PDSimpleFont.java:301) No Unicode mapping for 72 (101) in font DGCDAO+ArialUnicodeMS 
06 5月 2024 18:04:45,386 WARN org.apache.pdfbox.pdmodel.font.PDSimpleFont.toUnicode(PDSimpleFont.java:301) No Unicode mapping for 85 (114) in font DGCDAO+ArialUnicodeMS 
06 5月 2024 18:04:45,386 WARN org.apache.pdfbox.pdmodel.font.PDSimpleFont.toUnicode(PDSimpleFont.java:301) No Unicode mapping for 86 (115) in font DGCDAO+ArialUnicodeMS 
06 5月 2024 18:04:45,386 WARN org.apache.pdfbox.pdmodel.font.PDSimpleFont.toUnicode(PDSimpleFont.java:301) No Unicode mapping for 68 (97) in font DGCDAO+ArialUnicodeMS 
06 5月 2024 18:04:45,386 WARN org.apache.pdfbox.pdmodel.font.PDSimpleFont.toUnicode(PDSimpleFont.java:301) No Unicode mapping for 79 (108) in font DGCDAO+ArialUnicodeMS 
06 5月 2024 18:04:45,386 WARN org.apache.pdfbox.pdmodel.font.PDSimpleFont.toUnicode(PDSimpleFont.java:301) No Unicode mapping for 39 (68) in font DGCDAO+ArialUnicodeMS 
06 5月 2024 18:04:45,387 WARN org.apache.pdfbox.pdmodel.font.PDSimpleFont.toUnicode(PDSimpleFont.java:301) No Unicode mapping for 70 (99) in font DGCDAO+ArialUnicodeMS 
06 5月 2024 18:04:45,387 WARN org.apache.pdfbox.pdmodel.font.PDSimpleFont.toUnicode(PDSimpleFont.java:301) No Unicode mapping for 87 (116) in font DGCDAO+ArialUnicodeMS 
06 5月 2024 18:04:45,387 WARN org.apache.pdfbox.pdmodel.font.PDSimpleFont.toUnicode(PDSimpleFont.java:301) No Unicode mapping for 82 (111) in font DGCDAO+ArialUnicodeMS 
06 5月 2024 18:04:45,387 WARN org.apache.pdfbox.pdmodel.font.PDSimpleFont.toUnicode(PDSimpleFont.java:301) No Unicode mapping for 73 (102) in font DGCDAO+ArialUnicodeMS 
06 5月 2024 18:04:45,388 WARN org.apache.pdfbox.pdmodel.font.PDSimpleFont.toUnicode(PDSimpleFont.java:301) No Unicode mapping for 43 (72) in font DGCDAO+ArialUnicodeMS 
06 5月 2024 18:04:45,388 WARN org.apache.pdfbox.pdmodel.font.PDSimpleFont.toUnicode(PDSimpleFont.java:301) No Unicode mapping for 88 (117) in font DGCDAO+ArialUnicodeMS 
06 5月 2024 18:04:45,388 WARN org.apache.pdfbox.pdmodel.font.PDSimpleFont.toUnicode(PDSimpleFont.java:301) No Unicode mapping for 80 (109) in font DGCDAO+ArialUnicodeMS 
06 5月 2024 18:04:45,388 WARN org.apache.pdfbox.pdmodel.font.PDSimpleFont.toUnicode(PDSimpleFont.java:301) No Unicode mapping for 53 (82) in font DGCDAO+ArialUnicodeMS 
06 5月 2024 18:04:45,388 WARN org.apache.pdfbox.pdmodel.font.PDSimpleFont.toUnicode(PDSimpleFont.java:301) No Unicode mapping for 74 (103) in font DGCDAO+ArialUnicodeMS 
06 5月 2024 18:04:45,388 WARN org.apache.pdfbox.pdmodel.font.PDSimpleFont.toUnicode(PDSimpleFont.java:301) No Unicode mapping for 75 (104) in font DGCDAO+ArialUnicodeMS 
06 5月 2024 18:04:45,389 WARN org.apache.pdfbox.pdmodel.font.PDSimpleFont.toUnicode(PDSimpleFont.java:301) No Unicode mapping for 51 (80) in font DGCDAO+ArialUnicodeMS 
06 5月 2024 18:04:45,389 WARN org.apache.pdfbox.pdmodel.font.PDSimpleFont.toUnicode(PDSimpleFont.java:301) No Unicode mapping for 69 (98) in font DGCDAO+ArialUnicodeMS 
06 5月 2024 18:04:45,389 WARN org.apache.pdfbox.pdmodel.font.PDSimpleFont.toUnicode(PDSimpleFont.java:301) No Unicode mapping for 58 (87) in font DGCDAO+ArialUnicodeMS 
06 5月 2024 18:04:45,390 WARN org.apache.pdfbox.pdmodel.font.PDSimpleFont.toUnicode(PDSimpleFont.java:301) No Unicode mapping for 71 (100) in font DGCDAO+ArialUnicodeMS 
06 5月 2024 18:04:45,390 WARN org.apache.pdfbox.pdmodel.font.PDSimpleFont.toUnicode(PDSimpleFont.java:301) No Unicode mapping for 92 (121) in font DGCDAO+ArialUnicodeMS 
06 5月 2024 18:04:45,391 WARN org.apache.pdfbox.pdmodel.font.PDSimpleFont.toUnicode(PDSimpleFont.java:301) No Unicode mapping for 84 (113) in font DGCDAO+ArialUnicodeMS 
06 5月 2024 18:04:45,392 WARN org.apache.pdfbox.pdmodel.font.PDSimpleFont.toUnicode(PDSimpleFont.java:301) No Unicode mapping for 15 (44) in font DGCDAO+ArialUnicodeMS 
06 5月 2024 18:04:45,393 WARN org.apache.pdfbox.pdmodel.font.PDSimpleFont.toUnicode(PDSimpleFont.java:301) No Unicode mapping for 77 (106) in font DGCDAO+ArialUnicodeMS 
06 5月 2024 18:04:45,393 WARN org.apache.pdfbox.pdmodel.font.PDSimpleFont.toUnicode(PDSimpleFont.java:301) No Unicode mapping for 83 (112) in font DGCDAO+ArialUnicodeMS 
06 5月 2024 18:04:45,393 WARN org.apache.pdfbox.pdmodel.font.PDSimpleFont.toUnicode(PDSimpleFont.java:301) No Unicode mapping for 90 (119) in font DGCDAO+ArialUnicodeMS 
06 5月 2024 18:04:45,395 WARN org.apache.pdfbox.pdmodel.font.PDSimpleFont.toUnicode(PDSimpleFont.java:301) No Unicode mapping for 78 (107) in font DGCDAO+ArialUnicodeMS 
06 5月 2024 18:04:45,402 WARN org.apache.pdfbox.pdmodel.font.PDSimpleFont.toUnicode(PDSimpleFont.java:301) No Unicode mapping for 49 (78) in font DGCDAO+ArialUnicodeMS 
06 5月 2024 18:04:45,402 WARN org.apache.pdfbox.pdmodel.font.PDSimpleFont.toUnicode(PDSimpleFont.java:301) No Unicode mapping for 38 (67) in font DGCDAO+ArialUnicodeMS 
06 5月 2024 18:04:45,406 WARN org.apache.pdfbox.pdmodel.font.PDSimpleFont.toUnicode(PDSimpleFont.java:301) No Unicode mapping for 48 (77) in font DGCDAO+ArialUnicodeMS 
06 5月 2024 18:04:45,406 WARN org.apache.pdfbox.pdmodel.font.PDSimpleFont.toUnicode(PDSimpleFont.java:301) No Unicode mapping for 54 (83) in font DGCDAO+ArialUnicodeMS 
06 5月 2024 18:04:45,408 WARN org.apache.pdfbox.pdmodel.font.PDSimpleFont.toUnicode(PDSimpleFont.java:301) No Unicode mapping for 93 (122) in font DGCDAO+ArialUnicodeMS 
06 5月 2024 18:04:45,409 WARN org.apache.pdfbox.pdmodel.font.PDSimpleFont.toUnicode(PDSimpleFont.java:301) No Unicode mapping for 55 (84) in font DGCDAO+ArialUnicodeMS 
06 5月 2024 18:04:45,409 WARN org.apache.pdfbox.pdmodel.font.PDSimpleFont.toUnicode(PDSimpleFont.java:301) No Unicode mapping for 42 (71) in font DGCDAO+ArialUnicodeMS 
06 5月 2024 18:04:45,409 WARN org.apache.pdfbox.pdmodel.font.PDSimpleFont.toUnicode(PDSimpleFont.java:301) No Unicode mapping for 36 (65) in font DGCDAO+ArialUnicodeMS 
06 5月 2024 18:04:45,415 WARN org.apache.pdfbox.pdmodel.font.PDSimpleFont.toUnicode(PDSimpleFont.java:301) No Unicode mapping for 17 (46) in font DGCDAO+ArialUnicodeMS 
06 5月 2024 18:04:45,415 WARN org.apache.pdfbox.pdmodel.font.PDSimpleFont.toUnicode(PDSimpleFont.java:301) No Unicode mapping for 44 (73) in font DGCDAO+ArialUnicodeMS 
06 5月 2024 18:04:45,416 WARN org.apache.pdfbox.pdmodel.font.PDSimpleFont.toUnicode(PDSimpleFont.java:301) No Unicode mapping for 21 (50) in font DGCDAO+ArialUnicodeMS 
06 5月 2024 18:04:45,416 WARN org.apache.pdfbox.pdmodel.font.PDSimpleFont.toUnicode(PDSimpleFont.java:301) No Unicode mapping for 40 (69) in font DGCDAO+ArialUnicodeMS 
06 5月 2024 18:04:45,417 WARN org.apache.pdfbox.pdmodel.font.PDSimpleFont.toUnicode(PDSimpleFont.java:301) No Unicode mapping for 91 (120) in font DGCDAO+ArialUnicodeMS 
06 5月 2024 18:04:45,417 WARN org.apache.pdfbox.pdmodel.font.PDSimpleFont.toUnicode(PDSimpleFont.java:301) No Unicode mapping for 41 (70) in font DGCDAO+ArialUnicodeMS 
06 5月 2024 18:04:45,418 WARN org.apache.pdfbox.pdmodel.font.PDSimpleFont.toUnicode(PDSimpleFont.java:301) No Unicode mapping for 16 (45) in font DGCDAO+ArialUnicodeMS 
06 5月 2024 18:04:45,419 WARN org.apache.pdfbox.pdmodel.font.PDSimpleFont.toUnicode(PDSimpleFont.java:301) No Unicode mapping for 22 (51) in font DGCDAO+ArialUnicodeMS 
06 5月 2024 18:04:45,420 WARN org.apache.pdfbox.pdmodel.font.PDSimpleFont.toUnicode(PDSimpleFont.java:301) No Unicode mapping for 23 (52) in font DGCDAO+ArialUnicodeMS 
06 5月 2024 18:04:45,420 WARN org.apache.pdfbox.pdmodel.font.PDSimpleFont.toUnicode(PDSimpleFont.java:301) No Unicode mapping for 30 (59) in font DGCDAO+ArialUnicodeMS 
06 5月 2024 18:04:45,421 WARN org.apache.pdfbox.pdmodel.font.PDSimpleFont.toUnicode(PDSimpleFont.java:301) No Unicode mapping for 24 (53) in font DGCDAO+ArialUnicodeMS 
06 5月 2024 18:04:45,424 WARN org.apache.pdfbox.pdmodel.font.PDSimpleFont.toUnicode(PDSimpleFont.java:301) No Unicode mapping for 25 (54) in font DGCDAO+ArialUnicodeMS 
06 5月 2024 18:04:45,424 WARN org.apache.pdfbox.pdmodel.font.PDSimpleFont.toUnicode(PDSimpleFont.java:301) No Unicode mapping for 26 (55) in font DGCDAO+ArialUnicodeMS 
06 5月 2024 18:04:45,425 WARN org.apache.pdfbox.pdmodel.font.PDSimpleFont.toUnicode(PDSimpleFont.java:301) No Unicode mapping for 27 (56) in font DGCDAO+ArialUnicodeMS 
06 5月 2024 18:04:45,426 WARN org.apache.pdfbox.pdmodel.font.PDSimpleFont.toUnicode(PDSimpleFont.java:301) No Unicode mapping for 28 (57) in font DGCDAO+ArialUnicodeMS 
06 5月 2024 18:04:45,426 WARN org.apache.pdfbox.pdmodel.font.PDSimpleFont.toUnicode(PDSimpleFont.java:301) No Unicode mapping for 20 (49) in font DGCDAO+ArialUnicodeMS 
06 5月 2024 18:04:45,426 WARN org.apache.pdfbox.pdmodel.font.PDSimpleFont.toUnicode(PDSimpleFont.java:301) No Unicode mapping for 19 (48) in font DGCDAO+ArialUnicodeMS 
]]></system-out>
  </testcase>
  <testcase name="extractContentScannedPdf" classname="com.sismics.docs.core.util.TestFileUtil" time="1.996">
    <failure type="java.lang.AssertionError"><![CDATA[java.lang.AssertionError
	at com.sismics.docs.core.util.TestFileUtil.extractContentScannedPdf(TestFileUtil.java:74)
]]></failure>
    <system-out><![CDATA[06 5月 2024 18:04:45,470 INFO com.sismics.docs.core.util.format.PdfFormatHandler.extractContent(PdfFormatHandler.java:62) OCR page 1/3 of PDF file containing only images 
06 5月 2024 18:04:45,502 DEBUG org.apache.pdfbox.io.ScratchFileBuffer.finalize(ScratchFileBuffer.java:520) ScratchFileBuffer not closed! 
06 5月 2024 18:04:45,503 DEBUG org.apache.pdfbox.io.ScratchFileBuffer.finalize(ScratchFileBuffer.java:520) ScratchFileBuffer not closed! 
06 5月 2024 18:04:45,503 DEBUG org.apache.pdfbox.io.ScratchFileBuffer.finalize(ScratchFileBuffer.java:520) ScratchFileBuffer not closed! 
06 5月 2024 18:04:45,503 DEBUG org.apache.pdfbox.io.ScratchFileBuffer.finalize(ScratchFileBuffer.java:520) ScratchFileBuffer not closed! 
06 5月 2024 18:04:45,503 DEBUG org.apache.pdfbox.io.ScratchFileBuffer.finalize(ScratchFileBuffer.java:520) ScratchFileBuffer not closed! 
06 5月 2024 18:04:45,503 DEBUG org.apache.pdfbox.io.ScratchFileBuffer.finalize(ScratchFileBuffer.java:520) ScratchFileBuffer not closed! 
06 5月 2024 18:04:45,503 DEBUG org.apache.pdfbox.io.ScratchFileBuffer.finalize(ScratchFileBuffer.java:520) ScratchFileBuffer not closed! 
06 5月 2024 18:04:45,503 DEBUG org.apache.pdfbox.io.ScratchFileBuffer.finalize(ScratchFileBuffer.java:520) ScratchFileBuffer not closed! 
06 5月 2024 18:04:45,504 DEBUG org.apache.pdfbox.io.ScratchFileBuffer.finalize(ScratchFileBuffer.java:520) ScratchFileBuffer not closed! 
06 5月 2024 18:04:45,504 DEBUG org.apache.pdfbox.io.ScratchFileBuffer.finalize(ScratchFileBuffer.java:520) ScratchFileBuffer not closed! 
06 5月 2024 18:04:45,504 DEBUG org.apache.pdfbox.io.ScratchFileBuffer.finalize(ScratchFileBuffer.java:520) ScratchFileBuffer not closed! 
06 5月 2024 18:04:46,676 DEBUG org.apache.pdfbox.io.ScratchFileBuffer.finalize(ScratchFileBuffer.java:520) ScratchFileBuffer not closed! 
06 5月 2024 18:04:47,472 ERROR com.sismics.docs.core.util.format.PdfFormatHandler.extractContent(PdfFormatHandler.java:68) Error while OCR-izing the PDF 
java.io.IOException: Cannot run program "tesseract": CreateProcess error=2, 系统找不到指定的文件。
	at java.base/java.lang.ProcessBuilder.start(ProcessBuilder.java:1143)
	at java.base/java.lang.ProcessBuilder.start(ProcessBuilder.java:1073)
	at com.sismics.docs.core.util.FileUtil.ocrFile(FileUtil.java:71)
	at com.sismics.docs.core.util.format.PdfFormatHandler.extractContent(PdfFormatHandler.java:64)
	at com.sismics.docs.core.util.TestFileUtil.extractContentScannedPdf(TestFileUtil.java:73)
	at java.base/jdk.internal.reflect.NativeMethodAccessorImpl.invoke0(Native Method)
	at java.base/jdk.internal.reflect.NativeMethodAccessorImpl.invoke(NativeMethodAccessorImpl.java:77)
	at java.base/jdk.internal.reflect.DelegatingMethodAccessorImpl.invoke(DelegatingMethodAccessorImpl.java:43)
	at java.base/java.lang.reflect.Method.invoke(Method.java:568)
	at org.junit.runners.model.FrameworkMethod$1.runReflectiveCall(FrameworkMethod.java:59)
	at org.junit.internal.runners.model.ReflectiveCallable.run(ReflectiveCallable.java:12)
	at org.junit.runners.model.FrameworkMethod.invokeExplosively(FrameworkMethod.java:56)
	at org.junit.internal.runners.statements.InvokeMethod.evaluate(InvokeMethod.java:17)
	at org.junit.runners.ParentRunner$3.evaluate(ParentRunner.java:306)
	at org.junit.runners.BlockJUnit4ClassRunner$1.evaluate(BlockJUnit4ClassRunner.java:100)
	at org.junit.runners.ParentRunner.runLeaf(ParentRunner.java:366)
	at org.junit.runners.BlockJUnit4ClassRunner.runChild(BlockJUnit4ClassRunner.java:103)
	at org.junit.runners.BlockJUnit4ClassRunner.runChild(BlockJUnit4ClassRunner.java:63)
	at org.junit.runners.ParentRunner$4.run(ParentRunner.java:331)
	at org.junit.runners.ParentRunner$1.schedule(ParentRunner.java:79)
	at org.junit.runners.ParentRunner.runChildren(ParentRunner.java:329)
	at org.junit.runners.ParentRunner.access$100(ParentRunner.java:66)
	at org.junit.runners.ParentRunner$2.evaluate(ParentRunner.java:293)
	at org.junit.runners.ParentRunner$3.evaluate(ParentRunner.java:306)
	at org.junit.runners.ParentRunner.run(ParentRunner.java:413)
	at org.apache.maven.surefire.junit4.JUnit4Provider.execute(JUnit4Provider.java:364)
	at org.apache.maven.surefire.junit4.JUnit4Provider.executeWithRerun(JUnit4Provider.java:272)
	at org.apache.maven.surefire.junit4.JUnit4Provider.executeTestSet(JUnit4Provider.java:237)
	at org.apache.maven.surefire.junit4.JUnit4Provider.invoke(JUnit4Provider.java:158)
	at org.apache.maven.surefire.booter.ForkedBooter.runSuitesInProcess(ForkedBooter.java:428)
	at org.apache.maven.surefire.booter.ForkedBooter.execute(ForkedBooter.java:162)
	at org.apache.maven.surefire.booter.ForkedBooter.run(ForkedBooter.java:562)
	at org.apache.maven.surefire.booter.ForkedBooter.main(ForkedBooter.java:548)
Caused by: java.io.IOException: CreateProcess error=2, 系统找不到指定的文件。
	at java.base/java.lang.ProcessImpl.create(Native Method)
	at java.base/java.lang.ProcessImpl.<init>(ProcessImpl.java:494)
	at java.base/java.lang.ProcessImpl.start(ProcessImpl.java:159)
	at java.base/java.lang.ProcessBuilder.start(ProcessBuilder.java:1110)
	... 32 more
]]></system-out>
  </testcase>
</testsuite>