<?xml version="1.0" encoding="UTF-8"?>
<testsuite xmlns:xsi="http://www.w3.org/2001/XMLSchema-instance" xsi:noNamespaceSchemaLocation="https://maven.apache.org/surefire/maven-surefire-plugin/xsd/surefire-test-report-3.0.xsd" version="3.0" name="com.sismics.docs.rest.TestFileResource" time="33.236" tests="5" errors="0" skipped="0" failures="0">
  <properties>
    <property name="java.specification.version" value="17"/>
    <property name="sun.cpu.isalist" value="amd64"/>
    <property name="sun.jnu.encoding" value="GBK"/>
    <property name="java.class.path" value="D:\COURSE\SE\lab\lab11\Teedy\docs-web\target\test-classes;D:\COURSE\SE\lab\lab11\Teedy\docs-web\target\classes;D:\COURSE\SE\lab\lab11\Teedy\docs-core\target\classes;C:\Users\13181\.m2\repository\org\hibernate\hibernate-core\5.4.27.Final\hibernate-core-5.4.27.Final.jar;C:\Users\13181\.m2\repository\org\jboss\logging\jboss-logging\3.4.1.Final\jboss-logging-3.4.1.Final.jar;C:\Users\13181\.m2\repository\javax\persistence\javax.persistence-api\2.2\javax.persistence-api-2.2.jar;C:\Users\13181\.m2\repository\net\bytebuddy\byte-buddy\1.10.17\byte-buddy-1.10.17.jar;C:\Users\13181\.m2\repository\antlr\antlr\2.7.7\antlr-2.7.7.jar;C:\Users\13181\.m2\repository\org\jboss\spec\javax\transaction\jboss-transaction-api_1.2_spec\1.1.1.Final\jboss-transaction-api_1.2_spec-1.1.1.Final.jar;C:\Users\13181\.m2\repository\org\jboss\jandex\2.1.3.Final\jandex-2.1.3.Final.jar;C:\Users\13181\.m2\repository\com\fasterxml\classmate\1.5.1\classmate-1.5.1.jar;C:\Users\13181\.m2\repository\javax\activation\javax.activation-api\1.2.0\javax.activation-api-1.2.0.jar;C:\Users\13181\.m2\repository\org\dom4j\dom4j\2.1.3\dom4j-2.1.3.jar;C:\Users\13181\.m2\repository\org\hibernate\common\hibernate-commons-annotations\5.1.2.Final\hibernate-commons-annotations-5.1.2.Final.jar;C:\Users\13181\.m2\repository\org\glassfish\jaxb\jaxb-runtime\2.3.1\jaxb-runtime-2.3.1.jar;C:\Users\13181\.m2\repository\org\glassfish\jaxb\txw2\2.3.1\txw2-2.3.1.jar;C:\Users\13181\.m2\repository\com\sun\istack\istack-commons-runtime\3.0.7\istack-commons-runtime-3.0.7.jar;C:\Users\13181\.m2\repository\org\jvnet\staxex\stax-ex\1.8\stax-ex-1.8.jar;C:\Users\13181\.m2\repository\com\sun\xml\fastinfoset\FastInfoset\1.2.15\FastInfoset-1.2.15.jar;C:\Users\13181\.m2\repository\org\hibernate\hibernate-entitymanager\5.4.27.Final\hibernate-entitymanager-5.4.27.Final.jar;C:\Users\13181\.m2\repository\org\hibernate\hibernate-c3p0\5.4.27.Final\hibernate-c3p0-5.4.27.Final.jar;C:\Users\13181\.m2\repository\com\mchange\c3p0\0.9.5.5\c3p0-0.9.5.5.jar;C:\Users\13181\.m2\repository\com\mchange\mchange-commons-java\0.2.19\mchange-commons-java-0.2.19.jar;C:\Users\13181\.m2\repository\org\apache\commons\commons-compress\1.18\commons-compress-1.18.jar;C:\Users\13181\.m2\repository\org\apache\commons\commons-email\1.5\commons-email-1.5.jar;C:\Users\13181\.m2\repository\org\freemarker\freemarker\2.3.30\freemarker-2.3.30.jar;C:\Users\13181\.m2\repository\org\glassfish\javax.json\1.1.4\javax.json-1.1.4.jar;C:\Users\13181\.m2\repository\org\jsoup\jsoup\1.13.1\jsoup-1.13.1.jar;C:\Users\13181\.m2\repository\org\slf4j\slf4j-log4j12\1.7.30\slf4j-log4j12-1.7.30.jar;C:\Users\13181\.m2\repository\org\slf4j\slf4j-api\1.7.30\slf4j-api-1.7.30.jar;C:\Users\13181\.m2\repository\org\slf4j\jcl-over-slf4j\1.7.30\jcl-over-slf4j-1.7.30.jar;C:\Users\13181\.m2\repository\at\favre\lib\bcrypt\0.9.0\bcrypt-0.9.0.jar;C:\Users\13181\.m2\repository\at\favre\lib\bytes\1.3.0\bytes-1.3.0.jar;C:\Users\13181\.m2\repository\org\apache\lucene\lucene-core\8.7.0\lucene-core-8.7.0.jar;C:\Users\13181\.m2\repository\org\apache\lucene\lucene-analyzers-common\8.7.0\lucene-analyzers-common-8.7.0.jar;C:\Users\13181\.m2\repository\org\apache\lucene\lucene-queryparser\8.7.0\lucene-queryparser-8.7.0.jar;C:\Users\13181\.m2\repository\org\apache\lucene\lucene-queries\8.7.0\lucene-queries-8.7.0.jar;C:\Users\13181\.m2\repository\org\apache\lucene\lucene-sandbox\8.7.0\lucene-sandbox-8.7.0.jar;C:\Users\13181\.m2\repository\org\apache\lucene\lucene-suggest\8.7.0\lucene-suggest-8.7.0.jar;C:\Users\13181\.m2\repository\org\apache\lucene\lucene-highlighter\8.7.0\lucene-highlighter-8.7.0.jar;C:\Users\13181\.m2\repository\org\apache\lucene\lucene-memory\8.7.0\lucene-memory-8.7.0.jar;C:\Users\13181\.m2\repository\com\sun\mail\javax.mail\1.6.2\javax.mail-1.6.2.jar;C:\Users\13181\.m2\repository\javax\activation\activation\1.1\activation-1.1.jar;C:\Users\13181\.m2\repository\com\squareup\okhttp3\okhttp\4.9.0\okhttp-4.9.0.jar;C:\Users\13181\.m2\repository\com\squareup\okio\okio\2.8.0\okio-2.8.0.jar;C:\Users\13181\.m2\repository\org\jetbrains\kotlin\kotlin-stdlib-common\1.4.0\kotlin-stdlib-common-1.4.0.jar;C:\Users\13181\.m2\repository\org\jetbrains\kotlin\kotlin-stdlib\1.4.10\kotlin-stdlib-1.4.10.jar;C:\Users\13181\.m2\repository\org\jetbrains\annotations\13.0\annotations-13.0.jar;C:\Users\13181\.m2\repository\org\apache\directory\api\api-all\2.0.1\api-all-2.0.1.jar;C:\Users\13181\.m2\repository\org\apache\servicemix\bundles\org.apache.servicemix.bundles.xpp3\1.1.4c_7\org.apache.servicemix.bundles.xpp3-1.1.4c_7.jar;C:\Users\13181\.m2\repository\org\apache\servicemix\bundles\org.apache.servicemix.bundles.dom4j\2.1.1_1\org.apache.servicemix.bundles.dom4j-2.1.1_1.jar;C:\Users\13181\.m2\repository\org\apache\commons\commons-pool2\2.8.0\commons-pool2-2.8.0.jar;C:\Users\13181\.m2\repository\org\apache\mina\mina-core\2.1.3\mina-core-2.1.3.jar;C:\Users\13181\.m2\repository\org\apache\commons\commons-lang3\3.9\commons-lang3-3.9.jar;C:\Users\13181\.m2\repository\org\apache\commons\commons-collections4\4.4\commons-collections4-4.4.jar;C:\Users\13181\.m2\repository\org\apache\servicemix\bundles\org.apache.servicemix.bundles.antlr\2.7.7_5\org.apache.servicemix.bundles.antlr-2.7.7_5.jar;C:\Users\13181\.m2\repository\commons-codec\commons-codec\1.14\commons-codec-1.14.jar;C:\Users\13181\.m2\repository\org\apache\lucene\lucene-backward-codecs\8.7.0\lucene-backward-codecs-8.7.0.jar;C:\Users\13181\.m2\repository\org\imgscalr\imgscalr-lib\4.2\imgscalr-lib-4.2.jar;C:\Users\13181\.m2\repository\org\apache\pdfbox\pdfbox\2.0.22\pdfbox-2.0.22.jar;C:\Users\13181\.m2\repository\org\apache\pdfbox\fontbox\2.0.22\fontbox-2.0.22.jar;C:\Users\13181\.m2\repository\org\bouncycastle\bcprov-jdk15on\1.68\bcprov-jdk15on-1.68.jar;C:\Users\13181\.m2\repository\fr\opensagres\xdocreport\fr.opensagres.odfdom.converter.pdf\2.0.2\fr.opensagres.odfdom.converter.pdf-2.0.2.jar;C:\Users\13181\.m2\repository\fr\opensagres\xdocreport\fr.opensagres.odfdom.converter.core\2.0.2\fr.opensagres.odfdom.converter.core-2.0.2.jar;C:\Users\13181\.m2\repository\org\odftoolkit\odfdom-java\0.8.7\odfdom-java-0.8.7.jar;C:\Users\13181\.m2\repository\xerces\xercesImpl\2.9.1\xercesImpl-2.9.1.jar;C:\Users\13181\.m2\repository\xml-apis\xml-apis\1.3.04\xml-apis-1.3.04.jar;C:\Users\13181\.m2\repository\fr\opensagres\xdocreport\fr.opensagres.xdocreport.itext.extension\2.0.2\fr.opensagres.xdocreport.itext.extension-2.0.2.jar;C:\Users\13181\.m2\repository\com\lowagie\itext\2.1.7\itext-2.1.7.jar;C:\Users\13181\.m2\repository\fr\opensagres\xdocreport\fr.opensagres.poi.xwpf.converter.pdf\2.0.2\fr.opensagres.poi.xwpf.converter.pdf-2.0.2.jar;C:\Users\13181\.m2\repository\fr\opensagres\xdocreport\fr.opensagres.poi.xwpf.converter.core\2.0.2\fr.opensagres.poi.xwpf.converter.core-2.0.2.jar;C:\Users\13181\.m2\repository\org\apache\poi\poi-ooxml\4.0.1\poi-ooxml-4.0.1.jar;C:\Users\13181\.m2\repository\org\apache\poi\poi\4.0.1\poi-4.0.1.jar;C:\Users\13181\.m2\repository\org\apache\commons\commons-math3\3.6.1\commons-math3-3.6.1.jar;C:\Users\13181\.m2\repository\com\github\virtuald\curvesapi\1.05\curvesapi-1.05.jar;C:\Users\13181\.m2\repository\org\apache\poi\ooxml-schemas\1.4\ooxml-schemas-1.4.jar;C:\Users\13181\.m2\repository\org\apache\xmlbeans\xmlbeans\3.0.1\xmlbeans-3.0.1.jar;C:\Users\13181\.m2\repository\com\twelvemonkeys\imageio\imageio-jpeg\3.6.2\imageio-jpeg-3.6.2.jar;C:\Users\13181\.m2\repository\com\twelvemonkeys\imageio\imageio-core\3.6.2\imageio-core-3.6.2.jar;C:\Users\13181\.m2\repository\com\twelvemonkeys\imageio\imageio-metadata\3.6.2\imageio-metadata-3.6.2.jar;C:\Users\13181\.m2\repository\com\twelvemonkeys\imageio\imageio-tiff\3.6.2\imageio-tiff-3.6.2.jar;C:\Users\13181\.m2\repository\com\github\jai-imageio\jai-imageio-jpeg2000\1.4.0\jai-imageio-jpeg2000-1.4.0.jar;C:\Users\13181\.m2\repository\com\github\jai-imageio\jai-imageio-core\1.4.0\jai-imageio-core-1.4.0.jar;C:\Users\13181\.m2\repository\com\levigo\jbig2\levigo-jbig2-imageio\2.0\levigo-jbig2-imageio-2.0.jar;C:\Users\13181\.m2\repository\org\postgresql\postgresql\42.2.18\postgresql-42.2.18.jar;C:\Users\13181\.m2\repository\javax\xml\bind\jaxb-api\2.3.0\jaxb-api-2.3.0.jar;C:\Users\13181\.m2\repository\com\sun\xml\bind\jaxb-core\2.3.0\jaxb-core-2.3.0.jar;C:\Users\13181\.m2\repository\com\sun\xml\bind\jaxb-impl\2.3.0\jaxb-impl-2.3.0.jar;D:\COURSE\SE\lab\lab11\Teedy\docs-web-common\target\classes;C:\Users\13181\.m2\repository\org\slf4j\jul-to-slf4j\1.7.30\jul-to-slf4j-1.7.30.jar;C:\Users\13181\.m2\repository\org\glassfish\jersey\containers\jersey-container-servlet\2.33\jersey-container-servlet-2.33.jar;C:\Users\13181\.m2\repository\org\glassfish\jersey\containers\jersey-container-servlet-core\2.33\jersey-container-servlet-core-2.33.jar;C:\Users\13181\.m2\repository\org\glassfish\hk2\external\jakarta.inject\2.6.1\jakarta.inject-2.6.1.jar;C:\Users\13181\.m2\repository\org\glassfish\jersey\core\jersey-common\2.33\jersey-common-2.33.jar;C:\Users\13181\.m2\repository\jakarta\annotation\jakarta.annotation-api\1.3.5\jakarta.annotation-api-1.3.5.jar;C:\Users\13181\.m2\repository\org\glassfish\hk2\osgi-resource-locator\1.0.3\osgi-resource-locator-1.0.3.jar;C:\Users\13181\.m2\repository\org\glassfish\jersey\core\jersey-server\2.33\jersey-server-2.33.jar;C:\Users\13181\.m2\repository\org\glassfish\jersey\core\jersey-client\2.33\jersey-client-2.33.jar;C:\Users\13181\.m2\repository\jakarta\validation\jakarta.validation-api\2.0.2\jakarta.validation-api-2.0.2.jar;C:\Users\13181\.m2\repository\jakarta\ws\rs\jakarta.ws.rs-api\2.1.6\jakarta.ws.rs-api-2.1.6.jar;C:\Users\13181\.m2\repository\org\glassfish\jersey\media\jersey-media-json-processing\2.33\jersey-media-json-processing-2.33.jar;C:\Users\13181\.m2\repository\org\glassfish\jakarta.json\1.1.6\jakarta.json-1.1.6.jar;C:\Users\13181\.m2\repository\org\glassfish\jsonp-jaxrs\1.1.6\jsonp-jaxrs-1.1.6.jar;C:\Users\13181\.m2\repository\org\glassfish\jersey\media\jersey-media-multipart\2.33\jersey-media-multipart-2.33.jar;C:\Users\13181\.m2\repository\org\jvnet\mimepull\mimepull\1.9.13\mimepull-1.9.13.jar;C:\Users\13181\.m2\repository\org\glassfish\jersey\inject\jersey-hk2\2.33\jersey-hk2-2.33.jar;C:\Users\13181\.m2\repository\org\glassfish\hk2\hk2-locator\2.6.1\hk2-locator-2.6.1.jar;C:\Users\13181\.m2\repository\org\glassfish\hk2\external\aopalliance-repackaged\2.6.1\aopalliance-repackaged-2.6.1.jar;C:\Users\13181\.m2\repository\org\glassfish\hk2\hk2-api\2.6.1\hk2-api-2.6.1.jar;C:\Users\13181\.m2\repository\org\glassfish\hk2\hk2-utils\2.6.1\hk2-utils-2.6.1.jar;C:\Users\13181\.m2\repository\org\javassist\javassist\3.25.0-GA\javassist-3.25.0-GA.jar;C:\Users\13181\.m2\repository\commons-lang\commons-lang\2.6\commons-lang-2.6.jar;C:\Users\13181\.m2\repository\commons-io\commons-io\2.6\commons-io-2.6.jar;C:\Users\13181\.m2\repository\com\google\guava\guava\30.1-jre\guava-30.1-jre.jar;C:\Users\13181\.m2\repository\com\google\guava\failureaccess\1.0.1\failureaccess-1.0.1.jar;C:\Users\13181\.m2\repository\com\google\guava\listenablefuture\9999.0-empty-to-avoid-conflict-with-guava\listenablefuture-9999.0-empty-to-avoid-conflict-with-guava.jar;C:\Users\13181\.m2\repository\com\google\code\findbugs\jsr305\3.0.2\jsr305-3.0.2.jar;C:\Users\13181\.m2\repository\org\checkerframework\checker-qual\3.5.0\checker-qual-3.5.0.jar;C:\Users\13181\.m2\repository\com\google\errorprone\error_prone_annotations\2.3.4\error_prone_annotations-2.3.4.jar;C:\Users\13181\.m2\repository\com\google\j2objc\j2objc-annotations\1.3\j2objc-annotations-1.3.jar;C:\Users\13181\.m2\repository\log4j\log4j\1.2.17\log4j-1.2.17.jar;C:\Users\13181\.m2\repository\commons-dbcp\commons-dbcp\1.4\commons-dbcp-1.4.jar;C:\Users\13181\.m2\repository\commons-pool\commons-pool\1.5.4\commons-pool-1.5.4.jar;C:\Users\13181\.m2\repository\javax\servlet\javax.servlet-api\4.0.1\javax.servlet-api-4.0.1.jar;C:\Users\13181\.m2\repository\joda-time\joda-time\2.10.9\joda-time-2.10.9.jar;C:\Users\13181\.m2\repository\com\h2database\h2\1.4.199\h2-1.4.199.jar;C:\Users\13181\.m2\repository\com\twelvemonkeys\servlet\servlet\3.6.2\servlet-3.6.2.jar;C:\Users\13181\.m2\repository\com\twelvemonkeys\common\common-lang\3.6.2\common-lang-3.6.2.jar;C:\Users\13181\.m2\repository\com\twelvemonkeys\common\common-io\3.6.2\common-io-3.6.2.jar;C:\Users\13181\.m2\repository\com\twelvemonkeys\common\common-image\3.6.2\common-image-3.6.2.jar;D:\COURSE\SE\lab\lab11\Teedy\docs-web-common\target\test-classes;C:\Users\13181\.m2\repository\junit\junit\4.13.1\junit-4.13.1.jar;C:\Users\13181\.m2\repository\org\hamcrest\hamcrest-core\1.3\hamcrest-core-1.3.jar;C:\Users\13181\.m2\repository\org\glassfish\jersey\test-framework\providers\jersey-test-framework-provider-inmemory\2.33\jersey-test-framework-provider-inmemory-2.33.jar;C:\Users\13181\.m2\repository\org\glassfish\jersey\test-framework\providers\jersey-test-framework-provider-external\2.33\jersey-test-framework-provider-external-2.33.jar;C:\Users\13181\.m2\repository\org\glassfish\jersey\test-framework\providers\jersey-test-framework-provider-jdk-http\2.33\jersey-test-framework-provider-jdk-http-2.33.jar;C:\Users\13181\.m2\repository\org\glassfish\jersey\containers\jersey-container-jdk-http\2.33\jersey-container-jdk-http-2.33.jar;C:\Users\13181\.m2\repository\org\glassfish\jersey\test-framework\providers\jersey-test-framework-provider-simple\2.33\jersey-test-framework-provider-simple-2.33.jar;C:\Users\13181\.m2\repository\org\glassfish\jersey\containers\jersey-container-simple-http\2.33\jersey-container-simple-http-2.33.jar;C:\Users\13181\.m2\repository\org\simpleframework\simple-http\6.0.1\simple-http-6.0.1.jar;C:\Users\13181\.m2\repository\org\simpleframework\simple-transport\6.0.1\simple-transport-6.0.1.jar;C:\Users\13181\.m2\repository\org\simpleframework\simple-common\6.0.1\simple-common-6.0.1.jar;C:\Users\13181\.m2\repository\org\glassfish\jersey\test-framework\providers\jersey-test-framework-provider-jetty\2.33\jersey-test-framework-provider-jetty-2.33.jar;C:\Users\13181\.m2\repository\org\glassfish\jersey\containers\jersey-container-jetty-http\2.33\jersey-container-jetty-http-2.33.jar;C:\Users\13181\.m2\repository\org\eclipse\jetty\jetty-server\9.4.36.v20210114\jetty-server-9.4.36.v20210114.jar;C:\Users\13181\.m2\repository\org\eclipse\jetty\jetty-http\9.4.36.v20210114\jetty-http-9.4.36.v20210114.jar;C:\Users\13181\.m2\repository\org\eclipse\jetty\jetty-io\9.4.36.v20210114\jetty-io-9.4.36.v20210114.jar;C:\Users\13181\.m2\repository\org\eclipse\jetty\jetty-util\9.4.28.v20200408\jetty-util-9.4.28.v20200408.jar;C:\Users\13181\.m2\repository\org\eclipse\jetty\jetty-continuation\9.4.28.v20200408\jetty-continuation-9.4.28.v20200408.jar;C:\Users\13181\.m2\repository\org\glassfish\jersey\test-framework\providers\jersey-test-framework-provider-netty\2.33\jersey-test-framework-provider-netty-2.33.jar;C:\Users\13181\.m2\repository\org\glassfish\jersey\containers\jersey-container-netty-http\2.33\jersey-container-netty-http-2.33.jar;C:\Users\13181\.m2\repository\org\glassfish\jersey\connectors\jersey-netty-connector\2.33\jersey-netty-connector-2.33.jar;C:\Users\13181\.m2\repository\io\netty\netty-all\4.1.43.Final\netty-all-4.1.43.Final.jar;C:\Users\13181\.m2\repository\org\glassfish\jersey\test-framework\providers\jersey-test-framework-provider-grizzly2\2.33\jersey-test-framework-provider-grizzly2-2.33.jar;C:\Users\13181\.m2\repository\jakarta\servlet\jakarta.servlet-api\4.0.3\jakarta.servlet-api-4.0.3.jar;C:\Users\13181\.m2\repository\org\glassfish\jersey\test-framework\jersey-test-framework-core\2.33\jersey-test-framework-core-2.33.jar;C:\Users\13181\.m2\repository\jakarta\xml\bind\jakarta.xml.bind-api\2.3.3\jakarta.xml.bind-api-2.3.3.jar;C:\Users\13181\.m2\repository\jakarta\activation\jakarta.activation-api\1.2.2\jakarta.activation-api-1.2.2.jar;C:\Users\13181\.m2\repository\org\glassfish\jersey\media\jersey-media-jaxb\2.33\jersey-media-jaxb-2.33.jar;C:\Users\13181\.m2\repository\org\glassfish\jersey\containers\jersey-container-grizzly2-http\2.33\jersey-container-grizzly2-http-2.33.jar;C:\Users\13181\.m2\repository\org\glassfish\grizzly\grizzly-http-server\2.4.4\grizzly-http-server-2.4.4.jar;C:\Users\13181\.m2\repository\org\glassfish\grizzly\grizzly-http\2.4.4\grizzly-http-2.4.4.jar;C:\Users\13181\.m2\repository\org\glassfish\grizzly\grizzly-framework\2.4.4\grizzly-framework-2.4.4.jar;C:\Users\13181\.m2\repository\org\glassfish\jersey\containers\jersey-container-grizzly2-servlet\2.33\jersey-container-grizzly2-servlet-2.33.jar;C:\Users\13181\.m2\repository\org\glassfish\grizzly\grizzly-http-servlet\2.4.4\grizzly-http-servlet-2.4.4.jar;C:\Users\13181\.m2\repository\org\subethamail\subethasmtp-wiser\1.2\subethasmtp-wiser-1.2.jar;C:\Users\13181\.m2\repository\org\subethamail\subethasmtp-smtp\1.2\subethasmtp-smtp-1.2.jar;C:\Users\13181\.m2\repository\commons-logging\commons-logging\1.1\commons-logging-1.1.jar;C:\Users\13181\.m2\repository\logkit\logkit\1.0.1\logkit-1.0.1.jar;C:\Users\13181\.m2\repository\avalon-framework\avalon-framework\4.1.3\avalon-framework-4.1.3.jar;C:\Users\13181\.m2\repository\javax\servlet\servlet-api\2.3\servlet-api-2.3.jar;C:\Users\13181\.m2\repository\com\icegreen\greenmail\1.5.8\greenmail-1.5.8.jar;"/>
    <property name="java.vm.vendor" value="Oracle Corporation"/>
    <property name="sun.arch.data.model" value="64"/>
    <property name="user.variant" value=""/>
    <property name="java.vendor.url" value="https://java.oracle.com/"/>
    <property name="user.timezone" value="Asia/Shanghai"/>
    <property name="os.name" value="Windows 10"/>
    <property name="java.vm.specification.version" value="17"/>
    <property name="sun.java.launcher" value="SUN_STANDARD"/>
    <property name="user.country" value="CN"/>
    <property name="sun.boot.library.path" value="C:\Program Files\Java\jdk-17.0.1\bin"/>
    <property name="sun.java.command" value="C:\Users\13181\AppData\Local\Temp\surefire2679537652273834254\surefirebooter15755865849794437002.jar C:\Users\13181\AppData\Local\Temp\surefire2679537652273834254 2024-05-06T18-04-22_434-jvmRun1 surefire5281919044698369819tmp surefire_1514862895525924888440tmp"/>
    <property name="jdk.debug" value="release"/>
    <property name="surefire.test.class.path" value="D:\COURSE\SE\lab\lab11\Teedy\docs-web\target\test-classes;D:\COURSE\SE\lab\lab11\Teedy\docs-web\target\classes;D:\COURSE\SE\lab\lab11\Teedy\docs-core\target\classes;C:\Users\13181\.m2\repository\org\hibernate\hibernate-core\5.4.27.Final\hibernate-core-5.4.27.Final.jar;C:\Users\13181\.m2\repository\org\jboss\logging\jboss-logging\3.4.1.Final\jboss-logging-3.4.1.Final.jar;C:\Users\13181\.m2\repository\javax\persistence\javax.persistence-api\2.2\javax.persistence-api-2.2.jar;C:\Users\13181\.m2\repository\net\bytebuddy\byte-buddy\1.10.17\byte-buddy-1.10.17.jar;C:\Users\13181\.m2\repository\antlr\antlr\2.7.7\antlr-2.7.7.jar;C:\Users\13181\.m2\repository\org\jboss\spec\javax\transaction\jboss-transaction-api_1.2_spec\1.1.1.Final\jboss-transaction-api_1.2_spec-1.1.1.Final.jar;C:\Users\13181\.m2\repository\org\jboss\jandex\2.1.3.Final\jandex-2.1.3.Final.jar;C:\Users\13181\.m2\repository\com\fasterxml\classmate\1.5.1\classmate-1.5.1.jar;C:\Users\13181\.m2\repository\javax\activation\javax.activation-api\1.2.0\javax.activation-api-1.2.0.jar;C:\Users\13181\.m2\repository\org\dom4j\dom4j\2.1.3\dom4j-2.1.3.jar;C:\Users\13181\.m2\repository\org\hibernate\common\hibernate-commons-annotations\5.1.2.Final\hibernate-commons-annotations-5.1.2.Final.jar;C:\Users\13181\.m2\repository\org\glassfish\jaxb\jaxb-runtime\2.3.1\jaxb-runtime-2.3.1.jar;C:\Users\13181\.m2\repository\org\glassfish\jaxb\txw2\2.3.1\txw2-2.3.1.jar;C:\Users\13181\.m2\repository\com\sun\istack\istack-commons-runtime\3.0.7\istack-commons-runtime-3.0.7.jar;C:\Users\13181\.m2\repository\org\jvnet\staxex\stax-ex\1.8\stax-ex-1.8.jar;C:\Users\13181\.m2\repository\com\sun\xml\fastinfoset\FastInfoset\1.2.15\FastInfoset-1.2.15.jar;C:\Users\13181\.m2\repository\org\hibernate\hibernate-entitymanager\5.4.27.Final\hibernate-entitymanager-5.4.27.Final.jar;C:\Users\13181\.m2\repository\org\hibernate\hibernate-c3p0\5.4.27.Final\hibernate-c3p0-5.4.27.Final.jar;C:\Users\13181\.m2\repository\com\mchange\c3p0\0.9.5.5\c3p0-0.9.5.5.jar;C:\Users\13181\.m2\repository\com\mchange\mchange-commons-java\0.2.19\mchange-commons-java-0.2.19.jar;C:\Users\13181\.m2\repository\org\apache\commons\commons-compress\1.18\commons-compress-1.18.jar;C:\Users\13181\.m2\repository\org\apache\commons\commons-email\1.5\commons-email-1.5.jar;C:\Users\13181\.m2\repository\org\freemarker\freemarker\2.3.30\freemarker-2.3.30.jar;C:\Users\13181\.m2\repository\org\glassfish\javax.json\1.1.4\javax.json-1.1.4.jar;C:\Users\13181\.m2\repository\org\jsoup\jsoup\1.13.1\jsoup-1.13.1.jar;C:\Users\13181\.m2\repository\org\slf4j\slf4j-log4j12\1.7.30\slf4j-log4j12-1.7.30.jar;C:\Users\13181\.m2\repository\org\slf4j\slf4j-api\1.7.30\slf4j-api-1.7.30.jar;C:\Users\13181\.m2\repository\org\slf4j\jcl-over-slf4j\1.7.30\jcl-over-slf4j-1.7.30.jar;C:\Users\13181\.m2\repository\at\favre\lib\bcrypt\0.9.0\bcrypt-0.9.0.jar;C:\Users\13181\.m2\repository\at\favre\lib\bytes\1.3.0\bytes-1.3.0.jar;C:\Users\13181\.m2\repository\org\apache\lucene\lucene-core\8.7.0\lucene-core-8.7.0.jar;C:\Users\13181\.m2\repository\org\apache\lucene\lucene-analyzers-common\8.7.0\lucene-analyzers-common-8.7.0.jar;C:\Users\13181\.m2\repository\org\apache\lucene\lucene-queryparser\8.7.0\lucene-queryparser-8.7.0.jar;C:\Users\13181\.m2\repository\org\apache\lucene\lucene-queries\8.7.0\lucene-queries-8.7.0.jar;C:\Users\13181\.m2\repository\org\apache\lucene\lucene-sandbox\8.7.0\lucene-sandbox-8.7.0.jar;C:\Users\13181\.m2\repository\org\apache\lucene\lucene-suggest\8.7.0\lucene-suggest-8.7.0.jar;C:\Users\13181\.m2\repository\org\apache\lucene\lucene-highlighter\8.7.0\lucene-highlighter-8.7.0.jar;C:\Users\13181\.m2\repository\org\apache\lucene\lucene-memory\8.7.0\lucene-memory-8.7.0.jar;C:\Users\13181\.m2\repository\com\sun\mail\javax.mail\1.6.2\javax.mail-1.6.2.jar;C:\Users\13181\.m2\repository\javax\activation\activation\1.1\activation-1.1.jar;C:\Users\13181\.m2\repository\com\squareup\okhttp3\okhttp\4.9.0\okhttp-4.9.0.jar;C:\Users\13181\.m2\repository\com\squareup\okio\okio\2.8.0\okio-2.8.0.jar;C:\Users\13181\.m2\repository\org\jetbrains\kotlin\kotlin-stdlib-common\1.4.0\kotlin-stdlib-common-1.4.0.jar;C:\Users\13181\.m2\repository\org\jetbrains\kotlin\kotlin-stdlib\1.4.10\kotlin-stdlib-1.4.10.jar;C:\Users\13181\.m2\repository\org\jetbrains\annotations\13.0\annotations-13.0.jar;C:\Users\13181\.m2\repository\org\apache\directory\api\api-all\2.0.1\api-all-2.0.1.jar;C:\Users\13181\.m2\repository\org\apache\servicemix\bundles\org.apache.servicemix.bundles.xpp3\1.1.4c_7\org.apache.servicemix.bundles.xpp3-1.1.4c_7.jar;C:\Users\13181\.m2\repository\org\apache\servicemix\bundles\org.apache.servicemix.bundles.dom4j\2.1.1_1\org.apache.servicemix.bundles.dom4j-2.1.1_1.jar;C:\Users\13181\.m2\repository\org\apache\commons\commons-pool2\2.8.0\commons-pool2-2.8.0.jar;C:\Users\13181\.m2\repository\org\apache\mina\mina-core\2.1.3\mina-core-2.1.3.jar;C:\Users\13181\.m2\repository\org\apache\commons\commons-lang3\3.9\commons-lang3-3.9.jar;C:\Users\13181\.m2\repository\org\apache\commons\commons-collections4\4.4\commons-collections4-4.4.jar;C:\Users\13181\.m2\repository\org\apache\servicemix\bundles\org.apache.servicemix.bundles.antlr\2.7.7_5\org.apache.servicemix.bundles.antlr-2.7.7_5.jar;C:\Users\13181\.m2\repository\commons-codec\commons-codec\1.14\commons-codec-1.14.jar;C:\Users\13181\.m2\repository\org\apache\lucene\lucene-backward-codecs\8.7.0\lucene-backward-codecs-8.7.0.jar;C:\Users\13181\.m2\repository\org\imgscalr\imgscalr-lib\4.2\imgscalr-lib-4.2.jar;C:\Users\13181\.m2\repository\org\apache\pdfbox\pdfbox\2.0.22\pdfbox-2.0.22.jar;C:\Users\13181\.m2\repository\org\apache\pdfbox\fontbox\2.0.22\fontbox-2.0.22.jar;C:\Users\13181\.m2\repository\org\bouncycastle\bcprov-jdk15on\1.68\bcprov-jdk15on-1.68.jar;C:\Users\13181\.m2\repository\fr\opensagres\xdocreport\fr.opensagres.odfdom.converter.pdf\2.0.2\fr.opensagres.odfdom.converter.pdf-2.0.2.jar;C:\Users\13181\.m2\repository\fr\opensagres\xdocreport\fr.opensagres.odfdom.converter.core\2.0.2\fr.opensagres.odfdom.converter.core-2.0.2.jar;C:\Users\13181\.m2\repository\org\odftoolkit\odfdom-java\0.8.7\odfdom-java-0.8.7.jar;C:\Users\13181\.m2\repository\xerces\xercesImpl\2.9.1\xercesImpl-2.9.1.jar;C:\Users\13181\.m2\repository\xml-apis\xml-apis\1.3.04\xml-apis-1.3.04.jar;C:\Users\13181\.m2\repository\fr\opensagres\xdocreport\fr.opensagres.xdocreport.itext.extension\2.0.2\fr.opensagres.xdocreport.itext.extension-2.0.2.jar;C:\Users\13181\.m2\repository\com\lowagie\itext\2.1.7\itext-2.1.7.jar;C:\Users\13181\.m2\repository\fr\opensagres\xdocreport\fr.opensagres.poi.xwpf.converter.pdf\2.0.2\fr.opensagres.poi.xwpf.converter.pdf-2.0.2.jar;C:\Users\13181\.m2\repository\fr\opensagres\xdocreport\fr.opensagres.poi.xwpf.converter.core\2.0.2\fr.opensagres.poi.xwpf.converter.core-2.0.2.jar;C:\Users\13181\.m2\repository\org\apache\poi\poi-ooxml\4.0.1\poi-ooxml-4.0.1.jar;C:\Users\13181\.m2\repository\org\apache\poi\poi\4.0.1\poi-4.0.1.jar;C:\Users\13181\.m2\repository\org\apache\commons\commons-math3\3.6.1\commons-math3-3.6.1.jar;C:\Users\13181\.m2\repository\com\github\virtuald\curvesapi\1.05\curvesapi-1.05.jar;C:\Users\13181\.m2\repository\org\apache\poi\ooxml-schemas\1.4\ooxml-schemas-1.4.jar;C:\Users\13181\.m2\repository\org\apache\xmlbeans\xmlbeans\3.0.1\xmlbeans-3.0.1.jar;C:\Users\13181\.m2\repository\com\twelvemonkeys\imageio\imageio-jpeg\3.6.2\imageio-jpeg-3.6.2.jar;C:\Users\13181\.m2\repository\com\twelvemonkeys\imageio\imageio-core\3.6.2\imageio-core-3.6.2.jar;C:\Users\13181\.m2\repository\com\twelvemonkeys\imageio\imageio-metadata\3.6.2\imageio-metadata-3.6.2.jar;C:\Users\13181\.m2\repository\com\twelvemonkeys\imageio\imageio-tiff\3.6.2\imageio-tiff-3.6.2.jar;C:\Users\13181\.m2\repository\com\github\jai-imageio\jai-imageio-jpeg2000\1.4.0\jai-imageio-jpeg2000-1.4.0.jar;C:\Users\13181\.m2\repository\com\github\jai-imageio\jai-imageio-core\1.4.0\jai-imageio-core-1.4.0.jar;C:\Users\13181\.m2\repository\com\levigo\jbig2\levigo-jbig2-imageio\2.0\levigo-jbig2-imageio-2.0.jar;C:\Users\13181\.m2\repository\org\postgresql\postgresql\42.2.18\postgresql-42.2.18.jar;C:\Users\13181\.m2\repository\javax\xml\bind\jaxb-api\2.3.0\jaxb-api-2.3.0.jar;C:\Users\13181\.m2\repository\com\sun\xml\bind\jaxb-core\2.3.0\jaxb-core-2.3.0.jar;C:\Users\13181\.m2\repository\com\sun\xml\bind\jaxb-impl\2.3.0\jaxb-impl-2.3.0.jar;D:\COURSE\SE\lab\lab11\Teedy\docs-web-common\target\classes;C:\Users\13181\.m2\repository\org\slf4j\jul-to-slf4j\1.7.30\jul-to-slf4j-1.7.30.jar;C:\Users\13181\.m2\repository\org\glassfish\jersey\containers\jersey-container-servlet\2.33\jersey-container-servlet-2.33.jar;C:\Users\13181\.m2\repository\org\glassfish\jersey\containers\jersey-container-servlet-core\2.33\jersey-container-servlet-core-2.33.jar;C:\Users\13181\.m2\repository\org\glassfish\hk2\external\jakarta.inject\2.6.1\jakarta.inject-2.6.1.jar;C:\Users\13181\.m2\repository\org\glassfish\jersey\core\jersey-common\2.33\jersey-common-2.33.jar;C:\Users\13181\.m2\repository\jakarta\annotation\jakarta.annotation-api\1.3.5\jakarta.annotation-api-1.3.5.jar;C:\Users\13181\.m2\repository\org\glassfish\hk2\osgi-resource-locator\1.0.3\osgi-resource-locator-1.0.3.jar;C:\Users\13181\.m2\repository\org\glassfish\jersey\core\jersey-server\2.33\jersey-server-2.33.jar;C:\Users\13181\.m2\repository\org\glassfish\jersey\core\jersey-client\2.33\jersey-client-2.33.jar;C:\Users\13181\.m2\repository\jakarta\validation\jakarta.validation-api\2.0.2\jakarta.validation-api-2.0.2.jar;C:\Users\13181\.m2\repository\jakarta\ws\rs\jakarta.ws.rs-api\2.1.6\jakarta.ws.rs-api-2.1.6.jar;C:\Users\13181\.m2\repository\org\glassfish\jersey\media\jersey-media-json-processing\2.33\jersey-media-json-processing-2.33.jar;C:\Users\13181\.m2\repository\org\glassfish\jakarta.json\1.1.6\jakarta.json-1.1.6.jar;C:\Users\13181\.m2\repository\org\glassfish\jsonp-jaxrs\1.1.6\jsonp-jaxrs-1.1.6.jar;C:\Users\13181\.m2\repository\org\glassfish\jersey\media\jersey-media-multipart\2.33\jersey-media-multipart-2.33.jar;C:\Users\13181\.m2\repository\org\jvnet\mimepull\mimepull\1.9.13\mimepull-1.9.13.jar;C:\Users\13181\.m2\repository\org\glassfish\jersey\inject\jersey-hk2\2.33\jersey-hk2-2.33.jar;C:\Users\13181\.m2\repository\org\glassfish\hk2\hk2-locator\2.6.1\hk2-locator-2.6.1.jar;C:\Users\13181\.m2\repository\org\glassfish\hk2\external\aopalliance-repackaged\2.6.1\aopalliance-repackaged-2.6.1.jar;C:\Users\13181\.m2\repository\org\glassfish\hk2\hk2-api\2.6.1\hk2-api-2.6.1.jar;C:\Users\13181\.m2\repository\org\glassfish\hk2\hk2-utils\2.6.1\hk2-utils-2.6.1.jar;C:\Users\13181\.m2\repository\org\javassist\javassist\3.25.0-GA\javassist-3.25.0-GA.jar;C:\Users\13181\.m2\repository\commons-lang\commons-lang\2.6\commons-lang-2.6.jar;C:\Users\13181\.m2\repository\commons-io\commons-io\2.6\commons-io-2.6.jar;C:\Users\13181\.m2\repository\com\google\guava\guava\30.1-jre\guava-30.1-jre.jar;C:\Users\13181\.m2\repository\com\google\guava\failureaccess\1.0.1\failureaccess-1.0.1.jar;C:\Users\13181\.m2\repository\com\google\guava\listenablefuture\9999.0-empty-to-avoid-conflict-with-guava\listenablefuture-9999.0-empty-to-avoid-conflict-with-guava.jar;C:\Users\13181\.m2\repository\com\google\code\findbugs\jsr305\3.0.2\jsr305-3.0.2.jar;C:\Users\13181\.m2\repository\org\checkerframework\checker-qual\3.5.0\checker-qual-3.5.0.jar;C:\Users\13181\.m2\repository\com\google\errorprone\error_prone_annotations\2.3.4\error_prone_annotations-2.3.4.jar;C:\Users\13181\.m2\repository\com\google\j2objc\j2objc-annotations\1.3\j2objc-annotations-1.3.jar;C:\Users\13181\.m2\repository\log4j\log4j\1.2.17\log4j-1.2.17.jar;C:\Users\13181\.m2\repository\commons-dbcp\commons-dbcp\1.4\commons-dbcp-1.4.jar;C:\Users\13181\.m2\repository\commons-pool\commons-pool\1.5.4\commons-pool-1.5.4.jar;C:\Users\13181\.m2\repository\javax\servlet\javax.servlet-api\4.0.1\javax.servlet-api-4.0.1.jar;C:\Users\13181\.m2\repository\joda-time\joda-time\2.10.9\joda-time-2.10.9.jar;C:\Users\13181\.m2\repository\com\h2database\h2\1.4.199\h2-1.4.199.jar;C:\Users\13181\.m2\repository\com\twelvemonkeys\servlet\servlet\3.6.2\servlet-3.6.2.jar;C:\Users\13181\.m2\repository\com\twelvemonkeys\common\common-lang\3.6.2\common-lang-3.6.2.jar;C:\Users\13181\.m2\repository\com\twelvemonkeys\common\common-io\3.6.2\common-io-3.6.2.jar;C:\Users\13181\.m2\repository\com\twelvemonkeys\common\common-image\3.6.2\common-image-3.6.2.jar;D:\COURSE\SE\lab\lab11\Teedy\docs-web-common\target\test-classes;C:\Users\13181\.m2\repository\junit\junit\4.13.1\junit-4.13.1.jar;C:\Users\13181\.m2\repository\org\hamcrest\hamcrest-core\1.3\hamcrest-core-1.3.jar;C:\Users\13181\.m2\repository\org\glassfish\jersey\test-framework\providers\jersey-test-framework-provider-inmemory\2.33\jersey-test-framework-provider-inmemory-2.33.jar;C:\Users\13181\.m2\repository\org\glassfish\jersey\test-framework\providers\jersey-test-framework-provider-external\2.33\jersey-test-framework-provider-external-2.33.jar;C:\Users\13181\.m2\repository\org\glassfish\jersey\test-framework\providers\jersey-test-framework-provider-jdk-http\2.33\jersey-test-framework-provider-jdk-http-2.33.jar;C:\Users\13181\.m2\repository\org\glassfish\jersey\containers\jersey-container-jdk-http\2.33\jersey-container-jdk-http-2.33.jar;C:\Users\13181\.m2\repository\org\glassfish\jersey\test-framework\providers\jersey-test-framework-provider-simple\2.33\jersey-test-framework-provider-simple-2.33.jar;C:\Users\13181\.m2\repository\org\glassfish\jersey\containers\jersey-container-simple-http\2.33\jersey-container-simple-http-2.33.jar;C:\Users\13181\.m2\repository\org\simpleframework\simple-http\6.0.1\simple-http-6.0.1.jar;C:\Users\13181\.m2\repository\org\simpleframework\simple-transport\6.0.1\simple-transport-6.0.1.jar;C:\Users\13181\.m2\repository\org\simpleframework\simple-common\6.0.1\simple-common-6.0.1.jar;C:\Users\13181\.m2\repository\org\glassfish\jersey\test-framework\providers\jersey-test-framework-provider-jetty\2.33\jersey-test-framework-provider-jetty-2.33.jar;C:\Users\13181\.m2\repository\org\glassfish\jersey\containers\jersey-container-jetty-http\2.33\jersey-container-jetty-http-2.33.jar;C:\Users\13181\.m2\repository\org\eclipse\jetty\jetty-server\9.4.36.v20210114\jetty-server-9.4.36.v20210114.jar;C:\Users\13181\.m2\repository\org\eclipse\jetty\jetty-http\9.4.36.v20210114\jetty-http-9.4.36.v20210114.jar;C:\Users\13181\.m2\repository\org\eclipse\jetty\jetty-io\9.4.36.v20210114\jetty-io-9.4.36.v20210114.jar;C:\Users\13181\.m2\repository\org\eclipse\jetty\jetty-util\9.4.28.v20200408\jetty-util-9.4.28.v20200408.jar;C:\Users\13181\.m2\repository\org\eclipse\jetty\jetty-continuation\9.4.28.v20200408\jetty-continuation-9.4.28.v20200408.jar;C:\Users\13181\.m2\repository\org\glassfish\jersey\test-framework\providers\jersey-test-framework-provider-netty\2.33\jersey-test-framework-provider-netty-2.33.jar;C:\Users\13181\.m2\repository\org\glassfish\jersey\containers\jersey-container-netty-http\2.33\jersey-container-netty-http-2.33.jar;C:\Users\13181\.m2\repository\org\glassfish\jersey\connectors\jersey-netty-connector\2.33\jersey-netty-connector-2.33.jar;C:\Users\13181\.m2\repository\io\netty\netty-all\4.1.43.Final\netty-all-4.1.43.Final.jar;C:\Users\13181\.m2\repository\org\glassfish\jersey\test-framework\providers\jersey-test-framework-provider-grizzly2\2.33\jersey-test-framework-provider-grizzly2-2.33.jar;C:\Users\13181\.m2\repository\jakarta\servlet\jakarta.servlet-api\4.0.3\jakarta.servlet-api-4.0.3.jar;C:\Users\13181\.m2\repository\org\glassfish\jersey\test-framework\jersey-test-framework-core\2.33\jersey-test-framework-core-2.33.jar;C:\Users\13181\.m2\repository\jakarta\xml\bind\jakarta.xml.bind-api\2.3.3\jakarta.xml.bind-api-2.3.3.jar;C:\Users\13181\.m2\repository\jakarta\activation\jakarta.activation-api\1.2.2\jakarta.activation-api-1.2.2.jar;C:\Users\13181\.m2\repository\org\glassfish\jersey\media\jersey-media-jaxb\2.33\jersey-media-jaxb-2.33.jar;C:\Users\13181\.m2\repository\org\glassfish\jersey\containers\jersey-container-grizzly2-http\2.33\jersey-container-grizzly2-http-2.33.jar;C:\Users\13181\.m2\repository\org\glassfish\grizzly\grizzly-http-server\2.4.4\grizzly-http-server-2.4.4.jar;C:\Users\13181\.m2\repository\org\glassfish\grizzly\grizzly-http\2.4.4\grizzly-http-2.4.4.jar;C:\Users\13181\.m2\repository\org\glassfish\grizzly\grizzly-framework\2.4.4\grizzly-framework-2.4.4.jar;C:\Users\13181\.m2\repository\org\glassfish\jersey\containers\jersey-container-grizzly2-servlet\2.33\jersey-container-grizzly2-servlet-2.33.jar;C:\Users\13181\.m2\repository\org\glassfish\grizzly\grizzly-http-servlet\2.4.4\grizzly-http-servlet-2.4.4.jar;C:\Users\13181\.m2\repository\org\subethamail\subethasmtp-wiser\1.2\subethasmtp-wiser-1.2.jar;C:\Users\13181\.m2\repository\org\subethamail\subethasmtp-smtp\1.2\subethasmtp-smtp-1.2.jar;C:\Users\13181\.m2\repository\commons-logging\commons-logging\1.1\commons-logging-1.1.jar;C:\Users\13181\.m2\repository\logkit\logkit\1.0.1\logkit-1.0.1.jar;C:\Users\13181\.m2\repository\avalon-framework\avalon-framework\4.1.3\avalon-framework-4.1.3.jar;C:\Users\13181\.m2\repository\javax\servlet\servlet-api\2.3\servlet-api-2.3.jar;C:\Users\13181\.m2\repository\com\icegreen\greenmail\1.5.8\greenmail-1.5.8.jar;"/>
    <property name="sun.cpu.endian" value="little"/>
    <property name="user.home" value="C:\Users\13181"/>
    <property name="user.language" value="zh"/>
    <property name="java.specification.vendor" value="Oracle Corporation"/>
    <property name="java.version.date" value="2021-10-19"/>
    <property name="java.home" value="C:\Program Files\Java\jdk-17.0.1"/>
    <property name="file.separator" value="\"/>
    <property name="basedir" value="D:\COURSE\SE\lab\lab11\Teedy\docs-web"/>
    <property name="java.vm.compressedOopsMode" value="Zero based"/>
    <property name="line.separator" value="&#10;"/>
    <property name="java.vm.specification.vendor" value="Oracle Corporation"/>
    <property name="java.specification.name" value="Java Platform API Specification"/>
    <property name="surefire.real.class.path" value="C:\Users\13181\AppData\Local\Temp\surefire2679537652273834254\surefirebooter15755865849794437002.jar"/>
    <property name="user.script" value=""/>
    <property name="sun.management.compiler" value="HotSpot 64-Bit Tiered Compilers"/>
    <property name="java.runtime.version" value="17.0.1+12-LTS-39"/>
    <property name="user.name" value="13181"/>
    <property name="path.separator" value=";"/>
    <property name="os.version" value="10.0"/>
    <property name="java.runtime.name" value="Java(TM) SE Runtime Environment"/>
    <property name="file.encoding" value="GBK"/>
    <property name="java.vm.name" value="Java HotSpot(TM) 64-Bit Server VM"/>
    <property name="localRepository" value="C:\Users\13181\.m2\repository"/>
    <property name="java.vendor.url.bug" value="https://bugreport.java.com/bugreport/"/>
    <property name="java.io.tmpdir" value="C:\Users\13181\AppData\Local\Temp\"/>
    <property name="java.version" value="17.0.1"/>
    <property name="user.dir" value="D:\COURSE\SE\lab\lab11\Teedy\docs-web"/>
    <property name="os.arch" value="amd64"/>
    <property name="java.vm.specification.name" value="Java Virtual Machine Specification"/>
    <property name="sun.os.patch.level" value=""/>
    <property name="native.encoding" value="GBK"/>
    <property name="java.library.path" value="C:\Program Files\Java\jdk-17.0.1\bin;C:\WINDOWS\Sun\Java\bin;C:\WINDOWS\system32;C:\WINDOWS;C:\Python312\Scripts\;C:\Python312\;D:\虚拟机\bin\;C:\Program Files\Eclipse Adoptium\jdk-17.0.7.7-hotspot\bin;C:\Program Files\Common Files\Oracle\Java\javapath;C:\Program Files (x86)\Common Files\Oracle\Java\javapath;C:\Windows\system32;C:\Windows;C:\Windows\System32\Wbem;C:\Windows\System32\WindowsPowerShell\v1.0\;C:\Windows\System32\OpenSSH\;C:\Program Files\Intel\WiFi\bin\;C:\Program Files\Common Files\Intel\WirelessCommon\;C:\Program Files (x86)\NVIDIA Corporation\PhysX\Common;C:\Program Files\NVIDIA Corporation\NVIDIA NvDLISR;C:\WINDOWS\system32;C:\WINDOWS;C:\WINDOWS\System32\Wbem;C:\WINDOWS\System32\WindowsPowerShell\v1.0\;C:\WINDOWS\System32\OpenSSH\;C:\Program Files\Java\jdk-17.0.1\bin;C:\Program Files\dotnet\;C:\Program Files\TortoiseGit\bin;C:\Program Files\Git\cmd;D:\Vivado\2017.4\bin;D:\ctags-2023-05-17_p6.0.20230514.0-10-g3547021-x64;C:\Program Files (x86)\ISC BIND 9\bin;D:\Graphviz\bin;D:\apache-maven-3.9.6\bin;D:\nodejs\;C:\ProgramData\chocolatey\bin;D:\python397\Scripts\;D:\python397\;C:\Users\13181\AppData\Local\Programs\Python\Python37\Scripts\;C:\Users\13181\AppData\Local\Programs\Python\Python37\;C:\Users\13181\.pyenv\pyenv-win\bin;C:\Users\13181\.pyenv\pyenv-win\shims;D:\anaconda;D:\anaconda\Library\mingw-w64\bin;D:\anaconda\Library\usr\bin;D:\anaconda\Library\bin;D:\anaconda\Scripts;D:\python\Scripts\;D:\python\;C:\Program Files\MySQL\MySQL Shell 8.0\bin\;C:\Users\13181\AppData\Local\Microsoft\WindowsApps;C:\Program Files\Java\jdk-17.0.1\bin;C:\Program Files\JetBrains\IntelliJ IDEA Community Edition 2022.1\bin;;C:\Users\13181\AppData\Local\GitHubDesktop\bin;C:\Program Files\JetBrains\DataGrip 2022.2.2\bin;;D:\Microsoft VS Code\bin;C:\Program Files\JetBrains\IntelliJ IDEA 2023.1.1\bin;;C:\Program Files\JetBrains\PyCharm 2023.1.2\bin;;C:\Program Files\JetBrains\WebStorm 2023.2.1\bin;;D:\texlive\2023\bin\windows;C:\Users\13181\AppData\Roaming\npm;."/>
    <property name="java.vm.info" value="mixed mode, sharing"/>
    <property name="java.vendor" value="Oracle Corporation"/>
    <property name="java.vm.version" value="17.0.1+12-LTS-39"/>
    <property name="sun.io.unicode.encoding" value="UnicodeLittle"/>
    <property name="java.class.version" value="61.0"/>
  </properties>
  <testcase name="testQuota" classname="com.sismics.docs.rest.TestFileResource" time="11.874">
    <system-out><![CDATA[06 5月 2024 18:06:17,382 INFO com.sismics.util.filter.RequestContextFilter.init(RequestContextFilter.java:43) Using base data directory: C:\Users\13181\AppData\Local\Temp 
06 5月 2024 18:06:20,314 INFO com.sismics.util.ClasspathScanner.findClasses(ClasspathScanner.java:48) Found 1 classes for IndexingHandler 
06 5月 2024 18:06:20,360 INFO com.sismics.docs.core.util.indexing.LuceneIndexingHandler.initLucene(LuceneIndexingHandler.java:115) Using RAM Lucene storage 
06 5月 2024 18:06:20,481 INFO com.sismics.docs.core.service.FileService.startUp(FileService.java:39) File service starting up 
06 5月 2024 18:06:20,485 INFO com.sismics.docs.core.service.InboxService.startUp(InboxService.java:55) Inbox service starting up 
06 5月 2024 18:06:21,896 INFO com.sismics.util.ClasspathScanner.findClasses(ClasspathScanner.java:48) Found 2 classes for AuthenticationHandler 
06 5月 2024 18:06:23,260 INFO com.sismics.docs.core.util.FileUtil.startProcessingFile(FileUtil.java:221) Processing started for file: e669fee1-bffa-41fb-8ffa-4fb6ef3c0ab5 
06 5月 2024 18:06:23,270 INFO com.sismics.docs.core.listener.async.FileProcessingAsyncListener.on(FileProcessingAsyncListener.java:53) File created event: FileCreatedAsyncEvent{fileId=e669fee1-bffa-41fb-8ffa-4fb6ef3c0ab5, language=null} 
06 5月 2024 18:06:23,519 INFO com.sismics.util.ClasspathScanner.findClasses(ClasspathScanner.java:48) Found 7 classes for FormatHandler 
06 5月 2024 18:06:23,926 INFO com.sismics.docs.core.listener.async.FileProcessingAsyncListener.extractContent(FileProcessingAsyncListener.java:176) Start extracting content from: File{id=e669fee1-bffa-41fb-8ffa-4fb6ef3c0ab5, name=Einstein-Roosevelt-letter.png} 
06 5月 2024 18:06:23,927 INFO com.sismics.docs.core.listener.async.FileProcessingAsyncListener.extractContent(FileProcessingAsyncListener.java:182) File content extracted in 1ms: e669fee1-bffa-41fb-8ffa-4fb6ef3c0ab5 
06 5月 2024 18:06:24,023 INFO com.sismics.docs.core.util.FileUtil.endProcessingFile(FileUtil.java:231) Processing ended for file: e669fee1-bffa-41fb-8ffa-4fb6ef3c0ab5 
06 5月 2024 18:06:24,083 INFO com.sismics.docs.core.util.FileUtil.startProcessingFile(FileUtil.java:221) Processing started for file: ea86b65a-9cce-4f24-8cbf-8bea2900261e 
06 5月 2024 18:06:24,086 INFO com.sismics.docs.core.listener.async.FileProcessingAsyncListener.on(FileProcessingAsyncListener.java:53) File created event: FileCreatedAsyncEvent{fileId=ea86b65a-9cce-4f24-8cbf-8bea2900261e, language=null} 
06 5月 2024 18:06:24,422 INFO com.sismics.docs.core.listener.async.FileProcessingAsyncListener.extractContent(FileProcessingAsyncListener.java:176) Start extracting content from: File{id=ea86b65a-9cce-4f24-8cbf-8bea2900261e, name=Einstein-Roosevelt-letter.png} 
06 5月 2024 18:06:24,423 INFO com.sismics.docs.core.listener.async.FileProcessingAsyncListener.extractContent(FileProcessingAsyncListener.java:182) File content extracted in 1ms: ea86b65a-9cce-4f24-8cbf-8bea2900261e 
06 5月 2024 18:06:24,427 INFO com.sismics.docs.core.util.FileUtil.endProcessingFile(FileUtil.java:231) Processing ended for file: ea86b65a-9cce-4f24-8cbf-8bea2900261e 
06 5月 2024 18:06:24,480 INFO com.sismics.docs.core.util.FileUtil.startProcessingFile(FileUtil.java:221) Processing started for file: 029e461c-e25d-42b2-97bd-16a9d0c64786 
06 5月 2024 18:06:24,483 INFO com.sismics.docs.core.listener.async.FileProcessingAsyncListener.on(FileProcessingAsyncListener.java:53) File created event: FileCreatedAsyncEvent{fileId=029e461c-e25d-42b2-97bd-16a9d0c64786, language=null} 
06 5月 2024 18:06:24,817 INFO com.sismics.docs.core.listener.async.FileProcessingAsyncListener.extractContent(FileProcessingAsyncListener.java:176) Start extracting content from: File{id=029e461c-e25d-42b2-97bd-16a9d0c64786, name=Einstein-Roosevelt-letter.png} 
06 5月 2024 18:06:24,817 INFO com.sismics.docs.core.listener.async.FileProcessingAsyncListener.extractContent(FileProcessingAsyncListener.java:182) File content extracted in 0ms: 029e461c-e25d-42b2-97bd-16a9d0c64786 
06 5月 2024 18:06:24,822 INFO com.sismics.docs.core.util.FileUtil.endProcessingFile(FileUtil.java:231) Processing ended for file: 029e461c-e25d-42b2-97bd-16a9d0c64786 
06 5月 2024 18:06:24,855 ERROR com.sismics.rest.exception.ClientException.<init>(ClientException.java:36) QuotaReached: QuotaReached 
java.io.IOException: QuotaReached
	at com.sismics.docs.core.util.FileUtil.createFile(FileUtil.java:130)
	at com.sismics.docs.rest.resource.FileResource.add(FileResource.java:129)
	at java.base/jdk.internal.reflect.NativeMethodAccessorImpl.invoke0(Native Method)
	at java.base/jdk.internal.reflect.NativeMethodAccessorImpl.invoke(NativeMethodAccessorImpl.java:77)
	at java.base/jdk.internal.reflect.DelegatingMethodAccessorImpl.invoke(DelegatingMethodAccessorImpl.java:43)
	at java.base/java.lang.reflect.Method.invoke(Method.java:568)
	at org.glassfish.jersey.server.model.internal.ResourceMethodInvocationHandlerFactory.lambda$static$0(ResourceMethodInvocationHandlerFactory.java:52)
	at org.glassfish.jersey.server.model.internal.AbstractJavaResourceMethodDispatcher$1.run(AbstractJavaResourceMethodDispatcher.java:124)
	at org.glassfish.jersey.server.model.internal.AbstractJavaResourceMethodDispatcher.invoke(AbstractJavaResourceMethodDispatcher.java:167)
	at org.glassfish.jersey.server.model.internal.JavaResourceMethodDispatcherProvider$ResponseOutInvoker.doDispatch(JavaResourceMethodDispatcherProvider.java:176)
	at org.glassfish.jersey.server.model.internal.AbstractJavaResourceMethodDispatcher.dispatch(AbstractJavaResourceMethodDispatcher.java:79)
	at org.glassfish.jersey.server.model.ResourceMethodInvoker.invoke(ResourceMethodInvoker.java:475)
	at org.glassfish.jersey.server.model.ResourceMethodInvoker.apply(ResourceMethodInvoker.java:397)
	at org.glassfish.jersey.server.model.ResourceMethodInvoker.apply(ResourceMethodInvoker.java:81)
	at org.glassfish.jersey.server.ServerRuntime$1.run(ServerRuntime.java:255)
	at org.glassfish.jersey.internal.Errors$1.call(Errors.java:248)
	at org.glassfish.jersey.internal.Errors$1.call(Errors.java:244)
	at org.glassfish.jersey.internal.Errors.process(Errors.java:292)
	at org.glassfish.jersey.internal.Errors.process(Errors.java:274)
	at org.glassfish.jersey.internal.Errors.process(Errors.java:244)
	at org.glassfish.jersey.process.internal.RequestScope.runInScope(RequestScope.java:265)
	at org.glassfish.jersey.server.ServerRuntime.process(ServerRuntime.java:234)
	at org.glassfish.jersey.server.ApplicationHandler.handle(ApplicationHandler.java:680)
	at org.glassfish.jersey.servlet.WebComponent.serviceImpl(WebComponent.java:394)
	at org.glassfish.jersey.servlet.WebComponent.service(WebComponent.java:346)
	at org.glassfish.jersey.servlet.ServletContainer.service(ServletContainer.java:366)
	at org.glassfish.jersey.servlet.ServletContainer.service(ServletContainer.java:319)
	at org.glassfish.jersey.servlet.ServletContainer.service(ServletContainer.java:205)
	at org.glassfish.grizzly.servlet.FilterChainImpl.doFilter(FilterChainImpl.java:124)
	at com.sismics.util.filter.SecurityFilter.doFilter(SecurityFilter.java:134)
	at org.glassfish.grizzly.servlet.FilterChainImpl.doFilter(FilterChainImpl.java:114)
	at com.sismics.util.filter.SecurityFilter.doFilter(SecurityFilter.java:134)
	at org.glassfish.grizzly.servlet.FilterChainImpl.doFilter(FilterChainImpl.java:114)
	at com.sismics.util.filter.RequestContextFilter.doFilter(RequestContextFilter.java:89)
	at org.glassfish.grizzly.servlet.FilterChainImpl.doFilter(FilterChainImpl.java:114)
	at org.glassfish.grizzly.servlet.FilterChainImpl.invokeFilterChain(FilterChainImpl.java:83)
	at org.glassfish.grizzly.servlet.ServletHandler.doServletService(ServletHandler.java:202)
	at org.glassfish.grizzly.servlet.ServletHandler.service(ServletHandler.java:149)
	at org.glassfish.grizzly.http.server.HttpHandler$1.run(HttpHandler.java:200)
	at org.glassfish.grizzly.threadpool.AbstractThreadPool$Worker.doWork(AbstractThreadPool.java:569)
	at org.glassfish.grizzly.threadpool.AbstractThreadPool$Worker.run(AbstractThreadPool.java:549)
	at java.base/java.lang.Thread.run(Thread.java:833)
06 5月 2024 18:06:24,879 INFO com.sismics.docs.core.listener.async.FileDeletedAsyncListener.on(FileDeletedAsyncListener.java:33) File deleted event: FileDeletedAsyncEvent{fileId=e669fee1-bffa-41fb-8ffa-4fb6ef3c0ab5} 
06 5月 2024 18:06:24,957 INFO com.sismics.docs.core.listener.async.DocumentCreatedAsyncListener.on(DocumentCreatedAsyncListener.java:35) Document created event: DocumentCreatedAsyncEvent{documentId=c27fc5e2-bb0c-4c35-a6ec-06bf072cb783} 
06 5月 2024 18:06:25,011 INFO com.sismics.docs.core.util.FileUtil.startProcessingFile(FileUtil.java:221) Processing started for file: 6728fb7c-e0e3-407b-a395-6d4f23200e66 
06 5月 2024 18:06:25,014 INFO com.sismics.docs.core.listener.async.FileProcessingAsyncListener.on(FileProcessingAsyncListener.java:53) File created event: FileCreatedAsyncEvent{fileId=6728fb7c-e0e3-407b-a395-6d4f23200e66, language=eng} 
06 5月 2024 18:06:25,281 INFO com.sismics.docs.core.listener.async.FileProcessingAsyncListener.extractContent(FileProcessingAsyncListener.java:176) Start extracting content from: File{id=6728fb7c-e0e3-407b-a395-6d4f23200e66, name=PIA00452.jpg} 
06 5月 2024 18:06:27,786 ERROR com.sismics.docs.core.listener.async.FileProcessingAsyncListener.extractContent(FileProcessingAsyncListener.java:180) Error extracting content from: File{id=6728fb7c-e0e3-407b-a395-6d4f23200e66, name=PIA00452.jpg} 
java.io.IOException: Cannot run program "tesseract": CreateProcess error=2, 系统找不到指定的文件。
	at java.base/java.lang.ProcessBuilder.start(ProcessBuilder.java:1143)
	at java.base/java.lang.ProcessBuilder.start(ProcessBuilder.java:1073)
	at com.sismics.docs.core.util.FileUtil.ocrFile(FileUtil.java:71)
	at com.sismics.docs.core.util.format.ImageFormatHandler.extractContent(ImageFormatHandler.java:53)
	at com.sismics.docs.core.listener.async.FileProcessingAsyncListener.extractContent(FileProcessingAsyncListener.java:178)
	at com.sismics.docs.core.listener.async.FileProcessingAsyncListener.processFile(FileProcessingAsyncListener.java:104)
	at com.sismics.docs.core.listener.async.FileProcessingAsyncListener.on(FileProcessingAsyncListener.java:56)
	at java.base/jdk.internal.reflect.NativeMethodAccessorImpl.invoke0(Native Method)
	at java.base/jdk.internal.reflect.NativeMethodAccessorImpl.invoke(NativeMethodAccessorImpl.java:77)
	at java.base/jdk.internal.reflect.DelegatingMethodAccessorImpl.invoke(DelegatingMethodAccessorImpl.java:43)
	at java.base/java.lang.reflect.Method.invoke(Method.java:568)
	at com.google.common.eventbus.Subscriber.invokeSubscriberMethod(Subscriber.java:87)
	at com.google.common.eventbus.Subscriber$1.run(Subscriber.java:72)
	at com.google.common.util.concurrent.DirectExecutor.execute(DirectExecutor.java:30)
	at com.google.common.eventbus.Subscriber.dispatchEvent(Subscriber.java:67)
	at com.google.common.eventbus.Dispatcher$PerThreadQueuedDispatcher.dispatch(Dispatcher.java:108)
	at com.google.common.eventbus.EventBus.post(EventBus.java:212)
	at com.sismics.util.context.ThreadLocalContext.fireAllAsyncEvents(ThreadLocalContext.java:99)
	at com.sismics.util.filter.RequestContextFilter.doFilter(RequestContextFilter.java:139)
	at org.glassfish.grizzly.servlet.FilterChainImpl.doFilter(FilterChainImpl.java:114)
	at org.glassfish.grizzly.servlet.FilterChainImpl.invokeFilterChain(FilterChainImpl.java:83)
	at org.glassfish.grizzly.servlet.ServletHandler.doServletService(ServletHandler.java:202)
	at org.glassfish.grizzly.servlet.ServletHandler.service(ServletHandler.java:149)
	at org.glassfish.grizzly.http.server.HttpHandler$1.run(HttpHandler.java:200)
	at org.glassfish.grizzly.threadpool.AbstractThreadPool$Worker.doWork(AbstractThreadPool.java:569)
	at org.glassfish.grizzly.threadpool.AbstractThreadPool$Worker.run(AbstractThreadPool.java:549)
	at java.base/java.lang.Thread.run(Thread.java:833)
Caused by: java.io.IOException: CreateProcess error=2, 系统找不到指定的文件。
	at java.base/java.lang.ProcessImpl.create(Native Method)
	at java.base/java.lang.ProcessImpl.<init>(ProcessImpl.java:494)
	at java.base/java.lang.ProcessImpl.start(ProcessImpl.java:159)
	at java.base/java.lang.ProcessBuilder.start(ProcessBuilder.java:1110)
	... 26 more
06 5月 2024 18:06:27,788 INFO com.sismics.docs.core.listener.async.FileProcessingAsyncListener.extractContent(FileProcessingAsyncListener.java:182) File content extracted in 2,506ms: 6728fb7c-e0e3-407b-a395-6d4f23200e66 
06 5月 2024 18:06:27,791 INFO com.sismics.docs.core.util.FileUtil.endProcessingFile(FileUtil.java:231) Processing ended for file: 6728fb7c-e0e3-407b-a395-6d4f23200e66 
06 5月 2024 18:06:27,792 INFO com.sismics.docs.core.listener.async.DocumentUpdatedAsyncListener.on(DocumentUpdatedAsyncListener.java:39) Document updated event: DocumentUpdatedAsyncEvent{documentId=c27fc5e2-bb0c-4c35-a6ec-06bf072cb783} 
06 5月 2024 18:06:27,828 INFO com.sismics.docs.core.listener.async.FileDeletedAsyncListener.on(FileDeletedAsyncListener.java:33) File deleted event: FileDeletedAsyncEvent{fileId=6728fb7c-e0e3-407b-a395-6d4f23200e66} 
06 5月 2024 18:06:27,832 INFO com.sismics.docs.core.listener.async.DocumentDeletedAsyncListener.on(DocumentDeletedAsyncListener.java:31) Document deleted event: DocumentDeletedAsyncEvent{documentId=c27fc5e2-bb0c-4c35-a6ec-06bf072cb783} 
06 5月 2024 18:06:27,844 INFO org.subethamail.smtp.server.SMTPServer.run(SMTPServer.java:333) SMTP Server socket shut down. 
06 5月 2024 18:06:27,847 INFO com.sismics.docs.core.service.InboxService.shutDown(InboxService.java:60) Inbox service shutting down 
06 5月 2024 18:06:27,848 INFO com.sismics.docs.core.service.FileService.shutDown(FileService.java:44) File service shutting down 
]]></system-out>
    <system-err><![CDATA[5月 06, 2024 6:06:16 下午 org.glassfish.jersey.test.external.ExternalTestContainerFactory$ExternalTestContainer <init>
信息: Creating ExternalTestContainer configured at the base URI http://localhost:9998/docs
5月 06, 2024 6:06:16 下午 org.glassfish.grizzly.servlet.WebappContext deploy
信息: Starting application [GrizzlyContext] ...
5月 06, 2024 6:06:16 下午 org.glassfish.grizzly.servlet.WebappContext initServlets
信息: Loading Servlet: org.glassfish.jersey.servlet.ServletContainer
5月 06, 2024 6:06:17 下午 org.glassfish.grizzly.servlet.WebappContext initServlets
信息: [GrizzlyContext] Servlet [org.glassfish.jersey.servlet.ServletContainer] registered for url pattern(s) [[/*]].
]]></system-err>
  </testcase>
  <testcase name="testFileResourceZip" classname="com.sismics.docs.rest.TestFileResource" time="5.765">
    <system-out><![CDATA[06 5月 2024 18:06:27,852 INFO org.glassfish.jersey.test.external.ExternalTestContainerFactory$ExternalTestContainer.<init>(ExternalTestContainerFactory.java:91) Creating ExternalTestContainer configured at the base URI http://localhost:9998/docs 
06 5月 2024 18:06:27,962 INFO com.sismics.util.filter.RequestContextFilter.init(RequestContextFilter.java:43) Using base data directory: C:\Users\13181\AppData\Local\Temp 
06 5月 2024 18:06:28,146 INFO com.sismics.util.ClasspathScanner.findClasses(ClasspathScanner.java:48) Found 1 classes for IndexingHandler 
06 5月 2024 18:06:28,147 INFO com.sismics.docs.core.util.indexing.LuceneIndexingHandler.initLucene(LuceneIndexingHandler.java:115) Using RAM Lucene storage 
06 5月 2024 18:06:28,148 INFO com.sismics.docs.core.service.FileService.startUp(FileService.java:39) File service starting up 
06 5月 2024 18:06:28,148 INFO com.sismics.docs.core.service.InboxService.startUp(InboxService.java:55) Inbox service starting up 
06 5月 2024 18:06:29,148 INFO com.sismics.docs.core.listener.async.DocumentCreatedAsyncListener.on(DocumentCreatedAsyncListener.java:35) Document created event: DocumentCreatedAsyncEvent{documentId=24fad585-bdbf-4202-9428-e3e160a233c7} 
06 5月 2024 18:06:29,185 INFO com.sismics.docs.core.util.FileUtil.startProcessingFile(FileUtil.java:221) Processing started for file: 3c0dd1b1-0d7d-41e3-bd26-d7b0307d4a07 
06 5月 2024 18:06:29,188 INFO com.sismics.docs.core.listener.async.FileProcessingAsyncListener.on(FileProcessingAsyncListener.java:53) File created event: FileCreatedAsyncEvent{fileId=3c0dd1b1-0d7d-41e3-bd26-d7b0307d4a07, language=eng} 
06 5月 2024 18:06:29,417 INFO com.sismics.docs.core.listener.async.FileProcessingAsyncListener.extractContent(FileProcessingAsyncListener.java:176) Start extracting content from: File{id=3c0dd1b1-0d7d-41e3-bd26-d7b0307d4a07, name=PIA00452.jpg} 
06 5月 2024 18:06:31,847 ERROR com.sismics.docs.core.listener.async.FileProcessingAsyncListener.extractContent(FileProcessingAsyncListener.java:180) Error extracting content from: File{id=3c0dd1b1-0d7d-41e3-bd26-d7b0307d4a07, name=PIA00452.jpg} 
java.io.IOException: Cannot run program "tesseract": CreateProcess error=2, 系统找不到指定的文件。
	at java.base/java.lang.ProcessBuilder.start(ProcessBuilder.java:1143)
	at java.base/java.lang.ProcessBuilder.start(ProcessBuilder.java:1073)
	at com.sismics.docs.core.util.FileUtil.ocrFile(FileUtil.java:71)
	at com.sismics.docs.core.util.format.ImageFormatHandler.extractContent(ImageFormatHandler.java:53)
	at com.sismics.docs.core.listener.async.FileProcessingAsyncListener.extractContent(FileProcessingAsyncListener.java:178)
	at com.sismics.docs.core.listener.async.FileProcessingAsyncListener.processFile(FileProcessingAsyncListener.java:104)
	at com.sismics.docs.core.listener.async.FileProcessingAsyncListener.on(FileProcessingAsyncListener.java:56)
	at java.base/jdk.internal.reflect.NativeMethodAccessorImpl.invoke0(Native Method)
	at java.base/jdk.internal.reflect.NativeMethodAccessorImpl.invoke(NativeMethodAccessorImpl.java:77)
	at java.base/jdk.internal.reflect.DelegatingMethodAccessorImpl.invoke(DelegatingMethodAccessorImpl.java:43)
	at java.base/java.lang.reflect.Method.invoke(Method.java:568)
	at com.google.common.eventbus.Subscriber.invokeSubscriberMethod(Subscriber.java:87)
	at com.google.common.eventbus.Subscriber$1.run(Subscriber.java:72)
	at com.google.common.util.concurrent.DirectExecutor.execute(DirectExecutor.java:30)
	at com.google.common.eventbus.Subscriber.dispatchEvent(Subscriber.java:67)
	at com.google.common.eventbus.Dispatcher$PerThreadQueuedDispatcher.dispatch(Dispatcher.java:108)
	at com.google.common.eventbus.EventBus.post(EventBus.java:212)
	at com.sismics.util.context.ThreadLocalContext.fireAllAsyncEvents(ThreadLocalContext.java:99)
	at com.sismics.util.filter.RequestContextFilter.doFilter(RequestContextFilter.java:139)
	at org.glassfish.grizzly.servlet.FilterChainImpl.doFilter(FilterChainImpl.java:114)
	at org.glassfish.grizzly.servlet.FilterChainImpl.invokeFilterChain(FilterChainImpl.java:83)
	at org.glassfish.grizzly.servlet.ServletHandler.doServletService(ServletHandler.java:202)
	at org.glassfish.grizzly.servlet.ServletHandler.service(ServletHandler.java:149)
	at org.glassfish.grizzly.http.server.HttpHandler$1.run(HttpHandler.java:200)
	at org.glassfish.grizzly.threadpool.AbstractThreadPool$Worker.doWork(AbstractThreadPool.java:569)
	at org.glassfish.grizzly.threadpool.AbstractThreadPool$Worker.run(AbstractThreadPool.java:549)
	at java.base/java.lang.Thread.run(Thread.java:833)
Caused by: java.io.IOException: CreateProcess error=2, 系统找不到指定的文件。
	at java.base/java.lang.ProcessImpl.create(Native Method)
	at java.base/java.lang.ProcessImpl.<init>(ProcessImpl.java:494)
	at java.base/java.lang.ProcessImpl.start(ProcessImpl.java:159)
	at java.base/java.lang.ProcessBuilder.start(ProcessBuilder.java:1110)
	... 26 more
06 5月 2024 18:06:31,848 INFO com.sismics.docs.core.listener.async.FileProcessingAsyncListener.extractContent(FileProcessingAsyncListener.java:182) File content extracted in 2,431ms: 3c0dd1b1-0d7d-41e3-bd26-d7b0307d4a07 
06 5月 2024 18:06:31,854 INFO com.sismics.docs.core.util.FileUtil.endProcessingFile(FileUtil.java:231) Processing ended for file: 3c0dd1b1-0d7d-41e3-bd26-d7b0307d4a07 
06 5月 2024 18:06:31,855 INFO com.sismics.docs.core.listener.async.DocumentUpdatedAsyncListener.on(DocumentUpdatedAsyncListener.java:39) Document updated event: DocumentUpdatedAsyncEvent{documentId=24fad585-bdbf-4202-9428-e3e160a233c7} 
06 5月 2024 18:06:31,903 INFO com.sismics.docs.core.listener.async.DocumentCreatedAsyncListener.on(DocumentCreatedAsyncListener.java:35) Document created event: DocumentCreatedAsyncEvent{documentId=45cbfe7c-0539-4353-8f72-483770502ee5} 
06 5月 2024 18:06:31,949 INFO com.sismics.docs.core.util.FileUtil.startProcessingFile(FileUtil.java:221) Processing started for file: ff9b4493-5a31-49af-a7d6-2ec53f2eda48 
06 5月 2024 18:06:31,951 INFO com.sismics.docs.core.listener.async.FileProcessingAsyncListener.on(FileProcessingAsyncListener.java:53) File created event: FileCreatedAsyncEvent{fileId=ff9b4493-5a31-49af-a7d6-2ec53f2eda48, language=eng} 
06 5月 2024 18:06:32,280 INFO com.sismics.docs.core.listener.async.FileProcessingAsyncListener.extractContent(FileProcessingAsyncListener.java:176) Start extracting content from: File{id=ff9b4493-5a31-49af-a7d6-2ec53f2eda48, name=Einstein-Roosevelt-letter.png} 
06 5月 2024 18:06:33,563 ERROR com.sismics.docs.core.listener.async.FileProcessingAsyncListener.extractContent(FileProcessingAsyncListener.java:180) Error extracting content from: File{id=ff9b4493-5a31-49af-a7d6-2ec53f2eda48, name=Einstein-Roosevelt-letter.png} 
java.io.IOException: Cannot run program "tesseract": CreateProcess error=2, 系统找不到指定的文件。
	at java.base/java.lang.ProcessBuilder.start(ProcessBuilder.java:1143)
	at java.base/java.lang.ProcessBuilder.start(ProcessBuilder.java:1073)
	at com.sismics.docs.core.util.FileUtil.ocrFile(FileUtil.java:71)
	at com.sismics.docs.core.util.format.ImageFormatHandler.extractContent(ImageFormatHandler.java:53)
	at com.sismics.docs.core.listener.async.FileProcessingAsyncListener.extractContent(FileProcessingAsyncListener.java:178)
	at com.sismics.docs.core.listener.async.FileProcessingAsyncListener.processFile(FileProcessingAsyncListener.java:104)
	at com.sismics.docs.core.listener.async.FileProcessingAsyncListener.on(FileProcessingAsyncListener.java:56)
	at java.base/jdk.internal.reflect.NativeMethodAccessorImpl.invoke0(Native Method)
	at java.base/jdk.internal.reflect.NativeMethodAccessorImpl.invoke(NativeMethodAccessorImpl.java:77)
	at java.base/jdk.internal.reflect.DelegatingMethodAccessorImpl.invoke(DelegatingMethodAccessorImpl.java:43)
	at java.base/java.lang.reflect.Method.invoke(Method.java:568)
	at com.google.common.eventbus.Subscriber.invokeSubscriberMethod(Subscriber.java:87)
	at com.google.common.eventbus.Subscriber$1.run(Subscriber.java:72)
	at com.google.common.util.concurrent.DirectExecutor.execute(DirectExecutor.java:30)
	at com.google.common.eventbus.Subscriber.dispatchEvent(Subscriber.java:67)
	at com.google.common.eventbus.Dispatcher$PerThreadQueuedDispatcher.dispatch(Dispatcher.java:108)
	at com.google.common.eventbus.EventBus.post(EventBus.java:212)
	at com.sismics.util.context.ThreadLocalContext.fireAllAsyncEvents(ThreadLocalContext.java:99)
	at com.sismics.util.filter.RequestContextFilter.doFilter(RequestContextFilter.java:139)
	at org.glassfish.grizzly.servlet.FilterChainImpl.doFilter(FilterChainImpl.java:114)
	at org.glassfish.grizzly.servlet.FilterChainImpl.invokeFilterChain(FilterChainImpl.java:83)
	at org.glassfish.grizzly.servlet.ServletHandler.doServletService(ServletHandler.java:202)
	at org.glassfish.grizzly.servlet.ServletHandler.service(ServletHandler.java:149)
	at org.glassfish.grizzly.http.server.HttpHandler$1.run(HttpHandler.java:200)
	at org.glassfish.grizzly.threadpool.AbstractThreadPool$Worker.doWork(AbstractThreadPool.java:569)
	at org.glassfish.grizzly.threadpool.AbstractThreadPool$Worker.run(AbstractThreadPool.java:549)
	at java.base/java.lang.Thread.run(Thread.java:833)
Caused by: java.io.IOException: CreateProcess error=2, 系统找不到指定的文件。
	at java.base/java.lang.ProcessImpl.create(Native Method)
	at java.base/java.lang.ProcessImpl.<init>(ProcessImpl.java:494)
	at java.base/java.lang.ProcessImpl.start(ProcessImpl.java:159)
	at java.base/java.lang.ProcessBuilder.start(ProcessBuilder.java:1110)
	... 26 more
06 5月 2024 18:06:33,564 INFO com.sismics.docs.core.listener.async.FileProcessingAsyncListener.extractContent(FileProcessingAsyncListener.java:182) File content extracted in 1,284ms: ff9b4493-5a31-49af-a7d6-2ec53f2eda48 
06 5月 2024 18:06:33,567 INFO com.sismics.docs.core.util.FileUtil.endProcessingFile(FileUtil.java:231) Processing ended for file: ff9b4493-5a31-49af-a7d6-2ec53f2eda48 
06 5月 2024 18:06:33,568 INFO com.sismics.docs.core.listener.async.DocumentUpdatedAsyncListener.on(DocumentUpdatedAsyncListener.java:39) Document updated event: DocumentUpdatedAsyncEvent{documentId=45cbfe7c-0539-4353-8f72-483770502ee5} 
06 5月 2024 18:06:33,625 INFO org.subethamail.smtp.server.SMTPServer.run(SMTPServer.java:333) SMTP Server socket shut down. 
06 5月 2024 18:06:33,625 INFO com.sismics.docs.core.service.InboxService.shutDown(InboxService.java:60) Inbox service shutting down 
06 5月 2024 18:06:33,625 INFO com.sismics.docs.core.service.FileService.shutDown(FileService.java:44) File service shutting down 
]]></system-out>
  </testcase>
  <testcase name="testFileResource" classname="com.sismics.docs.rest.TestFileResource" time="9.909">
    <system-out><![CDATA[06 5月 2024 18:06:33,627 INFO org.glassfish.jersey.test.external.ExternalTestContainerFactory$ExternalTestContainer.<init>(ExternalTestContainerFactory.java:91) Creating ExternalTestContainer configured at the base URI http://localhost:9998/docs 
06 5月 2024 18:06:33,722 INFO com.sismics.util.filter.RequestContextFilter.init(RequestContextFilter.java:43) Using base data directory: C:\Users\13181\AppData\Local\Temp 
06 5月 2024 18:06:33,927 INFO com.sismics.util.ClasspathScanner.findClasses(ClasspathScanner.java:48) Found 1 classes for IndexingHandler 
06 5月 2024 18:06:33,928 INFO com.sismics.docs.core.util.indexing.LuceneIndexingHandler.initLucene(LuceneIndexingHandler.java:115) Using RAM Lucene storage 
06 5月 2024 18:06:33,929 INFO com.sismics.docs.core.service.FileService.startUp(FileService.java:39) File service starting up 
06 5月 2024 18:06:33,929 INFO com.sismics.docs.core.service.InboxService.startUp(InboxService.java:55) Inbox service starting up 
06 5月 2024 18:06:34,888 INFO com.sismics.docs.core.listener.async.DocumentCreatedAsyncListener.on(DocumentCreatedAsyncListener.java:35) Document created event: DocumentCreatedAsyncEvent{documentId=01740638-a16f-433c-891f-07501c6f44ab} 
06 5月 2024 18:06:34,925 INFO com.sismics.docs.core.util.FileUtil.startProcessingFile(FileUtil.java:221) Processing started for file: d30fbcc8-4e3e-4bf9-a7a9-61b99d5756f8 
06 5月 2024 18:06:34,927 INFO com.sismics.docs.core.listener.async.FileProcessingAsyncListener.on(FileProcessingAsyncListener.java:53) File created event: FileCreatedAsyncEvent{fileId=d30fbcc8-4e3e-4bf9-a7a9-61b99d5756f8, language=eng} 
06 5月 2024 18:06:35,174 INFO com.sismics.docs.core.listener.async.FileProcessingAsyncListener.extractContent(FileProcessingAsyncListener.java:176) Start extracting content from: File{id=d30fbcc8-4e3e-4bf9-a7a9-61b99d5756f8, name=PIA00452.jpg} 
06 5月 2024 18:06:37,443 ERROR com.sismics.docs.core.listener.async.FileProcessingAsyncListener.extractContent(FileProcessingAsyncListener.java:180) Error extracting content from: File{id=d30fbcc8-4e3e-4bf9-a7a9-61b99d5756f8, name=PIA00452.jpg} 
java.io.IOException: Cannot run program "tesseract": CreateProcess error=2, 系统找不到指定的文件。
	at java.base/java.lang.ProcessBuilder.start(ProcessBuilder.java:1143)
	at java.base/java.lang.ProcessBuilder.start(ProcessBuilder.java:1073)
	at com.sismics.docs.core.util.FileUtil.ocrFile(FileUtil.java:71)
	at com.sismics.docs.core.util.format.ImageFormatHandler.extractContent(ImageFormatHandler.java:53)
	at com.sismics.docs.core.listener.async.FileProcessingAsyncListener.extractContent(FileProcessingAsyncListener.java:178)
	at com.sismics.docs.core.listener.async.FileProcessingAsyncListener.processFile(FileProcessingAsyncListener.java:104)
	at com.sismics.docs.core.listener.async.FileProcessingAsyncListener.on(FileProcessingAsyncListener.java:56)
	at java.base/jdk.internal.reflect.NativeMethodAccessorImpl.invoke0(Native Method)
	at java.base/jdk.internal.reflect.NativeMethodAccessorImpl.invoke(NativeMethodAccessorImpl.java:77)
	at java.base/jdk.internal.reflect.DelegatingMethodAccessorImpl.invoke(DelegatingMethodAccessorImpl.java:43)
	at java.base/java.lang.reflect.Method.invoke(Method.java:568)
	at com.google.common.eventbus.Subscriber.invokeSubscriberMethod(Subscriber.java:87)
	at com.google.common.eventbus.Subscriber$1.run(Subscriber.java:72)
	at com.google.common.util.concurrent.DirectExecutor.execute(DirectExecutor.java:30)
	at com.google.common.eventbus.Subscriber.dispatchEvent(Subscriber.java:67)
	at com.google.common.eventbus.Dispatcher$PerThreadQueuedDispatcher.dispatch(Dispatcher.java:108)
	at com.google.common.eventbus.EventBus.post(EventBus.java:212)
	at com.sismics.util.context.ThreadLocalContext.fireAllAsyncEvents(ThreadLocalContext.java:99)
	at com.sismics.util.filter.RequestContextFilter.doFilter(RequestContextFilter.java:139)
	at org.glassfish.grizzly.servlet.FilterChainImpl.doFilter(FilterChainImpl.java:114)
	at org.glassfish.grizzly.servlet.FilterChainImpl.invokeFilterChain(FilterChainImpl.java:83)
	at org.glassfish.grizzly.servlet.ServletHandler.doServletService(ServletHandler.java:202)
	at org.glassfish.grizzly.servlet.ServletHandler.service(ServletHandler.java:149)
	at org.glassfish.grizzly.http.server.HttpHandler$1.run(HttpHandler.java:200)
	at org.glassfish.grizzly.threadpool.AbstractThreadPool$Worker.doWork(AbstractThreadPool.java:569)
	at org.glassfish.grizzly.threadpool.AbstractThreadPool$Worker.run(AbstractThreadPool.java:549)
	at java.base/java.lang.Thread.run(Thread.java:833)
Caused by: java.io.IOException: CreateProcess error=2, 系统找不到指定的文件。
	at java.base/java.lang.ProcessImpl.create(Native Method)
	at java.base/java.lang.ProcessImpl.<init>(ProcessImpl.java:494)
	at java.base/java.lang.ProcessImpl.start(ProcessImpl.java:159)
	at java.base/java.lang.ProcessBuilder.start(ProcessBuilder.java:1110)
	... 26 more
06 5月 2024 18:06:37,444 INFO com.sismics.docs.core.listener.async.FileProcessingAsyncListener.extractContent(FileProcessingAsyncListener.java:182) File content extracted in 2,270ms: d30fbcc8-4e3e-4bf9-a7a9-61b99d5756f8 
06 5月 2024 18:06:37,447 INFO com.sismics.docs.core.util.FileUtil.endProcessingFile(FileUtil.java:231) Processing ended for file: d30fbcc8-4e3e-4bf9-a7a9-61b99d5756f8 
06 5月 2024 18:06:37,447 INFO com.sismics.docs.core.listener.async.DocumentUpdatedAsyncListener.on(DocumentUpdatedAsyncListener.java:39) Document updated event: DocumentUpdatedAsyncEvent{documentId=01740638-a16f-433c-891f-07501c6f44ab} 
06 5月 2024 18:06:37,486 INFO com.sismics.docs.core.util.FileUtil.startProcessingFile(FileUtil.java:221) Processing started for file: bba7b848-bcfd-469d-9e49-db6635c7258f 
06 5月 2024 18:06:37,489 INFO com.sismics.docs.core.listener.async.FileProcessingAsyncListener.on(FileProcessingAsyncListener.java:53) File created event: FileCreatedAsyncEvent{fileId=bba7b848-bcfd-469d-9e49-db6635c7258f, language=eng} 
06 5月 2024 18:06:37,713 INFO com.sismics.docs.core.listener.async.FileProcessingAsyncListener.extractContent(FileProcessingAsyncListener.java:176) Start extracting content from: File{id=bba7b848-bcfd-469d-9e49-db6635c7258f, name=PIA00452.jpg} 
06 5月 2024 18:06:40,056 ERROR com.sismics.docs.core.listener.async.FileProcessingAsyncListener.extractContent(FileProcessingAsyncListener.java:180) Error extracting content from: File{id=bba7b848-bcfd-469d-9e49-db6635c7258f, name=PIA00452.jpg} 
java.io.IOException: Cannot run program "tesseract": CreateProcess error=2, 系统找不到指定的文件。
	at java.base/java.lang.ProcessBuilder.start(ProcessBuilder.java:1143)
	at java.base/java.lang.ProcessBuilder.start(ProcessBuilder.java:1073)
	at com.sismics.docs.core.util.FileUtil.ocrFile(FileUtil.java:71)
	at com.sismics.docs.core.util.format.ImageFormatHandler.extractContent(ImageFormatHandler.java:53)
	at com.sismics.docs.core.listener.async.FileProcessingAsyncListener.extractContent(FileProcessingAsyncListener.java:178)
	at com.sismics.docs.core.listener.async.FileProcessingAsyncListener.processFile(FileProcessingAsyncListener.java:104)
	at com.sismics.docs.core.listener.async.FileProcessingAsyncListener.on(FileProcessingAsyncListener.java:56)
	at java.base/jdk.internal.reflect.NativeMethodAccessorImpl.invoke0(Native Method)
	at java.base/jdk.internal.reflect.NativeMethodAccessorImpl.invoke(NativeMethodAccessorImpl.java:77)
	at java.base/jdk.internal.reflect.DelegatingMethodAccessorImpl.invoke(DelegatingMethodAccessorImpl.java:43)
	at java.base/java.lang.reflect.Method.invoke(Method.java:568)
	at com.google.common.eventbus.Subscriber.invokeSubscriberMethod(Subscriber.java:87)
	at com.google.common.eventbus.Subscriber$1.run(Subscriber.java:72)
	at com.google.common.util.concurrent.DirectExecutor.execute(DirectExecutor.java:30)
	at com.google.common.eventbus.Subscriber.dispatchEvent(Subscriber.java:67)
	at com.google.common.eventbus.Dispatcher$PerThreadQueuedDispatcher.dispatch(Dispatcher.java:108)
	at com.google.common.eventbus.EventBus.post(EventBus.java:212)
	at com.sismics.util.context.ThreadLocalContext.fireAllAsyncEvents(ThreadLocalContext.java:99)
	at com.sismics.util.filter.RequestContextFilter.doFilter(RequestContextFilter.java:139)
	at org.glassfish.grizzly.servlet.FilterChainImpl.doFilter(FilterChainImpl.java:114)
	at org.glassfish.grizzly.servlet.FilterChainImpl.invokeFilterChain(FilterChainImpl.java:83)
	at org.glassfish.grizzly.servlet.ServletHandler.doServletService(ServletHandler.java:202)
	at org.glassfish.grizzly.servlet.ServletHandler.service(ServletHandler.java:149)
	at org.glassfish.grizzly.http.server.HttpHandler$1.run(HttpHandler.java:200)
	at org.glassfish.grizzly.threadpool.AbstractThreadPool$Worker.doWork(AbstractThreadPool.java:569)
	at org.glassfish.grizzly.threadpool.AbstractThreadPool$Worker.run(AbstractThreadPool.java:549)
	at java.base/java.lang.Thread.run(Thread.java:833)
Caused by: java.io.IOException: CreateProcess error=2, 系统找不到指定的文件。
	at java.base/java.lang.ProcessImpl.create(Native Method)
	at java.base/java.lang.ProcessImpl.<init>(ProcessImpl.java:494)
	at java.base/java.lang.ProcessImpl.start(ProcessImpl.java:159)
	at java.base/java.lang.ProcessBuilder.start(ProcessBuilder.java:1110)
	... 26 more
06 5月 2024 18:06:40,057 INFO com.sismics.docs.core.listener.async.FileProcessingAsyncListener.extractContent(FileProcessingAsyncListener.java:182) File content extracted in 2,344ms: bba7b848-bcfd-469d-9e49-db6635c7258f 
06 5月 2024 18:06:40,060 INFO com.sismics.docs.core.util.FileUtil.endProcessingFile(FileUtil.java:231) Processing ended for file: bba7b848-bcfd-469d-9e49-db6635c7258f 
06 5月 2024 18:06:40,061 INFO com.sismics.docs.core.listener.async.DocumentUpdatedAsyncListener.on(DocumentUpdatedAsyncListener.java:39) Document updated event: DocumentUpdatedAsyncEvent{documentId=01740638-a16f-433c-891f-07501c6f44ab} 
06 5月 2024 18:06:40,167 INFO com.sismics.docs.core.listener.async.DocumentUpdatedAsyncListener.on(DocumentUpdatedAsyncListener.java:39) Document updated event: DocumentUpdatedAsyncEvent{documentId=01740638-a16f-433c-891f-07501c6f44ab} 
06 5月 2024 18:06:40,206 INFO com.sismics.docs.core.listener.async.FileDeletedAsyncListener.on(FileDeletedAsyncListener.java:33) File deleted event: FileDeletedAsyncEvent{fileId=d30fbcc8-4e3e-4bf9-a7a9-61b99d5756f8} 
06 5月 2024 18:06:40,210 INFO com.sismics.docs.core.listener.async.DocumentUpdatedAsyncListener.on(DocumentUpdatedAsyncListener.java:39) Document updated event: DocumentUpdatedAsyncEvent{documentId=01740638-a16f-433c-891f-07501c6f44ab} 
06 5月 2024 18:06:40,246 INFO com.sismics.docs.core.util.FileUtil.startProcessingFile(FileUtil.java:221) Processing started for file: bba7b848-bcfd-469d-9e49-db6635c7258f 
06 5月 2024 18:06:40,248 INFO com.sismics.docs.core.listener.async.FileProcessingAsyncListener.on(FileProcessingAsyncListener.java:67) File updated event: FileUpdatedAsyncEvent{fileId=bba7b848-bcfd-469d-9e49-db6635c7258f, language=eng} 
06 5月 2024 18:06:40,511 INFO com.sismics.docs.core.listener.async.FileProcessingAsyncListener.extractContent(FileProcessingAsyncListener.java:176) Start extracting content from: File{id=bba7b848-bcfd-469d-9e49-db6635c7258f, name=PIA00452.jpg} 
06 5月 2024 18:06:42,704 ERROR com.sismics.docs.core.listener.async.FileProcessingAsyncListener.extractContent(FileProcessingAsyncListener.java:180) Error extracting content from: File{id=bba7b848-bcfd-469d-9e49-db6635c7258f, name=PIA00452.jpg} 
java.io.IOException: Cannot run program "tesseract": CreateProcess error=2, 系统找不到指定的文件。
	at java.base/java.lang.ProcessBuilder.start(ProcessBuilder.java:1143)
	at java.base/java.lang.ProcessBuilder.start(ProcessBuilder.java:1073)
	at com.sismics.docs.core.util.FileUtil.ocrFile(FileUtil.java:71)
	at com.sismics.docs.core.util.format.ImageFormatHandler.extractContent(ImageFormatHandler.java:53)
	at com.sismics.docs.core.listener.async.FileProcessingAsyncListener.extractContent(FileProcessingAsyncListener.java:178)
	at com.sismics.docs.core.listener.async.FileProcessingAsyncListener.processFile(FileProcessingAsyncListener.java:104)
	at com.sismics.docs.core.listener.async.FileProcessingAsyncListener.on(FileProcessingAsyncListener.java:69)
	at java.base/jdk.internal.reflect.NativeMethodAccessorImpl.invoke0(Native Method)
	at java.base/jdk.internal.reflect.NativeMethodAccessorImpl.invoke(NativeMethodAccessorImpl.java:77)
	at java.base/jdk.internal.reflect.DelegatingMethodAccessorImpl.invoke(DelegatingMethodAccessorImpl.java:43)
	at java.base/java.lang.reflect.Method.invoke(Method.java:568)
	at com.google.common.eventbus.Subscriber.invokeSubscriberMethod(Subscriber.java:87)
	at com.google.common.eventbus.Subscriber$1.run(Subscriber.java:72)
	at com.google.common.util.concurrent.DirectExecutor.execute(DirectExecutor.java:30)
	at com.google.common.eventbus.Subscriber.dispatchEvent(Subscriber.java:67)
	at com.google.common.eventbus.Dispatcher$PerThreadQueuedDispatcher.dispatch(Dispatcher.java:108)
	at com.google.common.eventbus.EventBus.post(EventBus.java:212)
	at com.sismics.util.context.ThreadLocalContext.fireAllAsyncEvents(ThreadLocalContext.java:99)
	at com.sismics.util.filter.RequestContextFilter.doFilter(RequestContextFilter.java:139)
	at org.glassfish.grizzly.servlet.FilterChainImpl.doFilter(FilterChainImpl.java:114)
	at org.glassfish.grizzly.servlet.FilterChainImpl.invokeFilterChain(FilterChainImpl.java:83)
	at org.glassfish.grizzly.servlet.ServletHandler.doServletService(ServletHandler.java:202)
	at org.glassfish.grizzly.servlet.ServletHandler.service(ServletHandler.java:149)
	at org.glassfish.grizzly.http.server.HttpHandler$1.run(HttpHandler.java:200)
	at org.glassfish.grizzly.threadpool.AbstractThreadPool$Worker.doWork(AbstractThreadPool.java:569)
	at org.glassfish.grizzly.threadpool.AbstractThreadPool$Worker.run(AbstractThreadPool.java:549)
	at java.base/java.lang.Thread.run(Thread.java:833)
Caused by: java.io.IOException: CreateProcess error=2, 系统找不到指定的文件。
	at java.base/java.lang.ProcessImpl.create(Native Method)
	at java.base/java.lang.ProcessImpl.<init>(ProcessImpl.java:494)
	at java.base/java.lang.ProcessImpl.start(ProcessImpl.java:159)
	at java.base/java.lang.ProcessBuilder.start(ProcessBuilder.java:1110)
	... 26 more
06 5月 2024 18:06:42,705 INFO com.sismics.docs.core.listener.async.FileProcessingAsyncListener.extractContent(FileProcessingAsyncListener.java:182) File content extracted in 2,194ms: bba7b848-bcfd-469d-9e49-db6635c7258f 
06 5月 2024 18:06:42,708 INFO com.sismics.docs.core.util.FileUtil.endProcessingFile(FileUtil.java:231) Processing ended for file: bba7b848-bcfd-469d-9e49-db6635c7258f 
06 5月 2024 18:06:42,737 INFO com.sismics.docs.core.util.FileUtil.startProcessingFile(FileUtil.java:221) Processing started for file: c114905d-3a91-47fb-a7f4-cc7434286035 
06 5月 2024 18:06:42,739 INFO com.sismics.docs.core.listener.async.FileProcessingAsyncListener.on(FileProcessingAsyncListener.java:53) File created event: FileCreatedAsyncEvent{fileId=c114905d-3a91-47fb-a7f4-cc7434286035, language=eng} 
06 5月 2024 18:06:43,007 WARN org.apache.pdfbox.pdmodel.font.FileSystemFontProvider.loadDiskCache(FileSystemFontProvider.java:584) New fonts found, font cache will be re-built 
06 5月 2024 18:06:43,008 WARN org.apache.pdfbox.pdmodel.font.FileSystemFontProvider.<init>(FileSystemFontProvider.java:337) Building on-disk font cache, this may take a while 
06 5月 2024 18:06:43,085 ERROR org.apache.pdfbox.pdmodel.font.FileSystemFontProvider.addTrueTypeFont(FileSystemFontProvider.java:644) Could not load font file: C:\WINDOWS\FONTS\mstmc.ttf 
java.io.EOFException
	at org.apache.fontbox.ttf.TTFDataStream.readUnsignedInt(TTFDataStream.java:151)
	at org.apache.fontbox.ttf.TTFParser.readTableDirectory(TTFParser.java:312)
	at org.apache.fontbox.ttf.TTFParser.parse(TTFParser.java:139)
	at org.apache.fontbox.ttf.TTFParser.parse(TTFParser.java:87)
	at org.apache.pdfbox.pdmodel.font.FileSystemFontProvider.addTrueTypeFont(FileSystemFontProvider.java:638)
	at org.apache.pdfbox.pdmodel.font.FileSystemFontProvider.scanFonts(FileSystemFontProvider.java:359)
	at org.apache.pdfbox.pdmodel.font.FileSystemFontProvider.<init>(FileSystemFontProvider.java:338)
	at org.apache.pdfbox.pdmodel.font.FontMapperImpl$DefaultFontProvider.<clinit>(FontMapperImpl.java:140)
	at org.apache.pdfbox.pdmodel.font.FontMapperImpl.getProvider(FontMapperImpl.java:159)
	at org.apache.pdfbox.pdmodel.font.FontMapperImpl.findFont(FontMapperImpl.java:423)
	at org.apache.pdfbox.pdmodel.font.FontMapperImpl.getTrueTypeFont(FontMapperImpl.java:331)
	at org.apache.pdfbox.pdmodel.font.PDTrueTypeFont.<init>(PDTrueTypeFont.java:214)
	at org.apache.pdfbox.pdmodel.font.PDFontFactory.createFont(PDFontFactory.java:89)
	at org.apache.pdfbox.pdmodel.PDResources.getFont(PDResources.java:146)
	at org.apache.pdfbox.contentstream.operator.text.SetFontAndSize.process(SetFontAndSize.java:66)
	at org.apache.pdfbox.contentstream.PDFStreamEngine.processOperator(PDFStreamEngine.java:933)
	at org.apache.pdfbox.contentstream.PDFStreamEngine.processStreamOperators(PDFStreamEngine.java:515)
	at org.apache.pdfbox.contentstream.PDFStreamEngine.processStream(PDFStreamEngine.java:489)
	at org.apache.pdfbox.contentstream.PDFStreamEngine.processPage(PDFStreamEngine.java:156)
	at org.apache.pdfbox.rendering.PageDrawer.drawPage(PageDrawer.java:275)
	at org.apache.pdfbox.rendering.PDFRenderer.renderImage(PDFRenderer.java:347)
	at org.apache.pdfbox.rendering.PDFRenderer.renderImage(PDFRenderer.java:268)
	at org.apache.pdfbox.rendering.PDFRenderer.renderImage(PDFRenderer.java:228)
	at org.apache.pdfbox.rendering.PDFRenderer.renderImage(PDFRenderer.java:215)
	at com.sismics.docs.core.util.format.PdfFormatHandler.generateThumbnail(PdfFormatHandler.java:41)
	at com.sismics.docs.core.util.format.TextPlainFormatHandler.generateThumbnail(TextPlainFormatHandler.java:45)
	at com.sismics.docs.core.listener.async.FileProcessingAsyncListener.extractContent(FileProcessingAsyncListener.java:150)
	at com.sismics.docs.core.listener.async.FileProcessingAsyncListener.processFile(FileProcessingAsyncListener.java:104)
	at com.sismics.docs.core.listener.async.FileProcessingAsyncListener.on(FileProcessingAsyncListener.java:56)
	at java.base/jdk.internal.reflect.NativeMethodAccessorImpl.invoke0(Native Method)
	at java.base/jdk.internal.reflect.NativeMethodAccessorImpl.invoke(NativeMethodAccessorImpl.java:77)
	at java.base/jdk.internal.reflect.DelegatingMethodAccessorImpl.invoke(DelegatingMethodAccessorImpl.java:43)
	at java.base/java.lang.reflect.Method.invoke(Method.java:568)
	at com.google.common.eventbus.Subscriber.invokeSubscriberMethod(Subscriber.java:87)
	at com.google.common.eventbus.Subscriber$1.run(Subscriber.java:72)
	at com.google.common.util.concurrent.DirectExecutor.execute(DirectExecutor.java:30)
	at com.google.common.eventbus.Subscriber.dispatchEvent(Subscriber.java:67)
	at com.google.common.eventbus.Dispatcher$PerThreadQueuedDispatcher.dispatch(Dispatcher.java:108)
	at com.google.common.eventbus.EventBus.post(EventBus.java:212)
	at com.sismics.util.context.ThreadLocalContext.fireAllAsyncEvents(ThreadLocalContext.java:99)
	at com.sismics.util.filter.RequestContextFilter.doFilter(RequestContextFilter.java:139)
	at org.glassfish.grizzly.servlet.FilterChainImpl.doFilter(FilterChainImpl.java:114)
	at org.glassfish.grizzly.servlet.FilterChainImpl.invokeFilterChain(FilterChainImpl.java:83)
	at org.glassfish.grizzly.servlet.ServletHandler.doServletService(ServletHandler.java:202)
	at org.glassfish.grizzly.servlet.ServletHandler.service(ServletHandler.java:149)
	at org.glassfish.grizzly.http.server.HttpHandler$1.run(HttpHandler.java:200)
	at org.glassfish.grizzly.threadpool.AbstractThreadPool$Worker.doWork(AbstractThreadPool.java:569)
	at org.glassfish.grizzly.threadpool.AbstractThreadPool$Worker.run(AbstractThreadPool.java:549)
	at java.base/java.lang.Thread.run(Thread.java:833)
06 5月 2024 18:06:43,221 WARN org.apache.pdfbox.pdmodel.font.FileSystemFontProvider.<init>(FileSystemFontProvider.java:340) Finished building on-disk font cache, found 429 fonts 
06 5月 2024 18:06:43,224 WARN org.apache.pdfbox.pdmodel.font.PDTrueTypeFont.<init>(PDTrueTypeFont.java:220) Using fallback font 'CourierNewPSMT' for 'LiberationMono' 
06 5月 2024 18:06:43,466 INFO com.sismics.docs.core.listener.async.FileProcessingAsyncListener.extractContent(FileProcessingAsyncListener.java:176) Start extracting content from: File{id=c114905d-3a91-47fb-a7f4-cc7434286035, name=document.txt} 
06 5月 2024 18:06:43,467 INFO com.sismics.docs.core.listener.async.FileProcessingAsyncListener.extractContent(FileProcessingAsyncListener.java:182) File content extracted in 1ms: c114905d-3a91-47fb-a7f4-cc7434286035 
06 5月 2024 18:06:43,475 INFO com.sismics.docs.core.util.FileUtil.endProcessingFile(FileUtil.java:231) Processing ended for file: c114905d-3a91-47fb-a7f4-cc7434286035 
06 5月 2024 18:06:43,476 INFO com.sismics.docs.core.listener.async.DocumentUpdatedAsyncListener.on(DocumentUpdatedAsyncListener.java:39) Document updated event: DocumentUpdatedAsyncEvent{documentId=01740638-a16f-433c-891f-07501c6f44ab} 
06 5月 2024 18:06:43,500 INFO com.sismics.docs.core.listener.async.FileDeletedAsyncListener.on(FileDeletedAsyncListener.java:33) File deleted event: FileDeletedAsyncEvent{fileId=bba7b848-bcfd-469d-9e49-db6635c7258f} 
06 5月 2024 18:06:43,504 INFO com.sismics.docs.core.listener.async.DocumentUpdatedAsyncListener.on(DocumentUpdatedAsyncListener.java:39) Document updated event: DocumentUpdatedAsyncEvent{documentId=01740638-a16f-433c-891f-07501c6f44ab} 
06 5月 2024 18:06:43,517 INFO org.subethamail.smtp.server.SMTPServer.run(SMTPServer.java:333) SMTP Server socket shut down. 
06 5月 2024 18:06:43,518 INFO com.sismics.docs.core.service.InboxService.shutDown(InboxService.java:60) Inbox service shutting down 
06 5月 2024 18:06:43,518 INFO com.sismics.docs.core.service.FileService.shutDown(FileService.java:44) File service shutting down 
]]></system-out>
  </testcase>
  <testcase name="testZipFileUpload" classname="com.sismics.docs.rest.TestFileResource" time="1.34">
    <system-out><![CDATA[06 5月 2024 18:06:43,521 INFO org.glassfish.jersey.test.external.ExternalTestContainerFactory$ExternalTestContainer.<init>(ExternalTestContainerFactory.java:91) Creating ExternalTestContainer configured at the base URI http://localhost:9998/docs 
06 5月 2024 18:06:43,605 INFO com.sismics.util.filter.RequestContextFilter.init(RequestContextFilter.java:43) Using base data directory: C:\Users\13181\AppData\Local\Temp 
06 5月 2024 18:06:43,807 INFO com.sismics.util.ClasspathScanner.findClasses(ClasspathScanner.java:48) Found 1 classes for IndexingHandler 
06 5月 2024 18:06:43,808 INFO com.sismics.docs.core.util.indexing.LuceneIndexingHandler.initLucene(LuceneIndexingHandler.java:115) Using RAM Lucene storage 
06 5月 2024 18:06:43,808 INFO com.sismics.docs.core.service.FileService.startUp(FileService.java:39) File service starting up 
06 5月 2024 18:06:43,809 INFO com.sismics.docs.core.service.InboxService.startUp(InboxService.java:55) Inbox service starting up 
06 5月 2024 18:06:44,810 INFO com.sismics.docs.core.listener.async.DocumentCreatedAsyncListener.on(DocumentCreatedAsyncListener.java:35) Document created event: DocumentCreatedAsyncEvent{documentId=0211b66b-17b2-4e10-a3a0-c42a667412a1} 
06 5月 2024 18:06:44,865 INFO com.sismics.docs.core.util.FileUtil.startProcessingFile(FileUtil.java:221) Processing started for file: 5fa04b09-1abb-4d9b-aac7-aa0b5849dbbe 
06 5月 2024 18:06:44,867 INFO com.sismics.docs.core.listener.async.FileProcessingAsyncListener.on(FileProcessingAsyncListener.java:53) File created event: FileCreatedAsyncEvent{fileId=5fa04b09-1abb-4d9b-aac7-aa0b5849dbbe, language=eng} 
06 5月 2024 18:06:44,870 INFO com.sismics.docs.core.listener.async.FileProcessingAsyncListener.extractContent(FileProcessingAsyncListener.java:143) Format unhandled: application/x-zip-compressed 
06 5月 2024 18:06:44,873 INFO com.sismics.docs.core.util.FileUtil.endProcessingFile(FileUtil.java:231) Processing ended for file: 5fa04b09-1abb-4d9b-aac7-aa0b5849dbbe 
06 5月 2024 18:06:44,874 INFO com.sismics.docs.core.listener.async.DocumentUpdatedAsyncListener.on(DocumentUpdatedAsyncListener.java:39) Document updated event: DocumentUpdatedAsyncEvent{documentId=0211b66b-17b2-4e10-a3a0-c42a667412a1} 
06 5月 2024 18:06:44,881 INFO org.subethamail.smtp.server.SMTPServer.run(SMTPServer.java:333) SMTP Server socket shut down. 
06 5月 2024 18:06:44,882 INFO com.sismics.docs.core.service.InboxService.shutDown(InboxService.java:60) Inbox service shutting down 
06 5月 2024 18:06:44,882 INFO com.sismics.docs.core.service.FileService.shutDown(FileService.java:44) File service shutting down 
]]></system-out>
  </testcase>
  <testcase name="testOrphanFile" classname="com.sismics.docs.rest.TestFileResource" time="4.25">
    <system-out><![CDATA[06 5月 2024 18:06:44,884 INFO org.glassfish.jersey.test.external.ExternalTestContainerFactory$ExternalTestContainer.<init>(ExternalTestContainerFactory.java:91) Creating ExternalTestContainer configured at the base URI http://localhost:9998/docs 
06 5月 2024 18:06:44,961 INFO com.sismics.util.filter.RequestContextFilter.init(RequestContextFilter.java:43) Using base data directory: C:\Users\13181\AppData\Local\Temp 
06 5月 2024 18:06:45,171 INFO com.sismics.util.ClasspathScanner.findClasses(ClasspathScanner.java:48) Found 1 classes for IndexingHandler 
06 5月 2024 18:06:45,172 INFO com.sismics.docs.core.util.indexing.LuceneIndexingHandler.initLucene(LuceneIndexingHandler.java:115) Using RAM Lucene storage 
06 5月 2024 18:06:45,172 INFO com.sismics.docs.core.service.FileService.startUp(FileService.java:39) File service starting up 
06 5月 2024 18:06:45,173 INFO com.sismics.docs.core.service.InboxService.startUp(InboxService.java:55) Inbox service starting up 
06 5月 2024 18:06:46,116 INFO com.sismics.docs.core.util.FileUtil.startProcessingFile(FileUtil.java:221) Processing started for file: 5b62687a-2ca7-4a63-beca-7a7f79a76fda 
06 5月 2024 18:06:46,120 INFO com.sismics.docs.core.listener.async.FileProcessingAsyncListener.on(FileProcessingAsyncListener.java:53) File created event: FileCreatedAsyncEvent{fileId=5b62687a-2ca7-4a63-beca-7a7f79a76fda, language=null} 
06 5月 2024 18:06:46,372 INFO com.sismics.docs.core.listener.async.FileProcessingAsyncListener.extractContent(FileProcessingAsyncListener.java:176) Start extracting content from: File{id=5b62687a-2ca7-4a63-beca-7a7f79a76fda, name=PIA00452.jpg} 
06 5月 2024 18:06:46,372 INFO com.sismics.docs.core.listener.async.FileProcessingAsyncListener.extractContent(FileProcessingAsyncListener.java:182) File content extracted in 0ms: 5b62687a-2ca7-4a63-beca-7a7f79a76fda 
06 5月 2024 18:06:46,375 INFO com.sismics.docs.core.util.FileUtil.endProcessingFile(FileUtil.java:231) Processing ended for file: 5b62687a-2ca7-4a63-beca-7a7f79a76fda 
06 5月 2024 18:06:46,410 INFO com.sismics.docs.core.listener.async.DocumentCreatedAsyncListener.on(DocumentCreatedAsyncListener.java:35) Document created event: DocumentCreatedAsyncEvent{documentId=304454a9-752f-4cd1-a355-c1bd95eb09d6} 
06 5月 2024 18:06:46,432 INFO com.sismics.docs.core.util.FileUtil.startProcessingFile(FileUtil.java:221) Processing started for file: 5b62687a-2ca7-4a63-beca-7a7f79a76fda 
06 5月 2024 18:06:46,435 INFO com.sismics.docs.core.listener.async.FileProcessingAsyncListener.on(FileProcessingAsyncListener.java:67) File updated event: FileUpdatedAsyncEvent{fileId=5b62687a-2ca7-4a63-beca-7a7f79a76fda, language=eng} 
06 5月 2024 18:06:46,671 INFO com.sismics.docs.core.listener.async.FileProcessingAsyncListener.extractContent(FileProcessingAsyncListener.java:176) Start extracting content from: File{id=5b62687a-2ca7-4a63-beca-7a7f79a76fda, name=PIA00452.jpg} 
06 5月 2024 18:06:48,857 ERROR com.sismics.docs.core.listener.async.FileProcessingAsyncListener.extractContent(FileProcessingAsyncListener.java:180) Error extracting content from: File{id=5b62687a-2ca7-4a63-beca-7a7f79a76fda, name=PIA00452.jpg} 
java.io.IOException: Cannot run program "tesseract": CreateProcess error=2, 系统找不到指定的文件。
	at java.base/java.lang.ProcessBuilder.start(ProcessBuilder.java:1143)
	at java.base/java.lang.ProcessBuilder.start(ProcessBuilder.java:1073)
	at com.sismics.docs.core.util.FileUtil.ocrFile(FileUtil.java:71)
	at com.sismics.docs.core.util.format.ImageFormatHandler.extractContent(ImageFormatHandler.java:53)
	at com.sismics.docs.core.listener.async.FileProcessingAsyncListener.extractContent(FileProcessingAsyncListener.java:178)
	at com.sismics.docs.core.listener.async.FileProcessingAsyncListener.processFile(FileProcessingAsyncListener.java:104)
	at com.sismics.docs.core.listener.async.FileProcessingAsyncListener.on(FileProcessingAsyncListener.java:69)
	at java.base/jdk.internal.reflect.NativeMethodAccessorImpl.invoke0(Native Method)
	at java.base/jdk.internal.reflect.NativeMethodAccessorImpl.invoke(NativeMethodAccessorImpl.java:77)
	at java.base/jdk.internal.reflect.DelegatingMethodAccessorImpl.invoke(DelegatingMethodAccessorImpl.java:43)
	at java.base/java.lang.reflect.Method.invoke(Method.java:568)
	at com.google.common.eventbus.Subscriber.invokeSubscriberMethod(Subscriber.java:87)
	at com.google.common.eventbus.Subscriber$1.run(Subscriber.java:72)
	at com.google.common.util.concurrent.DirectExecutor.execute(DirectExecutor.java:30)
	at com.google.common.eventbus.Subscriber.dispatchEvent(Subscriber.java:67)
	at com.google.common.eventbus.Dispatcher$PerThreadQueuedDispatcher.dispatch(Dispatcher.java:108)
	at com.google.common.eventbus.EventBus.post(EventBus.java:212)
	at com.sismics.util.context.ThreadLocalContext.fireAllAsyncEvents(ThreadLocalContext.java:99)
	at com.sismics.util.filter.RequestContextFilter.doFilter(RequestContextFilter.java:139)
	at org.glassfish.grizzly.servlet.FilterChainImpl.doFilter(FilterChainImpl.java:114)
	at org.glassfish.grizzly.servlet.FilterChainImpl.invokeFilterChain(FilterChainImpl.java:83)
	at org.glassfish.grizzly.servlet.ServletHandler.doServletService(ServletHandler.java:202)
	at org.glassfish.grizzly.servlet.ServletHandler.service(ServletHandler.java:149)
	at org.glassfish.grizzly.http.server.HttpHandler$1.run(HttpHandler.java:200)
	at org.glassfish.grizzly.threadpool.AbstractThreadPool$Worker.doWork(AbstractThreadPool.java:569)
	at org.glassfish.grizzly.threadpool.AbstractThreadPool$Worker.run(AbstractThreadPool.java:549)
	at java.base/java.lang.Thread.run(Thread.java:833)
Caused by: java.io.IOException: CreateProcess error=2, 系统找不到指定的文件。
	at java.base/java.lang.ProcessImpl.create(Native Method)
	at java.base/java.lang.ProcessImpl.<init>(ProcessImpl.java:494)
	at java.base/java.lang.ProcessImpl.start(ProcessImpl.java:159)
	at java.base/java.lang.ProcessBuilder.start(ProcessBuilder.java:1110)
	... 26 more
06 5月 2024 18:06:48,858 INFO com.sismics.docs.core.listener.async.FileProcessingAsyncListener.extractContent(FileProcessingAsyncListener.java:182) File content extracted in 2,187ms: 5b62687a-2ca7-4a63-beca-7a7f79a76fda 
06 5月 2024 18:06:48,861 INFO com.sismics.docs.core.util.FileUtil.endProcessingFile(FileUtil.java:231) Processing ended for file: 5b62687a-2ca7-4a63-beca-7a7f79a76fda 
06 5月 2024 18:06:48,862 INFO com.sismics.docs.core.listener.async.DocumentUpdatedAsyncListener.on(DocumentUpdatedAsyncListener.java:39) Document updated event: DocumentUpdatedAsyncEvent{documentId=304454a9-752f-4cd1-a355-c1bd95eb09d6} 
06 5月 2024 18:06:48,897 INFO com.sismics.docs.core.util.FileUtil.startProcessingFile(FileUtil.java:221) Processing started for file: 9262e505-df2a-4ccf-8927-8c3bf7612b55 
06 5月 2024 18:06:48,899 INFO com.sismics.docs.core.listener.async.FileProcessingAsyncListener.on(FileProcessingAsyncListener.java:53) File created event: FileCreatedAsyncEvent{fileId=9262e505-df2a-4ccf-8927-8c3bf7612b55, language=null} 
06 5月 2024 18:06:49,113 INFO com.sismics.docs.core.listener.async.FileProcessingAsyncListener.extractContent(FileProcessingAsyncListener.java:176) Start extracting content from: File{id=9262e505-df2a-4ccf-8927-8c3bf7612b55, name=PIA00452.jpg} 
06 5月 2024 18:06:49,113 INFO com.sismics.docs.core.listener.async.FileProcessingAsyncListener.extractContent(FileProcessingAsyncListener.java:182) File content extracted in 0ms: 9262e505-df2a-4ccf-8927-8c3bf7612b55 
06 5月 2024 18:06:49,115 INFO com.sismics.docs.core.util.FileUtil.endProcessingFile(FileUtil.java:231) Processing ended for file: 9262e505-df2a-4ccf-8927-8c3bf7612b55 
06 5月 2024 18:06:49,123 INFO com.sismics.docs.core.listener.async.FileDeletedAsyncListener.on(FileDeletedAsyncListener.java:33) File deleted event: FileDeletedAsyncEvent{fileId=9262e505-df2a-4ccf-8927-8c3bf7612b55} 
06 5月 2024 18:06:49,127 INFO org.subethamail.smtp.server.SMTPServer.run(SMTPServer.java:333) SMTP Server socket shut down. 
06 5月 2024 18:06:49,128 INFO com.sismics.docs.core.service.InboxService.shutDown(InboxService.java:60) Inbox service shutting down 
06 5月 2024 18:06:49,128 INFO com.sismics.docs.core.service.FileService.shutDown(FileService.java:44) File service shutting down 
]]></system-out>
  </testcase>
</testsuite>