<?xml version="1.0" encoding="UTF-8"?>
<testsuite xmlns:xsi="http://www.w3.org/2001/XMLSchema-instance" xsi:noNamespaceSchemaLocation="https://maven.apache.org/surefire/maven-surefire-plugin/xsd/surefire-test-report-3.0.xsd" version="3.0" name="com.sismics.docs.rest.TestShareResource" time="11.004" tests="1" errors="0" skipped="0" failures="0">
  <properties>
    <property name="java.specification.version" value="17"/>
    <property name="sun.cpu.isalist" value="amd64"/>
    <property name="sun.jnu.encoding" value="GBK"/>
    <property name="java.class.path" value="D:\COURSE\SE\lab\lab11\Teedy\docs-web\target\test-classes;D:\COURSE\SE\lab\lab11\Teedy\docs-web\target\classes;D:\COURSE\SE\lab\lab11\Teedy\docs-core\target\classes;C:\Users\13181\.m2\repository\org\hibernate\hibernate-core\5.4.27.Final\hibernate-core-5.4.27.Final.jar;C:\Users\13181\.m2\repository\org\jboss\logging\jboss-logging\3.4.1.Final\jboss-logging-3.4.1.Final.jar;C:\Users\13181\.m2\repository\javax\persistence\javax.persistence-api\2.2\javax.persistence-api-2.2.jar;C:\Users\13181\.m2\repository\net\bytebuddy\byte-buddy\1.10.17\byte-buddy-1.10.17.jar;C:\Users\13181\.m2\repository\antlr\antlr\2.7.7\antlr-2.7.7.jar;C:\Users\13181\.m2\repository\org\jboss\spec\javax\transaction\jboss-transaction-api_1.2_spec\1.1.1.Final\jboss-transaction-api_1.2_spec-1.1.1.Final.jar;C:\Users\13181\.m2\repository\org\jboss\jandex\2.1.3.Final\jandex-2.1.3.Final.jar;C:\Users\13181\.m2\repository\com\fasterxml\classmate\1.5.1\classmate-1.5.1.jar;C:\Users\13181\.m2\repository\javax\activation\javax.activation-api\1.2.0\javax.activation-api-1.2.0.jar;C:\Users\13181\.m2\repository\org\dom4j\dom4j\2.1.3\dom4j-2.1.3.jar;C:\Users\13181\.m2\repository\org\hibernate\common\hibernate-commons-annotations\5.1.2.Final\hibernate-commons-annotations-5.1.2.Final.jar;C:\Users\13181\.m2\repository\org\glassfish\jaxb\jaxb-runtime\2.3.1\jaxb-runtime-2.3.1.jar;C:\Users\13181\.m2\repository\org\glassfish\jaxb\txw2\2.3.1\txw2-2.3.1.jar;C:\Users\13181\.m2\repository\com\sun\istack\istack-commons-runtime\3.0.7\istack-commons-runtime-3.0.7.jar;C:\Users\13181\.m2\repository\org\jvnet\staxex\stax-ex\1.8\stax-ex-1.8.jar;C:\Users\13181\.m2\repository\com\sun\xml\fastinfoset\FastInfoset\1.2.15\FastInfoset-1.2.15.jar;C:\Users\13181\.m2\repository\org\hibernate\hibernate-entitymanager\5.4.27.Final\hibernate-entitymanager-5.4.27.Final.jar;C:\Users\13181\.m2\repository\org\hibernate\hibernate-c3p0\5.4.27.Final\hibernate-c3p0-5.4.27.Final.jar;C:\Users\13181\.m2\repository\com\mchange\c3p0\0.9.5.5\c3p0-0.9.5.5.jar;C:\Users\13181\.m2\repository\com\mchange\mchange-commons-java\0.2.19\mchange-commons-java-0.2.19.jar;C:\Users\13181\.m2\repository\org\apache\commons\commons-compress\1.18\commons-compress-1.18.jar;C:\Users\13181\.m2\repository\org\apache\commons\commons-email\1.5\commons-email-1.5.jar;C:\Users\13181\.m2\repository\org\freemarker\freemarker\2.3.30\freemarker-2.3.30.jar;C:\Users\13181\.m2\repository\org\glassfish\javax.json\1.1.4\javax.json-1.1.4.jar;C:\Users\13181\.m2\repository\org\jsoup\jsoup\1.13.1\jsoup-1.13.1.jar;C:\Users\13181\.m2\repository\org\slf4j\slf4j-log4j12\1.7.30\slf4j-log4j12-1.7.30.jar;C:\Users\13181\.m2\repository\org\slf4j\slf4j-api\1.7.30\slf4j-api-1.7.30.jar;C:\Users\13181\.m2\repository\org\slf4j\jcl-over-slf4j\1.7.30\jcl-over-slf4j-1.7.30.jar;C:\Users\13181\.m2\repository\at\favre\lib\bcrypt\0.9.0\bcrypt-0.9.0.jar;C:\Users\13181\.m2\repository\at\favre\lib\bytes\1.3.0\bytes-1.3.0.jar;C:\Users\13181\.m2\repository\org\apache\lucene\lucene-core\8.7.0\lucene-core-8.7.0.jar;C:\Users\13181\.m2\repository\org\apache\lucene\lucene-analyzers-common\8.7.0\lucene-analyzers-common-8.7.0.jar;C:\Users\13181\.m2\repository\org\apache\lucene\lucene-queryparser\8.7.0\lucene-queryparser-8.7.0.jar;C:\Users\13181\.m2\repository\org\apache\lucene\lucene-queries\8.7.0\lucene-queries-8.7.0.jar;C:\Users\13181\.m2\repository\org\apache\lucene\lucene-sandbox\8.7.0\lucene-sandbox-8.7.0.jar;C:\Users\13181\.m2\repository\org\apache\lucene\lucene-suggest\8.7.0\lucene-suggest-8.7.0.jar;C:\Users\13181\.m2\repository\org\apache\lucene\lucene-highlighter\8.7.0\lucene-highlighter-8.7.0.jar;C:\Users\13181\.m2\repository\org\apache\lucene\lucene-memory\8.7.0\lucene-memory-8.7.0.jar;C:\Users\13181\.m2\repository\com\sun\mail\javax.mail\1.6.2\javax.mail-1.6.2.jar;C:\Users\13181\.m2\repository\javax\activation\activation\1.1\activation-1.1.jar;C:\Users\13181\.m2\repository\com\squareup\okhttp3\okhttp\4.9.0\okhttp-4.9.0.jar;C:\Users\13181\.m2\repository\com\squareup\okio\okio\2.8.0\okio-2.8.0.jar;C:\Users\13181\.m2\repository\org\jetbrains\kotlin\kotlin-stdlib-common\1.4.0\kotlin-stdlib-common-1.4.0.jar;C:\Users\13181\.m2\repository\org\jetbrains\kotlin\kotlin-stdlib\1.4.10\kotlin-stdlib-1.4.10.jar;C:\Users\13181\.m2\repository\org\jetbrains\annotations\13.0\annotations-13.0.jar;C:\Users\13181\.m2\repository\org\apache\directory\api\api-all\2.0.1\api-all-2.0.1.jar;C:\Users\13181\.m2\repository\org\apache\servicemix\bundles\org.apache.servicemix.bundles.xpp3\1.1.4c_7\org.apache.servicemix.bundles.xpp3-1.1.4c_7.jar;C:\Users\13181\.m2\repository\org\apache\servicemix\bundles\org.apache.servicemix.bundles.dom4j\2.1.1_1\org.apache.servicemix.bundles.dom4j-2.1.1_1.jar;C:\Users\13181\.m2\repository\org\apache\commons\commons-pool2\2.8.0\commons-pool2-2.8.0.jar;C:\Users\13181\.m2\repository\org\apache\mina\mina-core\2.1.3\mina-core-2.1.3.jar;C:\Users\13181\.m2\repository\org\apache\commons\commons-lang3\3.9\commons-lang3-3.9.jar;C:\Users\13181\.m2\repository\org\apache\commons\commons-collections4\4.4\commons-collections4-4.4.jar;C:\Users\13181\.m2\repository\org\apache\servicemix\bundles\org.apache.servicemix.bundles.antlr\2.7.7_5\org.apache.servicemix.bundles.antlr-2.7.7_5.jar;C:\Users\13181\.m2\repository\commons-codec\commons-codec\1.14\commons-codec-1.14.jar;C:\Users\13181\.m2\repository\org\apache\lucene\lucene-backward-codecs\8.7.0\lucene-backward-codecs-8.7.0.jar;C:\Users\13181\.m2\repository\org\imgscalr\imgscalr-lib\4.2\imgscalr-lib-4.2.jar;C:\Users\13181\.m2\repository\org\apache\pdfbox\pdfbox\2.0.22\pdfbox-2.0.22.jar;C:\Users\13181\.m2\repository\org\apache\pdfbox\fontbox\2.0.22\fontbox-2.0.22.jar;C:\Users\13181\.m2\repository\org\bouncycastle\bcprov-jdk15on\1.68\bcprov-jdk15on-1.68.jar;C:\Users\13181\.m2\repository\fr\opensagres\xdocreport\fr.opensagres.odfdom.converter.pdf\2.0.2\fr.opensagres.odfdom.converter.pdf-2.0.2.jar;C:\Users\13181\.m2\repository\fr\opensagres\xdocreport\fr.opensagres.odfdom.converter.core\2.0.2\fr.opensagres.odfdom.converter.core-2.0.2.jar;C:\Users\13181\.m2\repository\org\odftoolkit\odfdom-java\0.8.7\odfdom-java-0.8.7.jar;C:\Users\13181\.m2\repository\xerces\xercesImpl\2.9.1\xercesImpl-2.9.1.jar;C:\Users\13181\.m2\repository\xml-apis\xml-apis\1.3.04\xml-apis-1.3.04.jar;C:\Users\13181\.m2\repository\fr\opensagres\xdocreport\fr.opensagres.xdocreport.itext.extension\2.0.2\fr.opensagres.xdocreport.itext.extension-2.0.2.jar;C:\Users\13181\.m2\repository\com\lowagie\itext\2.1.7\itext-2.1.7.jar;C:\Users\13181\.m2\repository\fr\opensagres\xdocreport\fr.opensagres.poi.xwpf.converter.pdf\2.0.2\fr.opensagres.poi.xwpf.converter.pdf-2.0.2.jar;C:\Users\13181\.m2\repository\fr\opensagres\xdocreport\fr.opensagres.poi.xwpf.converter.core\2.0.2\fr.opensagres.poi.xwpf.converter.core-2.0.2.jar;C:\Users\13181\.m2\repository\org\apache\poi\poi-ooxml\4.0.1\poi-ooxml-4.0.1.jar;C:\Users\13181\.m2\repository\org\apache\poi\poi\4.0.1\poi-4.0.1.jar;C:\Users\13181\.m2\repository\org\apache\commons\commons-math3\3.6.1\commons-math3-3.6.1.jar;C:\Users\13181\.m2\repository\com\github\virtuald\curvesapi\1.05\curvesapi-1.05.jar;C:\Users\13181\.m2\repository\org\apache\poi\ooxml-schemas\1.4\ooxml-schemas-1.4.jar;C:\Users\13181\.m2\repository\org\apache\xmlbeans\xmlbeans\3.0.1\xmlbeans-3.0.1.jar;C:\Users\13181\.m2\repository\com\twelvemonkeys\imageio\imageio-jpeg\3.6.2\imageio-jpeg-3.6.2.jar;C:\Users\13181\.m2\repository\com\twelvemonkeys\imageio\imageio-core\3.6.2\imageio-core-3.6.2.jar;C:\Users\13181\.m2\repository\com\twelvemonkeys\imageio\imageio-metadata\3.6.2\imageio-metadata-3.6.2.jar;C:\Users\13181\.m2\repository\com\twelvemonkeys\imageio\imageio-tiff\3.6.2\imageio-tiff-3.6.2.jar;C:\Users\13181\.m2\repository\com\github\jai-imageio\jai-imageio-jpeg2000\1.4.0\jai-imageio-jpeg2000-1.4.0.jar;C:\Users\13181\.m2\repository\com\github\jai-imageio\jai-imageio-core\1.4.0\jai-imageio-core-1.4.0.jar;C:\Users\13181\.m2\repository\com\levigo\jbig2\levigo-jbig2-imageio\2.0\levigo-jbig2-imageio-2.0.jar;C:\Users\13181\.m2\repository\org\postgresql\postgresql\42.2.18\postgresql-42.2.18.jar;C:\Users\13181\.m2\repository\javax\xml\bind\jaxb-api\2.3.0\jaxb-api-2.3.0.jar;C:\Users\13181\.m2\repository\com\sun\xml\bind\jaxb-core\2.3.0\jaxb-core-2.3.0.jar;C:\Users\13181\.m2\repository\com\sun\xml\bind\jaxb-impl\2.3.0\jaxb-impl-2.3.0.jar;D:\COURSE\SE\lab\lab11\Teedy\docs-web-common\target\classes;C:\Users\13181\.m2\repository\org\slf4j\jul-to-slf4j\1.7.30\jul-to-slf4j-1.7.30.jar;C:\Users\13181\.m2\repository\org\glassfish\jersey\containers\jersey-container-servlet\2.33\jersey-container-servlet-2.33.jar;C:\Users\13181\.m2\repository\org\glassfish\jersey\containers\jersey-container-servlet-core\2.33\jersey-container-servlet-core-2.33.jar;C:\Users\13181\.m2\repository\org\glassfish\hk2\external\jakarta.inject\2.6.1\jakarta.inject-2.6.1.jar;C:\Users\13181\.m2\repository\org\glassfish\jersey\core\jersey-common\2.33\jersey-common-2.33.jar;C:\Users\13181\.m2\repository\jakarta\annotation\jakarta.annotation-api\1.3.5\jakarta.annotation-api-1.3.5.jar;C:\Users\13181\.m2\repository\org\glassfish\hk2\osgi-resource-locator\1.0.3\osgi-resource-locator-1.0.3.jar;C:\Users\13181\.m2\repository\org\glassfish\jersey\core\jersey-server\2.33\jersey-server-2.33.jar;C:\Users\13181\.m2\repository\org\glassfish\jersey\core\jersey-client\2.33\jersey-client-2.33.jar;C:\Users\13181\.m2\repository\jakarta\validation\jakarta.validation-api\2.0.2\jakarta.validation-api-2.0.2.jar;C:\Users\13181\.m2\repository\jakarta\ws\rs\jakarta.ws.rs-api\2.1.6\jakarta.ws.rs-api-2.1.6.jar;C:\Users\13181\.m2\repository\org\glassfish\jersey\media\jersey-media-json-processing\2.33\jersey-media-json-processing-2.33.jar;C:\Users\13181\.m2\repository\org\glassfish\jakarta.json\1.1.6\jakarta.json-1.1.6.jar;C:\Users\13181\.m2\repository\org\glassfish\jsonp-jaxrs\1.1.6\jsonp-jaxrs-1.1.6.jar;C:\Users\13181\.m2\repository\org\glassfish\jersey\media\jersey-media-multipart\2.33\jersey-media-multipart-2.33.jar;C:\Users\13181\.m2\repository\org\jvnet\mimepull\mimepull\1.9.13\mimepull-1.9.13.jar;C:\Users\13181\.m2\repository\org\glassfish\jersey\inject\jersey-hk2\2.33\jersey-hk2-2.33.jar;C:\Users\13181\.m2\repository\org\glassfish\hk2\hk2-locator\2.6.1\hk2-locator-2.6.1.jar;C:\Users\13181\.m2\repository\org\glassfish\hk2\external\aopalliance-repackaged\2.6.1\aopalliance-repackaged-2.6.1.jar;C:\Users\13181\.m2\repository\org\glassfish\hk2\hk2-api\2.6.1\hk2-api-2.6.1.jar;C:\Users\13181\.m2\repository\org\glassfish\hk2\hk2-utils\2.6.1\hk2-utils-2.6.1.jar;C:\Users\13181\.m2\repository\org\javassist\javassist\3.25.0-GA\javassist-3.25.0-GA.jar;C:\Users\13181\.m2\repository\commons-lang\commons-lang\2.6\commons-lang-2.6.jar;C:\Users\13181\.m2\repository\commons-io\commons-io\2.6\commons-io-2.6.jar;C:\Users\13181\.m2\repository\com\google\guava\guava\30.1-jre\guava-30.1-jre.jar;C:\Users\13181\.m2\repository\com\google\guava\failureaccess\1.0.1\failureaccess-1.0.1.jar;C:\Users\13181\.m2\repository\com\google\guava\listenablefuture\9999.0-empty-to-avoid-conflict-with-guava\listenablefuture-9999.0-empty-to-avoid-conflict-with-guava.jar;C:\Users\13181\.m2\repository\com\google\code\findbugs\jsr305\3.0.2\jsr305-3.0.2.jar;C:\Users\13181\.m2\repository\org\checkerframework\checker-qual\3.5.0\checker-qual-3.5.0.jar;C:\Users\13181\.m2\repository\com\google\errorprone\error_prone_annotations\2.3.4\error_prone_annotations-2.3.4.jar;C:\Users\13181\.m2\repository\com\google\j2objc\j2objc-annotations\1.3\j2objc-annotations-1.3.jar;C:\Users\13181\.m2\repository\log4j\log4j\1.2.17\log4j-1.2.17.jar;C:\Users\13181\.m2\repository\commons-dbcp\commons-dbcp\1.4\commons-dbcp-1.4.jar;C:\Users\13181\.m2\repository\commons-pool\commons-pool\1.5.4\commons-pool-1.5.4.jar;C:\Users\13181\.m2\repository\javax\servlet\javax.servlet-api\4.0.1\javax.servlet-api-4.0.1.jar;C:\Users\13181\.m2\repository\joda-time\joda-time\2.10.9\joda-time-2.10.9.jar;C:\Users\13181\.m2\repository\com\h2database\h2\1.4.199\h2-1.4.199.jar;C:\Users\13181\.m2\repository\com\twelvemonkeys\servlet\servlet\3.6.2\servlet-3.6.2.jar;C:\Users\13181\.m2\repository\com\twelvemonkeys\common\common-lang\3.6.2\common-lang-3.6.2.jar;C:\Users\13181\.m2\repository\com\twelvemonkeys\common\common-io\3.6.2\common-io-3.6.2.jar;C:\Users\13181\.m2\repository\com\twelvemonkeys\common\common-image\3.6.2\common-image-3.6.2.jar;D:\COURSE\SE\lab\lab11\Teedy\docs-web-common\target\test-classes;C:\Users\13181\.m2\repository\junit\junit\4.13.1\junit-4.13.1.jar;C:\Users\13181\.m2\repository\org\hamcrest\hamcrest-core\1.3\hamcrest-core-1.3.jar;C:\Users\13181\.m2\repository\org\glassfish\jersey\test-framework\providers\jersey-test-framework-provider-inmemory\2.33\jersey-test-framework-provider-inmemory-2.33.jar;C:\Users\13181\.m2\repository\org\glassfish\jersey\test-framework\providers\jersey-test-framework-provider-external\2.33\jersey-test-framework-provider-external-2.33.jar;C:\Users\13181\.m2\repository\org\glassfish\jersey\test-framework\providers\jersey-test-framework-provider-jdk-http\2.33\jersey-test-framework-provider-jdk-http-2.33.jar;C:\Users\13181\.m2\repository\org\glassfish\jersey\containers\jersey-container-jdk-http\2.33\jersey-container-jdk-http-2.33.jar;C:\Users\13181\.m2\repository\org\glassfish\jersey\test-framework\providers\jersey-test-framework-provider-simple\2.33\jersey-test-framework-provider-simple-2.33.jar;C:\Users\13181\.m2\repository\org\glassfish\jersey\containers\jersey-container-simple-http\2.33\jersey-container-simple-http-2.33.jar;C:\Users\13181\.m2\repository\org\simpleframework\simple-http\6.0.1\simple-http-6.0.1.jar;C:\Users\13181\.m2\repository\org\simpleframework\simple-transport\6.0.1\simple-transport-6.0.1.jar;C:\Users\13181\.m2\repository\org\simpleframework\simple-common\6.0.1\simple-common-6.0.1.jar;C:\Users\13181\.m2\repository\org\glassfish\jersey\test-framework\providers\jersey-test-framework-provider-jetty\2.33\jersey-test-framework-provider-jetty-2.33.jar;C:\Users\13181\.m2\repository\org\glassfish\jersey\containers\jersey-container-jetty-http\2.33\jersey-container-jetty-http-2.33.jar;C:\Users\13181\.m2\repository\org\eclipse\jetty\jetty-server\9.4.36.v20210114\jetty-server-9.4.36.v20210114.jar;C:\Users\13181\.m2\repository\org\eclipse\jetty\jetty-http\9.4.36.v20210114\jetty-http-9.4.36.v20210114.jar;C:\Users\13181\.m2\repository\org\eclipse\jetty\jetty-io\9.4.36.v20210114\jetty-io-9.4.36.v20210114.jar;C:\Users\13181\.m2\repository\org\eclipse\jetty\jetty-util\9.4.28.v20200408\jetty-util-9.4.28.v20200408.jar;C:\Users\13181\.m2\repository\org\eclipse\jetty\jetty-continuation\9.4.28.v20200408\jetty-continuation-9.4.28.v20200408.jar;C:\Users\13181\.m2\repository\org\glassfish\jersey\test-framework\providers\jersey-test-framework-provider-netty\2.33\jersey-test-framework-provider-netty-2.33.jar;C:\Users\13181\.m2\repository\org\glassfish\jersey\containers\jersey-container-netty-http\2.33\jersey-container-netty-http-2.33.jar;C:\Users\13181\.m2\repository\org\glassfish\jersey\connectors\jersey-netty-connector\2.33\jersey-netty-connector-2.33.jar;C:\Users\13181\.m2\repository\io\netty\netty-all\4.1.43.Final\netty-all-4.1.43.Final.jar;C:\Users\13181\.m2\repository\org\glassfish\jersey\test-framework\providers\jersey-test-framework-provider-grizzly2\2.33\jersey-test-framework-provider-grizzly2-2.33.jar;C:\Users\13181\.m2\repository\jakarta\servlet\jakarta.servlet-api\4.0.3\jakarta.servlet-api-4.0.3.jar;C:\Users\13181\.m2\repository\org\glassfish\jersey\test-framework\jersey-test-framework-core\2.33\jersey-test-framework-core-2.33.jar;C:\Users\13181\.m2\repository\jakarta\xml\bind\jakarta.xml.bind-api\2.3.3\jakarta.xml.bind-api-2.3.3.jar;C:\Users\13181\.m2\repository\jakarta\activation\jakarta.activation-api\1.2.2\jakarta.activation-api-1.2.2.jar;C:\Users\13181\.m2\repository\org\glassfish\jersey\media\jersey-media-jaxb\2.33\jersey-media-jaxb-2.33.jar;C:\Users\13181\.m2\repository\org\glassfish\jersey\containers\jersey-container-grizzly2-http\2.33\jersey-container-grizzly2-http-2.33.jar;C:\Users\13181\.m2\repository\org\glassfish\grizzly\grizzly-http-server\2.4.4\grizzly-http-server-2.4.4.jar;C:\Users\13181\.m2\repository\org\glassfish\grizzly\grizzly-http\2.4.4\grizzly-http-2.4.4.jar;C:\Users\13181\.m2\repository\org\glassfish\grizzly\grizzly-framework\2.4.4\grizzly-framework-2.4.4.jar;C:\Users\13181\.m2\repository\org\glassfish\jersey\containers\jersey-container-grizzly2-servlet\2.33\jersey-container-grizzly2-servlet-2.33.jar;C:\Users\13181\.m2\repository\org\glassfish\grizzly\grizzly-http-servlet\2.4.4\grizzly-http-servlet-2.4.4.jar;C:\Users\13181\.m2\repository\org\subethamail\subethasmtp-wiser\1.2\subethasmtp-wiser-1.2.jar;C:\Users\13181\.m2\repository\org\subethamail\subethasmtp-smtp\1.2\subethasmtp-smtp-1.2.jar;C:\Users\13181\.m2\repository\commons-logging\commons-logging\1.1\commons-logging-1.1.jar;C:\Users\13181\.m2\repository\logkit\logkit\1.0.1\logkit-1.0.1.jar;C:\Users\13181\.m2\repository\avalon-framework\avalon-framework\4.1.3\avalon-framework-4.1.3.jar;C:\Users\13181\.m2\repository\javax\servlet\servlet-api\2.3\servlet-api-2.3.jar;C:\Users\13181\.m2\repository\com\icegreen\greenmail\1.5.8\greenmail-1.5.8.jar;"/>
    <property name="java.vm.vendor" value="Oracle Corporation"/>
    <property name="sun.arch.data.model" value="64"/>
    <property name="user.variant" value=""/>
    <property name="java.vendor.url" value="https://java.oracle.com/"/>
    <property name="user.timezone" value="Asia/Shanghai"/>
    <property name="os.name" value="Windows 10"/>
    <property name="java.vm.specification.version" value="17"/>
    <property name="sun.java.launcher" value="SUN_STANDARD"/>
    <property name="user.country" value="CN"/>
    <property name="sun.boot.library.path" value="C:\Program Files\Java\jdk-17.0.1\bin"/>
    <property name="sun.java.command" value="C:\Users\13181\AppData\Local\Temp\surefire2679537652273834254\surefirebooter17652270034113347613.jar C:\Users\13181\AppData\Local\Temp\surefire2679537652273834254 2024-05-06T18-04-22_434-jvmRun1 surefire15175701184200341491tmp surefire_2111583503853892733866tmp"/>
    <property name="jdk.debug" value="release"/>
    <property name="surefire.test.class.path" value="D:\COURSE\SE\lab\lab11\Teedy\docs-web\target\test-classes;D:\COURSE\SE\lab\lab11\Teedy\docs-web\target\classes;D:\COURSE\SE\lab\lab11\Teedy\docs-core\target\classes;C:\Users\13181\.m2\repository\org\hibernate\hibernate-core\5.4.27.Final\hibernate-core-5.4.27.Final.jar;C:\Users\13181\.m2\repository\org\jboss\logging\jboss-logging\3.4.1.Final\jboss-logging-3.4.1.Final.jar;C:\Users\13181\.m2\repository\javax\persistence\javax.persistence-api\2.2\javax.persistence-api-2.2.jar;C:\Users\13181\.m2\repository\net\bytebuddy\byte-buddy\1.10.17\byte-buddy-1.10.17.jar;C:\Users\13181\.m2\repository\antlr\antlr\2.7.7\antlr-2.7.7.jar;C:\Users\13181\.m2\repository\org\jboss\spec\javax\transaction\jboss-transaction-api_1.2_spec\1.1.1.Final\jboss-transaction-api_1.2_spec-1.1.1.Final.jar;C:\Users\13181\.m2\repository\org\jboss\jandex\2.1.3.Final\jandex-2.1.3.Final.jar;C:\Users\13181\.m2\repository\com\fasterxml\classmate\1.5.1\classmate-1.5.1.jar;C:\Users\13181\.m2\repository\javax\activation\javax.activation-api\1.2.0\javax.activation-api-1.2.0.jar;C:\Users\13181\.m2\repository\org\dom4j\dom4j\2.1.3\dom4j-2.1.3.jar;C:\Users\13181\.m2\repository\org\hibernate\common\hibernate-commons-annotations\5.1.2.Final\hibernate-commons-annotations-5.1.2.Final.jar;C:\Users\13181\.m2\repository\org\glassfish\jaxb\jaxb-runtime\2.3.1\jaxb-runtime-2.3.1.jar;C:\Users\13181\.m2\repository\org\glassfish\jaxb\txw2\2.3.1\txw2-2.3.1.jar;C:\Users\13181\.m2\repository\com\sun\istack\istack-commons-runtime\3.0.7\istack-commons-runtime-3.0.7.jar;C:\Users\13181\.m2\repository\org\jvnet\staxex\stax-ex\1.8\stax-ex-1.8.jar;C:\Users\13181\.m2\repository\com\sun\xml\fastinfoset\FastInfoset\1.2.15\FastInfoset-1.2.15.jar;C:\Users\13181\.m2\repository\org\hibernate\hibernate-entitymanager\5.4.27.Final\hibernate-entitymanager-5.4.27.Final.jar;C:\Users\13181\.m2\repository\org\hibernate\hibernate-c3p0\5.4.27.Final\hibernate-c3p0-5.4.27.Final.jar;C:\Users\13181\.m2\repository\com\mchange\c3p0\0.9.5.5\c3p0-0.9.5.5.jar;C:\Users\13181\.m2\repository\com\mchange\mchange-commons-java\0.2.19\mchange-commons-java-0.2.19.jar;C:\Users\13181\.m2\repository\org\apache\commons\commons-compress\1.18\commons-compress-1.18.jar;C:\Users\13181\.m2\repository\org\apache\commons\commons-email\1.5\commons-email-1.5.jar;C:\Users\13181\.m2\repository\org\freemarker\freemarker\2.3.30\freemarker-2.3.30.jar;C:\Users\13181\.m2\repository\org\glassfish\javax.json\1.1.4\javax.json-1.1.4.jar;C:\Users\13181\.m2\repository\org\jsoup\jsoup\1.13.1\jsoup-1.13.1.jar;C:\Users\13181\.m2\repository\org\slf4j\slf4j-log4j12\1.7.30\slf4j-log4j12-1.7.30.jar;C:\Users\13181\.m2\repository\org\slf4j\slf4j-api\1.7.30\slf4j-api-1.7.30.jar;C:\Users\13181\.m2\repository\org\slf4j\jcl-over-slf4j\1.7.30\jcl-over-slf4j-1.7.30.jar;C:\Users\13181\.m2\repository\at\favre\lib\bcrypt\0.9.0\bcrypt-0.9.0.jar;C:\Users\13181\.m2\repository\at\favre\lib\bytes\1.3.0\bytes-1.3.0.jar;C:\Users\13181\.m2\repository\org\apache\lucene\lucene-core\8.7.0\lucene-core-8.7.0.jar;C:\Users\13181\.m2\repository\org\apache\lucene\lucene-analyzers-common\8.7.0\lucene-analyzers-common-8.7.0.jar;C:\Users\13181\.m2\repository\org\apache\lucene\lucene-queryparser\8.7.0\lucene-queryparser-8.7.0.jar;C:\Users\13181\.m2\repository\org\apache\lucene\lucene-queries\8.7.0\lucene-queries-8.7.0.jar;C:\Users\13181\.m2\repository\org\apache\lucene\lucene-sandbox\8.7.0\lucene-sandbox-8.7.0.jar;C:\Users\13181\.m2\repository\org\apache\lucene\lucene-suggest\8.7.0\lucene-suggest-8.7.0.jar;C:\Users\13181\.m2\repository\org\apache\lucene\lucene-highlighter\8.7.0\lucene-highlighter-8.7.0.jar;C:\Users\13181\.m2\repository\org\apache\lucene\lucene-memory\8.7.0\lucene-memory-8.7.0.jar;C:\Users\13181\.m2\repository\com\sun\mail\javax.mail\1.6.2\javax.mail-1.6.2.jar;C:\Users\13181\.m2\repository\javax\activation\activation\1.1\activation-1.1.jar;C:\Users\13181\.m2\repository\com\squareup\okhttp3\okhttp\4.9.0\okhttp-4.9.0.jar;C:\Users\13181\.m2\repository\com\squareup\okio\okio\2.8.0\okio-2.8.0.jar;C:\Users\13181\.m2\repository\org\jetbrains\kotlin\kotlin-stdlib-common\1.4.0\kotlin-stdlib-common-1.4.0.jar;C:\Users\13181\.m2\repository\org\jetbrains\kotlin\kotlin-stdlib\1.4.10\kotlin-stdlib-1.4.10.jar;C:\Users\13181\.m2\repository\org\jetbrains\annotations\13.0\annotations-13.0.jar;C:\Users\13181\.m2\repository\org\apache\directory\api\api-all\2.0.1\api-all-2.0.1.jar;C:\Users\13181\.m2\repository\org\apache\servicemix\bundles\org.apache.servicemix.bundles.xpp3\1.1.4c_7\org.apache.servicemix.bundles.xpp3-1.1.4c_7.jar;C:\Users\13181\.m2\repository\org\apache\servicemix\bundles\org.apache.servicemix.bundles.dom4j\2.1.1_1\org.apache.servicemix.bundles.dom4j-2.1.1_1.jar;C:\Users\13181\.m2\repository\org\apache\commons\commons-pool2\2.8.0\commons-pool2-2.8.0.jar;C:\Users\13181\.m2\repository\org\apache\mina\mina-core\2.1.3\mina-core-2.1.3.jar;C:\Users\13181\.m2\repository\org\apache\commons\commons-lang3\3.9\commons-lang3-3.9.jar;C:\Users\13181\.m2\repository\org\apache\commons\commons-collections4\4.4\commons-collections4-4.4.jar;C:\Users\13181\.m2\repository\org\apache\servicemix\bundles\org.apache.servicemix.bundles.antlr\2.7.7_5\org.apache.servicemix.bundles.antlr-2.7.7_5.jar;C:\Users\13181\.m2\repository\commons-codec\commons-codec\1.14\commons-codec-1.14.jar;C:\Users\13181\.m2\repository\org\apache\lucene\lucene-backward-codecs\8.7.0\lucene-backward-codecs-8.7.0.jar;C:\Users\13181\.m2\repository\org\imgscalr\imgscalr-lib\4.2\imgscalr-lib-4.2.jar;C:\Users\13181\.m2\repository\org\apache\pdfbox\pdfbox\2.0.22\pdfbox-2.0.22.jar;C:\Users\13181\.m2\repository\org\apache\pdfbox\fontbox\2.0.22\fontbox-2.0.22.jar;C:\Users\13181\.m2\repository\org\bouncycastle\bcprov-jdk15on\1.68\bcprov-jdk15on-1.68.jar;C:\Users\13181\.m2\repository\fr\opensagres\xdocreport\fr.opensagres.odfdom.converter.pdf\2.0.2\fr.opensagres.odfdom.converter.pdf-2.0.2.jar;C:\Users\13181\.m2\repository\fr\opensagres\xdocreport\fr.opensagres.odfdom.converter.core\2.0.2\fr.opensagres.odfdom.converter.core-2.0.2.jar;C:\Users\13181\.m2\repository\org\odftoolkit\odfdom-java\0.8.7\odfdom-java-0.8.7.jar;C:\Users\13181\.m2\repository\xerces\xercesImpl\2.9.1\xercesImpl-2.9.1.jar;C:\Users\13181\.m2\repository\xml-apis\xml-apis\1.3.04\xml-apis-1.3.04.jar;C:\Users\13181\.m2\repository\fr\opensagres\xdocreport\fr.opensagres.xdocreport.itext.extension\2.0.2\fr.opensagres.xdocreport.itext.extension-2.0.2.jar;C:\Users\13181\.m2\repository\com\lowagie\itext\2.1.7\itext-2.1.7.jar;C:\Users\13181\.m2\repository\fr\opensagres\xdocreport\fr.opensagres.poi.xwpf.converter.pdf\2.0.2\fr.opensagres.poi.xwpf.converter.pdf-2.0.2.jar;C:\Users\13181\.m2\repository\fr\opensagres\xdocreport\fr.opensagres.poi.xwpf.converter.core\2.0.2\fr.opensagres.poi.xwpf.converter.core-2.0.2.jar;C:\Users\13181\.m2\repository\org\apache\poi\poi-ooxml\4.0.1\poi-ooxml-4.0.1.jar;C:\Users\13181\.m2\repository\org\apache\poi\poi\4.0.1\poi-4.0.1.jar;C:\Users\13181\.m2\repository\org\apache\commons\commons-math3\3.6.1\commons-math3-3.6.1.jar;C:\Users\13181\.m2\repository\com\github\virtuald\curvesapi\1.05\curvesapi-1.05.jar;C:\Users\13181\.m2\repository\org\apache\poi\ooxml-schemas\1.4\ooxml-schemas-1.4.jar;C:\Users\13181\.m2\repository\org\apache\xmlbeans\xmlbeans\3.0.1\xmlbeans-3.0.1.jar;C:\Users\13181\.m2\repository\com\twelvemonkeys\imageio\imageio-jpeg\3.6.2\imageio-jpeg-3.6.2.jar;C:\Users\13181\.m2\repository\com\twelvemonkeys\imageio\imageio-core\3.6.2\imageio-core-3.6.2.jar;C:\Users\13181\.m2\repository\com\twelvemonkeys\imageio\imageio-metadata\3.6.2\imageio-metadata-3.6.2.jar;C:\Users\13181\.m2\repository\com\twelvemonkeys\imageio\imageio-tiff\3.6.2\imageio-tiff-3.6.2.jar;C:\Users\13181\.m2\repository\com\github\jai-imageio\jai-imageio-jpeg2000\1.4.0\jai-imageio-jpeg2000-1.4.0.jar;C:\Users\13181\.m2\repository\com\github\jai-imageio\jai-imageio-core\1.4.0\jai-imageio-core-1.4.0.jar;C:\Users\13181\.m2\repository\com\levigo\jbig2\levigo-jbig2-imageio\2.0\levigo-jbig2-imageio-2.0.jar;C:\Users\13181\.m2\repository\org\postgresql\postgresql\42.2.18\postgresql-42.2.18.jar;C:\Users\13181\.m2\repository\javax\xml\bind\jaxb-api\2.3.0\jaxb-api-2.3.0.jar;C:\Users\13181\.m2\repository\com\sun\xml\bind\jaxb-core\2.3.0\jaxb-core-2.3.0.jar;C:\Users\13181\.m2\repository\com\sun\xml\bind\jaxb-impl\2.3.0\jaxb-impl-2.3.0.jar;D:\COURSE\SE\lab\lab11\Teedy\docs-web-common\target\classes;C:\Users\13181\.m2\repository\org\slf4j\jul-to-slf4j\1.7.30\jul-to-slf4j-1.7.30.jar;C:\Users\13181\.m2\repository\org\glassfish\jersey\containers\jersey-container-servlet\2.33\jersey-container-servlet-2.33.jar;C:\Users\13181\.m2\repository\org\glassfish\jersey\containers\jersey-container-servlet-core\2.33\jersey-container-servlet-core-2.33.jar;C:\Users\13181\.m2\repository\org\glassfish\hk2\external\jakarta.inject\2.6.1\jakarta.inject-2.6.1.jar;C:\Users\13181\.m2\repository\org\glassfish\jersey\core\jersey-common\2.33\jersey-common-2.33.jar;C:\Users\13181\.m2\repository\jakarta\annotation\jakarta.annotation-api\1.3.5\jakarta.annotation-api-1.3.5.jar;C:\Users\13181\.m2\repository\org\glassfish\hk2\osgi-resource-locator\1.0.3\osgi-resource-locator-1.0.3.jar;C:\Users\13181\.m2\repository\org\glassfish\jersey\core\jersey-server\2.33\jersey-server-2.33.jar;C:\Users\13181\.m2\repository\org\glassfish\jersey\core\jersey-client\2.33\jersey-client-2.33.jar;C:\Users\13181\.m2\repository\jakarta\validation\jakarta.validation-api\2.0.2\jakarta.validation-api-2.0.2.jar;C:\Users\13181\.m2\repository\jakarta\ws\rs\jakarta.ws.rs-api\2.1.6\jakarta.ws.rs-api-2.1.6.jar;C:\Users\13181\.m2\repository\org\glassfish\jersey\media\jersey-media-json-processing\2.33\jersey-media-json-processing-2.33.jar;C:\Users\13181\.m2\repository\org\glassfish\jakarta.json\1.1.6\jakarta.json-1.1.6.jar;C:\Users\13181\.m2\repository\org\glassfish\jsonp-jaxrs\1.1.6\jsonp-jaxrs-1.1.6.jar;C:\Users\13181\.m2\repository\org\glassfish\jersey\media\jersey-media-multipart\2.33\jersey-media-multipart-2.33.jar;C:\Users\13181\.m2\repository\org\jvnet\mimepull\mimepull\1.9.13\mimepull-1.9.13.jar;C:\Users\13181\.m2\repository\org\glassfish\jersey\inject\jersey-hk2\2.33\jersey-hk2-2.33.jar;C:\Users\13181\.m2\repository\org\glassfish\hk2\hk2-locator\2.6.1\hk2-locator-2.6.1.jar;C:\Users\13181\.m2\repository\org\glassfish\hk2\external\aopalliance-repackaged\2.6.1\aopalliance-repackaged-2.6.1.jar;C:\Users\13181\.m2\repository\org\glassfish\hk2\hk2-api\2.6.1\hk2-api-2.6.1.jar;C:\Users\13181\.m2\repository\org\glassfish\hk2\hk2-utils\2.6.1\hk2-utils-2.6.1.jar;C:\Users\13181\.m2\repository\org\javassist\javassist\3.25.0-GA\javassist-3.25.0-GA.jar;C:\Users\13181\.m2\repository\commons-lang\commons-lang\2.6\commons-lang-2.6.jar;C:\Users\13181\.m2\repository\commons-io\commons-io\2.6\commons-io-2.6.jar;C:\Users\13181\.m2\repository\com\google\guava\guava\30.1-jre\guava-30.1-jre.jar;C:\Users\13181\.m2\repository\com\google\guava\failureaccess\1.0.1\failureaccess-1.0.1.jar;C:\Users\13181\.m2\repository\com\google\guava\listenablefuture\9999.0-empty-to-avoid-conflict-with-guava\listenablefuture-9999.0-empty-to-avoid-conflict-with-guava.jar;C:\Users\13181\.m2\repository\com\google\code\findbugs\jsr305\3.0.2\jsr305-3.0.2.jar;C:\Users\13181\.m2\repository\org\checkerframework\checker-qual\3.5.0\checker-qual-3.5.0.jar;C:\Users\13181\.m2\repository\com\google\errorprone\error_prone_annotations\2.3.4\error_prone_annotations-2.3.4.jar;C:\Users\13181\.m2\repository\com\google\j2objc\j2objc-annotations\1.3\j2objc-annotations-1.3.jar;C:\Users\13181\.m2\repository\log4j\log4j\1.2.17\log4j-1.2.17.jar;C:\Users\13181\.m2\repository\commons-dbcp\commons-dbcp\1.4\commons-dbcp-1.4.jar;C:\Users\13181\.m2\repository\commons-pool\commons-pool\1.5.4\commons-pool-1.5.4.jar;C:\Users\13181\.m2\repository\javax\servlet\javax.servlet-api\4.0.1\javax.servlet-api-4.0.1.jar;C:\Users\13181\.m2\repository\joda-time\joda-time\2.10.9\joda-time-2.10.9.jar;C:\Users\13181\.m2\repository\com\h2database\h2\1.4.199\h2-1.4.199.jar;C:\Users\13181\.m2\repository\com\twelvemonkeys\servlet\servlet\3.6.2\servlet-3.6.2.jar;C:\Users\13181\.m2\repository\com\twelvemonkeys\common\common-lang\3.6.2\common-lang-3.6.2.jar;C:\Users\13181\.m2\repository\com\twelvemonkeys\common\common-io\3.6.2\common-io-3.6.2.jar;C:\Users\13181\.m2\repository\com\twelvemonkeys\common\common-image\3.6.2\common-image-3.6.2.jar;D:\COURSE\SE\lab\lab11\Teedy\docs-web-common\target\test-classes;C:\Users\13181\.m2\repository\junit\junit\4.13.1\junit-4.13.1.jar;C:\Users\13181\.m2\repository\org\hamcrest\hamcrest-core\1.3\hamcrest-core-1.3.jar;C:\Users\13181\.m2\repository\org\glassfish\jersey\test-framework\providers\jersey-test-framework-provider-inmemory\2.33\jersey-test-framework-provider-inmemory-2.33.jar;C:\Users\13181\.m2\repository\org\glassfish\jersey\test-framework\providers\jersey-test-framework-provider-external\2.33\jersey-test-framework-provider-external-2.33.jar;C:\Users\13181\.m2\repository\org\glassfish\jersey\test-framework\providers\jersey-test-framework-provider-jdk-http\2.33\jersey-test-framework-provider-jdk-http-2.33.jar;C:\Users\13181\.m2\repository\org\glassfish\jersey\containers\jersey-container-jdk-http\2.33\jersey-container-jdk-http-2.33.jar;C:\Users\13181\.m2\repository\org\glassfish\jersey\test-framework\providers\jersey-test-framework-provider-simple\2.33\jersey-test-framework-provider-simple-2.33.jar;C:\Users\13181\.m2\repository\org\glassfish\jersey\containers\jersey-container-simple-http\2.33\jersey-container-simple-http-2.33.jar;C:\Users\13181\.m2\repository\org\simpleframework\simple-http\6.0.1\simple-http-6.0.1.jar;C:\Users\13181\.m2\repository\org\simpleframework\simple-transport\6.0.1\simple-transport-6.0.1.jar;C:\Users\13181\.m2\repository\org\simpleframework\simple-common\6.0.1\simple-common-6.0.1.jar;C:\Users\13181\.m2\repository\org\glassfish\jersey\test-framework\providers\jersey-test-framework-provider-jetty\2.33\jersey-test-framework-provider-jetty-2.33.jar;C:\Users\13181\.m2\repository\org\glassfish\jersey\containers\jersey-container-jetty-http\2.33\jersey-container-jetty-http-2.33.jar;C:\Users\13181\.m2\repository\org\eclipse\jetty\jetty-server\9.4.36.v20210114\jetty-server-9.4.36.v20210114.jar;C:\Users\13181\.m2\repository\org\eclipse\jetty\jetty-http\9.4.36.v20210114\jetty-http-9.4.36.v20210114.jar;C:\Users\13181\.m2\repository\org\eclipse\jetty\jetty-io\9.4.36.v20210114\jetty-io-9.4.36.v20210114.jar;C:\Users\13181\.m2\repository\org\eclipse\jetty\jetty-util\9.4.28.v20200408\jetty-util-9.4.28.v20200408.jar;C:\Users\13181\.m2\repository\org\eclipse\jetty\jetty-continuation\9.4.28.v20200408\jetty-continuation-9.4.28.v20200408.jar;C:\Users\13181\.m2\repository\org\glassfish\jersey\test-framework\providers\jersey-test-framework-provider-netty\2.33\jersey-test-framework-provider-netty-2.33.jar;C:\Users\13181\.m2\repository\org\glassfish\jersey\containers\jersey-container-netty-http\2.33\jersey-container-netty-http-2.33.jar;C:\Users\13181\.m2\repository\org\glassfish\jersey\connectors\jersey-netty-connector\2.33\jersey-netty-connector-2.33.jar;C:\Users\13181\.m2\repository\io\netty\netty-all\4.1.43.Final\netty-all-4.1.43.Final.jar;C:\Users\13181\.m2\repository\org\glassfish\jersey\test-framework\providers\jersey-test-framework-provider-grizzly2\2.33\jersey-test-framework-provider-grizzly2-2.33.jar;C:\Users\13181\.m2\repository\jakarta\servlet\jakarta.servlet-api\4.0.3\jakarta.servlet-api-4.0.3.jar;C:\Users\13181\.m2\repository\org\glassfish\jersey\test-framework\jersey-test-framework-core\2.33\jersey-test-framework-core-2.33.jar;C:\Users\13181\.m2\repository\jakarta\xml\bind\jakarta.xml.bind-api\2.3.3\jakarta.xml.bind-api-2.3.3.jar;C:\Users\13181\.m2\repository\jakarta\activation\jakarta.activation-api\1.2.2\jakarta.activation-api-1.2.2.jar;C:\Users\13181\.m2\repository\org\glassfish\jersey\media\jersey-media-jaxb\2.33\jersey-media-jaxb-2.33.jar;C:\Users\13181\.m2\repository\org\glassfish\jersey\containers\jersey-container-grizzly2-http\2.33\jersey-container-grizzly2-http-2.33.jar;C:\Users\13181\.m2\repository\org\glassfish\grizzly\grizzly-http-server\2.4.4\grizzly-http-server-2.4.4.jar;C:\Users\13181\.m2\repository\org\glassfish\grizzly\grizzly-http\2.4.4\grizzly-http-2.4.4.jar;C:\Users\13181\.m2\repository\org\glassfish\grizzly\grizzly-framework\2.4.4\grizzly-framework-2.4.4.jar;C:\Users\13181\.m2\repository\org\glassfish\jersey\containers\jersey-container-grizzly2-servlet\2.33\jersey-container-grizzly2-servlet-2.33.jar;C:\Users\13181\.m2\repository\org\glassfish\grizzly\grizzly-http-servlet\2.4.4\grizzly-http-servlet-2.4.4.jar;C:\Users\13181\.m2\repository\org\subethamail\subethasmtp-wiser\1.2\subethasmtp-wiser-1.2.jar;C:\Users\13181\.m2\repository\org\subethamail\subethasmtp-smtp\1.2\subethasmtp-smtp-1.2.jar;C:\Users\13181\.m2\repository\commons-logging\commons-logging\1.1\commons-logging-1.1.jar;C:\Users\13181\.m2\repository\logkit\logkit\1.0.1\logkit-1.0.1.jar;C:\Users\13181\.m2\repository\avalon-framework\avalon-framework\4.1.3\avalon-framework-4.1.3.jar;C:\Users\13181\.m2\repository\javax\servlet\servlet-api\2.3\servlet-api-2.3.jar;C:\Users\13181\.m2\repository\com\icegreen\greenmail\1.5.8\greenmail-1.5.8.jar;"/>
    <property name="sun.cpu.endian" value="little"/>
    <property name="user.home" value="C:\Users\13181"/>
    <property name="user.language" value="zh"/>
    <property name="java.specification.vendor" value="Oracle Corporation"/>
    <property name="java.version.date" value="2021-10-19"/>
    <property name="java.home" value="C:\Program Files\Java\jdk-17.0.1"/>
    <property name="file.separator" value="\"/>
    <property name="basedir" value="D:\COURSE\SE\lab\lab11\Teedy\docs-web"/>
    <property name="java.vm.compressedOopsMode" value="Zero based"/>
    <property name="line.separator" value="&#10;"/>
    <property name="java.vm.specification.vendor" value="Oracle Corporation"/>
    <property name="java.specification.name" value="Java Platform API Specification"/>
    <property name="surefire.real.class.path" value="C:\Users\13181\AppData\Local\Temp\surefire2679537652273834254\surefirebooter17652270034113347613.jar"/>
    <property name="user.script" value=""/>
    <property name="sun.management.compiler" value="HotSpot 64-Bit Tiered Compilers"/>
    <property name="java.runtime.version" value="17.0.1+12-LTS-39"/>
    <property name="user.name" value="13181"/>
    <property name="path.separator" value=";"/>
    <property name="os.version" value="10.0"/>
    <property name="java.runtime.name" value="Java(TM) SE Runtime Environment"/>
    <property name="file.encoding" value="GBK"/>
    <property name="java.vm.name" value="Java HotSpot(TM) 64-Bit Server VM"/>
    <property name="localRepository" value="C:\Users\13181\.m2\repository"/>
    <property name="java.vendor.url.bug" value="https://bugreport.java.com/bugreport/"/>
    <property name="java.io.tmpdir" value="C:\Users\13181\AppData\Local\Temp\"/>
    <property name="java.version" value="17.0.1"/>
    <property name="user.dir" value="D:\COURSE\SE\lab\lab11\Teedy\docs-web"/>
    <property name="os.arch" value="amd64"/>
    <property name="java.vm.specification.name" value="Java Virtual Machine Specification"/>
    <property name="sun.os.patch.level" value=""/>
    <property name="native.encoding" value="GBK"/>
    <property name="java.library.path" value="C:\Program Files\Java\jdk-17.0.1\bin;C:\WINDOWS\Sun\Java\bin;C:\WINDOWS\system32;C:\WINDOWS;C:\Python312\Scripts\;C:\Python312\;D:\虚拟机\bin\;C:\Program Files\Eclipse Adoptium\jdk-17.0.7.7-hotspot\bin;C:\Program Files\Common Files\Oracle\Java\javapath;C:\Program Files (x86)\Common Files\Oracle\Java\javapath;C:\Windows\system32;C:\Windows;C:\Windows\System32\Wbem;C:\Windows\System32\WindowsPowerShell\v1.0\;C:\Windows\System32\OpenSSH\;C:\Program Files\Intel\WiFi\bin\;C:\Program Files\Common Files\Intel\WirelessCommon\;C:\Program Files (x86)\NVIDIA Corporation\PhysX\Common;C:\Program Files\NVIDIA Corporation\NVIDIA NvDLISR;C:\WINDOWS\system32;C:\WINDOWS;C:\WINDOWS\System32\Wbem;C:\WINDOWS\System32\WindowsPowerShell\v1.0\;C:\WINDOWS\System32\OpenSSH\;C:\Program Files\Java\jdk-17.0.1\bin;C:\Program Files\dotnet\;C:\Program Files\TortoiseGit\bin;C:\Program Files\Git\cmd;D:\Vivado\2017.4\bin;D:\ctags-2023-05-17_p6.0.20230514.0-10-g3547021-x64;C:\Program Files (x86)\ISC BIND 9\bin;D:\Graphviz\bin;D:\apache-maven-3.9.6\bin;D:\nodejs\;C:\ProgramData\chocolatey\bin;D:\python397\Scripts\;D:\python397\;C:\Users\13181\AppData\Local\Programs\Python\Python37\Scripts\;C:\Users\13181\AppData\Local\Programs\Python\Python37\;C:\Users\13181\.pyenv\pyenv-win\bin;C:\Users\13181\.pyenv\pyenv-win\shims;D:\anaconda;D:\anaconda\Library\mingw-w64\bin;D:\anaconda\Library\usr\bin;D:\anaconda\Library\bin;D:\anaconda\Scripts;D:\python\Scripts\;D:\python\;C:\Program Files\MySQL\MySQL Shell 8.0\bin\;C:\Users\13181\AppData\Local\Microsoft\WindowsApps;C:\Program Files\Java\jdk-17.0.1\bin;C:\Program Files\JetBrains\IntelliJ IDEA Community Edition 2022.1\bin;;C:\Users\13181\AppData\Local\GitHubDesktop\bin;C:\Program Files\JetBrains\DataGrip 2022.2.2\bin;;D:\Microsoft VS Code\bin;C:\Program Files\JetBrains\IntelliJ IDEA 2023.1.1\bin;;C:\Program Files\JetBrains\PyCharm 2023.1.2\bin;;C:\Program Files\JetBrains\WebStorm 2023.2.1\bin;;D:\texlive\2023\bin\windows;C:\Users\13181\AppData\Roaming\npm;."/>
    <property name="java.vm.info" value="mixed mode, sharing"/>
    <property name="java.vendor" value="Oracle Corporation"/>
    <property name="java.vm.version" value="17.0.1+12-LTS-39"/>
    <property name="sun.io.unicode.encoding" value="UnicodeLittle"/>
    <property name="java.class.version" value="61.0"/>
  </properties>
  <testcase name="testShareResource" classname="com.sismics.docs.rest.TestShareResource" time="10.913">
    <system-out><![CDATA[06 5月 2024 18:07:32,769 INFO com.sismics.util.filter.RequestContextFilter.init(RequestContextFilter.java:43) Using base data directory: C:\Users\13181\AppData\Local\Temp 
06 5月 2024 18:07:35,714 INFO com.sismics.util.ClasspathScanner.findClasses(ClasspathScanner.java:48) Found 1 classes for IndexingHandler 
06 5月 2024 18:07:35,756 INFO com.sismics.docs.core.util.indexing.LuceneIndexingHandler.initLucene(LuceneIndexingHandler.java:115) Using RAM Lucene storage 
06 5月 2024 18:07:35,868 INFO com.sismics.docs.core.service.FileService.startUp(FileService.java:39) File service starting up 
06 5月 2024 18:07:35,871 INFO com.sismics.docs.core.service.InboxService.startUp(InboxService.java:55) Inbox service starting up 
06 5月 2024 18:07:37,294 INFO com.sismics.util.ClasspathScanner.findClasses(ClasspathScanner.java:48) Found 2 classes for AuthenticationHandler 
06 5月 2024 18:07:38,151 INFO com.sismics.docs.core.listener.async.DocumentCreatedAsyncListener.on(DocumentCreatedAsyncListener.java:35) Document created event: DocumentCreatedAsyncEvent{documentId=a069fb87-b235-4c59-af40-9166816243ca} 
06 5月 2024 18:07:38,828 INFO com.sismics.docs.core.util.FileUtil.startProcessingFile(FileUtil.java:221) Processing started for file: f6eee29f-5e18-4c84-9f49-23ecb6387f53 
06 5月 2024 18:07:38,835 INFO com.sismics.docs.core.listener.async.FileProcessingAsyncListener.on(FileProcessingAsyncListener.java:53) File created event: FileCreatedAsyncEvent{fileId=f6eee29f-5e18-4c84-9f49-23ecb6387f53, language=eng} 
06 5月 2024 18:07:39,054 INFO com.sismics.util.ClasspathScanner.findClasses(ClasspathScanner.java:48) Found 7 classes for FormatHandler 
06 5月 2024 18:07:39,373 INFO com.sismics.docs.core.listener.async.FileProcessingAsyncListener.extractContent(FileProcessingAsyncListener.java:176) Start extracting content from: File{id=f6eee29f-5e18-4c84-9f49-23ecb6387f53, name=PIA00452.jpg} 
06 5月 2024 18:07:41,840 ERROR com.sismics.docs.core.listener.async.FileProcessingAsyncListener.extractContent(FileProcessingAsyncListener.java:180) Error extracting content from: File{id=f6eee29f-5e18-4c84-9f49-23ecb6387f53, name=PIA00452.jpg} 
java.io.IOException: Cannot run program "tesseract": CreateProcess error=2, 系统找不到指定的文件。
	at java.base/java.lang.ProcessBuilder.start(ProcessBuilder.java:1143)
	at java.base/java.lang.ProcessBuilder.start(ProcessBuilder.java:1073)
	at com.sismics.docs.core.util.FileUtil.ocrFile(FileUtil.java:71)
	at com.sismics.docs.core.util.format.ImageFormatHandler.extractContent(ImageFormatHandler.java:53)
	at com.sismics.docs.core.listener.async.FileProcessingAsyncListener.extractContent(FileProcessingAsyncListener.java:178)
	at com.sismics.docs.core.listener.async.FileProcessingAsyncListener.processFile(FileProcessingAsyncListener.java:104)
	at com.sismics.docs.core.listener.async.FileProcessingAsyncListener.on(FileProcessingAsyncListener.java:56)
	at java.base/jdk.internal.reflect.NativeMethodAccessorImpl.invoke0(Native Method)
	at java.base/jdk.internal.reflect.NativeMethodAccessorImpl.invoke(NativeMethodAccessorImpl.java:77)
	at java.base/jdk.internal.reflect.DelegatingMethodAccessorImpl.invoke(DelegatingMethodAccessorImpl.java:43)
	at java.base/java.lang.reflect.Method.invoke(Method.java:568)
	at com.google.common.eventbus.Subscriber.invokeSubscriberMethod(Subscriber.java:87)
	at com.google.common.eventbus.Subscriber$1.run(Subscriber.java:72)
	at com.google.common.util.concurrent.DirectExecutor.execute(DirectExecutor.java:30)
	at com.google.common.eventbus.Subscriber.dispatchEvent(Subscriber.java:67)
	at com.google.common.eventbus.Dispatcher$PerThreadQueuedDispatcher.dispatch(Dispatcher.java:108)
	at com.google.common.eventbus.EventBus.post(EventBus.java:212)
	at com.sismics.util.context.ThreadLocalContext.fireAllAsyncEvents(ThreadLocalContext.java:99)
	at com.sismics.util.filter.RequestContextFilter.doFilter(RequestContextFilter.java:139)
	at org.glassfish.grizzly.servlet.FilterChainImpl.doFilter(FilterChainImpl.java:114)
	at org.glassfish.grizzly.servlet.FilterChainImpl.invokeFilterChain(FilterChainImpl.java:83)
	at org.glassfish.grizzly.servlet.ServletHandler.doServletService(ServletHandler.java:202)
	at org.glassfish.grizzly.servlet.ServletHandler.service(ServletHandler.java:149)
	at org.glassfish.grizzly.http.server.HttpHandler$1.run(HttpHandler.java:200)
	at org.glassfish.grizzly.threadpool.AbstractThreadPool$Worker.doWork(AbstractThreadPool.java:569)
	at org.glassfish.grizzly.threadpool.AbstractThreadPool$Worker.run(AbstractThreadPool.java:549)
	at java.base/java.lang.Thread.run(Thread.java:833)
Caused by: java.io.IOException: CreateProcess error=2, 系统找不到指定的文件。
	at java.base/java.lang.ProcessImpl.create(Native Method)
	at java.base/java.lang.ProcessImpl.<init>(ProcessImpl.java:494)
	at java.base/java.lang.ProcessImpl.start(ProcessImpl.java:159)
	at java.base/java.lang.ProcessBuilder.start(ProcessBuilder.java:1110)
	... 26 more
06 5月 2024 18:07:41,842 INFO com.sismics.docs.core.listener.async.FileProcessingAsyncListener.extractContent(FileProcessingAsyncListener.java:182) File content extracted in 2,469ms: f6eee29f-5e18-4c84-9f49-23ecb6387f53 
06 5月 2024 18:07:41,848 INFO com.sismics.docs.core.util.FileUtil.endProcessingFile(FileUtil.java:231) Processing ended for file: f6eee29f-5e18-4c84-9f49-23ecb6387f53 
06 5月 2024 18:07:41,849 INFO com.sismics.docs.core.listener.async.DocumentUpdatedAsyncListener.on(DocumentUpdatedAsyncListener.java:39) Document updated event: DocumentUpdatedAsyncEvent{documentId=a069fb87-b235-4c59-af40-9166816243ca} 
06 5月 2024 18:07:41,899 INFO com.sismics.docs.core.listener.async.DocumentUpdatedAsyncListener.on(DocumentUpdatedAsyncListener.java:39) Document updated event: DocumentUpdatedAsyncEvent{documentId=a069fb87-b235-4c59-af40-9166816243ca} 
06 5月 2024 18:07:42,233 INFO com.sismics.docs.core.listener.async.DocumentUpdatedAsyncListener.on(DocumentUpdatedAsyncListener.java:39) Document updated event: DocumentUpdatedAsyncEvent{documentId=a069fb87-b235-4c59-af40-9166816243ca} 
06 5月 2024 18:07:42,252 INFO org.subethamail.smtp.server.SMTPServer.run(SMTPServer.java:333) SMTP Server socket shut down. 
06 5月 2024 18:07:42,257 INFO com.sismics.docs.core.service.InboxService.shutDown(InboxService.java:60) Inbox service shutting down 
06 5月 2024 18:07:42,257 INFO com.sismics.docs.core.service.FileService.shutDown(FileService.java:44) File service shutting down 
]]></system-out>
    <system-err><![CDATA[5月 06, 2024 6:07:31 下午 org.glassfish.jersey.test.external.ExternalTestContainerFactory$ExternalTestContainer <init>
信息: Creating ExternalTestContainer configured at the base URI http://localhost:9998/docs
5月 06, 2024 6:07:31 下午 org.glassfish.grizzly.servlet.WebappContext deploy
信息: Starting application [GrizzlyContext] ...
5月 06, 2024 6:07:31 下午 org.glassfish.grizzly.servlet.WebappContext initServlets
信息: Loading Servlet: org.glassfish.jersey.servlet.ServletContainer
5月 06, 2024 6:07:32 下午 org.glassfish.grizzly.servlet.WebappContext initServlets
信息: [GrizzlyContext] Servlet [org.glassfish.jersey.servlet.ServletContainer] registered for url pattern(s) [[/*]].
]]></system-err>
  </testcase>
</testsuite>